#
# A fatal error has been detected by the Java Runtime Environment:
#
#  EXCEPTION_ACCESS_VIOLATION (0xc0000005) at pc=0x00007ffac4e9425d, pid=30944, tid=28504
#
# JRE version: OpenJDK Runtime Environment Corretto-11.0.10.9.1 (11.0.10+9) (build 11.0.10+9-LTS)
# Java VM: OpenJDK 64-Bit Server VM Corretto-11.0.10.9.1 (11.0.10+9-LTS, mixed mode, tiered, compressed oops, g1 gc, windows-amd64)
# Problematic frame:
# V  [jvm.dll+0x2d425d]
#
# No core dump will be written. Minidumps are not enabled by default on client versions of Windows
#
# If you would like to submit a bug report, please visit:
#   https://github.com/corretto/corretto-11/issues/
#

---------------  S U M M A R Y ------------

Command Line: -javaagent:C:\Program Files\JetBrains\IntelliJ IDEA Community Edition 2020.2\lib\idea_rt.jar=61502:C:\Program Files\JetBrains\IntelliJ IDEA Community Edition 2020.2\bin -Dfile.encoding=UTF-8 com.transport.TransportTrackingApplication

Host: Intel(R) Core(TM) i3-5005U CPU @ 2.00GHz, 4 cores, 7G,  Windows 10 , 64 bit Build 17134 (10.0.17134.1)
Time: Tue Apr 20 22:53:10 2021 Nepal Standard Time elapsed time: 25.523240 seconds (0d 0h 0m 25s)

---------------  T H R E A D  ---------------

Current thread (0x000001628534d800):  GCTaskThread "GC Thread#3" [stack: 0x0000004a13900000,0x0000004a13a00000] [id=28504]

Stack: [0x0000004a13900000,0x0000004a13a00000],  sp=0x0000004a139fede0,  free space=1019k
Native frames: (J=compiled Java code, j=interpreted, Vv=VM code, C=native code)
V  [jvm.dll+0x2d425d]
V  [jvm.dll+0x2fc2c0]
V  [jvm.dll+0x2fcef9]
V  [jvm.dll+0x2fb3e3]
V  [jvm.dll+0x3091ee]
V  [jvm.dll+0x307bac]
V  [jvm.dll+0x2ade00]
V  [jvm.dll+0x2add21]
V  [jvm.dll+0x2da48b]
V  [jvm.dll+0x308246]
V  [jvm.dll+0x2dcdd9]
V  [jvm.dll+0x7aaa40]
V  [jvm.dll+0x73b0d4]
V  [jvm.dll+0x5f2ea6]
C  [ucrtbase.dll+0x1c4ce]
C  [KERNEL32.DLL+0x13034]
C  [ntdll.dll+0x71471]


siginfo: EXCEPTION_ACCESS_VIOLATION (0xc0000005), reading address 0x00000000000000f8


Register to memory mapping:

RIP=0x00007ffac4e9425d jvm.dll
RAX=0x00000162e4a70670 points into unknown readable memory: 0x0000000000000000 | 00 00 00 00 00 00 00 00
RBX=0x000001628844fc80 points into unknown readable memory: 0x00007ffac54445d8 | d8 45 44 c5 fa 7f 00 00
RCX=0x0000000000000014 is an unknown value
RDX=0x0 is NULL
RSP=0x0000004a139fede0 points into unknown readable memory: 0x0000000000000002 | 02 00 00 00 00 00 00 00
RBP=0x000001628844fc80 points into unknown readable memory: 0x00007ffac54445d8 | d8 45 44 c5 fa 7f 00 00
RSI=0x000001628844fdf0 points into unknown readable memory: 0x00007ffac5444590 | 90 45 44 c5 fa 7f 00 00
RDI=0x0000000081e07d50 points into unknown readable memory: 0x0000000000000000 | 00 00 00 00 00 00 00 00
R8 =0x0000000081e07d18 is pointing into object: [Ljava.util.HashMap$Node; 
{0x0000000081e07d00} - klass: 'java/util/HashMap$Node'[]
 - length: 16
R9 =0x0000000000000100 is an unknown value
R10=0x0000000081e07d18 is pointing into object: [Ljava.util.HashMap$Node; 
{0x0000000081e07d00} - klass: 'java/util/HashMap$Node'[]
 - length: 16
R11=0x000001628844fdf0 points into unknown readable memory: 0x00007ffac5444590 | 90 45 44 c5 fa 7f 00 00
R12=0x0000000000000003 is an unknown value
R13=0x000000000000000a is an unknown value
R14=0x0000000084510438 is an oop: [Ljava.util.HashMap$Node; 
{0x0000000084510438} - klass: 'java/util/HashMap$Node'[]
 - length: 16
R15=0x0000000000000019 is an unknown value


Registers:
RAX=0x00000162e4a70670, RBX=0x000001628844fc80, RCX=0x0000000000000014, RDX=0x0000000000000000
RSP=0x0000004a139fede0, RBP=0x000001628844fc80, RSI=0x000001628844fdf0, RDI=0x0000000081e07d50
R8 =0x0000000081e07d18, R9 =0x0000000000000100, R10=0x0000000081e07d18, R11=0x000001628844fdf0
R12=0x0000000000000003, R13=0x000000000000000a, R14=0x0000000084510438, R15=0x0000000000000019
RIP=0x00007ffac4e9425d, EFLAGS=0x0000000000010206

Top of Stack: (sp=0x0000004a139fede0)
0x0000004a139fede0:   0000000000000002 0000000081e07bfd
0x0000004a139fedf0:   0000000081e07cec 00007ffac4ebbfaf
0x0000004a139fee00:   0000000081e07d18 00007ffac4ebc2c0
0x0000004a139fee10:   0000000081e07bfc 0000000000000005
0x0000004a139fee20:   000000000000001d 0000000084510400
0x0000004a139fee30:   0000000000000001 00007ffac4ebcef9
0x0000004a139fee40:   0000000000000002 0000000081e07d00
0x0000004a139fee50:   0000000081e07cc8 00007ffac4e90d8e
0x0000004a139fee60:   0000000081c00000 0000000000020000
0x0000004a139fee70:   00000003e4ac5980 0000000000000040
0x0000004a139fee80:   000001628844fc80 0000000000000040
0x0000004a139fee90:   00000162e4a61b10 00007ffac54450d0
0x0000004a139feea0:   0000000000000000 00000162e4a61a90
0x0000004a139feeb0:   0000000000000100 00007ffac4ebb3e3
0x0000004a139feec0:   00000162e4a61a90 0000000081c50d00
0x0000004a139feed0:   0000000000000019 0000000081e07cec 

Instructions: (pc=0x00007ffac4e9425d)
0x00007ffac4e9415d:   48 ff 47 20 48 8b 5c 24 30 48 83 c4 20 5f c3 cc
0x00007ffac4e9416d:   cc cc cc 48 89 5c 24 08 57 48 83 ec 20 48 8b 41
0x00007ffac4e9417d:   18 48 8b fa 48 8b 58 10 48 8b cb e8 53 7c 00 00
0x00007ffac4e9418d:   84 c0 75 29 48 81 c3 90 00 00 00 48 8b 4b 20 48
0x00007ffac4e9419d:   3b 4b 08 75 0c 48 8b cb e8 f6 34 f6 ff 48 8b 4b
0x00007ffac4e941ad:   20 48 8b 43 38 48 89 3c c8 48 ff 43 20 48 8b 5c
0x00007ffac4e941bd:   24 30 48 83 c4 20 5f c3 cc cc cc cc cc cc cc cc
0x00007ffac4e941cd:   cc cc cc 48 89 5c 24 08 57 48 83 ec 20 48 8b 79
0x00007ffac4e941dd:   10 48 8b da 48 83 cb 01 48 8b cf 48 8b d3 e8 f0
0x00007ffac4e941ed:   7b 00 00 84 c0 75 29 48 81 c7 90 00 00 00 48 8b
0x00007ffac4e941fd:   4f 20 48 3b 4f 08 75 0c 48 8b cf e8 93 34 f6 ff
0x00007ffac4e9420d:   48 8b 4f 20 48 8b 47 38 48 89 1c c8 48 ff 47 20
0x00007ffac4e9421d:   48 8b 5c 24 30 48 83 c4 20 5f c3 cc cc cc cc cc
0x00007ffac4e9422d:   cc cc cc 40 53 48 83 ec 20 8b 82 04 01 00 00 48
0x00007ffac4e9423d:   8b d9 d1 e8 a8 01 75 6b 48 8b 41 08 8b 88 c0 02
0x00007ffac4e9424d:   00 00 48 8b 80 b0 02 00 00 49 d3 e9 4a 8b 14 c8
0x00007ffac4e9425d:   48 8b 82 f8 00 00 00 83 b8 18 01 00 00 00 74 43
0x00007ffac4e9426d:   48 8b 4b 50 48 89 7c 24 30 49 c1 e8 09 48 8b 79
0x00007ffac4e9427d:   48 48 2b 79 40 49 03 f8 48 8b d7 e8 d3 ca ff ff
0x00007ffac4e9428d:   84 c0 74 1a 80 7b 28 00 48 8d 4b 18 74 10 48 8b
0x00007ffac4e9429d:   43 50 48 8b 50 40 48 03 d7 e8 f5 99 36 00 48 8b
0x00007ffac4e942ad:   7c 24 30 48 83 c4 20 5b c3 cc cc cc cc cc cc cc
0x00007ffac4e942bd:   cc cc cc 40 53 48 83 ec 50 48 89 74 24 68 48 8b
0x00007ffac4e942cd:   d9 48 89 7c 24 70 48 8b fa 4c 89 6c 24 40 4c 89
0x00007ffac4e942dd:   74 24 38 e8 7b 95 f1 ff 48 8d 05 54 a3 5a 00 48
0x00007ffac4e942ed:   89 7b 58 45 33 ed 48 89 03 48 8d 4b 68 4c 89 6b
0x00007ffac4e942fd:   48 4c 89 6b 60 e8 c9 15 3f 00 48 8d 4b 78 4c 8d
0x00007ffac4e9430d:   05 3e 1e 59 00 48 8d 15 bf ac 5a 00 e8 e2 4e 2c
0x00007ffac4e9431d:   00 48 8d 8b 40 01 00 00 4c 8d 05 34 1e 59 00 48
0x00007ffac4e9432d:   8d 15 bd ac 5a 00 e8 c8 4e 2c 00 41 8d 55 05 4c
0x00007ffac4e9433d:   89 ab 08 02 00 00 45 33 c0 4c 89 ab 10 02 00 00
0x00007ffac4e9434d:   4c 89 ab 18 02 00 00 8d 4a 03 e8 84 12 de ff 48 


Stack slot to memory mapping:
stack at sp + 0 slots: 0x0000000000000002 is an unknown value
stack at sp + 1 slots: 0x0000000081e07bfd is pointing into object: [Ljava.util.HashMap$Node; 
{0x0000000081e07bb8} - klass: 'java/util/HashMap$Node'[]
 - length: 16
stack at sp + 2 slots: 0x0000000081e07cec is pointing into object: java.util.LinkedHashMap 
{0x0000000081e07cc8} - klass: 'java/util/LinkedHashMap'
stack at sp + 3 slots: 0x00007ffac4ebbfaf jvm.dll
stack at sp + 4 slots: 0x0000000081e07d18 is pointing into object: [Ljava.util.HashMap$Node; 
{0x0000000081e07d00} - klass: 'java/util/HashMap$Node'[]
 - length: 16
stack at sp + 5 slots: 0x00007ffac4ebc2c0 jvm.dll
stack at sp + 6 slots: 0x0000000081e07bfc is pointing into object: [Ljava.util.HashMap$Node; 
{0x0000000081e07bb8} - klass: 'java/util/HashMap$Node'[]
 - length: 16
stack at sp + 7 slots: 0x0000000000000005 is an unknown value


---------------  P R O C E S S  ---------------

Threads class SMR info:
_java_thread_list=0x0000016289aab730, length=19, elements={
0x00000162e4a48000, 0x00000162ffa1f800, 0x00000162ffa14800, 0x00000162ffa64800,
0x00000162ffa65800, 0x00000162ffa6a000, 0x00000162ffa6f000, 0x00000162ffa82000,
0x00000162ffa87800, 0x00000162ffd0b800, 0x00000162ffdda800, 0x000001628518c000,
0x0000016286de3800, 0x00000162848bc800, 0x00000162848bd800, 0x000001628801a800,
0x0000016285612000, 0x0000016288aca000, 0x0000016288d20800
}

Java Threads: ( => current thread )
  0x00000162e4a48000 JavaThread "main" [_thread_blocked, id=8740, stack(0x0000004a12200000,0x0000004a12300000)]
  0x00000162ffa1f800 JavaThread "Reference Handler" daemon [_thread_blocked, id=29188, stack(0x0000004a12900000,0x0000004a12a00000)]
  0x00000162ffa14800 JavaThread "Finalizer" daemon [_thread_blocked, id=30300, stack(0x0000004a12a00000,0x0000004a12b00000)]
  0x00000162ffa64800 JavaThread "Signal Dispatcher" daemon [_thread_blocked, id=26100, stack(0x0000004a12b00000,0x0000004a12c00000)]
  0x00000162ffa65800 JavaThread "Attach Listener" daemon [_thread_blocked, id=14080, stack(0x0000004a12c00000,0x0000004a12d00000)]
  0x00000162ffa6a000 JavaThread "Service Thread" daemon [_thread_blocked, id=28380, stack(0x0000004a12d00000,0x0000004a12e00000)]
  0x00000162ffa6f000 JavaThread "C2 CompilerThread0" daemon [_thread_blocked, id=12072, stack(0x0000004a12e00000,0x0000004a12f00000)]
  0x00000162ffa82000 JavaThread "C1 CompilerThread0" daemon [_thread_blocked, id=21420, stack(0x0000004a12f00000,0x0000004a13000000)]
  0x00000162ffa87800 JavaThread "Sweeper thread" daemon [_thread_blocked, id=31068, stack(0x0000004a13000000,0x0000004a13100000)]
  0x00000162ffd0b800 JavaThread "Common-Cleaner" daemon [_thread_blocked, id=30988, stack(0x0000004a13100000,0x0000004a13200000)]
  0x00000162ffdda800 JavaThread "Monitor Ctrl-Break" daemon [_thread_in_native, id=2900, stack(0x0000004a13200000,0x0000004a13300000)]
  0x000001628518c000 JavaThread "C2 CompilerThread1" daemon [_thread_blocked, id=25748, stack(0x0000004a13700000,0x0000004a13800000)]
  0x0000016286de3800 JavaThread "Catalina-utility-1" [_thread_blocked, id=31484, stack(0x0000004a13800000,0x0000004a13900000)]
  0x00000162848bc800 JavaThread "Catalina-utility-2" [_thread_blocked, id=26508, stack(0x0000004a13a00000,0x0000004a13b00000)]
  0x00000162848bd800 JavaThread "container-0" [_thread_blocked, id=31500, stack(0x0000004a13b00000,0x0000004a13c00000)]
  0x000001628801a800 JavaThread "mssql-jdbc-shared-timer-core-0" daemon [_thread_blocked, id=29680, stack(0x0000004a13d00000,0x0000004a13e00000)]
  0x0000016285612000 JavaThread "HikariPool-1 housekeeper" daemon [_thread_blocked, id=28720, stack(0x0000004a13e00000,0x0000004a13f00000)]
  0x0000016288aca000 JavaThread "HikariPool-1 connection adder" daemon [_thread_blocked, id=18496, stack(0x0000004a13f00000,0x0000004a14000000)]
  0x0000016288d20800 JavaThread "task-1" [_thread_blocked, id=27592, stack(0x0000004a14000000,0x0000004a14100000)]

Other Threads:
  0x00000162ffa0c000 VMThread "VM Thread" [stack: 0x0000004a12800000,0x0000004a12900000] [id=29212]
  0x0000016284472000 WatcherThread [stack: 0x0000004a13300000,0x0000004a13400000] [id=30544]
  0x00000162e4a5f800 GCTaskThread "GC Thread#0" [stack: 0x0000004a12300000,0x0000004a12400000] [id=29552]
  0x0000016284715800 GCTaskThread "GC Thread#1" [stack: 0x0000004a13400000,0x0000004a13500000] [id=27800]
  0x000001628471e800 GCTaskThread "GC Thread#2" [stack: 0x0000004a13500000,0x0000004a13600000] [id=30312]
=>0x000001628534d800 GCTaskThread "GC Thread#3" [stack: 0x0000004a13900000,0x0000004a13a00000] [id=28504]
  0x00000162fecf2800 ConcurrentGCThread "G1 Main Marker" [stack: 0x0000004a12400000,0x0000004a12500000] [id=23316]
  0x00000162e4aa3000 ConcurrentGCThread "G1 Conc#0" [stack: 0x0000004a12500000,0x0000004a12600000] [id=21704]
  0x00000162fed46800 ConcurrentGCThread "G1 Refine#0" [stack: 0x0000004a12600000,0x0000004a12700000] [id=27528]
  0x0000016284728800 ConcurrentGCThread "G1 Refine#1" [stack: 0x0000004a13600000,0x0000004a13700000] [id=29736]
  0x00000162fed48800 ConcurrentGCThread "G1 Young RemSet Sampling" [stack: 0x0000004a12700000,0x0000004a12800000] [id=31216]

Threads with active compile tasks:
C2 CompilerThread0  25799 4796       4       org.springframework.asm.Frame::execute (2305 bytes)
C2 CompilerThread1  25799 4859       4       org.springframework.aop.framework.autoproxy.AbstractAutoProxyCreator::predictBeanType (35 bytes)

VM state:at safepoint (normal execution)

VM Mutex/Monitor currently owned by a thread:  ([mutex/lock_event])
[0x00000162e4a441a0] Threads_lock - owner thread: 0x00000162ffa0c000
[0x00000162e4a45550] Heap_lock - owner thread: 0x00000162e4a48000

Heap address: 0x0000000081200000, size: 2030 MB, Compressed Oops mode: 32-bit
Narrow klass base: 0x0000000000000000, Narrow klass shift: 3
Compressed class space size: 1073741824 Address: 0x0000000100000000

Heap:
 garbage-first heap   total 157696K, used 99093K [0x0000000081200000, 0x0000000100000000)
  region size 1024K, 86 young (88064K), 7 survivors (7168K)
 Metaspace       used 49198K, capacity 50281K, committed 50512K, reserved 1093632K
  class space    used 5688K, capacity 6124K, committed 6144K, reserved 1048576K
Heap Regions: E=young(eden), S=young(survivor), O=old, HS=humongous(starts), HC=humongous(continues), CS=collection set, F=free, A=archive, TAMS=top-at-mark-start (previous, next)
|   0|0x0000000081200000, 0x0000000081300000, 0x0000000081300000|100%|HS|  |TAMS 0x0000000081300000, 0x0000000081200000| Complete 
|   1|0x0000000081300000, 0x0000000081400000, 0x0000000081400000|100%| O|  |TAMS 0x0000000081400000, 0x0000000081300000| Untracked 
|   2|0x0000000081400000, 0x0000000081500000, 0x0000000081500000|100%| O|  |TAMS 0x0000000081500000, 0x0000000081400000| Untracked 
|   3|0x0000000081500000, 0x0000000081600000, 0x0000000081600000|100%| O|  |TAMS 0x0000000081600000, 0x0000000081500000| Untracked 
|   4|0x0000000081600000, 0x0000000081700000, 0x0000000081700000|100%| O|  |TAMS 0x0000000081700000, 0x0000000081600000| Untracked 
|   5|0x0000000081700000, 0x0000000081800000, 0x0000000081800000|100%| O|  |TAMS 0x0000000081800000, 0x0000000081700000| Untracked 
|   6|0x0000000081800000, 0x0000000081900000, 0x0000000081900000|100%| O|  |TAMS 0x0000000081900000, 0x0000000081800000| Untracked 
|   7|0x0000000081900000, 0x0000000081a00000, 0x0000000081a00000|100%| O|  |TAMS 0x0000000081a00000, 0x0000000081900000| Untracked 
|   8|0x0000000081a00000, 0x0000000081b00000, 0x0000000081b00000|100%| O|  |TAMS 0x0000000081b00000, 0x0000000081a00000| Untracked 
|   9|0x0000000081b00000, 0x0000000081c00000, 0x0000000081c00000|100%| O|  |TAMS 0x0000000081bd8a00, 0x0000000081b00000| Untracked 
|  10|0x0000000081c00000, 0x0000000081d00000, 0x0000000081d00000|100%| O|  |TAMS 0x0000000081c00000, 0x0000000081c00000| Untracked 
|  11|0x0000000081d00000, 0x0000000081e00000, 0x0000000081e00000|100%| O|  |TAMS 0x0000000081d00000, 0x0000000081d00000| Untracked 
|  12|0x0000000081e00000, 0x0000000081f00000, 0x0000000081f00000|100%| O|  |TAMS 0x0000000081e00000, 0x0000000081e00000| Untracked 
|  13|0x0000000081f00000, 0x0000000082000000, 0x0000000082000000|100%| O|  |TAMS 0x0000000081f00000, 0x0000000081f00000| Untracked 
|  14|0x0000000082000000, 0x0000000082044160, 0x0000000082100000| 26%| O|  |TAMS 0x0000000082000000, 0x0000000082000000| Untracked 
|  15|0x0000000082100000, 0x0000000082100000, 0x0000000082200000|  0%| F|  |TAMS 0x0000000082100000, 0x0000000082100000| Untracked 
|  16|0x0000000082200000, 0x0000000082200000, 0x0000000082300000|  0%| F|  |TAMS 0x0000000082200000, 0x0000000082200000| Untracked 
|  17|0x0000000082300000, 0x0000000082300000, 0x0000000082400000|  0%| F|  |TAMS 0x0000000082300000, 0x0000000082300000| Untracked 
|  18|0x0000000082400000, 0x0000000082400000, 0x0000000082500000|  0%| F|  |TAMS 0x0000000082400000, 0x0000000082400000| Untracked 
|  19|0x0000000082500000, 0x0000000082500000, 0x0000000082600000|  0%| F|  |TAMS 0x0000000082500000, 0x0000000082500000| Untracked 
|  20|0x0000000082600000, 0x0000000082600000, 0x0000000082700000|  0%| F|  |TAMS 0x0000000082600000, 0x0000000082600000| Untracked 
|  21|0x0000000082700000, 0x0000000082700000, 0x0000000082800000|  0%| F|  |TAMS 0x0000000082700000, 0x0000000082700000| Untracked 
|  22|0x0000000082800000, 0x0000000082800000, 0x0000000082900000|  0%| F|  |TAMS 0x0000000082800000, 0x0000000082800000| Untracked 
|  23|0x0000000082900000, 0x0000000082900000, 0x0000000082a00000|  0%| F|  |TAMS 0x0000000082900000, 0x0000000082900000| Untracked 
|  24|0x0000000082a00000, 0x0000000082a00000, 0x0000000082b00000|  0%| F|  |TAMS 0x0000000082a00000, 0x0000000082a00000| Untracked 
|  25|0x0000000082b00000, 0x0000000082b00000, 0x0000000082c00000|  0%| F|  |TAMS 0x0000000082b00000, 0x0000000082b00000| Untracked 
|  26|0x0000000082c00000, 0x0000000082c00000, 0x0000000082d00000|  0%| F|  |TAMS 0x0000000082c00000, 0x0000000082c00000| Untracked 
|  27|0x0000000082d00000, 0x0000000082d00000, 0x0000000082e00000|  0%| F|  |TAMS 0x0000000082d00000, 0x0000000082d00000| Untracked 
|  28|0x0000000082e00000, 0x0000000082e00000, 0x0000000082f00000|  0%| F|  |TAMS 0x0000000082e00000, 0x0000000082e00000| Untracked 
|  29|0x0000000082f00000, 0x0000000082f00000, 0x0000000083000000|  0%| F|  |TAMS 0x0000000082f00000, 0x0000000082f00000| Untracked 
|  30|0x0000000083000000, 0x0000000083000000, 0x0000000083100000|  0%| F|  |TAMS 0x0000000083000000, 0x0000000083000000| Untracked 
|  31|0x0000000083100000, 0x0000000083100000, 0x0000000083200000|  0%| F|  |TAMS 0x0000000083100000, 0x0000000083100000| Untracked 
|  32|0x0000000083200000, 0x0000000083200000, 0x0000000083300000|  0%| F|  |TAMS 0x0000000083200000, 0x0000000083200000| Untracked 
|  33|0x0000000083300000, 0x0000000083300000, 0x0000000083400000|  0%| F|  |TAMS 0x0000000083300000, 0x0000000083300000| Untracked 
|  34|0x0000000083400000, 0x0000000083400000, 0x0000000083500000|  0%| F|  |TAMS 0x0000000083400000, 0x0000000083400000| Untracked 
|  35|0x0000000083500000, 0x0000000083500000, 0x0000000083600000|  0%| F|  |TAMS 0x0000000083500000, 0x0000000083500000| Untracked 
|  36|0x0000000083600000, 0x0000000083600000, 0x0000000083700000|  0%| F|  |TAMS 0x0000000083600000, 0x0000000083600000| Untracked 
|  37|0x0000000083700000, 0x0000000083700000, 0x0000000083800000|  0%| F|  |TAMS 0x0000000083700000, 0x0000000083700000| Untracked 
|  38|0x0000000083800000, 0x0000000083800000, 0x0000000083900000|  0%| F|  |TAMS 0x0000000083800000, 0x0000000083800000| Untracked 
|  39|0x0000000083900000, 0x0000000083900000, 0x0000000083a00000|  0%| F|  |TAMS 0x0000000083900000, 0x0000000083900000| Untracked 
|  40|0x0000000083a00000, 0x0000000083a00000, 0x0000000083b00000|  0%| F|  |TAMS 0x0000000083a00000, 0x0000000083a00000| Untracked 
|  41|0x0000000083b00000, 0x0000000083b00000, 0x0000000083c00000|  0%| F|  |TAMS 0x0000000083b00000, 0x0000000083b00000| Untracked 
|  42|0x0000000083c00000, 0x0000000083c00000, 0x0000000083d00000|  0%| F|  |TAMS 0x0000000083c00000, 0x0000000083c00000| Untracked 
|  43|0x0000000083d00000, 0x0000000083d00000, 0x0000000083e00000|  0%| F|  |TAMS 0x0000000083d00000, 0x0000000083d00000| Untracked 
|  44|0x0000000083e00000, 0x0000000083e00000, 0x0000000083f00000|  0%| F|  |TAMS 0x0000000083e00000, 0x0000000083e00000| Untracked 
|  45|0x0000000083f00000, 0x0000000083f00000, 0x0000000084000000|  0%| F|  |TAMS 0x0000000083f00000, 0x0000000083f00000| Untracked 
|  46|0x0000000084000000, 0x0000000084000000, 0x0000000084100000|  0%| F|  |TAMS 0x0000000084000000, 0x0000000084000000| Untracked 
|  47|0x0000000084100000, 0x0000000084100000, 0x0000000084200000|  0%| F|  |TAMS 0x0000000084100000, 0x0000000084100000| Untracked 
|  48|0x0000000084200000, 0x00000000842d90b0, 0x0000000084300000| 84%| E|CS|TAMS 0x0000000084200000, 0x0000000084200000| Complete 
|  49|0x0000000084300000, 0x0000000084400000, 0x0000000084400000|100%| E|CS|TAMS 0x0000000084300000, 0x0000000084300000| Complete 
|  50|0x0000000084400000, 0x0000000084500000, 0x0000000084500000|100%| E|CS|TAMS 0x0000000084400000, 0x0000000084400000| Complete 
|  51|0x0000000084500000, 0x0000000084600000, 0x0000000084600000|100%| E|CS|TAMS 0x0000000084500000, 0x0000000084500000| Complete 
|  52|0x0000000084600000, 0x0000000084700000, 0x0000000084700000|100%| E|CS|TAMS 0x0000000084600000, 0x0000000084600000| Complete 
|  53|0x0000000084700000, 0x0000000084800000, 0x0000000084800000|100%| E|CS|TAMS 0x0000000084700000, 0x0000000084700000| Complete 
|  54|0x0000000084800000, 0x0000000084900000, 0x0000000084900000|100%| E|CS|TAMS 0x0000000084800000, 0x0000000084800000| Complete 
|  55|0x0000000084900000, 0x0000000084900000, 0x0000000084a00000|  0%| F|  |TAMS 0x0000000084900000, 0x0000000084900000| Untracked 
|  56|0x0000000084a00000, 0x0000000084a00000, 0x0000000084b00000|  0%| F|  |TAMS 0x0000000084a00000, 0x0000000084a00000| Untracked 
|  57|0x0000000084b00000, 0x0000000084b00000, 0x0000000084c00000|  0%| F|  |TAMS 0x0000000084b00000, 0x0000000084b00000| Untracked 
|  58|0x0000000084c00000, 0x0000000084c00000, 0x0000000084d00000|  0%| F|  |TAMS 0x0000000084c00000, 0x0000000084c00000| Untracked 
|  59|0x0000000084d00000, 0x0000000084d00000, 0x0000000084e00000|  0%| F|  |TAMS 0x0000000084d00000, 0x0000000084d00000| Untracked 
|  60|0x0000000084e00000, 0x0000000084e00000, 0x0000000084f00000|  0%| F|  |TAMS 0x0000000084e00000, 0x0000000084e00000| Untracked 
|  61|0x0000000084f00000, 0x0000000084f00000, 0x0000000085000000|  0%| F|  |TAMS 0x0000000084f00000, 0x0000000084f00000| Untracked 
|  62|0x0000000085000000, 0x0000000085000000, 0x0000000085100000|  0%| F|  |TAMS 0x0000000085000000, 0x0000000085000000| Untracked 
|  63|0x0000000085100000, 0x0000000085100000, 0x0000000085200000|  0%| F|  |TAMS 0x0000000085100000, 0x0000000085100000| Untracked 
|  64|0x0000000085200000, 0x0000000085200000, 0x0000000085300000|  0%| F|  |TAMS 0x0000000085200000, 0x0000000085200000| Untracked 
|  65|0x0000000085300000, 0x0000000085300000, 0x0000000085400000|  0%| F|  |TAMS 0x0000000085300000, 0x0000000085300000| Untracked 
|  66|0x0000000085400000, 0x0000000085400000, 0x0000000085500000|  0%| F|  |TAMS 0x0000000085400000, 0x0000000085400000| Untracked 
|  67|0x0000000085500000, 0x0000000085500000, 0x0000000085600000|  0%| F|  |TAMS 0x0000000085500000, 0x0000000085500000| Untracked 
|  68|0x0000000085600000, 0x00000000856e93a0, 0x0000000085700000| 91%| S|  |TAMS 0x0000000085600000, 0x0000000085600000| Complete 
|  69|0x0000000085700000, 0x0000000085800000, 0x0000000085800000|100%| S|  |TAMS 0x0000000085700000, 0x0000000085700000| Complete 
|  70|0x0000000085800000, 0x0000000085900000, 0x0000000085900000|100%| S|  |TAMS 0x0000000085800000, 0x0000000085800000| Complete 
|  71|0x0000000085900000, 0x0000000085a00000, 0x0000000085a00000|100%| S|  |TAMS 0x0000000085900000, 0x0000000085900000| Complete 
|  72|0x0000000085a00000, 0x0000000085b00000, 0x0000000085b00000|100%| S|  |TAMS 0x0000000085a00000, 0x0000000085a00000| Complete 
|  73|0x0000000085b00000, 0x0000000085c00000, 0x0000000085c00000|100%| S|  |TAMS 0x0000000085b00000, 0x0000000085b00000| Complete 
|  74|0x0000000085c00000, 0x0000000085d00000, 0x0000000085d00000|100%| S|  |TAMS 0x0000000085c00000, 0x0000000085c00000| Complete 
|  75|0x0000000085d00000, 0x0000000085e00000, 0x0000000085e00000|100%| E|CS|TAMS 0x0000000085d00000, 0x0000000085d00000| Complete 
|  76|0x0000000085e00000, 0x0000000085f00000, 0x0000000085f00000|100%| E|CS|TAMS 0x0000000085e00000, 0x0000000085e00000| Complete 
|  77|0x0000000085f00000, 0x0000000086000000, 0x0000000086000000|100%| E|CS|TAMS 0x0000000085f00000, 0x0000000085f00000| Complete 
|  78|0x0000000086000000, 0x0000000086100000, 0x0000000086100000|100%| E|CS|TAMS 0x0000000086000000, 0x0000000086000000| Complete 
|  79|0x0000000086100000, 0x0000000086200000, 0x0000000086200000|100%| E|CS|TAMS 0x0000000086100000, 0x0000000086100000| Complete 
|  80|0x0000000086200000, 0x0000000086300000, 0x0000000086300000|100%| E|CS|TAMS 0x0000000086200000, 0x0000000086200000| Complete 
|  81|0x0000000086300000, 0x0000000086400000, 0x0000000086400000|100%| E|CS|TAMS 0x0000000086300000, 0x0000000086300000| Complete 
|  82|0x0000000086400000, 0x0000000086500000, 0x0000000086500000|100%| E|CS|TAMS 0x0000000086400000, 0x0000000086400000| Complete 
|  83|0x0000000086500000, 0x0000000086600000, 0x0000000086600000|100%| E|CS|TAMS 0x0000000086500000, 0x0000000086500000| Complete 
|  84|0x0000000086600000, 0x0000000086700000, 0x0000000086700000|100%| E|CS|TAMS 0x0000000086600000, 0x0000000086600000| Complete 
|  85|0x0000000086700000, 0x0000000086800000, 0x0000000086800000|100%| E|CS|TAMS 0x0000000086700000, 0x0000000086700000| Complete 
|  86|0x0000000086800000, 0x0000000086900000, 0x0000000086900000|100%| E|CS|TAMS 0x0000000086800000, 0x0000000086800000| Complete 
|  87|0x0000000086900000, 0x0000000086a00000, 0x0000000086a00000|100%| E|CS|TAMS 0x0000000086900000, 0x0000000086900000| Complete 
|  88|0x0000000086a00000, 0x0000000086b00000, 0x0000000086b00000|100%| E|CS|TAMS 0x0000000086a00000, 0x0000000086a00000| Complete 
|  89|0x0000000086b00000, 0x0000000086c00000, 0x0000000086c00000|100%| E|CS|TAMS 0x0000000086b00000, 0x0000000086b00000| Complete 
|  90|0x0000000086c00000, 0x0000000086d00000, 0x0000000086d00000|100%| E|CS|TAMS 0x0000000086c00000, 0x0000000086c00000| Complete 
|  91|0x0000000086d00000, 0x0000000086e00000, 0x0000000086e00000|100%| E|CS|TAMS 0x0000000086d00000, 0x0000000086d00000| Complete 
|  92|0x0000000086e00000, 0x0000000086f00000, 0x0000000086f00000|100%| E|CS|TAMS 0x0000000086e00000, 0x0000000086e00000| Complete 
|  93|0x0000000086f00000, 0x0000000087000000, 0x0000000087000000|100%| E|CS|TAMS 0x0000000086f00000, 0x0000000086f00000| Complete 
|  94|0x0000000087000000, 0x0000000087100000, 0x0000000087100000|100%| E|CS|TAMS 0x0000000087000000, 0x0000000087000000| Complete 
|  95|0x0000000087100000, 0x0000000087200000, 0x0000000087200000|100%| E|CS|TAMS 0x0000000087100000, 0x0000000087100000| Complete 
|  96|0x0000000087200000, 0x0000000087300000, 0x0000000087300000|100%| E|CS|TAMS 0x0000000087200000, 0x0000000087200000| Complete 
|  97|0x0000000087300000, 0x0000000087400000, 0x0000000087400000|100%| E|CS|TAMS 0x0000000087300000, 0x0000000087300000| Complete 
|  98|0x0000000087400000, 0x0000000087500000, 0x0000000087500000|100%| E|CS|TAMS 0x0000000087400000, 0x0000000087400000| Complete 
|  99|0x0000000087500000, 0x0000000087600000, 0x0000000087600000|100%| E|CS|TAMS 0x0000000087500000, 0x0000000087500000| Complete 
| 100|0x0000000087600000, 0x0000000087700000, 0x0000000087700000|100%| E|CS|TAMS 0x0000000087600000, 0x0000000087600000| Complete 
| 101|0x0000000087700000, 0x0000000087800000, 0x0000000087800000|100%| E|CS|TAMS 0x0000000087700000, 0x0000000087700000| Complete 
| 102|0x0000000087800000, 0x0000000087900000, 0x0000000087900000|100%| E|CS|TAMS 0x0000000087800000, 0x0000000087800000| Complete 
| 103|0x0000000087900000, 0x0000000087a00000, 0x0000000087a00000|100%| E|CS|TAMS 0x0000000087900000, 0x0000000087900000| Complete 
| 104|0x0000000087a00000, 0x0000000087b00000, 0x0000000087b00000|100%| E|CS|TAMS 0x0000000087a00000, 0x0000000087a00000| Complete 
| 105|0x0000000087b00000, 0x0000000087c00000, 0x0000000087c00000|100%| E|CS|TAMS 0x0000000087b00000, 0x0000000087b00000| Complete 
| 106|0x0000000087c00000, 0x0000000087d00000, 0x0000000087d00000|100%| E|CS|TAMS 0x0000000087c00000, 0x0000000087c00000| Complete 
| 107|0x0000000087d00000, 0x0000000087e00000, 0x0000000087e00000|100%| E|CS|TAMS 0x0000000087d00000, 0x0000000087d00000| Complete 
| 108|0x0000000087e00000, 0x0000000087f00000, 0x0000000087f00000|100%| E|CS|TAMS 0x0000000087e00000, 0x0000000087e00000| Complete 
| 109|0x0000000087f00000, 0x0000000088000000, 0x0000000088000000|100%| E|CS|TAMS 0x0000000087f00000, 0x0000000087f00000| Complete 
| 110|0x0000000088000000, 0x0000000088100000, 0x0000000088100000|100%| E|CS|TAMS 0x0000000088000000, 0x0000000088000000| Complete 
| 111|0x0000000088100000, 0x0000000088200000, 0x0000000088200000|100%| E|CS|TAMS 0x0000000088100000, 0x0000000088100000| Complete 
| 112|0x0000000088200000, 0x0000000088300000, 0x0000000088300000|100%| E|CS|TAMS 0x0000000088200000, 0x0000000088200000| Complete 
| 113|0x0000000088300000, 0x0000000088400000, 0x0000000088400000|100%| E|CS|TAMS 0x0000000088300000, 0x0000000088300000| Complete 
| 114|0x0000000088400000, 0x0000000088500000, 0x0000000088500000|100%| E|CS|TAMS 0x0000000088400000, 0x0000000088400000| Complete 
| 115|0x0000000088500000, 0x0000000088600000, 0x0000000088600000|100%| E|CS|TAMS 0x0000000088500000, 0x0000000088500000| Complete 
| 116|0x0000000088600000, 0x0000000088700000, 0x0000000088700000|100%| E|CS|TAMS 0x0000000088600000, 0x0000000088600000| Complete 
| 117|0x0000000088700000, 0x0000000088800000, 0x0000000088800000|100%| E|CS|TAMS 0x0000000088700000, 0x0000000088700000| Complete 
| 118|0x0000000088800000, 0x0000000088900000, 0x0000000088900000|100%| E|CS|TAMS 0x0000000088800000, 0x0000000088800000| Complete 
| 119|0x0000000088900000, 0x0000000088a00000, 0x0000000088a00000|100%| E|CS|TAMS 0x0000000088900000, 0x0000000088900000| Complete 
| 120|0x0000000088a00000, 0x0000000088b00000, 0x0000000088b00000|100%| E|CS|TAMS 0x0000000088a00000, 0x0000000088a00000| Complete 
| 121|0x0000000088b00000, 0x0000000088c00000, 0x0000000088c00000|100%| E|CS|TAMS 0x0000000088b00000, 0x0000000088b00000| Complete 
| 122|0x0000000088c00000, 0x0000000088d00000, 0x0000000088d00000|100%| E|CS|TAMS 0x0000000088c00000, 0x0000000088c00000| Complete 
| 123|0x0000000088d00000, 0x0000000088e00000, 0x0000000088e00000|100%| E|CS|TAMS 0x0000000088d00000, 0x0000000088d00000| Complete 
| 124|0x0000000088e00000, 0x0000000088f00000, 0x0000000088f00000|100%| E|CS|TAMS 0x0000000088e00000, 0x0000000088e00000| Complete 
| 125|0x0000000088f00000, 0x0000000089000000, 0x0000000089000000|100%| E|CS|TAMS 0x0000000088f00000, 0x0000000088f00000| Complete 
| 126|0x0000000089000000, 0x0000000089100000, 0x0000000089100000|100%| E|CS|TAMS 0x0000000089000000, 0x0000000089000000| Complete 
| 127|0x0000000089100000, 0x0000000089200000, 0x0000000089200000|100%| E|CS|TAMS 0x0000000089100000, 0x0000000089100000| Complete 
| 128|0x0000000089200000, 0x0000000089300000, 0x0000000089300000|100%| E|CS|TAMS 0x0000000089200000, 0x0000000089200000| Complete 
| 129|0x0000000089300000, 0x0000000089400000, 0x0000000089400000|100%| E|CS|TAMS 0x0000000089300000, 0x0000000089300000| Complete 
| 130|0x0000000089400000, 0x0000000089500000, 0x0000000089500000|100%| E|CS|TAMS 0x0000000089400000, 0x0000000089400000| Complete 
| 131|0x0000000089500000, 0x0000000089600000, 0x0000000089600000|100%| E|CS|TAMS 0x0000000089500000, 0x0000000089500000| Complete 
| 132|0x0000000089600000, 0x0000000089700000, 0x0000000089700000|100%| E|CS|TAMS 0x0000000089600000, 0x0000000089600000| Complete 
| 133|0x0000000089700000, 0x0000000089800000, 0x0000000089800000|100%| E|CS|TAMS 0x0000000089700000, 0x0000000089700000| Complete 
| 134|0x0000000089800000, 0x0000000089900000, 0x0000000089900000|100%| E|CS|TAMS 0x0000000089800000, 0x0000000089800000| Complete 
| 135|0x0000000089900000, 0x0000000089a00000, 0x0000000089a00000|100%| E|CS|TAMS 0x0000000089900000, 0x0000000089900000| Complete 
| 136|0x0000000089a00000, 0x0000000089b00000, 0x0000000089b00000|100%| E|CS|TAMS 0x0000000089a00000, 0x0000000089a00000| Complete 
| 137|0x0000000089b00000, 0x0000000089c00000, 0x0000000089c00000|100%| E|CS|TAMS 0x0000000089b00000, 0x0000000089b00000| Complete 
| 138|0x0000000089c00000, 0x0000000089d00000, 0x0000000089d00000|100%| E|CS|TAMS 0x0000000089c00000, 0x0000000089c00000| Complete 
| 139|0x0000000089d00000, 0x0000000089e00000, 0x0000000089e00000|100%| E|CS|TAMS 0x0000000089d00000, 0x0000000089d00000| Complete 
| 140|0x0000000089e00000, 0x0000000089f00000, 0x0000000089f00000|100%| E|CS|TAMS 0x0000000089e00000, 0x0000000089e00000| Complete 
| 141|0x0000000089f00000, 0x000000008a000000, 0x000000008a000000|100%| E|CS|TAMS 0x0000000089f00000, 0x0000000089f00000| Complete 
| 142|0x000000008a000000, 0x000000008a100000, 0x000000008a100000|100%| E|CS|TAMS 0x000000008a000000, 0x000000008a000000| Complete 
| 143|0x000000008a100000, 0x000000008a200000, 0x000000008a200000|100%| E|CS|TAMS 0x000000008a100000, 0x000000008a100000| Complete 
| 144|0x000000008a200000, 0x000000008a300000, 0x000000008a300000|100%| E|CS|TAMS 0x000000008a200000, 0x000000008a200000| Complete 
| 145|0x000000008a300000, 0x000000008a400000, 0x000000008a400000|100%| E|CS|TAMS 0x000000008a300000, 0x000000008a300000| Complete 
| 146|0x000000008a400000, 0x000000008a500000, 0x000000008a500000|100%| E|CS|TAMS 0x000000008a400000, 0x000000008a400000| Complete 
| 147|0x000000008a500000, 0x000000008a600000, 0x000000008a600000|100%| E|CS|TAMS 0x000000008a500000, 0x000000008a500000| Complete 
| 148|0x000000008a600000, 0x000000008a700000, 0x000000008a700000|100%| E|CS|TAMS 0x000000008a600000, 0x000000008a600000| Complete 
| 149|0x000000008a700000, 0x000000008a800000, 0x000000008a800000|100%| E|CS|TAMS 0x000000008a700000, 0x000000008a700000| Complete 
| 150|0x000000008a800000, 0x000000008a900000, 0x000000008a900000|100%| E|CS|TAMS 0x000000008a800000, 0x000000008a800000| Complete 
| 151|0x000000008a900000, 0x000000008aa00000, 0x000000008aa00000|100%| E|CS|TAMS 0x000000008a900000, 0x000000008a900000| Complete 
| 152|0x000000008aa00000, 0x000000008ab00000, 0x000000008ab00000|100%| E|CS|TAMS 0x000000008aa00000, 0x000000008aa00000| Complete 
| 153|0x000000008ab00000, 0x000000008ac00000, 0x000000008ac00000|100%| E|CS|TAMS 0x000000008ab00000, 0x000000008ab00000| Complete 

Card table byte_map: [0x00000162fc4f0000,0x00000162fc8f0000] _byte_map_base: 0x00000162fc0e7000

Marking Bits (Prev, Next): (CMBitMap*) 0x00000162fecf2028, (CMBitMap*) 0x00000162fecf2060
 Prev Bits: [0x00000162fccf0000, 0x00000162feca8000)
 Next Bits: [0x0000016280000000, 0x0000016281fb8000)

Polling page: 0x00000162e2840000

Metaspace:

Usage:
  Non-class:     43.12 MB capacity,    42.49 MB ( 99%) used,   502.63 KB (  1%) free+waste,   143.81 KB ( <1%) overhead. 
      Class:      5.98 MB capacity,     5.56 MB ( 93%) used,   370.14 KB (  6%) free+waste,    65.50 KB (  1%) overhead. 
       Both:     49.10 MB capacity,    48.05 MB ( 98%) used,   872.77 KB (  2%) free+waste,   209.31 KB ( <1%) overhead. 

Virtual space:
  Non-class space:       44.00 MB reserved,      43.33 MB ( 98%) committed 
      Class space:        1.00 GB reserved,       6.00 MB ( <1%) committed 
             Both:        1.04 GB reserved,      49.33 MB (  5%) committed 

Chunk freelists:
   Non-Class:  19.00 KB
       Class:  20.00 KB
        Both:  39.00 KB

MaxMetaspaceSize: 17179869184.00 GB
CompressedClassSpaceSize: 1.00 GB

CodeHeap 'non-profiled nmethods': size=120064Kb used=2730Kb max_used=2730Kb free=117333Kb
 bounds [0x00000162f4bb0000, 0x00000162f4e60000, 0x00000162fc0f0000]
CodeHeap 'profiled nmethods': size=120000Kb used=10320Kb max_used=10320Kb free=109679Kb
 bounds [0x00000162ed680000, 0x00000162ee0a0000, 0x00000162f4bb0000]
CodeHeap 'non-nmethods': size=5696Kb used=1185Kb max_used=1241Kb free=4510Kb
 bounds [0x00000162ed0f0000, 0x00000162ed360000, 0x00000162ed680000]
 total_blobs=5267 nmethods=4731 adapters=447
 compilation: enabled
              stopped_count=0, restarted_count=0
 full_count=0

Compilation events (20 events):
Event: 25.129 Thread 0x00000162ffa82000 4878  s!   3       java.beans.PropertyDescriptor::getWriteMethod (152 bytes)
Event: 25.130 Thread 0x000001628518c000 nmethod 4860 0x00000162f4e59e90 code [0x00000162f4e5a020, 0x00000162f4e5a218]
Event: 25.131 Thread 0x000001628518c000 4859       4       org.springframework.aop.framework.autoproxy.AbstractAutoProxyCreator::predictBeanType (35 bytes)
Event: 25.133 Thread 0x00000162ffa82000 nmethod 4878 0x00000162ee08f390 code [0x00000162ee08f6c0, 0x00000162ee090f98]
Event: 25.138 Thread 0x00000162ffa82000 4879       3       java.util.Collections::unmodifiableList (27 bytes)
Event: 25.139 Thread 0x00000162ffa82000 nmethod 4879 0x00000162ee091610 code [0x00000162ee091840, 0x00000162ee092158]
Event: 25.140 Thread 0x00000162ffa82000 4880       3       java.util.Collections$UnmodifiableList::<init> (11 bytes)
Event: 25.140 Thread 0x00000162ffa82000 nmethod 4880 0x00000162ee092390 code [0x00000162ee092560, 0x00000162ee0928c8]
Event: 25.146 Thread 0x00000162ffa82000 4883       3       java.lang.Class::getAnnotation (22 bytes)
Event: 25.147 Thread 0x00000162ffa82000 nmethod 4883 0x00000162ee092a10 code [0x00000162ee092c00, 0x00000162ee093048]
Event: 25.147 Thread 0x00000162ffa82000 4884       3       org.springframework.beans.factory.support.RootBeanDefinition::<init> (48 bytes)
Event: 25.147 Thread 0x00000162ffa82000 nmethod 4884 0x00000162ee093210 code [0x00000162ee0933e0, 0x00000162ee093748]
Event: 25.147 Thread 0x00000162ffa82000 4885       1       org.springframework.orm.jpa.support.PersistenceAnnotationBeanPostProcessor::postProcessBeforeInstantiation (2 bytes)
Event: 25.148 Thread 0x00000162ffa82000 nmethod 4885 0x00000162f4e5a390 code [0x00000162f4e5a540, 0x00000162f4e5a5f8]
Event: 25.148 Thread 0x00000162ffa82000 4886       1       org.springframework.context.annotation.CommonAnnotationBeanPostProcessor::postProcessBeforeInstantiation (2 bytes)
Event: 25.148 Thread 0x00000162ffa82000 nmethod 4886 0x00000162f4e5a690 code [0x00000162f4e5a840, 0x00000162f4e5a8f8]
Event: 25.148 Thread 0x00000162ffa82000 4887       3       java.lang.reflect.Constructor::getParameterCount (6 bytes)
Event: 25.149 Thread 0x00000162ffa82000 nmethod 4887 0x00000162ee093890 code [0x00000162ee093a40, 0x00000162ee093b58]
Event: 25.149 Thread 0x00000162ffa82000 4888       3       org.springframework.util.ClassUtils::isAssignableValue (34 bytes)
Event: 25.150 Thread 0x00000162ffa82000 nmethod 4888 0x00000162ee093c10 code [0x00000162ee093e00, 0x00000162ee094178]

GC Heap History (17 events):
Event: 4.810 GC heap before
{Heap before GC invocations=0 (full 0):
 garbage-first heap   total 131072K, used 14336K [0x0000000081200000, 0x0000000100000000)
  region size 1024K, 14 young (14336K), 0 survivors (0K)
 Metaspace       used 9564K, capacity 9755K, committed 9984K, reserved 1058816K
  class space    used 853K, capacity 906K, committed 1024K, reserved 1048576K
}
Event: 4.849 GC heap after
{Heap after GC invocations=1 (full 0):
 garbage-first heap   total 131072K, used 8090K [0x0000000081200000, 0x0000000100000000)
  region size 1024K, 2 young (2048K), 2 survivors (2048K)
 Metaspace       used 9564K, capacity 9755K, committed 9984K, reserved 1058816K
  class space    used 853K, capacity 906K, committed 1024K, reserved 1048576K
}
Event: 5.171 GC heap before
{Heap before GC invocations=1 (full 0):
 garbage-first heap   total 131072K, used 13210K [0x0000000081200000, 0x0000000100000000)
  region size 1024K, 7 young (7168K), 2 survivors (2048K)
 Metaspace       used 10838K, capacity 10992K, committed 11136K, reserved 1058816K
  class space    used 1013K, capacity 1087K, committed 1152K, reserved 1048576K
}
Event: 5.177 GC heap after
{Heap after GC invocations=2 (full 0):
 garbage-first heap   total 131072K, used 8551K [0x0000000081200000, 0x0000000100000000)
  region size 1024K, 1 young (1024K), 1 survivors (1024K)
 Metaspace       used 10838K, capacity 10992K, committed 11136K, reserved 1058816K
  class space    used 1013K, capacity 1087K, committed 1152K, reserved 1048576K
}
Event: 6.471 GC heap before
{Heap before GC invocations=2 (full 0):
 garbage-first heap   total 131072K, used 29031K [0x0000000081200000, 0x0000000100000000)
  region size 1024K, 21 young (21504K), 1 survivors (1024K)
 Metaspace       used 16505K, capacity 16824K, committed 16896K, reserved 1064960K
  class space    used 1650K, capacity 1792K, committed 1792K, reserved 1048576K
}
Event: 6.520 GC heap after
{Heap after GC invocations=3 (full 0):
 garbage-first heap   total 131072K, used 9658K [0x0000000081200000, 0x0000000100000000)
  region size 1024K, 2 young (2048K), 2 survivors (2048K)
 Metaspace       used 16505K, capacity 16824K, committed 16896K, reserved 1064960K
  class space    used 1650K, capacity 1792K, committed 1792K, reserved 1048576K
}
Event: 7.525 GC heap before
{Heap before GC invocations=3 (full 0):
 garbage-first heap   total 131072K, used 35258K [0x0000000081200000, 0x0000000100000000)
  region size 1024K, 28 young (28672K), 2 survivors (2048K)
 Metaspace       used 20727K, capacity 21160K, committed 21296K, reserved 1069056K
  class space    used 2220K, capacity 2390K, committed 2432K, reserved 1048576K
}
Event: 7.532 GC heap after
{Heap after GC invocations=4 (full 0):
 garbage-first heap   total 131072K, used 10352K [0x0000000081200000, 0x0000000100000000)
  region size 1024K, 3 young (3072K), 3 survivors (3072K)
 Metaspace       used 20727K, capacity 21160K, committed 21296K, reserved 1069056K
  class space    used 2220K, capacity 2390K, committed 2432K, reserved 1048576K
}
Event: 9.837 GC heap before
{Heap before GC invocations=5 (full 0):
 garbage-first heap   total 131072K, used 61552K [0x0000000081200000, 0x0000000100000000)
  region size 1024K, 54 young (55296K), 3 survivors (3072K)
 Metaspace       used 23991K, capacity 24585K, committed 24880K, reserved 1071104K
  class space    used 2659K, capacity 2887K, committed 2944K, reserved 1048576K
}
Event: 9.845 GC heap after
{Heap after GC invocations=6 (full 0):
 garbage-first heap   total 131072K, used 11618K [0x0000000081200000, 0x0000000100000000)
  region size 1024K, 4 young (4096K), 4 survivors (4096K)
 Metaspace       used 23991K, capacity 24585K, committed 24880K, reserved 1071104K
  class space    used 2659K, capacity 2887K, committed 2944K, reserved 1048576K
}
Event: 13.541 GC heap before
{Heap before GC invocations=6 (full 0):
 garbage-first heap   total 131072K, used 84322K [0x0000000081200000, 0x0000000100000000)
  region size 1024K, 76 young (77824K), 4 survivors (4096K)
 Metaspace       used 31279K, capacity 32032K, committed 32304K, reserved 1077248K
  class space    used 3563K, capacity 3880K, committed 3968K, reserved 1048576K
}
Event: 13.562 GC heap after
{Heap after GC invocations=7 (full 0):
 garbage-first heap   total 131072K, used 14918K [0x0000000081200000, 0x0000000100000000)
  region size 1024K, 7 young (7168K), 7 survivors (7168K)
 Metaspace       used 31279K, capacity 32032K, committed 32304K, reserved 1077248K
  class space    used 3563K, capacity 3880K, committed 3968K, reserved 1048576K
}
Event: 15.662 GC heap before
{Heap before GC invocations=7 (full 0):
 garbage-first heap   total 131072K, used 30278K [0x0000000081200000, 0x0000000100000000)
  region size 1024K, 23 young (23552K), 7 survivors (7168K)
 Metaspace       used 34841K, capacity 35776K, committed 35920K, reserved 1081344K
  class space    used 3987K, capacity 4336K, committed 4352K, reserved 1048576K
}
Event: 15.698 GC heap after
{Heap after GC invocations=8 (full 0):
 garbage-first heap   total 131072K, used 16226K [0x0000000081200000, 0x0000000100000000)
  region size 1024K, 6 young (6144K), 6 survivors (6144K)
 Metaspace       used 34841K, capacity 35776K, committed 35920K, reserved 1081344K
  class space    used 3987K, capacity 4336K, committed 4352K, reserved 1048576K
}
Event: 19.205 GC heap before
{Heap before GC invocations=9 (full 0):
 garbage-first heap   total 131072K, used 83810K [0x0000000081200000, 0x0000000100000000)
  region size 1024K, 73 young (74752K), 6 survivors (6144K)
 Metaspace       used 38697K, capacity 39742K, committed 40016K, reserved 1085440K
  class space    used 4407K, capacity 4824K, committed 4864K, reserved 1048576K
}
Event: 19.221 GC heap after
{Heap after GC invocations=10 (full 0):
 garbage-first heap   total 157696K, used 18197K [0x0000000081200000, 0x0000000100000000)
  region size 1024K, 7 young (7168K), 7 survivors (7168K)
 Metaspace       used 38697K, capacity 39742K, committed 40016K, reserved 1085440K
  class space    used 4407K, capacity 4824K, committed 4864K, reserved 1048576K
}
Event: 25.152 GC heap before
{Heap before GC invocations=10 (full 0):
 garbage-first heap   total 157696K, used 98069K [0x0000000081200000, 0x0000000100000000)
  region size 1024K, 86 young (88064K), 7 survivors (7168K)
 Metaspace       used 49198K, capacity 50281K, committed 50512K, reserved 1093632K
  class space    used 5688K, capacity 6124K, committed 6144K, reserved 1048576K
}

Deoptimization events (20 events):
Event: 22.616 Thread 0x0000016288aca000 DEOPT PACKING pc=0x00000162edf80cd0 sp=0x0000004a13ffd6d0
Event: 22.616 Thread 0x0000016288aca000 DEOPT UNPACKING pc=0x00000162ed1176ce sp=0x0000004a13ffcad8 mode 0
Event: 22.617 Thread 0x0000016288aca000 DEOPT PACKING pc=0x00000162edf80cd0 sp=0x0000004a13ffd6d0
Event: 22.617 Thread 0x0000016288aca000 DEOPT UNPACKING pc=0x00000162ed1176ce sp=0x0000004a13ffcad8 mode 0
Event: 22.619 Thread 0x0000016288aca000 DEOPT PACKING pc=0x00000162edf80cd0 sp=0x0000004a13ffd790
Event: 22.619 Thread 0x0000016288aca000 DEOPT UNPACKING pc=0x00000162ed1176ce sp=0x0000004a13ffcb98 mode 0
Event: 22.621 Thread 0x0000016288aca000 DEOPT PACKING pc=0x00000162edf80cd0 sp=0x0000004a13ffd790
Event: 22.621 Thread 0x0000016288aca000 DEOPT UNPACKING pc=0x00000162ed1176ce sp=0x0000004a13ffcb98 mode 0
Event: 23.311 Thread 0x0000016288aca000 DEOPT PACKING pc=0x00000162edf94406 sp=0x0000004a13ffd4b0
Event: 23.311 Thread 0x0000016288aca000 DEOPT UNPACKING pc=0x00000162ed1176ce sp=0x0000004a13ffc948 mode 0
Event: 23.340 Thread 0x0000016288aca000 DEOPT PACKING pc=0x00000162edf94406 sp=0x0000004a13ffd940
Event: 23.340 Thread 0x0000016288aca000 DEOPT UNPACKING pc=0x00000162ed1176ce sp=0x0000004a13ffcdd8 mode 0
Event: 24.231 Thread 0x00000162e4a48000 Uncommon trap: trap_request=0xffffff4d fr.pc=0x00000162f4d13e3c relative=0x0000000000000c5c
Event: 24.231 Thread 0x00000162e4a48000 Uncommon trap: reason=unstable_if action=reinterpret pc=0x00000162f4d13e3c method=sun.reflect.annotation.AnnotationInvocationHandler.invoke(Ljava/lang/Object;Ljava/lang/reflect/Method;[Ljava/lang/Object;)Ljava/lang/Object; @ 15 c2
Event: 24.231 Thread 0x00000162e4a48000 DEOPT PACKING pc=0x00000162f4d13e3c sp=0x0000004a122fcf70
Event: 24.231 Thread 0x00000162e4a48000 DEOPT UNPACKING pc=0x00000162ed1178af sp=0x0000004a122fcf30 mode 2
Event: 24.637 Thread 0x00000162e4a48000 Uncommon trap: trap_request=0xfffffff4 fr.pc=0x00000162f4e3e12c relative=0x00000000000002ec
Event: 24.637 Thread 0x00000162e4a48000 Uncommon trap: reason=null_check action=make_not_entrant pc=0x00000162f4e3e12c method=org.springframework.core.annotation.TypeMappedAnnotations.get(Ljava/lang/Class;Ljava/util/function/Predicate;Lorg/springframework/core/annotation/MergedAnnotationSelecto
Event: 24.637 Thread 0x00000162e4a48000 DEOPT PACKING pc=0x00000162f4e3e12c sp=0x0000004a122fd3e0
Event: 24.637 Thread 0x00000162e4a48000 DEOPT UNPACKING pc=0x00000162ed1178af sp=0x0000004a122fd330 mode 2

Classes redefined (0 events):
No events

Internal exceptions (20 events):
Event: 17.894 Thread 0x00000162e4a48000 Exception <a 'java/io/FileNotFoundException'{0x0000000085daa5c0}> (0x0000000085daa5c0) thrown at [./src/hotspot/share/prims/jni.cpp, line 615]
Event: 17.989 Thread 0x00000162e4a48000 Exception <a 'java/lang/NoSuchMethodError'{0x0000000085be5910}: 'int java.lang.invoke.DirectMethodHandle$Holder.invokeInterface(java.lang.Object, java.lang.Object, java.lang.Object, java.lang.Object)'> (0x0000000085be5910) thrown at [./src/hotspot/share/interpreter/linkResolver.cpp, line 773]
Event: 18.284 Thread 0x00000162e4a48000 Exception <a 'java/io/FileNotFoundException'{0x00000000857198e8}> (0x00000000857198e8) thrown at [./src/hotspot/share/prims/jni.cpp, line 615]
Event: 18.764 Thread 0x00000162e4a48000 Exception <a 'java/lang/NoSuchMethodError'{0x00000000853e0420}: 'void java.lang.invoke.DirectMethodHandle$Holder.invokeVirtual(java.lang.Object, java.lang.Object, java.lang.Object, java.lang.Object)'> (0x00000000853e0420) thrown at [./src/hotspot/share/interpreter/linkResolver.cpp, line 773]
Event: 18.907 Thread 0x00000162e4a48000 Implicit null exception at 0x00000162f4ccdbda to 0x00000162f4ccde0c
Event: 19.259 Thread 0x00000162e4a48000 Exception <a 'java/lang/NoSuchMethodError'{0x000000008abe6770}: 'void java.lang.invoke.DirectMethodHandle$Holder.invokeVirtual(java.lang.Object, java.lang.Object, int)'> (0x000000008abe6770) thrown at [./src/hotspot/share/interpreter/linkResolver.cpp, line 773]
Event: 19.741 Thread 0x00000162e4a48000 Exception <a 'sun/nio/fs/WindowsException'{0x000000008a449a10}> (0x000000008a449a10) thrown at [./src/hotspot/share/prims/jni.cpp, line 615]
Event: 19.779 Thread 0x00000162e4a48000 Exception <a 'java/lang/NoSuchMethodError'{0x000000008a46e918}: 'int java.lang.invoke.DirectMethodHandle$Holder.invokeStaticInit(java.lang.Object, java.lang.Object, java.lang.Object, java.lang.Object)'> (0x000000008a46e918) thrown at [./src/hotspot/share/interpreter/linkResolver.cpp, line 773]
Event: 20.645 Thread 0x00000162e4a48000 Exception <a 'java/lang/NoSuchMethodError'{0x0000000089a42b30}: 'java.lang.Object java.lang.invoke.DirectMethodHandle$Holder.invokeStaticInit(java.lang.Object, java.lang.Object, java.lang.Object, java.lang.Object)'> (0x0000000089a42b30) thrown at [./src/hotspot/share/interpreter/linkResolver.cpp, line 773]
Event: 24.637 Thread 0x00000162e4a48000 Implicit null exception at 0x00000162f4e3e027 to 0x00000162f4e3e122
Event: 25.108 Thread 0x00000162e4a48000 Exception <a 'java/lang/ClassNotFoundException'{0x0000000085ff7040}: java/lang/ObjectCustomizer> (0x0000000085ff7040) thrown at [./src/hotspot/share/classfile/systemDictionary.cpp, line 231]
Event: 25.109 Thread 0x00000162e4a48000 Exception <a 'java/lang/ClassNotFoundException'{0x0000000085d14b78}: org/springframework/web/servlet/config/annotation/WebMvcConfigurationSupportCustomizer> (0x0000000085d14b78) thrown at [./src/hotspot/share/classfile/systemDictionary.cpp, line 231]
Event: 25.122 Thread 0x00000162e4a48000 Exception <a 'java/lang/ClassNotFoundException'{0x0000000085d3d078}: org/springframework/web/servlet/config/annotation/DelegatingWebMvcConfigurationCustomizer> (0x0000000085d3d078) thrown at [./src/hotspot/share/classfile/systemDictionary.cpp, line 231]
Event: 25.125 Thread 0x00000162e4a48000 Exception <a 'java/lang/ClassNotFoundException'{0x0000000085d5fcc8}: org/springframework/boot/autoconfigure/web/servlet/WebMvcAutoConfiguration$EnableWebMvcConfigurationCustomizer> (0x0000000085d5fcc8) thrown at [./src/hotspot/share/classfile/systemDictionary.cpp, line 231]
Event: 25.134 Thread 0x00000162e4a48000 Exception <a 'java/lang/ClassNotFoundException'{0x0000000085d81848}: org/springframework/context/ResourceLoaderAwareCustomizer> (0x0000000085d81848) thrown at [./src/hotspot/share/classfile/systemDictionary.cpp, line 231]
Event: 25.137 Thread 0x00000162e4a48000 Exception <a 'java/lang/ClassNotFoundException'{0x0000000085d95618}: org/springframework/beans/factory/AwareCustomizer> (0x0000000085d95618) thrown at [./src/hotspot/share/classfile/systemDictionary.cpp, line 231]
Event: 25.138 Thread 0x00000162e4a48000 Exception <a 'java/lang/ClassNotFoundException'{0x0000000085daaff8}: org/springframework/context/ApplicationContextAwareCustomizer> (0x0000000085daaff8) thrown at [./src/hotspot/share/classfile/systemDictionary.cpp, line 231]
Event: 25.141 Thread 0x00000162e4a48000 Exception <a 'java/lang/ClassNotFoundException'{0x0000000085dbf758}: org/springframework/beans/factory/AwareCustomizer> (0x0000000085dbf758) thrown at [./src/hotspot/share/classfile/systemDictionary.cpp, line 231]
Event: 25.142 Thread 0x00000162e4a48000 Exception <a 'java/lang/ClassNotFoundException'{0x0000000085dd5110}: org/springframework/web/context/ServletContextAwareCustomizer> (0x0000000085dd5110) thrown at [./src/hotspot/share/classfile/systemDictionary.cpp, line 231]
Event: 25.143 Thread 0x00000162e4a48000 Exception <a 'java/lang/ClassNotFoundException'{0x0000000085de9348}: org/springframework/beans/factory/AwareCustomizer> (0x0000000085de9348) thrown at [./src/hotspot/share/classfile/systemDictionary.cpp, line 231]

Events (20 events):
Event: 25.138 loading class org/springframework/context/ApplicationContextAwareCustomizer done
Event: 25.140 loading class org/springframework/beans/factory/AwareCustomizer
Event: 25.140 loading class org/springframework/beans/factory/AwareCustomizer done
Event: 25.141 loading class org/springframework/beans/factory/AwareCustomizer
Event: 25.141 loading class org/springframework/beans/factory/AwareCustomizer done
Event: 25.141 loading class org/springframework/beans/factory/AwareCustomizer
Event: 25.141 loading class org/springframework/beans/factory/AwareCustomizer done
Event: 25.142 loading class org/springframework/web/context/ServletContextAwareCustomizer
Event: 25.142 loading class org/springframework/web/context/ServletContextAwareCustomizer done
Event: 25.142 loading class org/springframework/web/context/ServletContextAwareCustomizer
Event: 25.142 loading class org/springframework/web/context/ServletContextAwareCustomizer done
Event: 25.142 loading class org/springframework/web/context/ServletContextAwareCustomizer
Event: 25.142 loading class org/springframework/web/context/ServletContextAwareCustomizer done
Event: 25.143 loading class org/springframework/beans/factory/AwareCustomizer
Event: 25.143 loading class org/springframework/beans/factory/AwareCustomizer done
Event: 25.143 loading class org/springframework/beans/factory/AwareCustomizer
Event: 25.143 loading class org/springframework/beans/factory/AwareCustomizer done
Event: 25.143 loading class org/springframework/beans/factory/AwareCustomizer
Event: 25.143 loading class org/springframework/beans/factory/AwareCustomizer done
Event: 25.151 Executing VM operation: G1CollectForAllocation


Dynamic libraries:
0x00007ff6dfc10000 - 0x00007ff6dfc1d000 	C:\Users\ashokkumar.i\.jdks\corretto-11.0.10\bin\java.exe
0x00007ffb2d1d0000 - 0x00007ffb2d3b1000 	C:\WINDOWS\SYSTEM32\ntdll.dll
0x00007ffb2b5d0000 - 0x00007ffb2b682000 	C:\WINDOWS\System32\KERNEL32.DLL
0x00007ffb29dd0000 - 0x00007ffb2a043000 	C:\WINDOWS\System32\KERNELBASE.dll
0x00007ffb2a560000 - 0x00007ffb2a65a000 	C:\WINDOWS\System32\ucrtbase.dll
0x00007ffb21c30000 - 0x00007ffb21c47000 	C:\Users\ashokkumar.i\.jdks\corretto-11.0.10\bin\jli.dll
0x00007ffb2afc0000 - 0x00007ffb2b150000 	C:\WINDOWS\System32\USER32.dll
0x00007ffb295f0000 - 0x00007ffb29610000 	C:\WINDOWS\System32\win32u.dll
0x00007ffb2a9a0000 - 0x00007ffb2a9c8000 	C:\WINDOWS\System32\GDI32.dll
0x00007ffb2a0f0000 - 0x00007ffb2a282000 	C:\WINDOWS\System32\gdi32full.dll
0x00007ffb2a050000 - 0x00007ffb2a0ef000 	C:\WINDOWS\System32\msvcp_win.dll
0x00007ffb21ab0000 - 0x00007ffb21ac5000 	C:\Users\ashokkumar.i\.jdks\corretto-11.0.10\bin\VCRUNTIME140.dll
0x00007ffb191a0000 - 0x00007ffb19409000 	C:\WINDOWS\WinSxS\amd64_microsoft.windows.common-controls_6595b64144ccf1df_6.0.17134.376_none_fb439a3730647da2\COMCTL32.dll
0x00007ffb2b1b0000 - 0x00007ffb2b24e000 	C:\WINDOWS\System32\msvcrt.dll
0x00007ffb2cb50000 - 0x00007ffb2ce73000 	C:\WINDOWS\System32\combase.dll
0x00007ffb2a750000 - 0x00007ffb2a874000 	C:\WINDOWS\System32\RPCRT4.dll
0x00007ffb2a290000 - 0x00007ffb2a30a000 	C:\WINDOWS\System32\bcryptPrimitives.dll
0x00007ffb2b3b0000 - 0x00007ffb2b3dd000 	C:\WINDOWS\System32\IMM32.DLL
0x00007ffb16730000 - 0x00007ffb1676b000 	C:\Program Files (x86)\K7 Computing\K7TSecurity\K7CrvrEx64.dll
0x00007ffb19020000 - 0x00007ffb190bb000 	C:\Users\ashokkumar.i\.jdks\corretto-11.0.10\bin\msvcp140.dll
0x00007ffac4bc0000 - 0x00007ffac5707000 	C:\Users\ashokkumar.i\.jdks\corretto-11.0.10\bin\server\jvm.dll
0x00007ffb2a8e0000 - 0x00007ffb2a981000 	C:\WINDOWS\System32\ADVAPI32.dll
0x00007ffb2ce80000 - 0x00007ffb2cedb000 	C:\WINDOWS\System32\sechost.dll
0x00007ffb2d190000 - 0x00007ffb2d198000 	C:\WINDOWS\System32\PSAPI.DLL
0x00007ffb25e90000 - 0x00007ffb25e99000 	C:\WINDOWS\SYSTEM32\WSOCK32.dll
0x00007ffb2b3e0000 - 0x00007ffb2b44c000 	C:\WINDOWS\System32\WS2_32.dll
0x00007ffb27510000 - 0x00007ffb27533000 	C:\WINDOWS\SYSTEM32\WINMM.dll
0x00007ffb1a840000 - 0x00007ffb1a84a000 	C:\WINDOWS\SYSTEM32\VERSION.dll
0x00007ffb274e0000 - 0x00007ffb2750a000 	C:\WINDOWS\SYSTEM32\WINMMBASE.dll
0x00007ffb295a0000 - 0x00007ffb295e9000 	C:\WINDOWS\System32\cfgmgr32.dll
0x00007ffb29510000 - 0x00007ffb29521000 	C:\WINDOWS\System32\kernel.appcore.dll
0x00007ffb275e0000 - 0x00007ffb275f0000 	C:\Users\ashokkumar.i\.jdks\corretto-11.0.10\bin\verify.dll
0x00007ffb217f0000 - 0x00007ffb219b9000 	C:\WINDOWS\SYSTEM32\DBGHELP.DLL
0x00007ffb21af0000 - 0x00007ffb21b19000 	C:\WINDOWS\SYSTEM32\dbgcore.DLL
0x00007ffb20ba0000 - 0x00007ffb20bc8000 	C:\Users\ashokkumar.i\.jdks\corretto-11.0.10\bin\java.dll
0x00007ffb21c10000 - 0x00007ffb21c1a000 	C:\Users\ashokkumar.i\.jdks\corretto-11.0.10\bin\jimage.dll
0x00007ffb21aa0000 - 0x00007ffb21aae000 	C:\Users\ashokkumar.i\.jdks\corretto-11.0.10\bin\instrument.dll
0x00007ffb20790000 - 0x00007ffb207a7000 	C:\Users\ashokkumar.i\.jdks\corretto-11.0.10\bin\zip.dll
0x00007ffb2b710000 - 0x00007ffb2cb4f000 	C:\WINDOWS\System32\SHELL32.dll
0x00007ffb2d0e0000 - 0x00007ffb2d189000 	C:\WINDOWS\System32\shcore.dll
0x00007ffb29610000 - 0x00007ffb29d1d000 	C:\WINDOWS\System32\windows.storage.dll
0x00007ffb2d080000 - 0x00007ffb2d0d1000 	C:\WINDOWS\System32\shlwapi.dll
0x00007ffb29530000 - 0x00007ffb2954f000 	C:\WINDOWS\System32\profapi.dll
0x00007ffb29550000 - 0x00007ffb2959c000 	C:\WINDOWS\System32\powrprof.dll
0x00007ffb294e0000 - 0x00007ffb294ea000 	C:\WINDOWS\System32\FLTLIB.DLL
0x00007ffb20770000 - 0x00007ffb20789000 	C:\Users\ashokkumar.i\.jdks\corretto-11.0.10\bin\net.dll
0x00007ffb25030000 - 0x00007ffb2510c000 	C:\WINDOWS\SYSTEM32\WINHTTP.dll
0x00007ffb28d60000 - 0x00007ffb28dc6000 	C:\WINDOWS\system32\mswsock.dll
0x00007ffb20750000 - 0x00007ffb20762000 	C:\Users\ashokkumar.i\.jdks\corretto-11.0.10\bin\nio.dll
0x00007ffb1c5b0000 - 0x00007ffb1c5ca000 	C:\Program Files\JetBrains\IntelliJ IDEA Community Edition 2020.2\bin\breakgen64.dll
0x00007ffb211b0000 - 0x00007ffb211b9000 	C:\Users\ashokkumar.i\.jdks\corretto-11.0.10\bin\management.dll
0x00007ffb208c0000 - 0x00007ffb208cb000 	C:\Users\ashokkumar.i\.jdks\corretto-11.0.10\bin\management_ext.dll
0x00007ffb207c0000 - 0x00007ffb207d6000 	C:\WINDOWS\system32\napinsp.dll
0x00007ffb20b80000 - 0x00007ffb20b9a000 	C:\WINDOWS\system32\pnrpnsp.dll
0x00007ffb25d80000 - 0x00007ffb25d99000 	C:\WINDOWS\system32\NLAapi.dll
0x00007ffb28b20000 - 0x00007ffb28bde000 	C:\WINDOWS\SYSTEM32\DNSAPI.dll
0x00007ffb2a990000 - 0x00007ffb2a998000 	C:\WINDOWS\System32\NSI.dll
0x00007ffb28ae0000 - 0x00007ffb28b18000 	C:\WINDOWS\SYSTEM32\IPHLPAPI.DLL
0x00007ffb23e00000 - 0x00007ffb23e0e000 	C:\WINDOWS\System32\winrnr.dll
0x00007ffb072d0000 - 0x00007ffb072e5000 	C:\WINDOWS\System32\wshbth.dll
0x00007ffb203b0000 - 0x00007ffb203ba000 	C:\Windows\System32\rasadhlp.dll
0x00007ffb246d0000 - 0x00007ffb24742000 	C:\WINDOWS\System32\fwpuclnt.dll
0x00007ffb29040000 - 0x00007ffb29065000 	C:\WINDOWS\SYSTEM32\bcrypt.dll
0x00007ffb28f10000 - 0x00007ffb28f27000 	C:\WINDOWS\SYSTEM32\CRYPTSP.dll
0x00007ffb28940000 - 0x00007ffb28973000 	C:\WINDOWS\system32\rsaenh.dll
0x00007ffb29410000 - 0x00007ffb29438000 	C:\WINDOWS\SYSTEM32\USERENV.dll
0x00007ffb28f30000 - 0x00007ffb28f3b000 	C:\WINDOWS\SYSTEM32\CRYPTBASE.dll
0x00007ffb23ef0000 - 0x00007ffb23f06000 	C:\WINDOWS\SYSTEM32\dhcpcsvc6.DLL
0x00007ffb23e90000 - 0x00007ffb23eaa000 	C:\WINDOWS\SYSTEM32\dhcpcsvc.DLL
0x00007ffb1b7b0000 - 0x00007ffb1b7d5000 	C:\Users\ashokkumar.i\.jdks\corretto-11.0.10\bin\sunec.dll
0x00007ffb1fac0000 - 0x00007ffb1face000 	C:\Users\ashokkumar.i\.jdks\corretto-11.0.10\bin\sunmscapi.dll
0x00007ffb2a370000 - 0x00007ffb2a552000 	C:\WINDOWS\System32\CRYPT32.dll
0x00007ffb294f0000 - 0x00007ffb29502000 	C:\WINDOWS\System32\MSASN1.dll
0x00007ffb29010000 - 0x00007ffb29036000 	C:\WINDOWS\SYSTEM32\ncrypt.dll
0x00007ffb28fd0000 - 0x00007ffb29006000 	C:\WINDOWS\SYSTEM32\NTASN1.dll

dbghelp: loaded successfully - version: 4.0.5 - missing functions: none
symbol engine: initialized successfully - sym options: 0x614 - pdb path: .;C:\Users\ashokkumar.i\.jdks\corretto-11.0.10\bin;C:\WINDOWS\SYSTEM32;C:\WINDOWS\WinSxS\amd64_microsoft.windows.common-controls_6595b64144ccf1df_6.0.17134.376_none_fb439a3730647da2;C:\Program Files (x86)\K7 Computing\K7TSecurity;C:\Users\ashokkumar.i\.jdks\corretto-11.0.10\bin\server;C:\Program Files\JetBrains\IntelliJ IDEA Community Edition 2020.2\bin

VM Arguments:
jvm_args: -javaagent:C:\Program Files\JetBrains\IntelliJ IDEA Community Edition 2020.2\lib\idea_rt.jar=61502:C:\Program Files\JetBrains\IntelliJ IDEA Community Edition 2020.2\bin -Dfile.encoding=UTF-8 
java_command: com.transport.TransportTrackingApplication
java_class_path (initial): D:\ASHOK I\TMS_CODE\TMSWEB_MAR_02 - Copy\target\classes;C:\Users\ashokkumar.i\.m2\repository\org\springframework\boot\spring-boot-starter-web\2.3.2.RELEASE\spring-boot-starter-web-2.3.2.RELEASE.jar;C:\Users\ashokkumar.i\.m2\repository\org\springframework\boot\spring-boot-starter-json\2.3.2.RELEASE\spring-boot-starter-json-2.3.2.RELEASE.jar;C:\Users\ashokkumar.i\.m2\repository\com\fasterxml\jackson\datatype\jackson-datatype-jdk8\2.11.1\jackson-datatype-jdk8-2.11.1.jar;C:\Users\ashokkumar.i\.m2\repository\com\fasterxml\jackson\datatype\jackson-datatype-jsr310\2.11.1\jackson-datatype-jsr310-2.11.1.jar;C:\Users\ashokkumar.i\.m2\repository\com\fasterxml\jackson\module\jackson-module-parameter-names\2.11.1\jackson-module-parameter-names-2.11.1.jar;C:\Users\ashokkumar.i\.m2\repository\org\springframework\boot\spring-boot-starter-tomcat\2.3.2.RELEASE\spring-boot-starter-tomcat-2.3.2.RELEASE.jar;C:\Users\ashokkumar.i\.m2\repository\org\apache\tomcat\embed\tomcat-embed-core\9.0.37\tomcat-embed-core-9.0.37.jar;C:\Users\ashokkumar.i\.m2\repository\org\glassfish\jakarta.el\3.0.3\jakarta.el-3.0.3.jar;C:\Users\ashokkumar.i\.m2\repository\org\apache\tomcat\embed\tomcat-embed-websocket\9.0.37\tomcat-embed-websocket-9.0.37.jar;C:\Users\ashokkumar.i\.m2\repository\org\springframework\spring-web\5.2.8.RELEASE\spring-web-5.2.8.RELEASE.jar;C:\Users\ashokkumar.i\.m2\repository\org\springframework\spring-beans\5.2.8.RELEASE\spring-beans-5.2.8.RELEASE.jar;C:\Users\ashokkumar.i\.m2\repository\org\springframework\spring-webmvc\5.2.8.RELEASE\spring-webmvc-5.2.8.RELEASE.jar;C:\Users\ashokkumar.i\.m2\repository\org\springframework\spring-aop\5.2.8.RELEASE\spring-aop-5.2.8.RELEASE.jar;C:\Users\ashokkumar.i\.m2\repository\org\springframework\spring-context\5.2.8.RELEASE\spring-context-5.2.8.RELEASE.jar;C:\Users\ashokkumar.i\.m2\repository\org\springframework\spring-expression\5.2.8.RELEASE\spring-expression-5.2.8.RELEASE.jar;C:\Users\ashokkumar.i\.m2\repository\org\spr
Launcher Type: SUN_STANDARD

[Global flags]
     intx CICompilerCount                          = 3                                         {product} {ergonomic}
     uint ConcGCThreads                            = 1                                         {product} {ergonomic}
     uint G1ConcRefinementThreads                  = 4                                         {product} {ergonomic}
   size_t G1HeapRegionSize                         = 1048576                                   {product} {ergonomic}
    uintx GCDrainStackTargetSize                   = 64                                        {product} {ergonomic}
   size_t InitialHeapSize                          = 134217728                                 {product} {ergonomic}
   size_t MarkStackSize                            = 4194304                                   {product} {ergonomic}
   size_t MaxHeapSize                              = 2128609280                                {product} {ergonomic}
   size_t MaxNewSize                               = 1277165568                                {product} {ergonomic}
   size_t MinHeapDeltaBytes                        = 1048576                                   {product} {ergonomic}
    uintx NonNMethodCodeHeapSize                   = 5830732                                {pd product} {ergonomic}
    uintx NonProfiledCodeHeapSize                  = 122913754                              {pd product} {ergonomic}
    uintx ProfiledCodeHeapSize                     = 122913754                              {pd product} {ergonomic}
    uintx ReservedCodeCacheSize                    = 251658240                              {pd product} {ergonomic}
     bool SegmentedCodeCache                       = true                                      {product} {ergonomic}
     bool UseCompressedClassPointers               = true                                 {lp64_product} {ergonomic}
     bool UseCompressedOops                        = true                                 {lp64_product} {ergonomic}
     bool UseG1GC                                  = true                                      {product} {ergonomic}
     bool UseLargePagesIndividualAllocation        = false                                  {pd product} {ergonomic}

Logging:
Log output configuration:
 #0: stdout all=warning uptime,level,tags
 #1: stderr all=off uptime,level,tags

Environment Variables:
PATH=C:\Program Files\Common Files\Oracle\Java\javapath;C:\Program Files (x86)\Common Files\Oracle\Java\javapath;C:\ProgramData\Oracle\Java\javapath;C:\WINDOWS\system32;C:\WINDOWS;C:\WINDOWS\System32\Wbem;C:\WINDOWS\System32\WindowsPowerShell\v1.0\;c:\Program Files (x86)\Microsoft SQL Server\110\Tools\Binn\ManagementStudio\;c:\Program Files (x86)\Microsoft SQL Server\110\Tools\Binn\;c:\Program Files (x86)\Microsoft SQL Server\110\DTS\Binn\;C:\WINDOWS\System32\OpenSSH\;C:\WINDOWS\system32\config\systemprofile\.dnx\bin;C:\Program Files\Microsoft DNX\Dnvm\;C:\Program Files\Microsoft SQL Server\130\Tools\Binn\;C:\Program Files\nodejs\;C:\Program Files\dotnet\;C:\Program Files\Microsoft SQL Server\Client SDK\ODBC\170\Tools\Binn\;C:\Program Files\NetMake\v9-php73\components\php;D:\apache-maven-3.6.3\bin;C:\ProgramData\apache-maven-3.6.3\bin;D:\ASHOK I\Python\Scripts\;D:\ASHOK I\Python\;C:\Users\ashokkumar.i\AppData\Local\Microsoft\WindowsApps;C:\Users\ashokkumar.i\AppData\Roaming\npm;C:\Users\ashokkumar.i\AppData\Local\Programs\Microsoft VS Code\bin;C:\Users\ashokkumar.i\AppData\Local\JetBrains\PyCharm Community Edition 2019.3.4\bin;C:\Users\ashokkumar.i\.dotnet\tools;C:\Users\ashokkumar.i\AppData\Local\Programs\Git\cmd
USERNAME=ashokkumar.i
OS=Windows_NT
PROCESSOR_IDENTIFIER=Intel64 Family 6 Model 61 Stepping 4, GenuineIntel



---------------  S Y S T E M  ---------------

OS: Windows 10 , 64 bit Build 17134 (10.0.17134.1)
OS uptime: 2 days 10:30 hours

CPU:total 4 (initial active 4) (2 cores per cpu, 2 threads per core) family 6 model 61 stepping 4 microcode 0x2a, cmov, cx8, fxsr, mmx, sse, sse2, sse3, ssse3, sse4.1, sse4.2, popcnt, avx, avx2, aes, clmul, erms, 3dnowpref, lzcnt, ht, tsc, tscinvbit, bmi1, bmi2, adx, fma

Memory: 4k page, system-wide physical 8112M (1186M free)
TotalPageFile size 13488M (AvailPageFile size 3541M)
current process WorkingSet (physical memory assigned to process): 279M, peak: 280M
current process commit charge ("private bytes"): 345M, peak: 349M

vm_info: OpenJDK 64-Bit Server VM (11.0.10+9-LTS) for windows-amd64 JRE (11.0.10+9-LTS), built on Jan 12 2021 22:37:55 by "Administrator" with MS VC++ 15.9 (VS2017)

END.
