#
# A fatal error has been detected by the Java Runtime Environment:
#
#  EXCEPTION_ACCESS_VIOLATION (0xc0000005) at pc=0x00007ffdd8a4e056, pid=10448, tid=11436
#
# JRE version: OpenJDK Runtime Environment Corretto-11.0.10.9.1 (11.0.10+9) (build 11.0.10+9-LTS)
# Java VM: OpenJDK 64-Bit Server VM Corretto-11.0.10.9.1 (11.0.10+9-LTS, mixed mode, tiered, compressed oops, g1 gc, windows-amd64)
# Problematic frame:
# V  [jvm.dll+0x18e056]
#
# No core dump will be written. Minidumps are not enabled by default on client versions of Windows
#
# If you would like to submit a bug report, please visit:
#   https://github.com/corretto/corretto-11/issues/
#

---------------  S U M M A R Y ------------

Command Line: -javaagent:C:\Program Files\JetBrains\IntelliJ IDEA Community Edition 2020.2\lib\idea_rt.jar=55143:C:\Program Files\JetBrains\IntelliJ IDEA Community Edition 2020.2\bin -Dfile.encoding=UTF-8 com.transport.TransportTrackingApplication

Host: Intel(R) Core(TM) i3-5005U CPU @ 2.00GHz, 4 cores, 7G,  Windows 10 , 64 bit Build 17134 (10.0.17134.1)
Time: Thu Mar  4 11:32:02 2021 Nepal Standard Time elapsed time: 76417.914400 seconds (0d 21h 13m 37s)

---------------  T H R E A D  ---------------

Current thread (0x0000025320eae000):  GCTaskThread "GC Thread#2" [stack: 0x000000d42e700000,0x000000d42e800000] [id=11436]

Stack: [0x000000d42e700000,0x000000d42e800000],  sp=0x000000d42e7ff0a8,  free space=1020k
Native frames: (J=compiled Java code, j=interpreted, Vv=VM code, C=native code)
V  [jvm.dll+0x18e056]


siginfo: EXCEPTION_ACCESS_VIOLATION (0xc0000005), reading address 0x0000000110013f10


Register to memory mapping:

RIP=0x00007ffdd8a4e056 jvm.dll
RAX=0x0800200090004101 is an unknown value
RBX=
[error occurred during error reporting (printing register info), id 0xc0000005, EXCEPTION_ACCESS_VIOLATION (0xc0000005) at pc=0x00007ffdd8a4e056]

Registers:
RAX=0x0800200090004101, RBX=0x000000008268e4e0, RCX=0x000000008268e4e0, RDX=0x000000008268e4e0
RSP=0x000000d42e7ff0a8, RBP=0x00000000826a5800, RSI=0x000002537f6474d8, RDI=0x000002537f647480
R8 =0x000000000000a472, R9 =0x0000000110013f08, R10=0x0000000000000006, R11=0x0000025318a2a446
R12=0x000000d42e7ff358, R13=0x00007ffdd91450d0, R14=0x000002537f647480, R15=0x00000000826a5a00
RIP=0x00007ffdd8a4e056, EFLAGS=0x0000000000010202

Top of Stack: (sp=0x000000d42e7ff0a8)
0x000000d42e7ff0a8:   00007ffdd8c02950 000000008268e4e0
0x000000d42e7ff0b8:   000002537f6474d8 00007ffdd91450d0
0x000000d42e7ff0c8:   000000d42e7ff358 000000008268e4e0
0x000000d42e7ff0d8:   00007ffdd8b905a6 00000000826890d8
0x000000d42e7ff0e8:   000000d42e7ff130 000000008268e4e0
0x000000d42e7ff0f8:   000002537f6474d8 000000008268e440
0x000000d42e7ff108:   00000000826a5800 000002537f6474d8
0x000000d42e7ff118:   00000000826a5800 0000000000000100
0x000000d42e7ff128:   00007ffdd8c02b8a 000000008268e600
0x000000d42e7ff138:   00000000826857b0 000000000000a473
0x000000d42e7ff148:   000002537f647480 00000000826a5800
0x000000d42e7ff158:   00007ffdd8bc73bf 000000d42e7ff330
0x000000d42e7ff168:   000002537f5e2e50 0000000082694dd0
0x000000d42e7ff178:   000000008266bee0 000000d42e7ff3c0
0x000000d42e7ff188:   00007ffdd8eadbaf 0000000082694c00
0x000000d42e7ff198:   0000000000000040 000000d42e7ff358 

Instructions: (pc=0x00007ffdd8a4e056)
0x00007ffdd8a4df56:   eb 04 48 8b 43 08 81 78 08 00 00 00 c0 73 7d 48
0x00007ffdd8a4df66:   8b 4f 38 48 8b d3 48 8b 01 ff 50 20 84 c0 75 6c
0x00007ffdd8a4df76:   38 05 35 34 8e 00 74 15 8b 53 08 8b 0d d1 85 89
0x00007ffdd8a4df86:   00 48 d3 e2 48 03 15 bf 85 89 00 eb 04 48 8b 53
0x00007ffdd8a4df96:   08 48 8b cb 48 89 5c 24 20 e8 ac 00 00 00 80 7f
0x00007ffdd8a4dfa6:   30 00 48 63 c8 48 89 4c 24 28 0f 28 44 24 20 74
0x00007ffdd8a4dfb6:   17 0f 11 86 98 03 00 00 48 8b 5c 24 40 48 8b 74
0x00007ffdd8a4dfc6:   24 48 48 83 c4 30 5f c3 48 8b 07 48 8d 54 24 20
0x00007ffdd8a4dfd6:   48 8b cf 66 0f 7f 44 24 20 ff 50 38 48 8b 5c 24
0x00007ffdd8a4dfe6:   40 48 8b 74 24 48 48 83 c4 30 5f c3 cc cc cc cc
0x00007ffdd8a4dff6:   cc cc cc cc cc cc cc cc cc cc 48 8b 49 38 48 8b
0x00007ffdd8a4e006:   01 48 ff 60 28 cc cc cc cc cc 80 3d 9a 33 8e 00
0x00007ffdd8a4e016:   00 48 8b c1 74 1b 8b 51 08 8b 0d 33 85 89 00 48
0x00007ffdd8a4e026:   d3 e2 48 8b c8 48 03 15 1e 85 89 00 e9 19 00 00
0x00007ffdd8a4e036:   00 48 8b 51 08 48 8b c8 e9 0d 00 00 00 cc cc cc
0x00007ffdd8a4e046:   cc cc cc cc cc cc cc cc cc cc 4c 8b ca 48 8b d1
0x00007ffdd8a4e056:   45 8b 41 08 45 85 c0 7e 0e 41 f6 c0 01 75 56 41
0x00007ffdd8a4e066:   c1 f8 03 41 8b c0 c3 79 4c 80 3d 3b 33 8e 00 00
0x00007ffdd8a4e076:   b8 0c 00 00 00 b9 10 00 00 00 0f 45 c8 8b 05 db
0x00007ffdd8a4e086:   b5 87 00 ff c8 4c 63 c8 48 63 14 11 41 8b c8 83
0x00007ffdd8a4e096:   e1 3f 48 d3 e2 41 8b c8 48 c1 f9 10 0f b6 c1 49
0x00007ffdd8a4e0a6:   8d 0c 11 49 f7 d1 48 03 c1 49 c1 e9 03 48 c1 e8
0x00007ffdd8a4e0b6:   03 41 23 c1 c3 49 8b 01 49 8b c9 48 ff a0 10 01
0x00007ffdd8a4e0c6:   00 00 cc cc cc cc cc cc cc cc 48 8b c2 c3 cc cc
0x00007ffdd8a4e0d6:   cc cc cc cc cc cc cc cc cc cc 48 83 ec 38 0f 10
0x00007ffdd8a4e0e6:   02 48 8b 49 38 48 8d 54 24 20 0f 29 44 24 20 e8
0x00007ffdd8a4e0f6:   16 f0 ff ff 48 83 c4 38 c3 cc 48 83 ec 38 0f 10
0x00007ffdd8a4e106:   02 48 8b 01 48 8d 54 24 20 0f 29 44 24 20 ff 50
0x00007ffdd8a4e116:   38 48 83 c4 38 c3 cc cc cc cc 48 89 5c 24 08 55
0x00007ffdd8a4e126:   56 57 41 54 41 55 41 56 41 57 48 8d 6c 24 e0 48
0x00007ffdd8a4e136:   81 ec 20 01 00 00 48 8b 05 15 0b 8b 00 48 33 c4
0x00007ffdd8a4e146:   48 89 45 10 48 8b 05 3f a0 8d 00 45 33 ed 4c 8b 


Stack slot to memory mapping:
stack at sp + 0 slots: 0x00007ffdd8c02950 jvm.dll
stack at sp + 1 slots: 
[error occurred during error reporting (inspecting top of stack), id 0xc0000005, EXCEPTION_ACCESS_VIOLATION (0xc0000005) at pc=0x00007ffdd8a4e056]


---------------  P R O C E S S  ---------------

Threads class SMR info:
_java_thread_list=0x00000253212f18b0, length=30, elements={
0x000002531f9b1000, 0x000002531f9b2000, 0x000002531f9be000, 0x00000253201c9800,
0x00000253201ca000, 0x00000253201ce000, 0x00000253201ce800, 0x0000025320282800,
0x000002531f941000, 0x0000025324c57000, 0x0000025323d9b000, 0x00000253252e6000,
0x0000025321e09000, 0x0000025325bcb800, 0x0000025325bcc800, 0x0000025325bcd000,
0x0000025325bce000, 0x0000025325412800, 0x0000025325411800, 0x0000025325410800,
0x0000025325415000, 0x0000025325413000, 0x0000025325410000, 0x000002532540f000,
0x0000025325419800, 0x0000025325416800, 0x0000025325417800, 0x000002532541e000,
0x0000025321717000, 0x0000025321711000
}

Java Threads: ( => current thread )
  0x000002531f9b1000 JavaThread "Reference Handler" daemon [_thread_blocked, id=13196, stack(0x000000d42db00000,0x000000d42dc00000)]
  0x000002531f9b2000 JavaThread "Finalizer" daemon [_thread_blocked, id=10512, stack(0x000000d42dc00000,0x000000d42dd00000)]
  0x000002531f9be000 JavaThread "Signal Dispatcher" daemon [_thread_blocked, id=12412, stack(0x000000d42dd00000,0x000000d42de00000)]
  0x00000253201c9800 JavaThread "Attach Listener" daemon [_thread_blocked, id=4712, stack(0x000000d42de00000,0x000000d42df00000)]
  0x00000253201ca000 JavaThread "Service Thread" daemon [_thread_blocked, id=3068, stack(0x000000d42df00000,0x000000d42e000000)]
  0x00000253201ce000 JavaThread "C2 CompilerThread0" daemon [_thread_blocked, id=12468, stack(0x000000d42e000000,0x000000d42e100000)]
  0x00000253201ce800 JavaThread "C1 CompilerThread0" daemon [_thread_blocked, id=11112, stack(0x000000d42e100000,0x000000d42e200000)]
  0x0000025320282800 JavaThread "Sweeper thread" daemon [_thread_blocked, id=16680, stack(0x000000d42e200000,0x000000d42e300000)]
  0x000002531f941000 JavaThread "Common-Cleaner" daemon [_thread_blocked, id=1676, stack(0x000000d42e300000,0x000000d42e400000)]
  0x0000025324c57000 JavaThread "Catalina-utility-1" [_thread_blocked, id=9824, stack(0x000000d42eb00000,0x000000d42ec00000)]
  0x0000025323d9b000 JavaThread "Catalina-utility-2" [_thread_blocked, id=13708, stack(0x000000d42ec00000,0x000000d42ed00000)]
  0x00000253252e6000 JavaThread "container-0" [_thread_blocked, id=12808, stack(0x000000d42ed00000,0x000000d42ee00000)]
  0x0000025321e09000 JavaThread "HikariPool-1 housekeeper" daemon [_thread_blocked, id=12564, stack(0x000000d42e900000,0x000000d42ea00000)]
  0x0000025325bcb800 JavaThread "http-nio-8089-BlockPoller" daemon [_thread_in_native, id=2868, stack(0x000000d42f300000,0x000000d42f400000)]
  0x0000025325bcc800 JavaThread "http-nio-8089-exec-1" daemon [_thread_blocked, id=4796, stack(0x000000d42f400000,0x000000d42f500000)]
  0x0000025325bcd000 JavaThread "http-nio-8089-exec-2" daemon [_thread_blocked, id=17276, stack(0x000000d42f500000,0x000000d42f600000)]
  0x0000025325bce000 JavaThread "http-nio-8089-exec-3" daemon [_thread_blocked, id=4516, stack(0x000000d42f600000,0x000000d42f700000)]
  0x0000025325412800 JavaThread "http-nio-8089-exec-4" daemon [_thread_blocked, id=9640, stack(0x000000d42f700000,0x000000d42f800000)]
  0x0000025325411800 JavaThread "http-nio-8089-exec-5" daemon [_thread_blocked, id=7264, stack(0x000000d42f800000,0x000000d42f900000)]
  0x0000025325410800 JavaThread "http-nio-8089-exec-6" daemon [_thread_blocked, id=8992, stack(0x000000d42f900000,0x000000d42fa00000)]
  0x0000025325415000 JavaThread "http-nio-8089-exec-7" daemon [_thread_blocked, id=14568, stack(0x000000d42fa00000,0x000000d42fb00000)]
  0x0000025325413000 JavaThread "http-nio-8089-exec-8" daemon [_thread_blocked, id=13668, stack(0x000000d42fb00000,0x000000d42fc00000)]
  0x0000025325410000 JavaThread "http-nio-8089-exec-9" daemon [_thread_blocked, id=8044, stack(0x000000d42fc00000,0x000000d42fd00000)]
  0x000002532540f000 JavaThread "http-nio-8089-exec-10" daemon [_thread_blocked, id=8108, stack(0x000000d42fd00000,0x000000d42fe00000)]
  0x0000025325419800 JavaThread "http-nio-8089-ClientPoller" daemon [_thread_in_native, id=1400, stack(0x000000d42fe00000,0x000000d42ff00000)]
  0x0000025325416800 JavaThread "http-nio-8089-Acceptor" daemon [_thread_in_native, id=10244, stack(0x000000d42ff00000,0x000000d430000000)]
  0x0000025325417800 JavaThread "DestroyJavaVM" [_thread_blocked, id=1036, stack(0x000000d42d400000,0x000000d42d500000)]
  0x000002532541e000 JavaThread "ForkJoinPool.commonPool-worker-1" daemon [_thread_blocked, id=14972, stack(0x000000d42f100000,0x000000d42f200000)]
  0x0000025321717000 JavaThread "HikariPool-1 connection closer" daemon [_thread_blocked, id=21272, stack(0x000000d42d000000,0x000000d42d100000)]
  0x0000025321711000 JavaThread "HikariPool-1 connection adder" daemon [_thread_blocked, id=4476, stack(0x000000d42d100000,0x000000d42d200000)]

Other Threads:
  0x000002531f989000 VMThread "VM Thread" [stack: 0x000000d42da00000,0x000000d42db00000] [id=8464]
  0x0000025320aad000 WatcherThread [stack: 0x000000d42e500000,0x000000d42e600000] [id=15208]
  0x000002537f5ed800 GCTaskThread "GC Thread#0" [stack: 0x000000d42d500000,0x000000d42d600000] [id=12636]
  0x0000025320c2a000 GCTaskThread "GC Thread#1" [stack: 0x000000d42e600000,0x000000d42e700000] [id=7256]
=>0x0000025320eae000 GCTaskThread "GC Thread#2" [stack: 0x000000d42e700000,0x000000d42e800000] [id=11436]
  0x0000025321365000 GCTaskThread "GC Thread#3" [stack: 0x000000d42ea00000,0x000000d42eb00000] [id=6132]
  0x000002537f61d800 ConcurrentGCThread "G1 Main Marker" [stack: 0x000000d42d600000,0x000000d42d700000] [id=14060]
  0x000002537f61f000 ConcurrentGCThread "G1 Conc#0" [stack: 0x000000d42d700000,0x000000d42d800000] [id=15992]
  0x000002531f7f2800 ConcurrentGCThread "G1 Refine#0" [stack: 0x000000d42d800000,0x000000d42d900000] [id=17016]
  0x0000025320e7c800 ConcurrentGCThread "G1 Refine#1" [stack: 0x000000d42e800000,0x000000d42e900000] [id=8748]
  0x000002531f7f5000 ConcurrentGCThread "G1 Young RemSet Sampling" [stack: 0x000000d42d900000,0x000000d42da00000] [id=13244]

Threads with active compile tasks:

VM state:at safepoint (normal execution)

VM Mutex/Monitor currently owned by a thread:  ([mutex/lock_event])
[0x000002537f5d1e10] Threads_lock - owner thread: 0x000002531f989000
[0x000002537f5d3370] Heap_lock - owner thread: 0x0000025321711000

Heap address: 0x0000000081200000, size: 2030 MB, Compressed Oops mode: 32-bit
Narrow klass base: 0x0000000000000000, Narrow klass shift: 3
Compressed class space size: 1073741824 Address: 0x0000000100000000

Heap:
 garbage-first heap   total 157696K, used 127496K [0x0000000081200000, 0x0000000100000000)
  region size 1024K, 91 young (93184K), 4 survivors (4096K)
 Metaspace       used 75929K, capacity 77764K, committed 77864K, reserved 1118208K
  class space    used 8947K, capacity 9645K, committed 9676K, reserved 1048576K
Heap Regions: E=young(eden), S=young(survivor), O=old, HS=humongous(starts), HC=humongous(continues), CS=collection set, F=free, A=archive, TAMS=top-at-mark-start (previous, next)
|   0|0x0000000081200000, 0x0000000081300000, 0x0000000081300000|100%|HS|  |TAMS 0x0000000081300000, 0x0000000081200000| Complete 
|   1|0x0000000081300000, 0x0000000081400000, 0x0000000081400000|100%| O|  |TAMS 0x0000000081400000, 0x0000000081300000| Untracked 
|   2|0x0000000081400000, 0x0000000081500000, 0x0000000081500000|100%| O|  |TAMS 0x0000000081500000, 0x0000000081400000| Untracked 
|   3|0x0000000081500000, 0x0000000081600000, 0x0000000081600000|100%| O|  |TAMS 0x0000000081600000, 0x0000000081500000| Untracked 
|   4|0x0000000081600000, 0x0000000081700000, 0x0000000081700000|100%| O|  |TAMS 0x0000000081700000, 0x0000000081600000| Untracked 
|   5|0x0000000081700000, 0x0000000081800000, 0x0000000081800000|100%| O|  |TAMS 0x0000000081800000, 0x0000000081700000| Untracked 
|   6|0x0000000081800000, 0x0000000081900000, 0x0000000081900000|100%| O|  |TAMS 0x0000000081900000, 0x0000000081800000| Untracked 
|   7|0x0000000081900000, 0x0000000081a00000, 0x0000000081a00000|100%| O|  |TAMS 0x0000000081a00000, 0x0000000081900000| Untracked 
|   8|0x0000000081a00000, 0x0000000081b00000, 0x0000000081b00000|100%| O|  |TAMS 0x0000000081b00000, 0x0000000081a00000| Untracked 
|   9|0x0000000081b00000, 0x0000000081c00000, 0x0000000081c00000|100%| O|  |TAMS 0x0000000081c00000, 0x0000000081b00000| Untracked 
|  10|0x0000000081c00000, 0x0000000081d00000, 0x0000000081d00000|100%| O|  |TAMS 0x0000000081d00000, 0x0000000081c00000| Untracked 
|  11|0x0000000081d00000, 0x0000000081e00000, 0x0000000081e00000|100%| O|  |TAMS 0x0000000081e00000, 0x0000000081d00000| Untracked 
|  12|0x0000000081e00000, 0x0000000081f00000, 0x0000000081f00000|100%| O|  |TAMS 0x0000000081f00000, 0x0000000081e00000| Untracked 
|  13|0x0000000081f00000, 0x0000000082000000, 0x0000000082000000|100%| O|  |TAMS 0x0000000082000000, 0x0000000081f00000| Untracked 
|  14|0x0000000082000000, 0x0000000082100000, 0x0000000082100000|100%| O|  |TAMS 0x0000000082100000, 0x0000000082000000| Untracked 
|  15|0x0000000082100000, 0x0000000082200000, 0x0000000082200000|100%| O|  |TAMS 0x0000000082200000, 0x0000000082100000| Untracked 
|  16|0x0000000082200000, 0x0000000082300000, 0x0000000082300000|100%| O|  |TAMS 0x0000000082300000, 0x0000000082200000| Untracked 
|  17|0x0000000082300000, 0x0000000082400000, 0x0000000082400000|100%| O|  |TAMS 0x0000000082400000, 0x0000000082300000| Untracked 
|  18|0x0000000082400000, 0x0000000082500000, 0x0000000082500000|100%| O|  |TAMS 0x0000000082500000, 0x0000000082400000| Untracked 
|  19|0x0000000082500000, 0x0000000082600000, 0x0000000082600000|100%| O|  |TAMS 0x0000000082600000, 0x0000000082500000| Untracked 
|  20|0x0000000082600000, 0x0000000082700000, 0x0000000082700000|100%| O|  |TAMS 0x0000000082700000, 0x0000000082600000| Untracked 
|  21|0x0000000082700000, 0x0000000082800000, 0x0000000082800000|100%| O|  |TAMS 0x0000000082800000, 0x0000000082700000| Untracked 
|  22|0x0000000082800000, 0x0000000082900000, 0x0000000082900000|100%| O|  |TAMS 0x00000000828a5e00, 0x0000000082800000| Untracked 
|  23|0x0000000082900000, 0x0000000082a00000, 0x0000000082a00000|100%| O|  |TAMS 0x0000000082900000, 0x0000000082900000| Untracked 
|  24|0x0000000082a00000, 0x0000000082b00000, 0x0000000082b00000|100%| O|  |TAMS 0x0000000082a00000, 0x0000000082a00000| Untracked 
|  25|0x0000000082b00000, 0x0000000082c00000, 0x0000000082c00000|100%| O|  |TAMS 0x0000000082b00000, 0x0000000082b00000| Untracked 
|  26|0x0000000082c00000, 0x0000000082d00000, 0x0000000082d00000|100%| O|  |TAMS 0x0000000082c00000, 0x0000000082c00000| Untracked 
|  27|0x0000000082d00000, 0x0000000082e00000, 0x0000000082e00000|100%| O|  |TAMS 0x0000000082d00000, 0x0000000082d00000| Untracked 
|  28|0x0000000082e00000, 0x0000000082f00000, 0x0000000082f00000|100%| O|  |TAMS 0x0000000082e00000, 0x0000000082e00000| Untracked 
|  29|0x0000000082f00000, 0x0000000083000000, 0x0000000083000000|100%| O|  |TAMS 0x0000000082f00000, 0x0000000082f00000| Untracked 
|  30|0x0000000083000000, 0x0000000083100000, 0x0000000083100000|100%| O|  |TAMS 0x0000000083000000, 0x0000000083000000| Untracked 
|  31|0x0000000083100000, 0x0000000083200000, 0x0000000083200000|100%| O|  |TAMS 0x0000000083100000, 0x0000000083100000| Untracked 
|  32|0x0000000083200000, 0x00000000832bec00, 0x0000000083300000| 74%| O|  |TAMS 0x0000000083200000, 0x0000000083200000| Untracked 
|  33|0x0000000083300000, 0x0000000083300000, 0x0000000083400000|  0%| F|  |TAMS 0x0000000083300000, 0x0000000083300000| Untracked 
|  34|0x0000000083400000, 0x0000000083400000, 0x0000000083500000|  0%| F|  |TAMS 0x0000000083400000, 0x0000000083400000| Untracked 
|  35|0x0000000083500000, 0x0000000083500000, 0x0000000083600000|  0%| F|  |TAMS 0x0000000083500000, 0x0000000083500000| Untracked 
|  36|0x0000000083600000, 0x0000000083600000, 0x0000000083700000|  0%| F|  |TAMS 0x0000000083600000, 0x0000000083600000| Untracked 
|  37|0x0000000083700000, 0x0000000083700000, 0x0000000083800000|  0%| F|  |TAMS 0x0000000083700000, 0x0000000083700000| Untracked 
|  38|0x0000000083800000, 0x0000000083800000, 0x0000000083900000|  0%| F|  |TAMS 0x0000000083800000, 0x0000000083800000| Untracked 
|  39|0x0000000083900000, 0x0000000083900000, 0x0000000083a00000|  0%| F|  |TAMS 0x0000000083900000, 0x0000000083900000| Untracked 
|  40|0x0000000083a00000, 0x0000000083a00000, 0x0000000083b00000|  0%| F|  |TAMS 0x0000000083a00000, 0x0000000083a00000| Untracked 
|  41|0x0000000083b00000, 0x0000000083b00000, 0x0000000083c00000|  0%| F|  |TAMS 0x0000000083b00000, 0x0000000083b00000| Untracked 
|  42|0x0000000083c00000, 0x0000000083c00000, 0x0000000083d00000|  0%| F|  |TAMS 0x0000000083c00000, 0x0000000083c00000| Untracked 
|  43|0x0000000083d00000, 0x0000000083d00000, 0x0000000083e00000|  0%| F|  |TAMS 0x0000000083d00000, 0x0000000083d00000| Untracked 
|  44|0x0000000083e00000, 0x0000000083e00000, 0x0000000083f00000|  0%| F|  |TAMS 0x0000000083e00000, 0x0000000083e00000| Untracked 
|  45|0x0000000083f00000, 0x0000000083f00000, 0x0000000084000000|  0%| F|  |TAMS 0x0000000083f00000, 0x0000000083f00000| Untracked 
|  46|0x0000000084000000, 0x0000000084000000, 0x0000000084100000|  0%| F|  |TAMS 0x0000000084000000, 0x0000000084000000| Untracked 
|  47|0x0000000084100000, 0x0000000084100000, 0x0000000084200000|  0%| F|  |TAMS 0x0000000084100000, 0x0000000084100000| Untracked 
|  48|0x0000000084200000, 0x0000000084200000, 0x0000000084300000|  0%| F|  |TAMS 0x0000000084200000, 0x0000000084200000| Untracked 
|  49|0x0000000084300000, 0x0000000084300000, 0x0000000084400000|  0%| F|  |TAMS 0x0000000084300000, 0x0000000084300000| Untracked 
|  50|0x0000000084400000, 0x0000000084400000, 0x0000000084500000|  0%| F|  |TAMS 0x0000000084400000, 0x0000000084400000| Untracked 
|  51|0x0000000084500000, 0x0000000084500000, 0x0000000084600000|  0%| F|  |TAMS 0x0000000084500000, 0x0000000084500000| Untracked 
|  52|0x0000000084600000, 0x0000000084600000, 0x0000000084700000|  0%| F|  |TAMS 0x0000000084600000, 0x0000000084600000| Untracked 
|  53|0x0000000084700000, 0x0000000084700000, 0x0000000084800000|  0%| F|  |TAMS 0x0000000084700000, 0x0000000084700000| Untracked 
|  54|0x0000000084800000, 0x0000000084800000, 0x0000000084900000|  0%| F|  |TAMS 0x0000000084800000, 0x0000000084800000| Untracked 
|  55|0x0000000084900000, 0x0000000084900000, 0x0000000084a00000|  0%| F|  |TAMS 0x0000000084900000, 0x0000000084900000| Untracked 
|  56|0x0000000084a00000, 0x0000000084a00000, 0x0000000084b00000|  0%| F|  |TAMS 0x0000000084a00000, 0x0000000084a00000| Untracked 
|  57|0x0000000084b00000, 0x0000000084bc3690, 0x0000000084c00000| 76%| E|CS|TAMS 0x0000000084b00000, 0x0000000084b00000| Complete 
|  58|0x0000000084c00000, 0x0000000084d00000, 0x0000000084d00000|100%| E|CS|TAMS 0x0000000084c00000, 0x0000000084c00000| Complete 
|  59|0x0000000084d00000, 0x0000000084e00000, 0x0000000084e00000|100%| E|CS|TAMS 0x0000000084d00000, 0x0000000084d00000| Complete 
|  60|0x0000000084e00000, 0x0000000084f00000, 0x0000000084f00000|100%| E|CS|TAMS 0x0000000084e00000, 0x0000000084e00000| Complete 
|  61|0x0000000084f00000, 0x0000000085000000, 0x0000000085000000|100%| E|CS|TAMS 0x0000000084f00000, 0x0000000084f00000| Complete 
|  62|0x0000000085000000, 0x0000000085000000, 0x0000000085100000|  0%| F|  |TAMS 0x0000000085000000, 0x0000000085000000| Untracked 
|  63|0x0000000085100000, 0x000000008513a020, 0x0000000085200000| 22%| S|  |TAMS 0x0000000085100000, 0x0000000085100000| Complete 
|  64|0x0000000085200000, 0x0000000085300000, 0x0000000085300000|100%| S|  |TAMS 0x0000000085200000, 0x0000000085200000| Complete 
|  65|0x0000000085300000, 0x0000000085400000, 0x0000000085400000|100%| S|  |TAMS 0x0000000085300000, 0x0000000085300000| Complete 
|  66|0x0000000085400000, 0x0000000085500000, 0x0000000085500000|100%| S|  |TAMS 0x0000000085400000, 0x0000000085400000| Complete 
|  67|0x0000000085500000, 0x0000000085600000, 0x0000000085600000|100%| E|CS|TAMS 0x0000000085500000, 0x0000000085500000| Complete 
|  68|0x0000000085600000, 0x0000000085700000, 0x0000000085700000|100%| E|CS|TAMS 0x0000000085600000, 0x0000000085600000| Complete 
|  69|0x0000000085700000, 0x0000000085800000, 0x0000000085800000|100%| E|CS|TAMS 0x0000000085700000, 0x0000000085700000| Complete 
|  70|0x0000000085800000, 0x0000000085900000, 0x0000000085900000|100%| E|CS|TAMS 0x0000000085800000, 0x0000000085800000| Complete 
|  71|0x0000000085900000, 0x0000000085a00000, 0x0000000085a00000|100%| E|CS|TAMS 0x0000000085900000, 0x0000000085900000| Complete 
|  72|0x0000000085a00000, 0x0000000085b00000, 0x0000000085b00000|100%| E|CS|TAMS 0x0000000085a00000, 0x0000000085a00000| Complete 
|  73|0x0000000085b00000, 0x0000000085c00000, 0x0000000085c00000|100%| E|CS|TAMS 0x0000000085b00000, 0x0000000085b00000| Complete 
|  74|0x0000000085c00000, 0x0000000085d00000, 0x0000000085d00000|100%| E|CS|TAMS 0x0000000085c00000, 0x0000000085c00000| Complete 
|  75|0x0000000085d00000, 0x0000000085e00000, 0x0000000085e00000|100%| E|CS|TAMS 0x0000000085d00000, 0x0000000085d00000| Complete 
|  76|0x0000000085e00000, 0x0000000085f00000, 0x0000000085f00000|100%| E|CS|TAMS 0x0000000085e00000, 0x0000000085e00000| Complete 
|  77|0x0000000085f00000, 0x0000000086000000, 0x0000000086000000|100%| E|CS|TAMS 0x0000000085f00000, 0x0000000085f00000| Complete 
|  78|0x0000000086000000, 0x0000000086100000, 0x0000000086100000|100%| E|CS|TAMS 0x0000000086000000, 0x0000000086000000| Complete 
|  79|0x0000000086100000, 0x0000000086200000, 0x0000000086200000|100%| E|CS|TAMS 0x0000000086100000, 0x0000000086100000| Complete 
|  80|0x0000000086200000, 0x0000000086300000, 0x0000000086300000|100%| E|CS|TAMS 0x0000000086200000, 0x0000000086200000| Complete 
|  81|0x0000000086300000, 0x0000000086400000, 0x0000000086400000|100%| E|CS|TAMS 0x0000000086300000, 0x0000000086300000| Complete 
|  82|0x0000000086400000, 0x0000000086500000, 0x0000000086500000|100%| E|CS|TAMS 0x0000000086400000, 0x0000000086400000| Complete 
|  83|0x0000000086500000, 0x0000000086600000, 0x0000000086600000|100%| E|CS|TAMS 0x0000000086500000, 0x0000000086500000| Complete 
|  84|0x0000000086600000, 0x0000000086700000, 0x0000000086700000|100%| E|CS|TAMS 0x0000000086600000, 0x0000000086600000| Complete 
|  85|0x0000000086700000, 0x0000000086800000, 0x0000000086800000|100%| E|CS|TAMS 0x0000000086700000, 0x0000000086700000| Complete 
|  86|0x0000000086800000, 0x0000000086900000, 0x0000000086900000|100%| E|CS|TAMS 0x0000000086800000, 0x0000000086800000| Complete 
|  87|0x0000000086900000, 0x0000000086a00000, 0x0000000086a00000|100%| E|CS|TAMS 0x0000000086900000, 0x0000000086900000| Complete 
|  88|0x0000000086a00000, 0x0000000086b00000, 0x0000000086b00000|100%| E|CS|TAMS 0x0000000086a00000, 0x0000000086a00000| Complete 
|  89|0x0000000086b00000, 0x0000000086c00000, 0x0000000086c00000|100%| E|CS|TAMS 0x0000000086b00000, 0x0000000086b00000| Complete 
|  90|0x0000000086c00000, 0x0000000086d00000, 0x0000000086d00000|100%| E|CS|TAMS 0x0000000086c00000, 0x0000000086c00000| Complete 
|  91|0x0000000086d00000, 0x0000000086e00000, 0x0000000086e00000|100%| E|CS|TAMS 0x0000000086d00000, 0x0000000086d00000| Complete 
|  92|0x0000000086e00000, 0x0000000086f00000, 0x0000000086f00000|100%| E|CS|TAMS 0x0000000086e00000, 0x0000000086e00000| Complete 
|  93|0x0000000086f00000, 0x0000000087000000, 0x0000000087000000|100%| E|CS|TAMS 0x0000000086f00000, 0x0000000086f00000| Complete 
|  94|0x0000000087000000, 0x0000000087100000, 0x0000000087100000|100%| E|CS|TAMS 0x0000000087000000, 0x0000000087000000| Complete 
|  95|0x0000000087100000, 0x0000000087200000, 0x0000000087200000|100%| E|CS|TAMS 0x0000000087100000, 0x0000000087100000| Complete 
|  96|0x0000000087200000, 0x0000000087300000, 0x0000000087300000|100%| E|CS|TAMS 0x0000000087200000, 0x0000000087200000| Complete 
|  97|0x0000000087300000, 0x0000000087400000, 0x0000000087400000|100%| E|CS|TAMS 0x0000000087300000, 0x0000000087300000| Complete 
|  98|0x0000000087400000, 0x0000000087500000, 0x0000000087500000|100%| E|CS|TAMS 0x0000000087400000, 0x0000000087400000| Complete 
|  99|0x0000000087500000, 0x0000000087600000, 0x0000000087600000|100%| E|CS|TAMS 0x0000000087500000, 0x0000000087500000| Complete 
| 100|0x0000000087600000, 0x0000000087700000, 0x0000000087700000|100%| E|CS|TAMS 0x0000000087600000, 0x0000000087600000| Complete 
| 101|0x0000000087700000, 0x0000000087800000, 0x0000000087800000|100%| E|CS|TAMS 0x0000000087700000, 0x0000000087700000| Complete 
| 102|0x0000000087800000, 0x0000000087900000, 0x0000000087900000|100%| E|CS|TAMS 0x0000000087800000, 0x0000000087800000| Complete 
| 103|0x0000000087900000, 0x0000000087a00000, 0x0000000087a00000|100%| E|CS|TAMS 0x0000000087900000, 0x0000000087900000| Complete 
| 104|0x0000000087a00000, 0x0000000087b00000, 0x0000000087b00000|100%| E|CS|TAMS 0x0000000087a00000, 0x0000000087a00000| Complete 
| 105|0x0000000087b00000, 0x0000000087c00000, 0x0000000087c00000|100%| E|CS|TAMS 0x0000000087b00000, 0x0000000087b00000| Complete 
| 106|0x0000000087c00000, 0x0000000087d00000, 0x0000000087d00000|100%| E|CS|TAMS 0x0000000087c00000, 0x0000000087c00000| Complete 
| 107|0x0000000087d00000, 0x0000000087e00000, 0x0000000087e00000|100%| E|CS|TAMS 0x0000000087d00000, 0x0000000087d00000| Complete 
| 108|0x0000000087e00000, 0x0000000087f00000, 0x0000000087f00000|100%| E|CS|TAMS 0x0000000087e00000, 0x0000000087e00000| Complete 
| 109|0x0000000087f00000, 0x0000000088000000, 0x0000000088000000|100%| E|CS|TAMS 0x0000000087f00000, 0x0000000087f00000| Complete 
| 110|0x0000000088000000, 0x0000000088100000, 0x0000000088100000|100%| E|CS|TAMS 0x0000000088000000, 0x0000000088000000| Complete 
| 111|0x0000000088100000, 0x0000000088200000, 0x0000000088200000|100%| E|CS|TAMS 0x0000000088100000, 0x0000000088100000| Complete 
| 112|0x0000000088200000, 0x0000000088300000, 0x0000000088300000|100%| E|CS|TAMS 0x0000000088200000, 0x0000000088200000| Complete 
| 113|0x0000000088300000, 0x0000000088400000, 0x0000000088400000|100%| E|CS|TAMS 0x0000000088300000, 0x0000000088300000| Complete 
| 114|0x0000000088400000, 0x0000000088500000, 0x0000000088500000|100%| E|CS|TAMS 0x0000000088400000, 0x0000000088400000| Complete 
| 115|0x0000000088500000, 0x0000000088600000, 0x0000000088600000|100%| E|CS|TAMS 0x0000000088500000, 0x0000000088500000| Complete 
| 116|0x0000000088600000, 0x0000000088700000, 0x0000000088700000|100%| E|CS|TAMS 0x0000000088600000, 0x0000000088600000| Complete 
| 117|0x0000000088700000, 0x0000000088800000, 0x0000000088800000|100%| E|CS|TAMS 0x0000000088700000, 0x0000000088700000| Complete 
| 118|0x0000000088800000, 0x0000000088900000, 0x0000000088900000|100%| E|CS|TAMS 0x0000000088800000, 0x0000000088800000| Complete 
| 119|0x0000000088900000, 0x0000000088a00000, 0x0000000088a00000|100%| E|CS|TAMS 0x0000000088900000, 0x0000000088900000| Complete 
| 120|0x0000000088a00000, 0x0000000088b00000, 0x0000000088b00000|100%| E|CS|TAMS 0x0000000088a00000, 0x0000000088a00000| Complete 
| 121|0x0000000088b00000, 0x0000000088c00000, 0x0000000088c00000|100%| E|CS|TAMS 0x0000000088b00000, 0x0000000088b00000| Complete 
| 122|0x0000000088c00000, 0x0000000088d00000, 0x0000000088d00000|100%| E|CS|TAMS 0x0000000088c00000, 0x0000000088c00000| Complete 
| 123|0x0000000088d00000, 0x0000000088e00000, 0x0000000088e00000|100%| E|CS|TAMS 0x0000000088d00000, 0x0000000088d00000| Complete 
| 124|0x0000000088e00000, 0x0000000088f00000, 0x0000000088f00000|100%| E|CS|TAMS 0x0000000088e00000, 0x0000000088e00000| Complete 
| 125|0x0000000088f00000, 0x0000000089000000, 0x0000000089000000|100%| E|CS|TAMS 0x0000000088f00000, 0x0000000088f00000| Complete 
| 126|0x0000000089000000, 0x0000000089100000, 0x0000000089100000|100%| E|CS|TAMS 0x0000000089000000, 0x0000000089000000| Complete 
| 127|0x0000000089100000, 0x0000000089200000, 0x0000000089200000|100%| E|CS|TAMS 0x0000000089100000, 0x0000000089100000| Complete 
| 128|0x0000000089200000, 0x0000000089300000, 0x0000000089300000|100%| E|CS|TAMS 0x0000000089200000, 0x0000000089200000| Complete 
| 129|0x0000000089300000, 0x0000000089400000, 0x0000000089400000|100%| E|CS|TAMS 0x0000000089300000, 0x0000000089300000| Complete 
| 130|0x0000000089400000, 0x0000000089500000, 0x0000000089500000|100%| E|CS|TAMS 0x0000000089400000, 0x0000000089400000| Complete 
| 131|0x0000000089500000, 0x0000000089600000, 0x0000000089600000|100%| E|CS|TAMS 0x0000000089500000, 0x0000000089500000| Complete 
| 132|0x0000000089600000, 0x0000000089700000, 0x0000000089700000|100%| E|CS|TAMS 0x0000000089600000, 0x0000000089600000| Complete 
| 133|0x0000000089700000, 0x0000000089800000, 0x0000000089800000|100%| E|CS|TAMS 0x0000000089700000, 0x0000000089700000| Complete 
| 134|0x0000000089800000, 0x0000000089900000, 0x0000000089900000|100%| E|CS|TAMS 0x0000000089800000, 0x0000000089800000| Complete 
| 135|0x0000000089900000, 0x0000000089a00000, 0x0000000089a00000|100%| E|CS|TAMS 0x0000000089900000, 0x0000000089900000| Complete 
| 136|0x0000000089a00000, 0x0000000089b00000, 0x0000000089b00000|100%| E|CS|TAMS 0x0000000089a00000, 0x0000000089a00000| Complete 
| 137|0x0000000089b00000, 0x0000000089c00000, 0x0000000089c00000|100%| E|CS|TAMS 0x0000000089b00000, 0x0000000089b00000| Complete 
| 138|0x0000000089c00000, 0x0000000089d00000, 0x0000000089d00000|100%| E|CS|TAMS 0x0000000089c00000, 0x0000000089c00000| Complete 
| 139|0x0000000089d00000, 0x0000000089e00000, 0x0000000089e00000|100%| E|CS|TAMS 0x0000000089d00000, 0x0000000089d00000| Complete 
| 140|0x0000000089e00000, 0x0000000089f00000, 0x0000000089f00000|100%| E|CS|TAMS 0x0000000089e00000, 0x0000000089e00000| Complete 
| 141|0x0000000089f00000, 0x000000008a000000, 0x000000008a000000|100%| E|CS|TAMS 0x0000000089f00000, 0x0000000089f00000| Complete 
| 142|0x000000008a000000, 0x000000008a100000, 0x000000008a100000|100%| E|CS|TAMS 0x000000008a000000, 0x000000008a000000| Complete 
| 143|0x000000008a100000, 0x000000008a200000, 0x000000008a200000|100%| E|CS|TAMS 0x000000008a100000, 0x000000008a100000| Complete 
| 144|0x000000008a200000, 0x000000008a300000, 0x000000008a300000|100%| E|CS|TAMS 0x000000008a200000, 0x000000008a200000| Complete 
| 145|0x000000008a300000, 0x000000008a400000, 0x000000008a400000|100%| E|CS|TAMS 0x000000008a300000, 0x000000008a300000| Complete 
| 146|0x000000008a400000, 0x000000008a500000, 0x000000008a500000|100%| E|CS|TAMS 0x000000008a400000, 0x000000008a400000| Complete 
| 147|0x000000008a500000, 0x000000008a600000, 0x000000008a600000|100%| E|CS|TAMS 0x000000008a500000, 0x000000008a500000| Complete 
| 148|0x000000008a600000, 0x000000008a700000, 0x000000008a700000|100%| E|CS|TAMS 0x000000008a600000, 0x000000008a600000| Complete 
| 149|0x000000008a700000, 0x000000008a800000, 0x000000008a800000|100%| E|CS|TAMS 0x000000008a700000, 0x000000008a700000| Complete 
| 150|0x000000008a800000, 0x000000008a900000, 0x000000008a900000|100%| E|CS|TAMS 0x000000008a800000, 0x000000008a800000| Complete 
| 151|0x000000008a900000, 0x000000008aa00000, 0x000000008aa00000|100%| E|CS|TAMS 0x000000008a900000, 0x000000008a900000| Complete 
| 152|0x000000008aa00000, 0x000000008ab00000, 0x000000008ab00000|100%| E|CS|TAMS 0x000000008aa00000, 0x000000008aa00000| Complete 
| 153|0x000000008ab00000, 0x000000008ac00000, 0x000000008ac00000|100%| E|CS|TAMS 0x000000008ab00000, 0x000000008ab00000| Complete 

Card table byte_map: [0x0000025318e20000,0x0000025319220000] _byte_map_base: 0x0000025318a17000

Marking Bits (Prev, Next): (CMBitMap*) 0x000002537f614f08, (CMBitMap*) 0x000002537f614f40
 Prev Bits: [0x0000025319620000, 0x000002531b5d8000)
 Next Bits: [0x000002531b5e0000, 0x000002531d598000)

Polling page: 0x000002537f510000

Metaspace:

Usage:
  Non-class:     66.52 MB capacity,    65.41 MB ( 98%) used,   894.45 KB (  1%) free+waste,   242.13 KB ( <1%) overhead. 
      Class:      9.42 MB capacity,     8.74 MB ( 93%) used,   590.23 KB (  6%) free+waste,   107.31 KB (  1%) overhead. 
       Both:     75.94 MB capacity,    74.15 MB ( 98%) used,     1.45 MB (  2%) free+waste,   349.44 KB ( <1%) overhead. 

Virtual space:
  Non-class space:       68.00 MB reserved,      66.59 MB ( 98%) committed 
      Class space:        1.00 GB reserved,       9.45 MB ( <1%) committed 
             Both:        1.07 GB reserved,      76.04 MB (  7%) committed 

Chunk freelists:
   Non-Class:  5.00 KB
       Class:  0 bytes
        Both:  5.00 KB

MaxMetaspaceSize: 17179869184.00 GB
CompressedClassSpaceSize: 1.00 GB

CodeHeap 'non-profiled nmethods': size=120064Kb used=7255Kb max_used=7255Kb free=112808Kb
 bounds [0x00000253114e0000, 0x0000025311c00000, 0x0000025318a20000]
CodeHeap 'profiled nmethods': size=120000Kb used=22512Kb max_used=22512Kb free=97487Kb
 bounds [0x0000025309fb0000, 0x000002530b5b0000, 0x00000253114e0000]
CodeHeap 'non-nmethods': size=5696Kb used=1263Kb max_used=1327Kb free=4432Kb
 bounds [0x0000025309a20000, 0x0000025309c90000, 0x0000025309fb0000]
 total_blobs=11177 nmethods=10532 adapters=555
 compilation: enabled
              stopped_count=0, restarted_count=0
 full_count=0

Compilation events (20 events):
Event: 74682.430 Thread 0x00000253201ce800 10759       3       com.sun.crypto.provider.CipherCore::update (609 bytes)
Event: 74682.447 Thread 0x00000253201ce800 nmethod 10759 0x000002530b59f510 code [0x000002530b59f9a0, 0x000002530b5a2058]
Event: 74682.447 Thread 0x00000253201ce800 10760       3       sun.security.util.ArrayUtil::blockSizeCheck (17 bytes)
Event: 74682.447 Thread 0x00000253201ce800 nmethod 10760 0x000002530b5a2c90 code [0x000002530b5a2e60, 0x000002530b5a3068]
Event: 74682.447 Thread 0x00000253201ce800 10761   !   3       sun.security.ssl.SSLSocketImpl::decode (94 bytes)
Event: 74682.448 Thread 0x00000253201ce800 nmethod 10761 0x000002530b5a3190 code [0x000002530b5a33e0, 0x000002530b5a3d08]
Event: 74682.448 Thread 0x00000253201ce800 10763   !   3       sun.security.ssl.SSLSocketInputRecord::decode (134 bytes)
Event: 74682.449 Thread 0x00000253201ce800 nmethod 10763 0x000002530b5a4090 code [0x000002530b5a42c0, 0x000002530b5a48c8]
Event: 74682.449 Thread 0x00000253201ce800 10765       3       javax.crypto.Cipher::doFinal (19 bytes)
Event: 74682.449 Thread 0x00000253201ce800 nmethod 10765 0x000002530b5a4c90 code [0x000002530b5a4e60, 0x000002530b5a5128]
Event: 74682.449 Thread 0x00000253201ce800 10766       3       com.sun.crypto.provider.AESCipher::engineDoFinal (20 bytes)
Event: 74682.450 Thread 0x00000253201ce800 nmethod 10766 0x000002530b5a5210 code [0x000002530b5a53c0, 0x000002530b5a5508]
Event: 74682.450 Thread 0x00000253201ce800 10767   !   3       com.sun.crypto.provider.CipherCore::doFinal (124 bytes)
Event: 74682.456 Thread 0x00000253201ce800 nmethod 10767 0x000002530b5a5610 code [0x000002530b5a5880, 0x000002530b5a6318]
Event: 74682.456 Thread 0x00000253201ce800 10768       3       com.sun.crypto.provider.CipherCore::prepareInputBuffer (323 bytes)
Event: 74682.458 Thread 0x00000253201ce800 nmethod 10768 0x000002530b5a6890 code [0x000002530b5a6c20, 0x000002530b5a83b8]
Event: 76389.399 Thread 0x00000253201ce800 10769       3       java.security.AccessControlContext::optimize (318 bytes)
Event: 76389.424 Thread 0x00000253201ce800 nmethod 10769 0x000002530b5a8c10 code [0x000002530b5a8fe0, 0x000002530b5aa9b8]
Event: 76393.735 Thread 0x00000253201ce800 10770       3       sun.security.util.DerValue::toDerInputStream (60 bytes)
Event: 76393.738 Thread 0x00000253201ce800 nmethod 10770 0x000002530b5ab190 code [0x000002530b5ab420, 0x000002530b5abf18]

GC Heap History (20 events):
Event: 37.350 GC heap after
{Heap after GC invocations=8 (full 0):
 garbage-first heap   total 131072K, used 16688K [0x0000000081200000, 0x0000000100000000)
  region size 1024K, 8 young (8192K), 8 survivors (8192K)
 Metaspace       used 35013K, capacity 35932K, committed 36048K, reserved 1081344K
  class space    used 3991K, capacity 4367K, committed 4428K, reserved 1048576K
}
Event: 41.603 GC heap before
{Heap before GC invocations=9 (full 0):
 garbage-first heap   total 131072K, used 86320K [0x0000000081200000, 0x0000000100000000)
  region size 1024K, 76 young (77824K), 8 survivors (8192K)
 Metaspace       used 46924K, capacity 48013K, committed 48336K, reserved 1091584K
  class space    used 5377K, capacity 5825K, committed 5964K, reserved 1048576K
}
Event: 41.627 GC heap after
{Heap after GC invocations=10 (full 0):
 garbage-first heap   total 131072K, used 20843K [0x0000000081200000, 0x0000000100000000)
  region size 1024K, 7 young (7168K), 7 survivors (7168K)
 Metaspace       used 46924K, capacity 48013K, committed 48336K, reserved 1091584K
  class space    used 5377K, capacity 5825K, committed 5964K, reserved 1048576K
}
Event: 43.947 GC heap before
{Heap before GC invocations=10 (full 0):
 garbage-first heap   total 131072K, used 91499K [0x0000000081200000, 0x0000000100000000)
  region size 1024K, 76 young (77824K), 7 survivors (7168K)
 Metaspace       used 53108K, capacity 54313K, committed 54608K, reserved 1097728K
  class space    used 6297K, capacity 6774K, committed 6860K, reserved 1048576K
}
Event: 43.968 GC heap after
{Heap after GC invocations=11 (full 0):
 garbage-first heap   total 131072K, used 23350K [0x0000000081200000, 0x0000000100000000)
  region size 1024K, 7 young (7168K), 7 survivors (7168K)
 Metaspace       used 53108K, capacity 54313K, committed 54608K, reserved 1097728K
  class space    used 6297K, capacity 6774K, committed 6860K, reserved 1048576K
}
Event: 45.769 GC heap before
{Heap before GC invocations=11 (full 0):
 garbage-first heap   total 131072K, used 82742K [0x0000000081200000, 0x0000000100000000)
  region size 1024K, 67 young (68608K), 7 survivors (7168K)
 Metaspace       used 59193K, capacity 60444K, committed 60496K, reserved 1101824K
  class space    used 7116K, capacity 7602K, committed 7628K, reserved 1048576K
}
Event: 45.816 GC heap after
{Heap after GC invocations=12 (full 0):
 garbage-first heap   total 131072K, used 26960K [0x0000000081200000, 0x0000000100000000)
  region size 1024K, 7 young (7168K), 7 survivors (7168K)
 Metaspace       used 59193K, capacity 60444K, committed 60496K, reserved 1101824K
  class space    used 7116K, capacity 7602K, committed 7628K, reserved 1048576K
}
Event: 47.707 GC heap before
{Heap before GC invocations=13 (full 0):
 garbage-first heap   total 131072K, used 97616K [0x0000000081200000, 0x0000000100000000)
  region size 1024K, 76 young (77824K), 7 survivors (7168K)
 Metaspace       used 61284K, capacity 62554K, committed 62632K, reserved 1103872K
  class space    used 7426K, capacity 7934K, committed 8012K, reserved 1048576K
}
Event: 47.747 GC heap after
{Heap after GC invocations=14 (full 0):
 garbage-first heap   total 131072K, used 27901K [0x0000000081200000, 0x0000000100000000)
  region size 1024K, 5 young (5120K), 5 survivors (5120K)
 Metaspace       used 61284K, capacity 62554K, committed 62632K, reserved 1103872K
  class space    used 7426K, capacity 7934K, committed 8012K, reserved 1048576K
}
Event: 48.566 GC heap before
{Heap before GC invocations=15 (full 0):
 garbage-first heap   total 131072K, used 100605K [0x0000000081200000, 0x0000000100000000)
  region size 1024K, 76 young (77824K), 5 survivors (5120K)
 Metaspace       used 63197K, capacity 64492K, committed 64680K, reserved 1105920K
  class space    used 7681K, capacity 8177K, committed 8268K, reserved 1048576K
}
Event: 48.582 GC heap after
{Heap after GC invocations=16 (full 0):
 garbage-first heap   total 157696K, used 29274K [0x0000000081200000, 0x0000000100000000)
  region size 1024K, 6 young (6144K), 6 survivors (6144K)
 Metaspace       used 63197K, capacity 64492K, committed 64680K, reserved 1105920K
  class space    used 7681K, capacity 8177K, committed 8268K, reserved 1048576K
}
Event: 688.776 GC heap before
{Heap before GC invocations=16 (full 0):
 garbage-first heap   total 157696K, used 117338K [0x0000000081200000, 0x0000000100000000)
  region size 1024K, 92 young (94208K), 6 survivors (6144K)
 Metaspace       used 71958K, capacity 73551K, committed 73768K, reserved 1114112K
  class space    used 8675K, capacity 9292K, committed 9420K, reserved 1048576K
}
Event: 688.800 GC heap after
{Heap after GC invocations=17 (full 0):
 garbage-first heap   total 157696K, used 33698K [0x0000000081200000, 0x0000000100000000)
  region size 1024K, 11 young (11264K), 11 survivors (11264K)
 Metaspace       used 71958K, capacity 73551K, committed 73768K, reserved 1114112K
  class space    used 8675K, capacity 9292K, committed 9420K, reserved 1048576K
}
Event: 5400.953 GC heap before
{Heap before GC invocations=17 (full 0):
 garbage-first heap   total 157696K, used 115618K [0x0000000081200000, 0x0000000100000000)
  region size 1024K, 92 young (94208K), 11 survivors (11264K)
 Metaspace       used 74628K, capacity 76302K, committed 76456K, reserved 1116160K
  class space    used 8870K, capacity 9512K, committed 9548K, reserved 1048576K
}
Event: 5400.988 GC heap after
{Heap after GC invocations=18 (full 0):
 garbage-first heap   total 157696K, used 37526K [0x0000000081200000, 0x0000000100000000)
  region size 1024K, 10 young (10240K), 10 survivors (10240K)
 Metaspace       used 74628K, capacity 76302K, committed 76456K, reserved 1116160K
  class space    used 8870K, capacity 9512K, committed 9548K, reserved 1048576K
}
Event: 10761.984 GC heap before
{Heap before GC invocations=18 (full 0):
 garbage-first heap   total 157696K, used 121494K [0x0000000081200000, 0x0000000100000000)
  region size 1024K, 92 young (94208K), 10 survivors (10240K)
 Metaspace       used 75614K, capacity 77434K, committed 77608K, reserved 1118208K
  class space    used 8944K, capacity 9643K, committed 9676K, reserved 1048576K
}
Event: 10762.014 GC heap after
{Heap after GC invocations=19 (full 0):
 garbage-first heap   total 157696K, used 38524K [0x0000000081200000, 0x0000000100000000)
  region size 1024K, 5 young (5120K), 5 survivors (5120K)
 Metaspace       used 75614K, capacity 77434K, committed 77608K, reserved 1118208K
  class space    used 8944K, capacity 9643K, committed 9676K, reserved 1048576K
}
Event: 33700.163 GC heap before
{Heap before GC invocations=19 (full 0):
 garbage-first heap   total 157696K, used 127612K [0x0000000081200000, 0x0000000100000000)
  region size 1024K, 92 young (94208K), 5 survivors (5120K)
 Metaspace       used 75753K, capacity 77562K, committed 77608K, reserved 1118208K
  class space    used 8944K, capacity 9643K, committed 9676K, reserved 1048576K
}
Event: 33700.272 GC heap after
{Heap after GC invocations=20 (full 0):
 garbage-first heap   total 157696K, used 38408K [0x0000000081200000, 0x0000000100000000)
  region size 1024K, 5 young (5120K), 5 survivors (5120K)
 Metaspace       used 75753K, capacity 77562K, committed 77608K, reserved 1118208K
  class space    used 8944K, capacity 9643K, committed 9676K, reserved 1048576K
}
Event: 76417.719 GC heap before
{Heap before GC invocations=20 (full 0):
 garbage-first heap   total 157696K, used 127496K [0x0000000081200000, 0x0000000100000000)
  region size 1024K, 92 young (94208K), 5 survivors (5120K)
 Metaspace       used 75929K, capacity 77764K, committed 77864K, reserved 1118208K
  class space    used 8947K, capacity 9645K, committed 9676K, reserved 1048576K
}

Deoptimization events (20 events):
Event: 73362.408 Thread 0x0000025325411800 Uncommon trap: trap_request=0xffffffde fr.pc=0x00000253118eda58 relative=0x0000000000002218
Event: 73362.408 Thread 0x0000025325411800 Uncommon trap: reason=class_check action=maybe_recompile pc=0x00000253118eda58 method=org.springframework.util.ConcurrentReferenceHashMap$ReferenceManager.pollForPurge()Lorg/springframework/util/ConcurrentReferenceHashMap$Reference; @ 7 c2
Event: 73362.408 Thread 0x0000025325411800 DEOPT PACKING pc=0x00000253118eda58 sp=0x000000d42f8fd1a0
Event: 73362.409 Thread 0x0000025325411800 DEOPT UNPACKING pc=0x0000025309a478af sp=0x000000d42f8fd158 mode 2
Event: 73362.543 Thread 0x0000025325411800 Uncommon trap: trap_request=0xffffffde fr.pc=0x00000253118eda58 relative=0x0000000000002218
Event: 73362.543 Thread 0x0000025325411800 Uncommon trap: reason=class_check action=maybe_recompile pc=0x00000253118eda58 method=org.springframework.util.ConcurrentReferenceHashMap$ReferenceManager.pollForPurge()Lorg/springframework/util/ConcurrentReferenceHashMap$Reference; @ 7 c2
Event: 73362.543 Thread 0x0000025325411800 DEOPT PACKING pc=0x00000253118eda58 sp=0x000000d42f8fc5c0
Event: 73362.543 Thread 0x0000025325411800 DEOPT UNPACKING pc=0x0000025309a478af sp=0x000000d42f8fc578 mode 2
Event: 73362.543 Thread 0x0000025325411800 Uncommon trap: trap_request=0xffffffde fr.pc=0x00000253118eda58 relative=0x0000000000002218
Event: 73362.543 Thread 0x0000025325411800 Uncommon trap: reason=class_check action=maybe_recompile pc=0x00000253118eda58 method=org.springframework.util.ConcurrentReferenceHashMap$ReferenceManager.pollForPurge()Lorg/springframework/util/ConcurrentReferenceHashMap$Reference; @ 7 c2
Event: 73362.543 Thread 0x0000025325411800 DEOPT PACKING pc=0x00000253118eda58 sp=0x000000d42f8fc5c0
Event: 73362.543 Thread 0x0000025325411800 DEOPT UNPACKING pc=0x0000025309a478af sp=0x000000d42f8fc578 mode 2
Event: 73362.543 Thread 0x0000025325411800 Uncommon trap: trap_request=0xffffffde fr.pc=0x00000253118eda58 relative=0x0000000000002218
Event: 73362.543 Thread 0x0000025325411800 Uncommon trap: reason=class_check action=maybe_recompile pc=0x00000253118eda58 method=org.springframework.util.ConcurrentReferenceHashMap$ReferenceManager.pollForPurge()Lorg/springframework/util/ConcurrentReferenceHashMap$Reference; @ 7 c2
Event: 73362.543 Thread 0x0000025325411800 DEOPT PACKING pc=0x00000253118eda58 sp=0x000000d42f8fc5c0
Event: 73362.543 Thread 0x0000025325411800 DEOPT UNPACKING pc=0x0000025309a478af sp=0x000000d42f8fc578 mode 2
Event: 73363.231 Thread 0x0000025325411800 Uncommon trap: trap_request=0xffffff4d fr.pc=0x00000253116bab50 relative=0x00000000000004b0
Event: 73363.256 Thread 0x0000025325411800 Uncommon trap: reason=unstable_if action=reinterpret pc=0x00000253116bab50 method=java.util.Properties.load0(Ljava/util/Properties$LineReader;)V @ 79 c2
Event: 73363.256 Thread 0x0000025325411800 DEOPT PACKING pc=0x00000253116bab50 sp=0x000000d42f8fd0b0
Event: 73363.295 Thread 0x0000025325411800 DEOPT UNPACKING pc=0x0000025309a478af sp=0x000000d42f8fd068 mode 2

Classes redefined (0 events):
No events

Internal exceptions (20 events):
Event: 50.756 Thread 0x000002537f5d6800 Exception <a 'java/lang/ClassNotFoundException'{0x00000000877d6c80}: com/transport/tracking/model/TripCustomizer> (0x00000000877d6c80) thrown at [./src/hotspot/share/classfile/systemDictionary.cpp, line 231]
Event: 50.794 Thread 0x000002537f5d6800 Exception <a 'java/lang/ClassNotFoundException'{0x000000008751d218}: java/lang/ObjectCustomizer> (0x000000008751d218) thrown at [./src/hotspot/share/classfile/systemDictionary.cpp, line 231]
Event: 50.798 Thread 0x000002537f5d6800 Exception <a 'java/lang/ClassNotFoundException'{0x0000000087532960}: com/transport/tracking/model/PlanChalanACustomizer> (0x0000000087532960) thrown at [./src/hotspot/share/classfile/systemDictionary.cpp, line 231]
Event: 50.872 Thread 0x000002537f5d6800 Exception <a 'java/lang/ClassNotFoundException'{0x0000000087214fd8}: java/lang/ObjectCustomizer> (0x0000000087214fd8) thrown at [./src/hotspot/share/classfile/systemDictionary.cpp, line 231]
Event: 50.873 Thread 0x000002537f5d6800 Exception <a 'java/lang/ClassNotFoundException'{0x00000000872298f0}: com/transport/tracking/model/UserCustomizer> (0x00000000872298f0) thrown at [./src/hotspot/share/classfile/systemDictionary.cpp, line 231]
Event: 688.774 Thread 0x0000025325410000 Exception <a 'java/lang/NoSuchMethodError'{0x00000000856ee810}: 'java.lang.Object java.lang.invoke.DirectMethodHandle$Holder.invokeStaticInit(java.lang.Object, java.lang.Object, java.lang.Object, java.lang.Object, java.lang.Object, java.lang.Object)'> (0x00000000856ee810) thrown at [./src/hotspot/share/interpreter/linkResolver.cpp, line 773]
Event: 690.978 Thread 0x0000025325411800 Implicit null exception at 0x000002531150db74 to 0x000002531150e088
Event: 691.249 Thread 0x0000025325410800 Implicit null exception at 0x000002531182f294 to 0x000002531182f868
Event: 5422.041 Thread 0x0000025324c57000 Implicit null exception at 0x0000025311af76cc to 0x0000025311af7908
Event: 5423.040 Thread 0x0000025324c57000 Implicit null exception at 0x0000025311af76cc to 0x0000025311af7908
Event: 5424.041 Thread 0x0000025324c57000 Implicit null exception at 0x0000025311af76cc to 0x0000025311af7908
Event: 5425.040 Thread 0x0000025324c57000 Implicit null exception at 0x0000025311af76cc to 0x0000025311af7908
Event: 5888.316 Thread 0x0000025325418000 Implicit null exception at 0x0000025311ae4564 to 0x0000025311ae7434
Event: 7544.094 Thread 0x0000025320aac000 Exception <a 'sun/net/ConnectionResetException'{0x0000000087f95370}: > (0x0000000087f95370) thrown at [./src/hotspot/share/prims/jni.cpp, line 636]
Event: 8916.739 Thread 0x0000025321713800 Exception <a 'java/net/SocketTimeoutException'{0x0000000087c7b9f8}: connect timed out> (0x0000000087c7b9f8) thrown at [./src/hotspot/share/prims/jni.cpp, line 636]
Event: 8924.355 Thread 0x0000025321713800 Exception <a 'java/net/SocketTimeoutException'{0x0000000087c7e2a8}: connect timed out> (0x0000000087c7e2a8) thrown at [./src/hotspot/share/prims/jni.cpp, line 636]
Event: 17320.158 Thread 0x0000025321e09000 Exception <a 'java/io/IOException'{0x000000008abc9260}> (0x000000008abc9260) thrown at [./src/hotspot/share/prims/jni.cpp, line 615]
Event: 33698.753 Thread 0x0000025321e09000 Exception <a 'java/io/IOException'{0x000000008abce268}> (0x000000008abce268) thrown at [./src/hotspot/share/prims/jni.cpp, line 615]
Event: 69305.653 Thread 0x0000025321e09000 Exception <a 'java/io/IOException'{0x000000008a6105b8}> (0x000000008a6105b8) thrown at [./src/hotspot/share/prims/jni.cpp, line 615]
Event: 73362.370 Thread 0x0000025325411800 Implicit null exception at 0x0000025311646b64 to 0x00000253116473cc

Events (20 events):
Event: 74682.287 Executing VM operation: BulkRevokeBias done
Event: 74682.287 Executing VM operation: BulkRevokeBias
Event: 74682.287 Executing VM operation: BulkRevokeBias done
Event: 74687.400 Executing VM operation: RevokeBias
Event: 74687.400 Executing VM operation: RevokeBias done
Event: 74687.400 Thread 0x0000025321715000 Thread exited: 0x0000025321715000
Event: 74687.470 Executing VM operation: RevokeBias
Event: 74687.470 Executing VM operation: RevokeBias done
Event: 74687.486 Thread 0x0000025321716000 Thread exited: 0x0000025321716000
Event: 76389.399 Thread 0x0000025321711000 Thread added: 0x0000025321711000
Event: 76389.400 Thread 0x0000025321717800 Thread added: 0x0000025321717800
Event: 76398.635 Executing VM operation: RevokeBias
Event: 76398.635 Executing VM operation: RevokeBias done
Event: 76398.635 Thread 0x0000025321711000 Thread exited: 0x0000025321711000
Event: 76398.798 Executing VM operation: RevokeBias
Event: 76398.798 Executing VM operation: RevokeBias done
Event: 76398.798 Thread 0x0000025321717800 Thread exited: 0x0000025321717800
Event: 76417.637 Thread 0x0000025321717000 Thread added: 0x0000025321717000
Event: 76417.637 Thread 0x0000025321711000 Thread added: 0x0000025321711000
Event: 76417.719 Executing VM operation: G1CollectForAllocation


Dynamic libraries:
0x00007ff712240000 - 0x00007ff71224d000 	C:\Users\ashokkumar.i\.jdks\corretto-11.0.10\bin\java.exe
0x00007ffe10a40000 - 0x00007ffe10c21000 	C:\WINDOWS\SYSTEM32\ntdll.dll
0x00007ffe10500000 - 0x00007ffe105b2000 	C:\WINDOWS\System32\KERNEL32.DLL
0x00007ffe0ce10000 - 0x00007ffe0d083000 	C:\WINDOWS\System32\KERNELBASE.dll
0x00007ffe0d1b0000 - 0x00007ffe0d2aa000 	C:\WINDOWS\System32\ucrtbase.dll
0x00007ffdfa950000 - 0x00007ffdfa965000 	C:\Users\ashokkumar.i\.jdks\corretto-11.0.10\bin\VCRUNTIME140.dll
0x00007ffe04df0000 - 0x00007ffe04e07000 	C:\Users\ashokkumar.i\.jdks\corretto-11.0.10\bin\jli.dll
0x00007ffe10780000 - 0x00007ffe10910000 	C:\WINDOWS\System32\USER32.dll
0x00007ffe0d090000 - 0x00007ffe0d0b0000 	C:\WINDOWS\System32\win32u.dll
0x00007ffe10970000 - 0x00007ffe10998000 	C:\WINDOWS\System32\GDI32.dll
0x00007ffe0d620000 - 0x00007ffe0d7b2000 	C:\WINDOWS\System32\gdi32full.dll
0x00007ffe0d0b0000 - 0x00007ffe0d14f000 	C:\WINDOWS\System32\msvcp_win.dll
0x00007ffdf9960000 - 0x00007ffdf9bc9000 	C:\WINDOWS\WinSxS\amd64_microsoft.windows.common-controls_6595b64144ccf1df_6.0.17134.376_none_fb439a3730647da2\COMCTL32.dll
0x00007ffe0faf0000 - 0x00007ffe0fb8e000 	C:\WINDOWS\System32\msvcrt.dll
0x00007ffe0fc70000 - 0x00007ffe0ff93000 	C:\WINDOWS\System32\combase.dll
0x00007ffe0f330000 - 0x00007ffe0f454000 	C:\WINDOWS\System32\RPCRT4.dll
0x00007ffe0d300000 - 0x00007ffe0d37a000 	C:\WINDOWS\System32\bcryptPrimitives.dll
0x00007ffe10670000 - 0x00007ffe1069d000 	C:\WINDOWS\System32\IMM32.DLL
0x00007ffde9f60000 - 0x00007ffde9f97000 	C:\Program Files (x86)\K7 Computing\K7TSecurity\K7CrvrEx64.dll
0x00007ffdf8870000 - 0x00007ffdf890b000 	C:\Users\ashokkumar.i\.jdks\corretto-11.0.10\bin\msvcp140.dll
0x00007ffdd88c0000 - 0x00007ffdd9407000 	C:\Users\ashokkumar.i\.jdks\corretto-11.0.10\bin\server\jvm.dll
0x00007ffe105c0000 - 0x00007ffe10661000 	C:\WINDOWS\System32\ADVAPI32.dll
0x00007ffe10720000 - 0x00007ffe1077b000 	C:\WINDOWS\System32\sechost.dll
0x00007ffe0fc60000 - 0x00007ffe0fc68000 	C:\WINDOWS\System32\PSAPI.DLL
0x00007ffdf9450000 - 0x00007ffdf9459000 	C:\WINDOWS\SYSTEM32\WSOCK32.dll
0x00007ffe109a0000 - 0x00007ffe10a0c000 	C:\WINDOWS\System32\WS2_32.dll
0x00007ffe08020000 - 0x00007ffe08043000 	C:\WINDOWS\SYSTEM32\WINMM.dll
0x00007ffdfd230000 - 0x00007ffdfd23a000 	C:\WINDOWS\SYSTEM32\VERSION.dll
0x00007ffe07ff0000 - 0x00007ffe0801a000 	C:\WINDOWS\SYSTEM32\WINMMBASE.dll
0x00007ffe0d2b0000 - 0x00007ffe0d2f9000 	C:\WINDOWS\System32\cfgmgr32.dll
0x000002537f4f0000 - 0x000002537f501000 	C:\WINDOWS\System32\kernel.appcore.dll
0x00007ffe088f0000 - 0x00007ffe08900000 	C:\Users\ashokkumar.i\.jdks\corretto-11.0.10\bin\verify.dll
0x00007ffdf90e0000 - 0x00007ffdf92a9000 	C:\WINDOWS\SYSTEM32\DBGHELP.DLL
0x00007ffe07730000 - 0x00007ffe07759000 	C:\WINDOWS\SYSTEM32\dbgcore.DLL
0x00007ffdf8940000 - 0x00007ffdf8968000 	C:\Users\ashokkumar.i\.jdks\corretto-11.0.10\bin\java.dll
0x00007ffe086c0000 - 0x00007ffe086ca000 	C:\Users\ashokkumar.i\.jdks\corretto-11.0.10\bin\jimage.dll
0x00007ffdfa940000 - 0x00007ffdfa94e000 	C:\Users\ashokkumar.i\.jdks\corretto-11.0.10\bin\instrument.dll
0x00007ffdf78e0000 - 0x00007ffdf78f7000 	C:\Users\ashokkumar.i\.jdks\corretto-11.0.10\bin\zip.dll
0x00007ffe0def0000 - 0x00007ffe0f32f000 	C:\WINDOWS\System32\SHELL32.dll
0x00007ffe0f5f0000 - 0x00007ffe0f699000 	C:\WINDOWS\System32\shcore.dll
0x00007ffe0d7c0000 - 0x00007ffe0decd000 	C:\WINDOWS\System32\windows.storage.dll
0x00007ffe0ffa0000 - 0x00007ffe0fff1000 	C:\WINDOWS\System32\shlwapi.dll
0x00007ffe0cd80000 - 0x00007ffe0cd9f000 	C:\WINDOWS\System32\profapi.dll
0x00007ffe0cda0000 - 0x00007ffe0cdec000 	C:\WINDOWS\System32\powrprof.dll
0x00007ffe0cd70000 - 0x00007ffe0cd7a000 	C:\WINDOWS\System32\FLTLIB.DLL
0x00007ffdf78c0000 - 0x00007ffdf78d9000 	C:\Users\ashokkumar.i\.jdks\corretto-11.0.10\bin\net.dll
0x00007ffe07a10000 - 0x00007ffe07aec000 	C:\WINDOWS\SYSTEM32\WINHTTP.dll
0x00007ffe0c570000 - 0x00007ffe0c5d6000 	C:\WINDOWS\system32\mswsock.dll
0x00007ffdf7140000 - 0x00007ffdf7152000 	C:\Users\ashokkumar.i\.jdks\corretto-11.0.10\bin\nio.dll
0x00007ffdf6f10000 - 0x00007ffdf6f2a000 	C:\Program Files\JetBrains\IntelliJ IDEA Community Edition 2020.2\bin\breakgen64.dll
0x00007ffdfa300000 - 0x00007ffdfa309000 	C:\Users\ashokkumar.i\.jdks\corretto-11.0.10\bin\management.dll
0x00007ffdfa090000 - 0x00007ffdfa09b000 	C:\Users\ashokkumar.i\.jdks\corretto-11.0.10\bin\management_ext.dll
0x00007ffdf12d0000 - 0x00007ffdf12e6000 	C:\WINDOWS\system32\napinsp.dll
0x00007ffdf1210000 - 0x00007ffdf122a000 	C:\WINDOWS\system32\pnrpnsp.dll
0x00007ffe0ab50000 - 0x00007ffe0ab69000 	C:\WINDOWS\system32\NLAapi.dll
0x00007ffe0c330000 - 0x00007ffe0c3ee000 	C:\WINDOWS\SYSTEM32\DNSAPI.dll
0x00007ffe0f460000 - 0x00007ffe0f468000 	C:\WINDOWS\System32\NSI.dll
0x00007ffe0c2f0000 - 0x00007ffe0c328000 	C:\WINDOWS\SYSTEM32\IPHLPAPI.DLL
0x00007ffdfd8f0000 - 0x00007ffdfd8fe000 	C:\WINDOWS\System32\winrnr.dll
0x00007ffe03cb0000 - 0x00007ffe03cc5000 	C:\WINDOWS\System32\wshbth.dll
0x00007ffe01eb0000 - 0x00007ffe01eba000 	C:\Windows\System32\rasadhlp.dll
0x00007ffe081c0000 - 0x00007ffe08232000 	C:\WINDOWS\System32\fwpuclnt.dll
0x00007ffe0c850000 - 0x00007ffe0c875000 	C:\WINDOWS\SYSTEM32\bcrypt.dll
0x00007ffe0c720000 - 0x00007ffe0c737000 	C:\WINDOWS\SYSTEM32\CRYPTSP.dll
0x00007ffe0c150000 - 0x00007ffe0c183000 	C:\WINDOWS\system32\rsaenh.dll
0x00007ffe0cc50000 - 0x00007ffe0cc78000 	C:\WINDOWS\SYSTEM32\USERENV.dll
0x00007ffe0c740000 - 0x00007ffe0c74b000 	C:\WINDOWS\SYSTEM32\CRYPTBASE.dll
0x00007ffe08290000 - 0x00007ffe082a6000 	C:\WINDOWS\SYSTEM32\dhcpcsvc6.DLL
0x00007ffe07bb0000 - 0x00007ffe07bca000 	C:\WINDOWS\SYSTEM32\dhcpcsvc.DLL
0x00007ffdf6ee0000 - 0x00007ffdf6f05000 	C:\Users\ashokkumar.i\.jdks\corretto-11.0.10\bin\sunec.dll
0x00007ffdf8b70000 - 0x00007ffdf8b7e000 	C:\Users\ashokkumar.i\.jdks\corretto-11.0.10\bin\sunmscapi.dll
0x00007ffe0d380000 - 0x00007ffe0d562000 	C:\WINDOWS\System32\CRYPT32.dll
0x00007ffe0cd50000 - 0x00007ffe0cd62000 	C:\WINDOWS\System32\MSASN1.dll
0x00007ffe0c820000 - 0x00007ffe0c846000 	C:\WINDOWS\SYSTEM32\ncrypt.dll
0x00007ffe0c7e0000 - 0x00007ffe0c816000 	C:\WINDOWS\SYSTEM32\NTASN1.dll

dbghelp: loaded successfully - version: 4.0.5 - missing functions: none
symbol engine: initialized successfully - sym options: 0x614 - pdb path: .;C:\Users\ashokkumar.i\.jdks\corretto-11.0.10\bin;C:\WINDOWS\SYSTEM32;C:\WINDOWS\WinSxS\amd64_microsoft.windows.common-controls_6595b64144ccf1df_6.0.17134.376_none_fb439a3730647da2;C:\Program Files (x86)\K7 Computing\K7TSecurity;C:\Users\ashokkumar.i\.jdks\corretto-11.0.10\bin\server;C:\Program Files\JetBrains\IntelliJ IDEA Community Edition 2020.2\bin

VM Arguments:
jvm_args: -javaagent:C:\Program Files\JetBrains\IntelliJ IDEA Community Edition 2020.2\lib\idea_rt.jar=55143:C:\Program Files\JetBrains\IntelliJ IDEA Community Edition 2020.2\bin -Dfile.encoding=UTF-8 
java_command: com.transport.TransportTrackingApplication
java_class_path (initial): D:\ASHOK I\TMS_CODE\TMSWEb_m_v1\target\classes;C:\Users\ashokkumar.i\.m2\repository\org\springframework\boot\spring-boot-starter-web\2.3.2.RELEASE\spring-boot-starter-web-2.3.2.RELEASE.jar;C:\Users\ashokkumar.i\.m2\repository\org\springframework\boot\spring-boot-starter-json\2.3.2.RELEASE\spring-boot-starter-json-2.3.2.RELEASE.jar;C:\Users\ashokkumar.i\.m2\repository\com\fasterxml\jackson\datatype\jackson-datatype-jdk8\2.11.1\jackson-datatype-jdk8-2.11.1.jar;C:\Users\ashokkumar.i\.m2\repository\com\fasterxml\jackson\datatype\jackson-datatype-jsr310\2.11.1\jackson-datatype-jsr310-2.11.1.jar;C:\Users\ashokkumar.i\.m2\repository\com\fasterxml\jackson\module\jackson-module-parameter-names\2.11.1\jackson-module-parameter-names-2.11.1.jar;C:\Users\ashokkumar.i\.m2\repository\org\springframework\boot\spring-boot-starter-tomcat\2.3.2.RELEASE\spring-boot-starter-tomcat-2.3.2.RELEASE.jar;C:\Users\ashokkumar.i\.m2\repository\org\apache\tomcat\embed\tomcat-embed-core\9.0.37\tomcat-embed-core-9.0.37.jar;C:\Users\ashokkumar.i\.m2\repository\org\glassfish\jakarta.el\3.0.3\jakarta.el-3.0.3.jar;C:\Users\ashokkumar.i\.m2\repository\org\apache\tomcat\embed\tomcat-embed-websocket\9.0.37\tomcat-embed-websocket-9.0.37.jar;C:\Users\ashokkumar.i\.m2\repository\org\springframework\spring-web\5.2.8.RELEASE\spring-web-5.2.8.RELEASE.jar;C:\Users\ashokkumar.i\.m2\repository\org\springframework\spring-beans\5.2.8.RELEASE\spring-beans-5.2.8.RELEASE.jar;C:\Users\ashokkumar.i\.m2\repository\org\springframework\spring-webmvc\5.2.8.RELEASE\spring-webmvc-5.2.8.RELEASE.jar;C:\Users\ashokkumar.i\.m2\repository\org\springframework\spring-aop\5.2.8.RELEASE\spring-aop-5.2.8.RELEASE.jar;C:\Users\ashokkumar.i\.m2\repository\org\springframework\spring-context\5.2.8.RELEASE\spring-context-5.2.8.RELEASE.jar;C:\Users\ashokkumar.i\.m2\repository\org\springframework\spring-expression\5.2.8.RELEASE\spring-expression-5.2.8.RELEASE.jar;C:\Users\ashokkumar.i\.m2\repository\org\springframew
Launcher Type: SUN_STANDARD

[Global flags]
     intx CICompilerCount                          = 3                                         {product} {ergonomic}
     uint ConcGCThreads                            = 1                                         {product} {ergonomic}
     uint G1ConcRefinementThreads                  = 4                                         {product} {ergonomic}
   size_t G1HeapRegionSize                         = 1048576                                   {product} {ergonomic}
    uintx GCDrainStackTargetSize                   = 64                                        {product} {ergonomic}
   size_t InitialHeapSize                          = 134217728                                 {product} {ergonomic}
   size_t MarkStackSize                            = 4194304                                   {product} {ergonomic}
   size_t MaxHeapSize                              = 2128609280                                {product} {ergonomic}
   size_t MaxNewSize                               = 1277165568                                {product} {ergonomic}
   size_t MinHeapDeltaBytes                        = 1048576                                   {product} {ergonomic}
    uintx NonNMethodCodeHeapSize                   = 5830732                                {pd product} {ergonomic}
    uintx NonProfiledCodeHeapSize                  = 122913754                              {pd product} {ergonomic}
    uintx ProfiledCodeHeapSize                     = 122913754                              {pd product} {ergonomic}
    uintx ReservedCodeCacheSize                    = 251658240                              {pd product} {ergonomic}
     bool SegmentedCodeCache                       = true                                      {product} {ergonomic}
     bool UseCompressedClassPointers               = true                                 {lp64_product} {ergonomic}
     bool UseCompressedOops                        = true                                 {lp64_product} {ergonomic}
     bool UseG1GC                                  = true                                      {product} {ergonomic}
     bool UseLargePagesIndividualAllocation        = false                                  {pd product} {ergonomic}

Logging:
Log output configuration:
 #0: stdout all=warning uptime,level,tags
 #1: stderr all=off uptime,level,tags

Environment Variables:
PATH=C:\Program Files\Common Files\Oracle\Java\javapath;C:\Program Files (x86)\Common Files\Oracle\Java\javapath;C:\ProgramData\Oracle\Java\javapath;C:\WINDOWS\system32;C:\WINDOWS;C:\WINDOWS\System32\Wbem;C:\WINDOWS\System32\WindowsPowerShell\v1.0\;c:\Program Files (x86)\Microsoft SQL Server\110\Tools\Binn\ManagementStudio\;c:\Program Files (x86)\Microsoft SQL Server\110\Tools\Binn\;c:\Program Files (x86)\Microsoft SQL Server\110\DTS\Binn\;C:\WINDOWS\System32\OpenSSH\;C:\WINDOWS\system32\config\systemprofile\.dnx\bin;C:\Program Files\Microsoft DNX\Dnvm\;C:\Program Files\Microsoft SQL Server\130\Tools\Binn\;C:\Program Files\nodejs\;C:\Program Files\dotnet\;C:\Program Files\Microsoft SQL Server\Client SDK\ODBC\170\Tools\Binn\;C:\Program Files\NetMake\v9-php73\components\php;D:\apache-maven-3.6.3\bin;C:\ProgramData\apache-maven-3.6.3\bin;D:\ASHOK I\Python\Scripts\;D:\ASHOK I\Python\;C:\Users\ashokkumar.i\AppData\Local\Microsoft\WindowsApps;C:\Users\ashokkumar.i\AppData\Roaming\npm;C:\Users\ashokkumar.i\AppData\Local\Programs\Microsoft VS Code\bin;C:\Users\ashokkumar.i\AppData\Local\JetBrains\PyCharm Community Edition 2019.3.4\bin;C:\Users\ashokkumar.i\.dotnet\tools;C:\Users\ashokkumar.i\AppData\Local\Programs\Git\cmd
USERNAME=ashokkumar.i
OS=Windows_NT
PROCESSOR_IDENTIFIER=Intel64 Family 6 Model 61 Stepping 4, GenuineIntel



---------------  S Y S T E M  ---------------

OS: Windows 10 , 64 bit Build 17134 (10.0.17134.1)
OS uptime: 1 days 0:36 hours

CPU:total 4 (initial active 4) (2 cores per cpu, 2 threads per core) family 6 model 61 stepping 4 microcode 0x2a, cmov, cx8, fxsr, mmx, sse, sse2, sse3, ssse3, sse4.1, sse4.2, popcnt, avx, avx2, aes, clmul, erms, 3dnowpref, lzcnt, ht, tsc, tscinvbit, bmi1, bmi2, adx, fma

Memory: 4k page, system-wide physical 8112M (1920M free)
TotalPageFile size 13232M (AvailPageFile size 3322M)
current process WorkingSet (physical memory assigned to process): 106M, peak: 340M
current process commit charge ("private bytes"): 386M, peak: 398M

vm_info: OpenJDK 64-Bit Server VM (11.0.10+9-LTS) for windows-amd64 JRE (11.0.10+9-LTS), built on Jan 12 2021 22:37:55 by "Administrator" with MS VC++ 15.9 (VS2017)

END.
