#
# A fatal error has been detected by the Java Runtime Environment:
#
#  EXCEPTION_ACCESS_VIOLATION (0xc0000005) at pc=0x00007ffe4cd60980, pid=13292, tid=10472
#
# JRE version: OpenJDK Runtime Environment Corretto-11.0.10.9.1 (11.0.10+9) (build 11.0.10+9-LTS)
# Java VM: OpenJDK 64-Bit Server VM Corretto-11.0.10.9.1 (11.0.10+9-LTS, mixed mode, tiered, compressed oops, g1 gc, windows-amd64)
# Problematic frame:
# V  [jvm.dll+0x350980]
#
# No core dump will be written. Minidumps are not enabled by default on client versions of Windows
#
# If you would like to submit a bug report, please visit:
#   https://github.com/corretto/corretto-11/issues/
#

---------------  S U M M A R Y ------------

Command Line: -agentlib:jdwp=transport=dt_socket,address=127.0.0.1:56631,suspend=y,server=n -javaagent:C:\Users\ashokkumar.i\AppData\Local\JetBrains\IdeaIC2020.2\captureAgent\debugger-agent.jar -Dfile.encoding=UTF-8 com.transport.TransportTrackingApplication

Host: Intel(R) Core(TM) i3-5005U CPU @ 2.00GHz, 4 cores, 7G,  Windows 10 , 64 bit Build 17134 (10.0.17134.1)
Time: Thu Jul 29 19:51:09 2021 Nepal Standard Time elapsed time: 42.625531 seconds (0d 0h 0m 42s)

---------------  T H R E A D  ---------------

Current thread (0x0000022a48866800):  JavaThread "C2 CompilerThread1" daemon [_thread_in_native, id=10472, stack(0x000000bfa8e00000,0x000000bfa8f00000)]


Current CompileTask:
C2:  42625 6885       4       org.springframework.core.annotation.AnnotationsScanner::process (49 bytes)

Stack: [0x000000bfa8e00000,0x000000bfa8f00000],  sp=0x000000bfa8efb840,  free space=1006k
Native frames: (J=compiled Java code, j=interpreted, Vv=VM code, C=native code)
V  [jvm.dll+0x350980]
V  [jvm.dll+0x34a3d0]
V  [jvm.dll+0x198b7e]
V  [jvm.dll+0x200632]
V  [jvm.dll+0x1ff70f]
V  [jvm.dll+0x1846ac]
V  [jvm.dll+0x20ea87]
V  [jvm.dll+0x20cc6b]
V  [jvm.dll+0x742069]
V  [jvm.dll+0x73b0d4]
V  [jvm.dll+0x5f2ea6]
C  [ucrtbase.dll+0x1c4ce]
C  [KERNEL32.DLL+0x13034]
C  [ntdll.dll+0x71471]


siginfo: EXCEPTION_ACCESS_VIOLATION (0xc0000005), reading address 0x00007ffe6d481cb8


Register to memory mapping:

RIP=0x00007ffe4cd60980 jvm.dll
RAX=0x0 is NULL
RBX=0x000000000000000b is an unknown value
RCX=0x0 is NULL
RDX=0x0000000000000008 is an unknown value
RSP=0x000000bfa8efb840 is pointing into the stack for thread: 0x0000022a48866800
RBP=0x0000000000000008 is an unknown value
RSI=0x00007ffe4d481cb8 jvm.dll
RDI=0x0000022a4628b1f8 points into unknown readable memory: 0x0000022a4c8bd510 | 10 d5 8b 4c 2a 02 00 00
R8 =0x00007ffe6d481cb8 is an unknown value
R9 =0x000000bfa8efb890 is pointing into the stack for thread: 0x0000022a48866800
R10=0x000000000000000b is an unknown value
R11=0x000000bfa8efb7a0 is pointing into the stack for thread: 0x0000022a48866800
R12=0x00007ffe4ca10000 jvm.dll
R13=0x0000022a440237b0 points into unknown readable memory: 0x0000022a511c0040 | 40 00 1c 51 2a 02 00 00
R14=0x0000000000000011 is an unknown value
R15=0x00007ffe4d481cb8 jvm.dll


Registers:
RAX=0x0000000000000000, RBX=0x000000000000000b, RCX=0x0000000000000000, RDX=0x0000000000000008
RSP=0x000000bfa8efb840, RBP=0x0000000000000008, RSI=0x00007ffe4d481cb8, RDI=0x0000022a4628b1f8
R8 =0x00007ffe6d481cb8, R9 =0x000000bfa8efb890, R10=0x000000000000000b, R11=0x000000bfa8efb7a0
R12=0x00007ffe4ca10000, R13=0x0000022a440237b0, R14=0x0000000000000011, R15=0x00007ffe4d481cb8
RIP=0x00007ffe4cd60980, EFLAGS=0x0000000000010246

Top of Stack: (sp=0x000000bfa8efb840)
0x000000bfa8efb840:   000000bfa8ef0000 0000000000000000
0x000000bfa8efb850:   00000000000008b0 0000022a45db8b00
0x000000bfa8efb860:   0000000000003bf1 00007ffe4cd5a3d0
0x000000bfa8efb870:   0000022a511dbf30 000000bfa8efb9c0
0x000000bfa8efb880:   0000000000003bf1 00007ffe4d29e0c0
0x000000bfa8efb890:   000002cf00000000 0000022a00000007
0x000000bfa8efb8a0:   00007ffe6d481cb8 0000000000000003
0x000000bfa8efb8b0:   0000022a54137240 000000000000009e
0x000000bfa8efb8c0:   0000022a514176f0 0000000000000000
0x000000bfa8efb8d0:   0000022a440237c0 0000000000000000
0x000000bfa8efb8e0:   000000bfa8efb9f0 00007ffe4cba8b7e
0x000000bfa8efb8f0:   000000bfa8efbd70 000000bfa8efbe58
0x000000bfa8efb900:   0000022a44023b98 00000000000003d8
0x000000bfa8efb910:   00007ffe4d258f00 000000000000000c
0x000000bfa8efb920:   0000000000000006 0000022a440237b0
0x000000bfa8efb930:   0000022a4e4a7f80 0000022a4e4ab8f0 

Instructions: (pc=0x00007ffe4cd60980)
0x00007ffe4cd60880:   58 4c 8b 64 24 50 48 8b c3 48 83 c4 20 41 5f 5f
0x00007ffe4cd60890:   5e 5d 5b c3 cc cc cc cc cc cc cc cc cc cc cc cc
0x00007ffe4cd608a0:   8b 02 45 33 c0 44 89 01 c7 41 08 08 00 00 00 85
0x00007ffe4cd608b0:   c0 75 12 c7 41 18 01 00 00 00 48 8b c1 c7 41 28
0x00007ffe4cd608c0:   01 00 00 00 c3 44 89 41 04 44 89 41 18 8b 82 90
0x00007ffe4cd608d0:   00 00 00 89 41 28 4c 89 41 10 48 8b 42 08 48 89
0x00007ffe4cd608e0:   41 20 48 8b c1 48 89 51 30 c3 cc cc cc cc cc cc
0x00007ffe4cd608f0:   48 83 ec 28 4c 8b c9 8b 49 08 83 f9 08 73 1c 4d
0x00007ffe4cd60900:   8b 51 10 44 8b c1 8d 51 01 43 83 3c 82 00 0f 85
0x00007ffe4cd60910:   0d 01 00 00 8b ca 83 fa 08 72 e8 45 8b 51 18 41
0x00007ffe4cd60920:   8b 41 28 48 89 5c 24 30 48 89 6c 24 38 48 89 74
0x00007ffe4cd60930:   24 40 48 89 7c 24 20 44 3b d0 0f 83 ba 00 00 00
0x00007ffe4cd60940:   8b 0d 76 d1 75 00 48 8d 35 6b 13 72 00 65 48 8b
0x00007ffe4cd60950:   04 25 58 00 00 00 bd 08 00 00 00 48 8d 3c c8 90
0x00007ffe4cd60960:   49 8b 41 20 41 8b da 4c 8b 04 d8 4c 3b c6 74 7a
0x00007ffe4cd60970:   33 c0 4d 89 41 10 33 c9 0f 1f 84 00 00 00 00 00
0x00007ffe4cd60980:   42 83 3c 01 00 8d 50 01 0f 85 be 00 00 00 48 83
0x00007ffe4cd60990:   c1 04 8b c2 83 fa 08 72 e7 4d 8b 59 30 4d 85 db
0x00007ffe4cd609a0:   74 48 49 8b 43 08 8b d5 48 03 17 4c 8b 04 d8 48
0x00007ffe4cd609b0:   8b 02 48 8b 88 d0 04 00 00 48 8b 81 88 00 00 00
0x00007ffe4cd609c0:   48 8b 88 90 08 00 00 49 89 08 48 8b 02 48 8b 88
0x00007ffe4cd609d0:   d0 04 00 00 48 8b 81 88 00 00 00 4c 89 80 90 08
0x00007ffe4cd609e0:   00 00 49 8b 43 08 48 89 34 d8 41 8b 41 28 41 ff
0x00007ffe4cd609f0:   c2 44 3b d0 0f 82 66 ff ff ff 41 89 41 18 33 c0
0x00007ffe4cd60a00:   41 c7 41 08 08 00 00 00 48 8b 74 24 40 48 8b 6c
0x00007ffe4cd60a10:   24 38 48 8b 5c 24 30 48 8b 7c 24 20 48 83 c4 28
0x00007ffe4cd60a20:   c3 41 8b 41 18 8d 0c c1 c1 e1 05 81 e9 00 01 00
0x00007ffe4cd60a30:   00 41 89 49 04 49 8b c9 43 8b 04 82 41 89 01 41
0x00007ffe4cd60a40:   89 51 08 48 83 c4 28 e9 64 ae e4 ff 42 8d 0c d0
0x00007ffe4cd60a50:   c1 e1 05 41 89 49 04 8b c8 41 8d 42 01 41 8b 0c
0x00007ffe4cd60a60:   88 41 89 09 49 8b c9 41 89 41 18 41 89 51 08 e8
0x00007ffe4cd60a70:   3c ae e4 ff eb 92 cc cc cc cc cc cc cc cc cc cc 


Stack slot to memory mapping:
stack at sp + 0 slots: 0x000000bfa8ef0000 is pointing into the stack for thread: 0x0000022a48866800
stack at sp + 1 slots: 0x0 is NULL
stack at sp + 2 slots: 0x00000000000008b0 is an unknown value
stack at sp + 3 slots: 0x0000022a45db8b00 points into unknown readable memory: 0x00000008000001b7 | b7 01 00 00 08 00 00 00
stack at sp + 4 slots: 0x0000000000003bf1 is an unknown value
stack at sp + 5 slots: 0x00007ffe4cd5a3d0 jvm.dll
stack at sp + 6 slots: 0x0000022a511dbf30 points into unknown readable memory: 0x0000000000000022 | 22 00 00 00 00 00 00 00
stack at sp + 7 slots: 0x000000bfa8efb9c0 is pointing into the stack for thread: 0x0000022a48866800


---------------  P R O C E S S  ---------------

Threads class SMR info:
_java_thread_list=0x0000022a4e7a1640, length=34, elements={
0x0000022a235e7800, 0x0000022a42573800, 0x0000022a42575000, 0x0000022a42def800,
0x0000022a42df2800, 0x0000022a42df4800, 0x0000022a42dfa000, 0x0000022a42e0b800,
0x0000022a42e2e800, 0x0000022a430bf800, 0x0000022a430e7800, 0x0000022a430e8800,
0x0000022a43188000, 0x0000022a449a0000, 0x0000022a45f04000, 0x0000022a474be000,
0x0000022a48e50800, 0x0000022a45fab000, 0x0000022a4acf1800, 0x0000022a4772a800,
0x0000022a47727000, 0x0000022a4772d800, 0x0000022a4772d000, 0x0000022a4772b000,
0x0000022a47728000, 0x0000022a47729000, 0x0000022a47729800, 0x0000022a4772c000,
0x0000022a4c15c000, 0x0000022a4c157000, 0x0000022a4c15c800, 0x0000022a4c15d800,
0x0000022a48866800, 0x0000022a4c157800
}

Java Threads: ( => current thread )
  0x0000022a235e7800 JavaThread "main" [_thread_in_Java, id=17980, stack(0x000000bfa7800000,0x000000bfa7900000)]
  0x0000022a42573800 JavaThread "Reference Handler" daemon [_thread_blocked, id=4356, stack(0x000000bfa7f00000,0x000000bfa8000000)]
  0x0000022a42575000 JavaThread "Finalizer" daemon [_thread_blocked, id=17776, stack(0x000000bfa8000000,0x000000bfa8100000)]
  0x0000022a42def800 JavaThread "Signal Dispatcher" daemon [_thread_blocked, id=19732, stack(0x000000bfa8100000,0x000000bfa8200000)]
  0x0000022a42df2800 JavaThread "Attach Listener" daemon [_thread_blocked, id=17484, stack(0x000000bfa8200000,0x000000bfa8300000)]
  0x0000022a42df4800 JavaThread "Service Thread" daemon [_thread_blocked, id=20284, stack(0x000000bfa8300000,0x000000bfa8400000)]
  0x0000022a42dfa000 JavaThread "C2 CompilerThread0" daemon [_thread_in_native, id=20348, stack(0x000000bfa8400000,0x000000bfa8500000)]
  0x0000022a42e0b800 JavaThread "C1 CompilerThread0" daemon [_thread_blocked, id=6220, stack(0x000000bfa8500000,0x000000bfa8600000)]
  0x0000022a42e2e800 JavaThread "Sweeper thread" daemon [_thread_blocked, id=16544, stack(0x000000bfa8600000,0x000000bfa8700000)]
  0x0000022a430bf800 JavaThread "Common-Cleaner" daemon [_thread_blocked, id=13272, stack(0x000000bfa8700000,0x000000bfa8800000)]
  0x0000022a430e7800 JavaThread "JDWP Transport Listener: dt_socket" daemon [_thread_blocked, id=17508, stack(0x000000bfa8800000,0x000000bfa8900000)]
  0x0000022a430e8800 JavaThread "JDWP Event Helper Thread" daemon [_thread_blocked, id=15476, stack(0x000000bfa8900000,0x000000bfa8a00000)]
  0x0000022a43188000 JavaThread "JDWP Command Reader" daemon [_thread_in_native, id=14616, stack(0x000000bfa8a00000,0x000000bfa8b00000)]
  0x0000022a449a0000 JavaThread "Catalina-utility-1" [_thread_blocked, id=16504, stack(0x000000bfa8f00000,0x000000bfa9000000)]
  0x0000022a45f04000 JavaThread "Catalina-utility-2" [_thread_blocked, id=19648, stack(0x000000bfa9100000,0x000000bfa9200000)]
  0x0000022a474be000 JavaThread "container-0" [_thread_blocked, id=18356, stack(0x000000bfa9200000,0x000000bfa9300000)]
  0x0000022a48e50800 JavaThread "mssql-jdbc-shared-timer-core-0" daemon [_thread_blocked, id=18224, stack(0x000000bfa9400000,0x000000bfa9500000)]
  0x0000022a45fab000 JavaThread "HikariPool-1 housekeeper" daemon [_thread_blocked, id=18572, stack(0x000000bfa9500000,0x000000bfa9600000)]
  0x0000022a4acf1800 JavaThread "task-1" [_thread_blocked, id=13656, stack(0x000000bfa9700000,0x000000bfa9800000)]
  0x0000022a4772a800 JavaThread "http-nio-8083-BlockPoller" daemon [_thread_in_native, id=8200, stack(0x000000bfa9600000,0x000000bfa9700000)]
  0x0000022a47727000 JavaThread "http-nio-8083-exec-1" daemon [_thread_blocked, id=12640, stack(0x000000bfa9800000,0x000000bfa9900000)]
  0x0000022a4772d800 JavaThread "http-nio-8083-exec-2" daemon [_thread_blocked, id=2320, stack(0x000000bfa9900000,0x000000bfa9a00000)]
  0x0000022a4772d000 JavaThread "http-nio-8083-exec-3" daemon [_thread_blocked, id=2456, stack(0x000000bfa9a00000,0x000000bfa9b00000)]
  0x0000022a4772b000 JavaThread "http-nio-8083-exec-4" daemon [_thread_blocked, id=12200, stack(0x000000bfa9b00000,0x000000bfa9c00000)]
  0x0000022a47728000 JavaThread "http-nio-8083-exec-5" daemon [_thread_blocked, id=17348, stack(0x000000bfa9c00000,0x000000bfa9d00000)]
  0x0000022a47729000 JavaThread "http-nio-8083-exec-6" daemon [_thread_blocked, id=8464, stack(0x000000bfa9d00000,0x000000bfa9e00000)]
  0x0000022a47729800 JavaThread "http-nio-8083-exec-7" daemon [_thread_blocked, id=19776, stack(0x000000bfa9e00000,0x000000bfa9f00000)]
  0x0000022a4772c000 JavaThread "http-nio-8083-exec-8" daemon [_thread_blocked, id=18920, stack(0x000000bfa9f00000,0x000000bfaa000000)]
  0x0000022a4c15c000 JavaThread "http-nio-8083-exec-9" daemon [_thread_blocked, id=5316, stack(0x000000bfaa000000,0x000000bfaa100000)]
  0x0000022a4c157000 JavaThread "http-nio-8083-exec-10" daemon [_thread_blocked, id=18884, stack(0x000000bfaa100000,0x000000bfaa200000)]
  0x0000022a4c15c800 JavaThread "http-nio-8083-ClientPoller" daemon [_thread_in_native, id=11108, stack(0x000000bfaa200000,0x000000bfaa300000)]
  0x0000022a4c15d800 JavaThread "http-nio-8083-Acceptor" daemon [_thread_in_native, id=5904, stack(0x000000bfaa300000,0x000000bfaa400000)]
=>0x0000022a48866800 JavaThread "C2 CompilerThread1" daemon [_thread_in_native, id=10472, stack(0x000000bfa8e00000,0x000000bfa8f00000)]
  0x0000022a4c157800 JavaThread "task-2" [_thread_blocked, id=17316, stack(0x000000bfaa500000,0x000000bfaa600000)]

Other Threads:
  0x0000022a4259e800 VMThread "VM Thread" [stack: 0x000000bfa7e00000,0x000000bfa7f00000] [id=19736]
  0x0000022a4319c800 WatcherThread [stack: 0x000000bfa8b00000,0x000000bfa8c00000] [id=14436]
  0x0000022a235ff800 GCTaskThread "GC Thread#0" [stack: 0x000000bfa7900000,0x000000bfa7a00000] [id=10332]
  0x0000022a43b62000 GCTaskThread "GC Thread#1" [stack: 0x000000bfa8c00000,0x000000bfa8d00000] [id=3416]
  0x0000022a43a8e800 GCTaskThread "GC Thread#2" [stack: 0x000000bfa8d00000,0x000000bfa8e00000] [id=6232]
  0x0000022a4406b800 GCTaskThread "GC Thread#3" [stack: 0x000000bfa9000000,0x000000bfa9100000] [id=18528]
  0x0000022a23631000 ConcurrentGCThread "G1 Main Marker" [stack: 0x000000bfa7a00000,0x000000bfa7b00000] [id=10272]
  0x0000022a23632800 ConcurrentGCThread "G1 Conc#0" [stack: 0x000000bfa7b00000,0x000000bfa7c00000] [id=20012]
  0x0000022a423df800 ConcurrentGCThread "G1 Refine#0" [stack: 0x000000bfa7c00000,0x000000bfa7d00000] [id=16100]
  0x0000022a423e1800 ConcurrentGCThread "G1 Young RemSet Sampling" [stack: 0x000000bfa7d00000,0x000000bfa7e00000] [id=19632]

Threads with active compile tasks:
C2 CompilerThread0  42904 7221   !   4       java.lang.reflect.Executable::declaredAnnotations (85 bytes)
C2 CompilerThread1  42904 6885       4       org.springframework.core.annotation.AnnotationsScanner::process (49 bytes)

VM state:not at safepoint (normal execution)

VM Mutex/Monitor currently owned by a thread: None

Heap address: 0x0000000081200000, size: 2030 MB, Compressed Oops mode: 32-bit
Narrow klass base: 0x0000000000000000, Narrow klass shift: 3
Compressed class space size: 1073741824 Address: 0x0000000100000000

Heap:
 garbage-first heap   total 157696K, used 42242K [0x0000000081200000, 0x0000000100000000)
  region size 1024K, 20 young (20480K), 11 survivors (11264K)
 Metaspace       used 69613K, capacity 71160K, committed 71432K, reserved 1112064K
  class space    used 8307K, capacity 8905K, committed 8960K, reserved 1048576K
Heap Regions: E=young(eden), S=young(survivor), O=old, HS=humongous(starts), HC=humongous(continues), CS=collection set, F=free, A=archive, TAMS=top-at-mark-start (previous, next)
|   0|0x0000000081200000, 0x0000000081300000, 0x0000000081300000|100%|HS|  |TAMS 0x0000000081300000, 0x0000000081200000| Complete 
|   1|0x0000000081300000, 0x0000000081400000, 0x0000000081400000|100%| O|  |TAMS 0x0000000081400000, 0x0000000081300000| Untracked 
|   2|0x0000000081400000, 0x0000000081500000, 0x0000000081500000|100%| O|  |TAMS 0x0000000081500000, 0x0000000081400000| Untracked 
|   3|0x0000000081500000, 0x0000000081600000, 0x0000000081600000|100%| O|  |TAMS 0x0000000081600000, 0x0000000081500000| Untracked 
|   4|0x0000000081600000, 0x0000000081700000, 0x0000000081700000|100%| O|  |TAMS 0x0000000081700000, 0x0000000081600000| Untracked 
|   5|0x0000000081700000, 0x0000000081800000, 0x0000000081800000|100%| O|  |TAMS 0x0000000081800000, 0x0000000081700000| Untracked 
|   6|0x0000000081800000, 0x0000000081900000, 0x0000000081900000|100%| O|  |TAMS 0x0000000081900000, 0x0000000081800000| Untracked 
|   7|0x0000000081900000, 0x0000000081a00000, 0x0000000081a00000|100%| O|  |TAMS 0x0000000081a00000, 0x0000000081900000| Untracked 
|   8|0x0000000081a00000, 0x0000000081b00000, 0x0000000081b00000|100%| O|  |TAMS 0x0000000081b00000, 0x0000000081a00000| Untracked 
|   9|0x0000000081b00000, 0x0000000081c00000, 0x0000000081c00000|100%| O|  |TAMS 0x0000000081c00000, 0x0000000081b00000| Untracked 
|  10|0x0000000081c00000, 0x0000000081d00000, 0x0000000081d00000|100%| O|  |TAMS 0x0000000081d00000, 0x0000000081c00000| Untracked 
|  11|0x0000000081d00000, 0x0000000081e00000, 0x0000000081e00000|100%| O|  |TAMS 0x0000000081e00000, 0x0000000081d00000| Untracked 
|  12|0x0000000081e00000, 0x0000000081f00000, 0x0000000081f00000|100%| O|  |TAMS 0x0000000081f00000, 0x0000000081e00000| Untracked 
|  13|0x0000000081f00000, 0x0000000082000000, 0x0000000082000000|100%| O|  |TAMS 0x0000000082000000, 0x0000000081f00000| Untracked 
|  14|0x0000000082000000, 0x0000000082100000, 0x0000000082100000|100%| O|  |TAMS 0x0000000082100000, 0x0000000082000000| Untracked 
|  15|0x0000000082100000, 0x0000000082200000, 0x0000000082200000|100%| O|  |TAMS 0x0000000082200000, 0x0000000082100000| Untracked 
|  16|0x0000000082200000, 0x0000000082300000, 0x0000000082300000|100%| O|  |TAMS 0x0000000082300000, 0x0000000082200000| Untracked 
|  17|0x0000000082300000, 0x0000000082400000, 0x0000000082400000|100%| O|  |TAMS 0x0000000082400000, 0x0000000082300000| Untracked 
|  18|0x0000000082400000, 0x0000000082500000, 0x0000000082500000|100%| O|  |TAMS 0x0000000082500000, 0x0000000082400000| Untracked 
|  19|0x0000000082500000, 0x0000000082600000, 0x0000000082600000|100%| O|  |TAMS 0x0000000082600000, 0x0000000082500000| Untracked 
|  20|0x0000000082600000, 0x0000000082700000, 0x0000000082700000|100%| O|  |TAMS 0x0000000082600000, 0x0000000082600000| Untracked 
|  21|0x0000000082700000, 0x0000000082800000, 0x0000000082800000|100%| O|  |TAMS 0x0000000082700000, 0x0000000082700000| Untracked 
|  22|0x0000000082800000, 0x0000000082900000, 0x0000000082900000|100%| O|  |TAMS 0x0000000082800000, 0x0000000082800000| Untracked 
|  23|0x0000000082900000, 0x0000000082900000, 0x0000000082a00000|  0%| F|  |TAMS 0x0000000082900000, 0x0000000082900000| Untracked 
|  24|0x0000000082a00000, 0x0000000082a00000, 0x0000000082b00000|  0%| F|  |TAMS 0x0000000082a00000, 0x0000000082a00000| Untracked 
|  25|0x0000000082b00000, 0x0000000082b00000, 0x0000000082c00000|  0%| F|  |TAMS 0x0000000082b00000, 0x0000000082b00000| Untracked 
|  26|0x0000000082c00000, 0x0000000082c00000, 0x0000000082d00000|  0%| F|  |TAMS 0x0000000082c00000, 0x0000000082c00000| Untracked 
|  27|0x0000000082d00000, 0x0000000082d00000, 0x0000000082e00000|  0%| F|  |TAMS 0x0000000082d00000, 0x0000000082d00000| Untracked 
|  28|0x0000000082e00000, 0x0000000082e00000, 0x0000000082f00000|  0%| F|  |TAMS 0x0000000082e00000, 0x0000000082e00000| Untracked 
|  29|0x0000000082f00000, 0x0000000082f00000, 0x0000000083000000|  0%| F|  |TAMS 0x0000000082f00000, 0x0000000082f00000| Untracked 
|  30|0x0000000083000000, 0x0000000083000000, 0x0000000083100000|  0%| F|  |TAMS 0x0000000083000000, 0x0000000083000000| Untracked 
|  31|0x0000000083100000, 0x0000000083100000, 0x0000000083200000|  0%| F|  |TAMS 0x0000000083100000, 0x0000000083100000| Untracked 
|  32|0x0000000083200000, 0x0000000083200000, 0x0000000083300000|  0%| F|  |TAMS 0x0000000083200000, 0x0000000083200000| Untracked 
|  33|0x0000000083300000, 0x0000000083300000, 0x0000000083400000|  0%| F|  |TAMS 0x0000000083300000, 0x0000000083300000| Untracked 
|  34|0x0000000083400000, 0x0000000083400000, 0x0000000083500000|  0%| F|  |TAMS 0x0000000083400000, 0x0000000083400000| Untracked 
|  35|0x0000000083500000, 0x0000000083500000, 0x0000000083600000|  0%| F|  |TAMS 0x0000000083500000, 0x0000000083500000| Untracked 
|  36|0x0000000083600000, 0x0000000083600000, 0x0000000083700000|  0%| F|  |TAMS 0x0000000083600000, 0x0000000083600000| Untracked 
|  37|0x0000000083700000, 0x0000000083700000, 0x0000000083800000|  0%| F|  |TAMS 0x0000000083700000, 0x0000000083700000| Untracked 
|  38|0x0000000083800000, 0x0000000083800000, 0x0000000083900000|  0%| F|  |TAMS 0x0000000083800000, 0x0000000083800000| Untracked 
|  39|0x0000000083900000, 0x0000000083900000, 0x0000000083a00000|  0%| F|  |TAMS 0x0000000083900000, 0x0000000083900000| Untracked 
|  40|0x0000000083a00000, 0x0000000083a00000, 0x0000000083b00000|  0%| F|  |TAMS 0x0000000083a00000, 0x0000000083a00000| Untracked 
|  41|0x0000000083b00000, 0x0000000083b00000, 0x0000000083c00000|  0%| F|  |TAMS 0x0000000083b00000, 0x0000000083b00000| Untracked 
|  42|0x0000000083c00000, 0x0000000083c00000, 0x0000000083d00000|  0%| F|  |TAMS 0x0000000083c00000, 0x0000000083c00000| Untracked 
|  43|0x0000000083d00000, 0x0000000083d00000, 0x0000000083e00000|  0%| F|  |TAMS 0x0000000083d00000, 0x0000000083d00000| Untracked 
|  44|0x0000000083e00000, 0x0000000083e00000, 0x0000000083f00000|  0%| F|  |TAMS 0x0000000083e00000, 0x0000000083e00000| Untracked 
|  45|0x0000000083f00000, 0x0000000083f00000, 0x0000000084000000|  0%| F|  |TAMS 0x0000000083f00000, 0x0000000083f00000| Untracked 
|  46|0x0000000084000000, 0x0000000084000000, 0x0000000084100000|  0%| F|  |TAMS 0x0000000084000000, 0x0000000084000000| Untracked 
|  47|0x0000000084100000, 0x0000000084100000, 0x0000000084200000|  0%| F|  |TAMS 0x0000000084100000, 0x0000000084100000| Untracked 
|  48|0x0000000084200000, 0x0000000084200000, 0x0000000084300000|  0%| F|  |TAMS 0x0000000084200000, 0x0000000084200000| Untracked 
|  49|0x0000000084300000, 0x0000000084300000, 0x0000000084400000|  0%| F|  |TAMS 0x0000000084300000, 0x0000000084300000| Untracked 
|  50|0x0000000084400000, 0x0000000084400000, 0x0000000084500000|  0%| F|  |TAMS 0x0000000084400000, 0x0000000084400000| Untracked 
|  51|0x0000000084500000, 0x0000000084540ad8, 0x0000000084600000| 25%| S|CS|TAMS 0x0000000084500000, 0x0000000084500000| Complete 
|  52|0x0000000084600000, 0x0000000084700000, 0x0000000084700000|100%| S|CS|TAMS 0x0000000084600000, 0x0000000084600000| Complete 
|  53|0x0000000084700000, 0x0000000084800000, 0x0000000084800000|100%| S|CS|TAMS 0x0000000084700000, 0x0000000084700000| Complete 
|  54|0x0000000084800000, 0x0000000084900000, 0x0000000084900000|100%| S|CS|TAMS 0x0000000084800000, 0x0000000084800000| Complete 
|  55|0x0000000084900000, 0x0000000084a00000, 0x0000000084a00000|100%| S|CS|TAMS 0x0000000084900000, 0x0000000084900000| Complete 
|  56|0x0000000084a00000, 0x0000000084b00000, 0x0000000084b00000|100%| S|CS|TAMS 0x0000000084a00000, 0x0000000084a00000| Complete 
|  57|0x0000000084b00000, 0x0000000084c00000, 0x0000000084c00000|100%| S|CS|TAMS 0x0000000084b00000, 0x0000000084b00000| Complete 
|  58|0x0000000084c00000, 0x0000000084d00000, 0x0000000084d00000|100%| S|CS|TAMS 0x0000000084c00000, 0x0000000084c00000| Complete 
|  59|0x0000000084d00000, 0x0000000084e00000, 0x0000000084e00000|100%| S|CS|TAMS 0x0000000084d00000, 0x0000000084d00000| Complete 
|  60|0x0000000084e00000, 0x0000000084f00000, 0x0000000084f00000|100%| S|CS|TAMS 0x0000000084e00000, 0x0000000084e00000| Complete 
|  61|0x0000000084f00000, 0x0000000084f00000, 0x0000000085000000|  0%| F|  |TAMS 0x0000000084f00000, 0x0000000084f00000| Untracked 
|  62|0x0000000085000000, 0x0000000085000000, 0x0000000085100000|  0%| F|  |TAMS 0x0000000085000000, 0x0000000085000000| Untracked 
|  63|0x0000000085100000, 0x0000000085100000, 0x0000000085200000|  0%| F|  |TAMS 0x0000000085100000, 0x0000000085100000| Untracked 
|  64|0x0000000085200000, 0x0000000085200000, 0x0000000085300000|  0%| F|  |TAMS 0x0000000085200000, 0x0000000085200000| Untracked 
|  65|0x0000000085300000, 0x0000000085300000, 0x0000000085400000|  0%| F|  |TAMS 0x0000000085300000, 0x0000000085300000| Untracked 
|  66|0x0000000085400000, 0x0000000085400000, 0x0000000085500000|  0%| F|  |TAMS 0x0000000085400000, 0x0000000085400000| Untracked 
|  67|0x0000000085500000, 0x0000000085600000, 0x0000000085600000|100%| S|CS|TAMS 0x0000000085500000, 0x0000000085500000| Complete 
|  68|0x0000000085600000, 0x0000000085600000, 0x0000000085700000|  0%| F|  |TAMS 0x0000000085600000, 0x0000000085600000| Untracked 
|  69|0x0000000085700000, 0x0000000085700000, 0x0000000085800000|  0%| F|  |TAMS 0x0000000085700000, 0x0000000085700000| Untracked 
|  70|0x0000000085800000, 0x0000000085800000, 0x0000000085900000|  0%| F|  |TAMS 0x0000000085800000, 0x0000000085800000| Untracked 
|  71|0x0000000085900000, 0x0000000085900000, 0x0000000085a00000|  0%| F|  |TAMS 0x0000000085900000, 0x0000000085900000| Untracked 
|  72|0x0000000085a00000, 0x0000000085a00000, 0x0000000085b00000|  0%| F|  |TAMS 0x0000000085a00000, 0x0000000085a00000| Untracked 
|  73|0x0000000085b00000, 0x0000000085b00000, 0x0000000085c00000|  0%| F|  |TAMS 0x0000000085b00000, 0x0000000085b00000| Untracked 
|  74|0x0000000085c00000, 0x0000000085c00000, 0x0000000085d00000|  0%| F|  |TAMS 0x0000000085c00000, 0x0000000085c00000| Untracked 
|  75|0x0000000085d00000, 0x0000000085d00000, 0x0000000085e00000|  0%| F|  |TAMS 0x0000000085d00000, 0x0000000085d00000| Untracked 
|  76|0x0000000085e00000, 0x0000000085e00000, 0x0000000085f00000|  0%| F|  |TAMS 0x0000000085e00000, 0x0000000085e00000| Untracked 
|  77|0x0000000085f00000, 0x0000000085f00000, 0x0000000086000000|  0%| F|  |TAMS 0x0000000085f00000, 0x0000000085f00000| Untracked 
|  78|0x0000000086000000, 0x0000000086000000, 0x0000000086100000|  0%| F|  |TAMS 0x0000000086000000, 0x0000000086000000| Untracked 
|  79|0x0000000086100000, 0x0000000086100000, 0x0000000086200000|  0%| F|  |TAMS 0x0000000086100000, 0x0000000086100000| Untracked 
|  80|0x0000000086200000, 0x0000000086200000, 0x0000000086300000|  0%| F|  |TAMS 0x0000000086200000, 0x0000000086200000| Untracked 
|  81|0x0000000086300000, 0x0000000086300000, 0x0000000086400000|  0%| F|  |TAMS 0x0000000086300000, 0x0000000086300000| Untracked 
|  82|0x0000000086400000, 0x0000000086400000, 0x0000000086500000|  0%| F|  |TAMS 0x0000000086400000, 0x0000000086400000| Untracked 
|  83|0x0000000086500000, 0x0000000086500000, 0x0000000086600000|  0%| F|  |TAMS 0x0000000086500000, 0x0000000086500000| Untracked 
|  84|0x0000000086600000, 0x0000000086600000, 0x0000000086700000|  0%| F|  |TAMS 0x0000000086600000, 0x0000000086600000| Untracked 
|  85|0x0000000086700000, 0x0000000086700000, 0x0000000086800000|  0%| F|  |TAMS 0x0000000086700000, 0x0000000086700000| Untracked 
|  86|0x0000000086800000, 0x0000000086800000, 0x0000000086900000|  0%| F|  |TAMS 0x0000000086800000, 0x0000000086800000| Untracked 
|  87|0x0000000086900000, 0x0000000086900000, 0x0000000086a00000|  0%| F|  |TAMS 0x0000000086900000, 0x0000000086900000| Untracked 
|  88|0x0000000086a00000, 0x0000000086a00000, 0x0000000086b00000|  0%| F|  |TAMS 0x0000000086a00000, 0x0000000086a00000| Untracked 
|  89|0x0000000086b00000, 0x0000000086b00000, 0x0000000086c00000|  0%| F|  |TAMS 0x0000000086b00000, 0x0000000086b00000| Untracked 
|  90|0x0000000086c00000, 0x0000000086c00000, 0x0000000086d00000|  0%| F|  |TAMS 0x0000000086c00000, 0x0000000086c00000| Untracked 
|  91|0x0000000086d00000, 0x0000000086d00000, 0x0000000086e00000|  0%| F|  |TAMS 0x0000000086d00000, 0x0000000086d00000| Untracked 
|  92|0x0000000086e00000, 0x0000000086e00000, 0x0000000086f00000|  0%| F|  |TAMS 0x0000000086e00000, 0x0000000086e00000| Untracked 
|  93|0x0000000086f00000, 0x0000000086f00000, 0x0000000087000000|  0%| F|  |TAMS 0x0000000086f00000, 0x0000000086f00000| Untracked 
|  94|0x0000000087000000, 0x0000000087000000, 0x0000000087100000|  0%| F|  |TAMS 0x0000000087000000, 0x0000000087000000| Untracked 
|  95|0x0000000087100000, 0x0000000087100000, 0x0000000087200000|  0%| F|  |TAMS 0x0000000087100000, 0x0000000087100000| Untracked 
|  96|0x0000000087200000, 0x0000000087200000, 0x0000000087300000|  0%| F|  |TAMS 0x0000000087200000, 0x0000000087200000| Untracked 
|  97|0x0000000087300000, 0x0000000087300000, 0x0000000087400000|  0%| F|  |TAMS 0x0000000087300000, 0x0000000087300000| Untracked 
|  98|0x0000000087400000, 0x0000000087400000, 0x0000000087500000|  0%| F|  |TAMS 0x0000000087400000, 0x0000000087400000| Untracked 
|  99|0x0000000087500000, 0x0000000087500000, 0x0000000087600000|  0%| F|  |TAMS 0x0000000087500000, 0x0000000087500000| Untracked 
| 100|0x0000000087600000, 0x0000000087600000, 0x0000000087700000|  0%| F|  |TAMS 0x0000000087600000, 0x0000000087600000| Untracked 
| 101|0x0000000087700000, 0x0000000087700000, 0x0000000087800000|  0%| F|  |TAMS 0x0000000087700000, 0x0000000087700000| Untracked 
| 102|0x0000000087800000, 0x0000000087800000, 0x0000000087900000|  0%| F|  |TAMS 0x0000000087800000, 0x0000000087800000| Untracked 
| 103|0x0000000087900000, 0x0000000087900000, 0x0000000087a00000|  0%| F|  |TAMS 0x0000000087900000, 0x0000000087900000| Untracked 
| 104|0x0000000087a00000, 0x0000000087a00000, 0x0000000087b00000|  0%| F|  |TAMS 0x0000000087a00000, 0x0000000087a00000| Untracked 
| 105|0x0000000087b00000, 0x0000000087b00000, 0x0000000087c00000|  0%| F|  |TAMS 0x0000000087b00000, 0x0000000087b00000| Untracked 
| 106|0x0000000087c00000, 0x0000000087c00000, 0x0000000087d00000|  0%| F|  |TAMS 0x0000000087c00000, 0x0000000087c00000| Untracked 
| 107|0x0000000087d00000, 0x0000000087d00000, 0x0000000087e00000|  0%| F|  |TAMS 0x0000000087d00000, 0x0000000087d00000| Untracked 
| 108|0x0000000087e00000, 0x0000000087e00000, 0x0000000087f00000|  0%| F|  |TAMS 0x0000000087e00000, 0x0000000087e00000| Untracked 
| 109|0x0000000087f00000, 0x0000000087f00000, 0x0000000088000000|  0%| F|  |TAMS 0x0000000087f00000, 0x0000000087f00000| Untracked 
| 110|0x0000000088000000, 0x0000000088000000, 0x0000000088100000|  0%| F|  |TAMS 0x0000000088000000, 0x0000000088000000| Untracked 
| 111|0x0000000088100000, 0x0000000088100000, 0x0000000088200000|  0%| F|  |TAMS 0x0000000088100000, 0x0000000088100000| Untracked 
| 112|0x0000000088200000, 0x0000000088200000, 0x0000000088300000|  0%| F|  |TAMS 0x0000000088200000, 0x0000000088200000| Untracked 
| 113|0x0000000088300000, 0x0000000088300000, 0x0000000088400000|  0%| F|  |TAMS 0x0000000088300000, 0x0000000088300000| Untracked 
| 114|0x0000000088400000, 0x0000000088400000, 0x0000000088500000|  0%| F|  |TAMS 0x0000000088400000, 0x0000000088400000| Untracked 
| 115|0x0000000088500000, 0x0000000088500000, 0x0000000088600000|  0%| F|  |TAMS 0x0000000088500000, 0x0000000088500000| Untracked 
| 116|0x0000000088600000, 0x0000000088600000, 0x0000000088700000|  0%| F|  |TAMS 0x0000000088600000, 0x0000000088600000| Untracked 
| 117|0x0000000088700000, 0x0000000088700000, 0x0000000088800000|  0%| F|  |TAMS 0x0000000088700000, 0x0000000088700000| Untracked 
| 118|0x0000000088800000, 0x0000000088800000, 0x0000000088900000|  0%| F|  |TAMS 0x0000000088800000, 0x0000000088800000| Untracked 
| 119|0x0000000088900000, 0x0000000088900000, 0x0000000088a00000|  0%| F|  |TAMS 0x0000000088900000, 0x0000000088900000| Untracked 
| 120|0x0000000088a00000, 0x0000000088a00000, 0x0000000088b00000|  0%| F|  |TAMS 0x0000000088a00000, 0x0000000088a00000| Untracked 
| 121|0x0000000088b00000, 0x0000000088b00000, 0x0000000088c00000|  0%| F|  |TAMS 0x0000000088b00000, 0x0000000088b00000| Untracked 
| 122|0x0000000088c00000, 0x0000000088c00000, 0x0000000088d00000|  0%| F|  |TAMS 0x0000000088c00000, 0x0000000088c00000| Untracked 
| 123|0x0000000088d00000, 0x0000000088d00000, 0x0000000088e00000|  0%| F|  |TAMS 0x0000000088d00000, 0x0000000088d00000| Untracked 
| 124|0x0000000088e00000, 0x0000000088e00000, 0x0000000088f00000|  0%| F|  |TAMS 0x0000000088e00000, 0x0000000088e00000| Untracked 
| 125|0x0000000088f00000, 0x0000000088f00000, 0x0000000089000000|  0%| F|  |TAMS 0x0000000088f00000, 0x0000000088f00000| Untracked 
| 126|0x0000000089000000, 0x0000000089000000, 0x0000000089100000|  0%| F|  |TAMS 0x0000000089000000, 0x0000000089000000| Untracked 
| 127|0x0000000089100000, 0x0000000089100000, 0x0000000089200000|  0%| F|  |TAMS 0x0000000089100000, 0x0000000089100000| Untracked 
| 128|0x0000000089200000, 0x0000000089200000, 0x0000000089300000|  0%| F|  |TAMS 0x0000000089200000, 0x0000000089200000| Untracked 
| 129|0x0000000089300000, 0x0000000089300000, 0x0000000089400000|  0%| F|  |TAMS 0x0000000089300000, 0x0000000089300000| Untracked 
| 130|0x0000000089400000, 0x0000000089400000, 0x0000000089500000|  0%| F|  |TAMS 0x0000000089400000, 0x0000000089400000| Untracked 
| 131|0x0000000089500000, 0x0000000089500000, 0x0000000089600000|  0%| F|  |TAMS 0x0000000089500000, 0x0000000089500000| Untracked 
| 132|0x0000000089600000, 0x0000000089600000, 0x0000000089700000|  0%| F|  |TAMS 0x0000000089600000, 0x0000000089600000| Untracked 
| 133|0x0000000089700000, 0x0000000089700000, 0x0000000089800000|  0%| F|  |TAMS 0x0000000089700000, 0x0000000089700000| Untracked 
| 134|0x0000000089800000, 0x0000000089800000, 0x0000000089900000|  0%| F|  |TAMS 0x0000000089800000, 0x0000000089800000| Untracked 
| 135|0x0000000089900000, 0x0000000089900000, 0x0000000089a00000|  0%| F|  |TAMS 0x0000000089900000, 0x0000000089900000| Untracked 
| 136|0x0000000089a00000, 0x0000000089a00000, 0x0000000089b00000|  0%| F|  |TAMS 0x0000000089a00000, 0x0000000089a00000| Untracked 
| 137|0x0000000089b00000, 0x0000000089b00000, 0x0000000089c00000|  0%| F|  |TAMS 0x0000000089b00000, 0x0000000089b00000| Untracked 
| 138|0x0000000089c00000, 0x0000000089c00000, 0x0000000089d00000|  0%| F|  |TAMS 0x0000000089c00000, 0x0000000089c00000| Untracked 
| 139|0x0000000089d00000, 0x0000000089d00000, 0x0000000089e00000|  0%| F|  |TAMS 0x0000000089d00000, 0x0000000089d00000| Untracked 
| 140|0x0000000089e00000, 0x0000000089e00000, 0x0000000089f00000|  0%| F|  |TAMS 0x0000000089e00000, 0x0000000089e00000| Untracked 
| 141|0x0000000089f00000, 0x0000000089f00000, 0x000000008a000000|  0%| F|  |TAMS 0x0000000089f00000, 0x0000000089f00000| Untracked 
| 142|0x000000008a000000, 0x000000008a000000, 0x000000008a100000|  0%| F|  |TAMS 0x000000008a000000, 0x000000008a000000| Untracked 
| 143|0x000000008a100000, 0x000000008a100000, 0x000000008a200000|  0%| F|  |TAMS 0x000000008a100000, 0x000000008a100000| Untracked 
| 144|0x000000008a200000, 0x000000008a200000, 0x000000008a300000|  0%| F|  |TAMS 0x000000008a200000, 0x000000008a200000| Untracked 
| 145|0x000000008a300000, 0x000000008a400000, 0x000000008a400000|100%| E|  |TAMS 0x000000008a300000, 0x000000008a300000| Complete 
| 146|0x000000008a400000, 0x000000008a500000, 0x000000008a500000|100%| E|CS|TAMS 0x000000008a400000, 0x000000008a400000| Complete 
| 147|0x000000008a500000, 0x000000008a600000, 0x000000008a600000|100%| E|CS|TAMS 0x000000008a500000, 0x000000008a500000| Complete 
| 148|0x000000008a600000, 0x000000008a700000, 0x000000008a700000|100%| E|CS|TAMS 0x000000008a600000, 0x000000008a600000| Complete 
| 149|0x000000008a700000, 0x000000008a800000, 0x000000008a800000|100%| E|CS|TAMS 0x000000008a700000, 0x000000008a700000| Complete 
| 150|0x000000008a800000, 0x000000008a900000, 0x000000008a900000|100%| E|CS|TAMS 0x000000008a800000, 0x000000008a800000| Complete 
| 151|0x000000008a900000, 0x000000008aa00000, 0x000000008aa00000|100%| E|CS|TAMS 0x000000008a900000, 0x000000008a900000| Complete 
| 152|0x000000008aa00000, 0x000000008ab00000, 0x000000008ab00000|100%| E|CS|TAMS 0x000000008aa00000, 0x000000008aa00000| Complete 
| 153|0x000000008ab00000, 0x000000008ac00000, 0x000000008ac00000|100%| E|CS|TAMS 0x000000008ab00000, 0x000000008ab00000| Complete 

Card table byte_map: [0x0000022a3b7e0000,0x0000022a3bbe0000] _byte_map_base: 0x0000022a3b3d7000

Marking Bits (Prev, Next): (CMBitMap*) 0x0000022a236286e0, (CMBitMap*) 0x0000022a236286a8
 Prev Bits: [0x0000022a3dfa0000, 0x0000022a3ff58000)
 Next Bits: [0x0000022a3bfe0000, 0x0000022a3df98000)

Polling page: 0x0000022a21c70000

Metaspace:

Usage:
  Non-class:     60.80 MB capacity,    59.87 MB ( 98%) used,   734.03 KB (  1%) free+waste,   215.00 KB ( <1%) overhead. 
      Class:      8.70 MB capacity,     8.11 MB ( 93%) used,   503.63 KB (  6%) free+waste,    94.00 KB (  1%) overhead. 
       Both:     69.49 MB capacity,    67.98 MB ( 98%) used,     1.21 MB (  2%) free+waste,   309.00 KB ( <1%) overhead. 

Virtual space:
  Non-class space:       62.00 MB reserved,      61.01 MB ( 98%) committed 
      Class space:        1.00 GB reserved,       8.75 MB ( <1%) committed 
             Both:        1.06 GB reserved,      69.76 MB (  6%) committed 

Chunk freelists:
   Non-Class:  25.00 KB
       Class:  0 bytes
        Both:  25.00 KB

MaxMetaspaceSize: 17179869184.00 GB
CompressedClassSpaceSize: 1.00 GB

CodeHeap 'non-profiled nmethods': size=120064Kb used=5164Kb max_used=5164Kb free=114900Kb
 bounds [0x0000022a33970000, 0x0000022a33e80000, 0x0000022a3aeb0000]
CodeHeap 'profiled nmethods': size=120000Kb used=16035Kb max_used=16035Kb free=103964Kb
 bounds [0x0000022a2c440000, 0x0000022a2d3f0000, 0x0000022a33970000]
CodeHeap 'non-nmethods': size=5696Kb used=1322Kb max_used=1386Kb free=4373Kb
 bounds [0x0000022a2beb0000, 0x0000022a2c120000, 0x0000022a2c440000]
 total_blobs=7939 nmethods=7332 adapters=525
 compilation: enabled
              stopped_count=0, restarted_count=0
 full_count=0

Compilation events (20 events):
Event: 42.534 Thread 0x0000022a42e0b800 nmethod 7508 0x0000022a2d3b7110 code [0x0000022a2d3b72c0, 0x0000022a2d3b74c8]
Event: 42.534 Thread 0x0000022a42e0b800 7509       2       org.springframework.data.mapping.model.AnnotationBasedPersistentProperty::<init> (133 bytes)
Event: 42.538 Thread 0x0000022a42e0b800 nmethod 7509 0x0000022a2d3b7690 code [0x0000022a2d3b7940, 0x0000022a2d3b89e8]
Event: 42.539 Thread 0x0000022a42e0b800 7510       2       org.springframework.data.mapping.model.Property$$Lambda$807/0x0000000100839040::apply (8 bytes)
Event: 42.539 Thread 0x0000022a42e0b800 nmethod 7510 0x0000022a2d3b9090 code [0x0000022a2d3b9240, 0x0000022a2d3b9378]
Event: 42.539 Thread 0x0000022a42e0b800 7511       2       org.springframework.data.mapping.model.AbstractPersistentProperty$$Lambda$809/0x0000000100839840::get$Lambda (9 bytes)
Event: 42.539 Thread 0x0000022a42e0b800 nmethod 7511 0x0000022a2d3b9490 code [0x0000022a2d3b9640, 0x0000022a2d3b97b8]
Event: 42.539 Thread 0x0000022a42e0b800 7512       2       org.springframework.data.mapping.model.AbstractPersistentProperty$$Lambda$810/0x0000000100839c40::get$Lambda (9 bytes)
Event: 42.540 Thread 0x0000022a42e0b800 nmethod 7512 0x0000022a2d3b9890 code [0x0000022a2d3b9a40, 0x0000022a2d3b9bb8]
Event: 42.540 Thread 0x0000022a42e0b800 7513       2       org.springframework.data.mapping.model.AbstractPersistentProperty$$Lambda$811/0x000000010083a040::get$Lambda (10 bytes)
Event: 42.540 Thread 0x0000022a42e0b800 nmethod 7513 0x0000022a2d3b9c90 code [0x0000022a2d3b9e40, 0x0000022a2d3ba038]
Event: 42.540 Thread 0x0000022a42e0b800 7514       2       org.springframework.data.mapping.model.AbstractPersistentProperty$$Lambda$812/0x000000010083a440::get$Lambda (10 bytes)
Event: 42.541 Thread 0x0000022a42e0b800 nmethod 7514 0x0000022a2d3ba110 code [0x0000022a2d3ba2c0, 0x0000022a2d3ba4b8]
Event: 42.541 Thread 0x0000022a42e0b800 7515       2       org.springframework.data.mapping.model.Property::getWither (11 bytes)
Event: 42.541 Thread 0x0000022a42e0b800 nmethod 7515 0x0000022a2d3ba590 code [0x0000022a2d3ba760, 0x0000022a2d3ba998]
Event: 42.541 Thread 0x0000022a42e0b800 7516       2       org.springframework.data.mapping.model.Property$$Lambda$805/0x0000000100838840::get (12 bytes)
Event: 42.542 Thread 0x0000022a42e0b800 nmethod 7516 0x0000022a2d3bab10 code [0x0000022a2d3bad00, 0x0000022a2d3baf68]
Event: 42.542 Thread 0x0000022a42e0b800 7517       2       org.springframework.data.mapping.model.Property::lambda$new$10 (13 bytes)
Event: 42.543 Thread 0x0000022a42e0b800 nmethod 7517 0x0000022a2d3bb190 code [0x0000022a2d3bb380, 0x0000022a2d3bb5e8]
Event: 42.543 Thread 0x0000022a42e0b800 7518       2       org.springframework.data.mapping.model.Property::findWither (76 bytes)

GC Heap History (20 events):
Event: 7.154 GC heap before
{Heap before GC invocations=3 (full 0):
 garbage-first heap   total 131072K, used 38134K [0x0000000081200000, 0x0000000100000000)
  region size 1024K, 32 young (32768K), 2 survivors (2048K)
 Metaspace       used 20701K, capacity 21159K, committed 21296K, reserved 1069056K
  class space    used 2213K, capacity 2388K, committed 2432K, reserved 1048576K
}
Event: 7.164 GC heap after
{Heap after GC invocations=4 (full 0):
 garbage-first heap   total 131072K, used 10114K [0x0000000081200000, 0x0000000100000000)
  region size 1024K, 3 young (3072K), 3 survivors (3072K)
 Metaspace       used 20701K, capacity 21159K, committed 21296K, reserved 1069056K
  class space    used 2213K, capacity 2388K, committed 2432K, reserved 1048576K
}
Event: 9.790 GC heap before
{Heap before GC invocations=5 (full 0):
 garbage-first heap   total 131072K, used 56194K [0x0000000081200000, 0x0000000100000000)
  region size 1024K, 49 young (50176K), 3 survivors (3072K)
 Metaspace       used 23951K, capacity 24482K, committed 24624K, reserved 1071104K
  class space    used 2636K, capacity 2849K, committed 2944K, reserved 1048576K
}
Event: 9.800 GC heap after
{Heap after GC invocations=6 (full 0):
 garbage-first heap   total 131072K, used 11482K [0x0000000081200000, 0x0000000100000000)
  region size 1024K, 4 young (4096K), 4 survivors (4096K)
 Metaspace       used 23951K, capacity 24482K, committed 24624K, reserved 1071104K
  class space    used 2636K, capacity 2849K, committed 2944K, reserved 1048576K
}
Event: 14.100 GC heap before
{Heap before GC invocations=6 (full 0):
 garbage-first heap   total 131072K, used 79066K [0x0000000081200000, 0x0000000100000000)
  region size 1024K, 71 young (72704K), 4 survivors (4096K)
 Metaspace       used 29269K, capacity 29995K, committed 30128K, reserved 1075200K
  class space    used 3255K, capacity 3523K, committed 3584K, reserved 1048576K
}
Event: 14.118 GC heap after
{Heap after GC invocations=7 (full 0):
 garbage-first heap   total 131072K, used 13667K [0x0000000081200000, 0x0000000100000000)
  region size 1024K, 6 young (6144K), 6 survivors (6144K)
 Metaspace       used 29269K, capacity 29995K, committed 30128K, reserved 1075200K
  class space    used 3255K, capacity 3523K, committed 3584K, reserved 1048576K
}
Event: 18.709 GC heap before
{Heap before GC invocations=7 (full 0):
 garbage-first heap   total 131072K, used 49507K [0x0000000081200000, 0x0000000100000000)
  region size 1024K, 42 young (43008K), 6 survivors (6144K)
 Metaspace       used 34958K, capacity 35841K, committed 35920K, reserved 1081344K
  class space    used 3966K, capacity 4332K, committed 4352K, reserved 1048576K
}
Event: 18.760 GC heap after
{Heap after GC invocations=8 (full 0):
 garbage-first heap   total 131072K, used 16055K [0x0000000081200000, 0x0000000100000000)
  region size 1024K, 8 young (8192K), 8 survivors (8192K)
 Metaspace       used 34958K, capacity 35841K, committed 35920K, reserved 1081344K
  class space    used 3966K, capacity 4332K, committed 4352K, reserved 1048576K
}
Event: 22.437 GC heap before
{Heap before GC invocations=9 (full 0):
 garbage-first heap   total 131072K, used 84663K [0x0000000081200000, 0x0000000100000000)
  region size 1024K, 76 young (77824K), 8 survivors (8192K)
 Metaspace       used 38647K, capacity 39658K, committed 39888K, reserved 1085440K
  class space    used 4341K, capacity 4727K, committed 4736K, reserved 1048576K
}
Event: 22.461 GC heap after
{Heap after GC invocations=10 (full 0):
 garbage-first heap   total 131072K, used 18411K [0x0000000081200000, 0x0000000100000000)
  region size 1024K, 8 young (8192K), 8 survivors (8192K)
 Metaspace       used 38647K, capacity 39658K, committed 39888K, reserved 1085440K
  class space    used 4341K, capacity 4727K, committed 4736K, reserved 1048576K
}
Event: 26.299 GC heap before
{Heap before GC invocations=10 (full 0):
 garbage-first heap   total 131072K, used 88043K [0x0000000081200000, 0x0000000100000000)
  region size 1024K, 76 young (77824K), 8 survivors (8192K)
 Metaspace       used 48097K, capacity 49172K, committed 49232K, reserved 1093632K
  class space    used 5445K, capacity 5860K, committed 5888K, reserved 1048576K
}
Event: 26.320 GC heap after
{Heap after GC invocations=11 (full 0):
 garbage-first heap   total 131072K, used 21350K [0x0000000081200000, 0x0000000100000000)
  region size 1024K, 8 young (8192K), 8 survivors (8192K)
 Metaspace       used 48097K, capacity 49172K, committed 49232K, reserved 1093632K
  class space    used 5445K, capacity 5860K, committed 5888K, reserved 1048576K
}
Event: 31.124 GC heap before
{Heap before GC invocations=11 (full 0):
 garbage-first heap   total 131072K, used 90982K [0x0000000081200000, 0x0000000100000000)
  region size 1024K, 76 young (77824K), 8 survivors (8192K)
 Metaspace       used 54435K, capacity 55650K, committed 55888K, reserved 1097728K
  class space    used 6379K, capacity 6871K, committed 6912K, reserved 1048576K
}
Event: 31.150 GC heap after
{Heap after GC invocations=12 (full 0):
 garbage-first heap   total 131072K, used 24172K [0x0000000081200000, 0x0000000100000000)
  region size 1024K, 8 young (8192K), 8 survivors (8192K)
 Metaspace       used 54435K, capacity 55650K, committed 55888K, reserved 1097728K
  class space    used 6379K, capacity 6871K, committed 6912K, reserved 1048576K
}
Event: 34.439 GC heap before
{Heap before GC invocations=12 (full 0):
 garbage-first heap   total 131072K, used 78444K [0x0000000081200000, 0x0000000100000000)
  region size 1024K, 63 young (64512K), 8 survivors (8192K)
 Metaspace       used 58934K, capacity 60133K, committed 60296K, reserved 1101824K
  class space    used 6963K, capacity 7448K, committed 7552K, reserved 1048576K
}
Event: 34.477 GC heap after
{Heap after GC invocations=13 (full 0):
 garbage-first heap   total 131072K, used 27343K [0x0000000081200000, 0x0000000100000000)
  region size 1024K, 7 young (7168K), 7 survivors (7168K)
 Metaspace       used 58934K, capacity 60133K, committed 60296K, reserved 1101824K
  class space    used 6963K, capacity 7448K, committed 7552K, reserved 1048576K
}
Event: 36.545 GC heap before
{Heap before GC invocations=14 (full 0):
 garbage-first heap   total 131072K, used 97999K [0x0000000081200000, 0x0000000100000000)
  region size 1024K, 76 young (77824K), 7 survivors (7168K)
 Metaspace       used 62293K, capacity 63599K, committed 63880K, reserved 1105920K
  class space    used 7462K, capacity 7976K, committed 8064K, reserved 1048576K
}
Event: 36.568 GC heap after
{Heap after GC invocations=15 (full 0):
 garbage-first heap   total 157696K, used 28279K [0x0000000081200000, 0x0000000100000000)
  region size 1024K, 5 young (5120K), 5 survivors (5120K)
 Metaspace       used 62293K, capacity 63599K, committed 63880K, reserved 1105920K
  class space    used 7462K, capacity 7976K, committed 8064K, reserved 1048576K
}
Event: 38.047 GC heap before
{Heap before GC invocations=15 (full 0):
 garbage-first heap   total 157696K, used 117367K [0x0000000081200000, 0x0000000100000000)
  region size 1024K, 92 young (94208K), 5 survivors (5120K)
 Metaspace       used 62640K, capacity 63952K, committed 64136K, reserved 1105920K
  class space    used 7477K, capacity 8008K, committed 8064K, reserved 1048576K
}
Event: 38.061 GC heap after
{Heap after GC invocations=16 (full 0):
 garbage-first heap   total 157696K, used 29383K [0x0000000081200000, 0x0000000100000000)
  region size 1024K, 6 young (6144K), 6 survivors (6144K)
 Metaspace       used 62640K, capacity 63952K, committed 64136K, reserved 1105920K
  class space    used 7477K, capacity 8008K, committed 8064K, reserved 1048576K
}

Deoptimization events (20 events):
Event: 42.517 Thread 0x0000022a235e7800 DEOPT PACKING pc=0x0000022a2c590c54 sp=0x000000bfa78fcb50
Event: 42.517 Thread 0x0000022a235e7800 DEOPT UNPACKING pc=0x0000022a2beec1ce sp=0x000000bfa78fc008 mode 1
Event: 42.518 Thread 0x0000022a235e7800 DEOPT PACKING pc=0x0000022a2c63eebc sp=0x000000bfa78fd5f0
Event: 42.518 Thread 0x0000022a235e7800 DEOPT UNPACKING pc=0x0000022a2beec1ce sp=0x000000bfa78fcae0 mode 1
Event: 42.518 Thread 0x0000022a235e7800 DEOPT PACKING pc=0x0000022a2c85fe0c sp=0x000000bfa78fd630
Event: 42.518 Thread 0x0000022a235e7800 DEOPT UNPACKING pc=0x0000022a2beec1ce sp=0x000000bfa78fcb00 mode 1
Event: 42.519 Thread 0x0000022a235e7800 DEOPT PACKING pc=0x0000022a2c59680c sp=0x000000bfa78fcbf0
Event: 42.519 Thread 0x0000022a235e7800 DEOPT UNPACKING pc=0x0000022a2beec1ce sp=0x000000bfa78fc088 mode 1
Event: 42.519 Thread 0x0000022a235e7800 DEOPT PACKING pc=0x0000022a2c590c54 sp=0x000000bfa78fccc0
Event: 42.519 Thread 0x0000022a235e7800 DEOPT UNPACKING pc=0x0000022a2beec1ce sp=0x000000bfa78fc178 mode 1
Event: 42.519 Thread 0x0000022a235e7800 DEOPT PACKING pc=0x0000022a2c63eebc sp=0x000000bfa78fd760
Event: 42.519 Thread 0x0000022a235e7800 DEOPT UNPACKING pc=0x0000022a2beec1ce sp=0x000000bfa78fcc50 mode 1
Event: 42.519 Thread 0x0000022a235e7800 DEOPT PACKING pc=0x0000022a2c59680c sp=0x000000bfa78fcb90
Event: 42.519 Thread 0x0000022a235e7800 DEOPT UNPACKING pc=0x0000022a2beec1ce sp=0x000000bfa78fc028 mode 1
Event: 42.519 Thread 0x0000022a235e7800 DEOPT PACKING pc=0x0000022a2c590c54 sp=0x000000bfa78fcc60
Event: 42.519 Thread 0x0000022a235e7800 DEOPT UNPACKING pc=0x0000022a2beec1ce sp=0x000000bfa78fc118 mode 1
Event: 42.519 Thread 0x0000022a235e7800 DEOPT PACKING pc=0x0000022a2c63eebc sp=0x000000bfa78fd700
Event: 42.519 Thread 0x0000022a235e7800 DEOPT UNPACKING pc=0x0000022a2beec1ce sp=0x000000bfa78fcbf0 mode 1
Event: 42.520 Thread 0x0000022a235e7800 DEOPT PACKING pc=0x0000022a2c85fe0c sp=0x000000bfa78fd740
Event: 42.520 Thread 0x0000022a235e7800 DEOPT UNPACKING pc=0x0000022a2beec1ce sp=0x000000bfa78fcc10 mode 1

Classes redefined (0 events):
No events

Internal exceptions (20 events):
Event: 41.981 Thread 0x0000022a235e7800 Exception <a 'java/lang/reflect/InvocationTargetException'{0x0000000086821050}> (0x0000000086821050) thrown at [./src/hotspot/share/runtime/reflection.cpp, line 1247]
Event: 41.993 Thread 0x0000022a235e7800 Exception <a 'java/lang/reflect/InvocationTargetException'{0x000000008683cdb0}> (0x000000008683cdb0) thrown at [./src/hotspot/share/runtime/reflection.cpp, line 1247]
Event: 42.001 Thread 0x0000022a235e7800 Exception <a 'java/lang/reflect/InvocationTargetException'{0x000000008685a2a0}> (0x000000008685a2a0) thrown at [./src/hotspot/share/runtime/reflection.cpp, line 1247]
Event: 42.008 Thread 0x0000022a235e7800 Exception <a 'java/lang/reflect/InvocationTargetException'{0x0000000086865548}> (0x0000000086865548) thrown at [./src/hotspot/share/runtime/reflection.cpp, line 1247]
Event: 42.015 Thread 0x0000022a235e7800 Exception <a 'java/lang/reflect/InvocationTargetException'{0x0000000086871278}> (0x0000000086871278) thrown at [./src/hotspot/share/runtime/reflection.cpp, line 1247]
Event: 42.018 Thread 0x0000022a235e7800 Exception <a 'java/lang/reflect/InvocationTargetException'{0x000000008687c220}> (0x000000008687c220) thrown at [./src/hotspot/share/runtime/reflection.cpp, line 1247]
Event: 42.049 Thread 0x0000022a235e7800 Exception <a 'java/lang/ClassNotFoundException'{0x0000000086756de8}: java/lang/ObjectCustomizer> (0x0000000086756de8) thrown at [./src/hotspot/share/classfile/systemDictionary.cpp, line 231]
Event: 42.050 Thread 0x0000022a235e7800 Exception <a 'java/lang/ClassNotFoundException'{0x000000008676cfe0}: com/transport/tracking/model/UserSiteCustomizer> (0x000000008676cfe0) thrown at [./src/hotspot/share/classfile/systemDictionary.cpp, line 231]
Event: 42.100 Thread 0x0000022a235e7800 Exception <a 'java/lang/reflect/InvocationTargetException'{0x00000000866843d0}> (0x00000000866843d0) thrown at [./src/hotspot/share/runtime/reflection.cpp, line 1247]
Event: 42.106 Thread 0x0000022a235e7800 Exception <a 'java/lang/reflect/InvocationTargetException'{0x0000000086690398}> (0x0000000086690398) thrown at [./src/hotspot/share/runtime/reflection.cpp, line 1247]
Event: 42.146 Thread 0x0000022a235e7800 Exception <a 'java/lang/ClassNotFoundException'{0x0000000086556d58}: java/lang/ObjectCustomizer> (0x0000000086556d58) thrown at [./src/hotspot/share/classfile/systemDictionary.cpp, line 231]
Event: 42.148 Thread 0x0000022a235e7800 Exception <a 'java/lang/ClassNotFoundException'{0x000000008656e210}: com/transport/tracking/model/LoadVehStockCustomizer> (0x000000008656e210) thrown at [./src/hotspot/share/classfile/systemDictionary.cpp, line 231]
Event: 42.173 Thread 0x0000022a235e7800 Exception <a 'java/lang/reflect/InvocationTargetException'{0x0000000086474cc8}> (0x0000000086474cc8) thrown at [./src/hotspot/share/runtime/reflection.cpp, line 1247]
Event: 42.183 Thread 0x0000022a235e7800 Exception <a 'java/lang/NoSuchMethodError'{0x000000008647eeb8}: 'java.lang.Object java.lang.invoke.DirectMethodHandle$Holder.invokeStatic(java.lang.Object, int, java.lang.Object, java.lang.Object)'> (0x000000008647eeb8) thrown at [./src/hotspot/share/interpreter/linkResolver.cpp, line 773]
Event: 42.345 Thread 0x0000022a235e7800 Exception <a 'java/lang/ClassNotFoundException'{0x00000000863a21f8}: java/lang/ObjectCustomizer> (0x00000000863a21f8) thrown at [./src/hotspot/share/classfile/systemDictionary.cpp, line 231]
Event: 42.346 Thread 0x0000022a235e7800 Exception <a 'java/lang/ClassNotFoundException'{0x00000000863b7f50}: com/transport/tracking/model/UserCustomizer> (0x00000000863b7f50) thrown at [./src/hotspot/share/classfile/systemDictionary.cpp, line 231]
Event: 42.399 Thread 0x0000022a235e7800 Exception <a 'java/lang/ClassNotFoundException'{0x00000000861c12b8}: java/lang/ObjectCustomizer> (0x00000000861c12b8) thrown at [./src/hotspot/share/classfile/systemDictionary.cpp, line 231]
Event: 42.401 Thread 0x0000022a235e7800 Exception <a 'java/lang/ClassNotFoundException'{0x00000000861d7020}: com/transport/tracking/model/TrailCustomizer> (0x00000000861d7020) thrown at [./src/hotspot/share/classfile/systemDictionary.cpp, line 231]
Event: 42.518 Thread 0x0000022a235e7800 Exception <a 'java/lang/ClassNotFoundException'{0x0000000085b2d378}: java/lang/ObjectCustomizer> (0x0000000085b2d378) thrown at [./src/hotspot/share/classfile/systemDictionary.cpp, line 231]
Event: 42.520 Thread 0x0000022a235e7800 Exception <a 'java/lang/ClassNotFoundException'{0x0000000085b44900}: com/transport/tracking/model/VehRouteDetailCustomizer> (0x0000000085b44900) thrown at [./src/hotspot/share/classfile/systemDictionary.cpp, line 231]

Events (20 events):
Event: 42.399 loading class java/lang/ObjectCustomizer
Event: 42.399 loading class java/lang/ObjectCustomizer done
Event: 42.399 loading class java/lang/ObjectCustomizer
Event: 42.399 loading class java/lang/ObjectCustomizer done
Event: 42.400 loading class com/transport/tracking/model/TrailCustomizer
Event: 42.400 loading class com/transport/tracking/model/TrailCustomizer done
Event: 42.400 loading class com/transport/tracking/model/TrailCustomizer
Event: 42.400 loading class com/transport/tracking/model/TrailCustomizer done
Event: 42.400 loading class com/transport/tracking/model/TrailCustomizer
Event: 42.400 loading class com/transport/tracking/model/TrailCustomizer done
Event: 42.517 loading class java/lang/ObjectCustomizer
Event: 42.517 loading class java/lang/ObjectCustomizer done
Event: 42.518 loading class java/lang/ObjectCustomizer
Event: 42.518 loading class java/lang/ObjectCustomizer done
Event: 42.518 loading class com/transport/tracking/model/VehRouteDetailCustomizer
Event: 42.518 loading class com/transport/tracking/model/VehRouteDetailCustomizer done
Event: 42.519 loading class com/transport/tracking/model/VehRouteDetailCustomizer
Event: 42.519 loading class com/transport/tracking/model/VehRouteDetailCustomizer done
Event: 42.519 loading class com/transport/tracking/model/VehRouteDetailCustomizer
Event: 42.519 loading class com/transport/tracking/model/VehRouteDetailCustomizer done


Dynamic libraries:
0x00007ff7b3b40000 - 0x00007ff7b3b4d000 	C:\Users\ashokkumar.i\.jdks\corretto-11.0.10\bin\java.exe
0x00007ffe91b80000 - 0x00007ffe91d61000 	C:\WINDOWS\SYSTEM32\ntdll.dll
0x00007ffe916e0000 - 0x00007ffe91792000 	C:\WINDOWS\System32\KERNEL32.DLL
0x00007ffe8df50000 - 0x00007ffe8e1c3000 	C:\WINDOWS\System32\KERNELBASE.dll
0x00007ffe8e6f0000 - 0x00007ffe8e7ea000 	C:\WINDOWS\System32\ucrtbase.dll
0x00007ffe7a3c0000 - 0x00007ffe7a3d7000 	C:\Users\ashokkumar.i\.jdks\corretto-11.0.10\bin\jli.dll
0x00007ffe8f0b0000 - 0x00007ffe8f240000 	C:\WINDOWS\System32\USER32.dll
0x00007ffe8e530000 - 0x00007ffe8e550000 	C:\WINDOWS\System32\win32u.dll
0x00007ffe91870000 - 0x00007ffe91898000 	C:\WINDOWS\System32\GDI32.dll
0x00007ffe8e550000 - 0x00007ffe8e6e2000 	C:\WINDOWS\System32\gdi32full.dll
0x00007ffe8e220000 - 0x00007ffe8e2bf000 	C:\WINDOWS\System32\msvcp_win.dll
0x00007ffe7a3e0000 - 0x00007ffe7a3f5000 	C:\Users\ashokkumar.i\.jdks\corretto-11.0.10\bin\VCRUNTIME140.dll
0x00007ffe7d930000 - 0x00007ffe7db99000 	C:\WINDOWS\WinSxS\amd64_microsoft.windows.common-controls_6595b64144ccf1df_6.0.17134.376_none_fb439a3730647da2\COMCTL32.dll
0x00007ffe8f010000 - 0x00007ffe8f0ae000 	C:\WINDOWS\System32\msvcrt.dll
0x00007ffe8f580000 - 0x00007ffe8f8a3000 	C:\WINDOWS\System32\combase.dll
0x00007ffe91a20000 - 0x00007ffe91b44000 	C:\WINDOWS\System32\RPCRT4.dll
0x00007ffe8e2c0000 - 0x00007ffe8e33a000 	C:\WINDOWS\System32\bcryptPrimitives.dll
0x00007ffe91130000 - 0x00007ffe9115d000 	C:\WINDOWS\System32\IMM32.DLL
0x00007ffe71180000 - 0x00007ffe711bc000 	C:\Program Files (x86)\K7 Computing\K7TSecurity\K7CrvrEx64.dll
0x00007ffe54cb0000 - 0x00007ffe54d4b000 	C:\Users\ashokkumar.i\.jdks\corretto-11.0.10\bin\msvcp140.dll
0x00007ffe4ca10000 - 0x00007ffe4d557000 	C:\Users\ashokkumar.i\.jdks\corretto-11.0.10\bin\server\jvm.dll
0x00007ffe91630000 - 0x00007ffe916d1000 	C:\WINDOWS\System32\ADVAPI32.dll
0x00007ffe8f470000 - 0x00007ffe8f4cb000 	C:\WINDOWS\System32\sechost.dll
0x00007ffe8f460000 - 0x00007ffe8f468000 	C:\WINDOWS\System32\PSAPI.DLL
0x00007ffe76c60000 - 0x00007ffe76c69000 	C:\WINDOWS\SYSTEM32\WSOCK32.dll
0x00007ffe8f390000 - 0x00007ffe8f3fc000 	C:\WINDOWS\System32\WS2_32.dll
0x00007ffe8b410000 - 0x00007ffe8b433000 	C:\WINDOWS\SYSTEM32\WINMM.dll
0x00007ffe7f300000 - 0x00007ffe7f30a000 	C:\WINDOWS\SYSTEM32\VERSION.dll
0x00007ffe8b3e0000 - 0x00007ffe8b40a000 	C:\WINDOWS\SYSTEM32\WINMMBASE.dll
0x00007ffe8e1d0000 - 0x00007ffe8e219000 	C:\WINDOWS\System32\cfgmgr32.dll
0x00007ffe8df10000 - 0x00007ffe8df21000 	C:\WINDOWS\System32\kernel.appcore.dll
0x00007ffe89ce0000 - 0x00007ffe89cf0000 	C:\Users\ashokkumar.i\.jdks\corretto-11.0.10\bin\verify.dll
0x00007ffe8d9a0000 - 0x00007ffe8db69000 	C:\WINDOWS\SYSTEM32\DBGHELP.DLL
0x00007ffe8ccb0000 - 0x00007ffe8ccd9000 	C:\WINDOWS\SYSTEM32\dbgcore.DLL
0x00007ffe7a390000 - 0x00007ffe7a3b8000 	C:\Users\ashokkumar.i\.jdks\corretto-11.0.10\bin\java.dll
0x00007ffe7a380000 - 0x00007ffe7a38a000 	C:\Users\ashokkumar.i\.jdks\corretto-11.0.10\bin\jimage.dll
0x00007ffe76cc0000 - 0x00007ffe76cf8000 	C:\Users\ashokkumar.i\.jdks\corretto-11.0.10\bin\jdwp.dll
0x00007ffe8d470000 - 0x00007ffe8d47e000 	C:\Users\ashokkumar.i\.jdks\corretto-11.0.10\bin\instrument.dll
0x00007ffe7a360000 - 0x00007ffe7a377000 	C:\Users\ashokkumar.i\.jdks\corretto-11.0.10\bin\zip.dll
0x00007ffe8fb50000 - 0x00007ffe90f8f000 	C:\WINDOWS\System32\SHELL32.dll
0x00007ffe8f4d0000 - 0x00007ffe8f579000 	C:\WINDOWS\System32\shcore.dll
0x00007ffe8e7f0000 - 0x00007ffe8eefd000 	C:\WINDOWS\System32\windows.storage.dll
0x00007ffe8f8b0000 - 0x00007ffe8f901000 	C:\WINDOWS\System32\shlwapi.dll
0x00007ffe8def0000 - 0x00007ffe8df0f000 	C:\WINDOWS\System32\profapi.dll
0x00007ffe8dea0000 - 0x00007ffe8deec000 	C:\WINDOWS\System32\powrprof.dll
0x00007ffe8de90000 - 0x00007ffe8de9a000 	C:\WINDOWS\System32\FLTLIB.DLL
0x00007ffe8d430000 - 0x00007ffe8d43a000 	C:\Users\ashokkumar.i\.jdks\corretto-11.0.10\bin\dt_socket.dll
0x00007ffe8d3a0000 - 0x00007ffe8d406000 	C:\WINDOWS\system32\mswsock.dll
0x00007ffe78b40000 - 0x00007ffe78b59000 	C:\Users\ashokkumar.i\.jdks\corretto-11.0.10\bin\net.dll
0x00007ffe88f10000 - 0x00007ffe88fec000 	C:\WINDOWS\SYSTEM32\WINHTTP.dll
0x00007ffe76b00000 - 0x00007ffe76b12000 	C:\Users\ashokkumar.i\.jdks\corretto-11.0.10\bin\nio.dll
0x00007ffe7a350000 - 0x00007ffe7a359000 	C:\Users\ashokkumar.i\.jdks\corretto-11.0.10\bin\management.dll
0x00007ffe79440000 - 0x00007ffe7944b000 	C:\Users\ashokkumar.i\.jdks\corretto-11.0.10\bin\management_ext.dll
0x00007ffe74a70000 - 0x00007ffe74a86000 	C:\WINDOWS\system32\napinsp.dll
0x00007ffe756d0000 - 0x00007ffe756ea000 	C:\WINDOWS\system32\pnrpnsp.dll
0x00007ffe89be0000 - 0x00007ffe89bf9000 	C:\WINDOWS\system32\NLAapi.dll
0x00007ffe8d160000 - 0x00007ffe8d21e000 	C:\WINDOWS\SYSTEM32\DNSAPI.dll
0x00007ffe8fb40000 - 0x00007ffe8fb48000 	C:\WINDOWS\System32\NSI.dll
0x00007ffe8d120000 - 0x00007ffe8d158000 	C:\WINDOWS\SYSTEM32\IPHLPAPI.DLL
0x00007ffe7cbb0000 - 0x00007ffe7cbbe000 	C:\WINDOWS\System32\winrnr.dll
0x00007ffe77a20000 - 0x00007ffe77a35000 	C:\WINDOWS\System32\wshbth.dll
0x00007ffe849d0000 - 0x00007ffe849da000 	C:\Windows\System32\rasadhlp.dll
0x00007ffe89850000 - 0x00007ffe898c2000 	C:\WINDOWS\System32\fwpuclnt.dll
0x00007ffe8d970000 - 0x00007ffe8d995000 	C:\WINDOWS\SYSTEM32\bcrypt.dll
0x00007ffe8d950000 - 0x00007ffe8d967000 	C:\WINDOWS\SYSTEM32\CRYPTSP.dll
0x00007ffe8cf80000 - 0x00007ffe8cfb3000 	C:\WINDOWS\system32\rsaenh.dll
0x00007ffe8dd90000 - 0x00007ffe8ddb8000 	C:\WINDOWS\SYSTEM32\USERENV.dll
0x00007ffe8d5c0000 - 0x00007ffe8d5cb000 	C:\WINDOWS\SYSTEM32\CRYPTBASE.dll
0x00007ffe86c30000 - 0x00007ffe86c46000 	C:\WINDOWS\SYSTEM32\dhcpcsvc6.DLL
0x00007ffe86c10000 - 0x00007ffe86c2a000 	C:\WINDOWS\SYSTEM32\dhcpcsvc.DLL
0x00007ffe8c660000 - 0x00007ffe8c66e000 	C:\Users\ashokkumar.i\.jdks\corretto-11.0.10\bin\sunmscapi.dll
0x00007ffe8e340000 - 0x00007ffe8e522000 	C:\WINDOWS\System32\CRYPT32.dll
0x0000022a21cb0000 - 0x0000022a21cc2000 	C:\WINDOWS\System32\MSASN1.dll
0x00007ffe8d6a0000 - 0x00007ffe8d6c6000 	C:\WINDOWS\SYSTEM32\ncrypt.dll
0x00007ffe8d660000 - 0x00007ffe8d696000 	C:\WINDOWS\SYSTEM32\NTASN1.dll
0x00007ffe78960000 - 0x00007ffe78985000 	C:\Users\ashokkumar.i\.jdks\corretto-11.0.10\bin\sunec.dll

dbghelp: loaded successfully - version: 4.0.5 - missing functions: none
symbol engine: initialized successfully - sym options: 0x614 - pdb path: .;C:\Users\ashokkumar.i\.jdks\corretto-11.0.10\bin;C:\WINDOWS\SYSTEM32;C:\WINDOWS\WinSxS\amd64_microsoft.windows.common-controls_6595b64144ccf1df_6.0.17134.376_none_fb439a3730647da2;C:\Program Files (x86)\K7 Computing\K7TSecurity;C:\Users\ashokkumar.i\.jdks\corretto-11.0.10\bin\server

VM Arguments:
jvm_args: -agentlib:jdwp=transport=dt_socket,address=127.0.0.1:56631,suspend=y,server=n -javaagent:C:\Users\ashokkumar.i\AppData\Local\JetBrains\IdeaIC2020.2\captureAgent\debugger-agent.jar -Dfile.encoding=UTF-8 
java_command: com.transport.TransportTrackingApplication
java_class_path (initial): D:\ASHOK I\TMS_CODE\TMSWEB_MAR_02 - Copy\target\classes;C:\Users\ashokkumar.i\.m2\repository\org\springframework\boot\spring-boot-starter-web\2.3.2.RELEASE\spring-boot-starter-web-2.3.2.RELEASE.jar;C:\Users\ashokkumar.i\.m2\repository\org\springframework\boot\spring-boot-starter-json\2.3.2.RELEASE\spring-boot-starter-json-2.3.2.RELEASE.jar;C:\Users\ashokkumar.i\.m2\repository\com\fasterxml\jackson\datatype\jackson-datatype-jdk8\2.11.1\jackson-datatype-jdk8-2.11.1.jar;C:\Users\ashokkumar.i\.m2\repository\com\fasterxml\jackson\datatype\jackson-datatype-jsr310\2.11.1\jackson-datatype-jsr310-2.11.1.jar;C:\Users\ashokkumar.i\.m2\repository\com\fasterxml\jackson\module\jackson-module-parameter-names\2.11.1\jackson-module-parameter-names-2.11.1.jar;C:\Users\ashokkumar.i\.m2\repository\org\springframework\boot\spring-boot-starter-tomcat\2.3.2.RELEASE\spring-boot-starter-tomcat-2.3.2.RELEASE.jar;C:\Users\ashokkumar.i\.m2\repository\org\apache\tomcat\embed\tomcat-embed-core\9.0.37\tomcat-embed-core-9.0.37.jar;C:\Users\ashokkumar.i\.m2\repository\org\glassfish\jakarta.el\3.0.3\jakarta.el-3.0.3.jar;C:\Users\ashokkumar.i\.m2\repository\org\apache\tomcat\embed\tomcat-embed-websocket\9.0.37\tomcat-embed-websocket-9.0.37.jar;C:\Users\ashokkumar.i\.m2\repository\org\springframework\spring-web\5.2.8.RELEASE\spring-web-5.2.8.RELEASE.jar;C:\Users\ashokkumar.i\.m2\repository\org\springframework\spring-beans\5.2.8.RELEASE\spring-beans-5.2.8.RELEASE.jar;C:\Users\ashokkumar.i\.m2\repository\org\springframework\spring-webmvc\5.2.8.RELEASE\spring-webmvc-5.2.8.RELEASE.jar;C:\Users\ashokkumar.i\.m2\repository\org\springframework\spring-aop\5.2.8.RELEASE\spring-aop-5.2.8.RELEASE.jar;C:\Users\ashokkumar.i\.m2\repository\org\springframework\spring-context\5.2.8.RELEASE\spring-context-5.2.8.RELEASE.jar;C:\Users\ashokkumar.i\.m2\repository\org\springframework\spring-expression\5.2.8.RELEASE\spring-expression-5.2.8.RELEASE.jar;C:\Users\ashokkumar.i\.m2\repository\org\spr
Launcher Type: SUN_STANDARD

[Global flags]
     intx CICompilerCount                          = 3                                         {product} {ergonomic}
     uint ConcGCThreads                            = 1                                         {product} {ergonomic}
     uint G1ConcRefinementThreads                  = 4                                         {product} {ergonomic}
   size_t G1HeapRegionSize                         = 1048576                                   {product} {ergonomic}
    uintx GCDrainStackTargetSize                   = 64                                        {product} {ergonomic}
   size_t InitialHeapSize                          = 134217728                                 {product} {ergonomic}
   size_t MarkStackSize                            = 4194304                                   {product} {ergonomic}
   size_t MaxHeapSize                              = 2128609280                                {product} {ergonomic}
   size_t MaxNewSize                               = 1277165568                                {product} {ergonomic}
   size_t MinHeapDeltaBytes                        = 1048576                                   {product} {ergonomic}
    uintx NonNMethodCodeHeapSize                   = 5830732                                {pd product} {ergonomic}
    uintx NonProfiledCodeHeapSize                  = 122913754                              {pd product} {ergonomic}
    uintx ProfiledCodeHeapSize                     = 122913754                              {pd product} {ergonomic}
    uintx ReservedCodeCacheSize                    = 251658240                              {pd product} {ergonomic}
     bool SegmentedCodeCache                       = true                                      {product} {ergonomic}
     bool UseCompressedClassPointers               = true                                 {lp64_product} {ergonomic}
     bool UseCompressedOops                        = true                                 {lp64_product} {ergonomic}
     bool UseG1GC                                  = true                                      {product} {ergonomic}
     bool UseLargePagesIndividualAllocation        = false                                  {pd product} {ergonomic}

Logging:
Log output configuration:
 #0: stdout all=warning uptime,level,tags
 #1: stderr all=off uptime,level,tags

Environment Variables:
PATH=C:\Program Files\Common Files\Oracle\Java\javapath;C:\Program Files (x86)\Common Files\Oracle\Java\javapath;C:\ProgramData\Oracle\Java\javapath;C:\WINDOWS\system32;C:\WINDOWS;C:\WINDOWS\System32\Wbem;C:\WINDOWS\System32\WindowsPowerShell\v1.0\;c:\Program Files (x86)\Microsoft SQL Server\110\Tools\Binn\ManagementStudio\;c:\Program Files (x86)\Microsoft SQL Server\110\Tools\Binn\;c:\Program Files (x86)\Microsoft SQL Server\110\DTS\Binn\;C:\WINDOWS\System32\OpenSSH\;C:\WINDOWS\system32\config\systemprofile\.dnx\bin;C:\Program Files\Microsoft DNX\Dnvm\;C:\Program Files\Microsoft SQL Server\130\Tools\Binn\;C:\Program Files\nodejs\;C:\Program Files\dotnet\;C:\Program Files\Microsoft SQL Server\Client SDK\ODBC\170\Tools\Binn\;C:\Program Files\NetMake\v9-php73\components\php;D:\apache-maven-3.6.3\bin;C:\ProgramData\apache-maven-3.6.3\bin;D:\ASHOK I\Python\Scripts\;D:\ASHOK I\Python\;C:\Users\ashokkumar.i\AppData\Local\Microsoft\WindowsApps;C:\Users\ashokkumar.i\AppData\Roaming\npm;C:\Users\ashokkumar.i\AppData\Local\Programs\Microsoft VS Code\bin;C:\Users\ashokkumar.i\AppData\Local\JetBrains\PyCharm Community Edition 2019.3.4\bin;C:\Users\ashokkumar.i\.dotnet\tools;C:\Users\ashokkumar.i\AppData\Local\Programs\Git\cmd
USERNAME=ashokkumar.i
OS=Windows_NT
PROCESSOR_IDENTIFIER=Intel64 Family 6 Model 61 Stepping 4, GenuineIntel



---------------  S Y S T E M  ---------------

OS: Windows 10 , 64 bit Build 17134 (10.0.17134.1)
OS uptime: 0 days 21:01 hours

CPU:total 4 (initial active 4) (2 cores per cpu, 2 threads per core) family 6 model 61 stepping 4 microcode 0x2a, cmov, cx8, fxsr, mmx, sse, sse2, sse3, ssse3, sse4.1, sse4.2, popcnt, avx, avx2, aes, clmul, erms, 3dnowpref, lzcnt, ht, tsc, tscinvbit, bmi1, bmi2, adx, fma

Memory: 4k page, system-wide physical 8112M (1261M free)
TotalPageFile size 15024M (AvailPageFile size 5552M)
current process WorkingSet (physical memory assigned to process): 469M, peak: 469M
current process commit charge ("private bytes"): 526M, peak: 526M

vm_info: OpenJDK 64-Bit Server VM (11.0.10+9-LTS) for windows-amd64 JRE (11.0.10+9-LTS), built on Jan 12 2021 22:37:55 by "Administrator" with MS VC++ 15.9 (VS2017)

END.
