#
# A fatal error has been detected by the Java Runtime Environment:
#
#  EXCEPTION_ACCESS_VIOLATION (0xc0000005) at pc=0x00007ffac009674a, pid=21068, tid=21328
#
# JRE version: Java(TM) SE Runtime Environment (15.0.1+9) (build 15.0.1+9-18)
# Java VM: Java HotSpot(TM) 64-Bit Server VM (15.0.1+9-18, mixed mode, sharing, tiered, compressed oops, g1 gc, windows-amd64)
# Problematic frame:
# V  [jvm.dll+0x6f674a]
#
# No core dump will be written. Minidumps are not enabled by default on client versions of Windows
#
# If you would like to submit a bug report, please visit:
#   https://bugreport.java.com/bugreport/crash.jsp
#

---------------  S U M M A R Y ------------

Command Line: -Dclassworlds.conf=D:\apache-maven-3.6.3\bin\..\bin\m2.conf -Dmaven.home=D:\apache-maven-3.6.3\bin\.. -Dlibrary.jansi.path=D:\apache-maven-3.6.3\bin\..\lib\jansi-native -Dmaven.multiModuleProjectDirectory=D:\ASHOK I\TMS_CODE\TMSWEB_MAR_02 - Copy org.codehaus.plexus.classworlds.launcher.Launcher clean install -Dmaven.test.skip=true

Host: Intel(R) Core(TM) i3-5005U CPU @ 2.00GHz, 4 cores, 7G,  Windows 10 , 64 bit Build 17134 (10.0.17134.1)
Time: Mon Sep 27 15:27:45 2021 Nepal Standard Time elapsed time: 1133.809173 seconds (0d 0h 18m 53s)

---------------  T H R E A D  ---------------

Current thread (0x000001a060f44bf0):  JavaThread "C1 CompilerThread0" daemon [_thread_in_vm, id=21328, stack(0x000000944eb00000,0x000000944ec00000)]


Current CompileTask:
C1:1133829 5161       3      
[error occurred during error reporting (printing current compile task), id 0xc0000005, EXCEPTION_ACCESS_VIOLATION (0xc0000005) at pc=0x00007ffac009674a]

Stack: [0x000000944eb00000,0x000000944ec00000],  sp=0x000000944ebff3c0,  free space=1020k
Native frames: (J=compiled Java code, j=interpreted, Vv=VM code, C=native code)
V  [jvm.dll+0x6f674a]
V  [jvm.dll+0x6f6849]
V  [jvm.dll+0x5030b3]
V  [jvm.dll+0x5e01f9]
V  [jvm.dll+0x1fd9a6]
V  [jvm.dll+0x1fd832]
V  [jvm.dll+0x1f8b80]
V  [jvm.dll+0x1f720c]
V  [jvm.dll+0x74485d]
V  [jvm.dll+0x73d65a]
V  [jvm.dll+0x629c56]
C  [ucrtbase.dll+0x1c4ce]
C  [KERNEL32.DLL+0x13034]
C  [ntdll.dll+0x71471]


siginfo: EXCEPTION_ACCESS_VIOLATION (0xc0000005), reading address 0x0000000802401c9c


Register to memory mapping:

RIP=0x00007ffac009674a jvm.dll
RAX=0x0 is NULL
RBX=0x000001a060f42d00 points into unknown readable memory: 0x0000000000000006 | 06 00 00 00 00 00 00 00
RCX=0x0000000802401c98 is an unknown value
RDX=0x000000944ebff6d0 is pointing into the stack for thread: 0x000001a060f44bf0
RSP=0x000000944ebff3c0 is pointing into the stack for thread: 0x000001a060f44bf0
RBP=0x000000944ebff6d0 is pointing into the stack for thread: 0x000001a060f44bf0
RSI={method} {0x00000008000b4210} '<init>' '(Ljava/lang/reflect/Constructor;)V' in '
[error occurred during error reporting (printing register info), id 0xc0000005, EXCEPTION_ACCESS_VIOLATION (0xc0000005) at pc=0x00007ffac00973d6]

Registers:
RAX=0x0000000000000000, RBX=0x000001a060f42d00, RCX=0x0000000802401c98, RDX=0x000000944ebff6d0
RSP=0x000000944ebff3c0, RBP=0x000000944ebff6d0, RSI=0x00000008000b4208, RDI=0x00000008000b3c50
R8 =0x0000000000000003, R9 =0x0000000000000005, R10=0x0000000000000012, R11=0x0000000000000005
R12=0x00000000000003d8, R13=0x000001a060f243d0, R14=0x000001a060f45140, R15=0x000001a060f454e8
RIP=0x00007ffac009674a, EFLAGS=0x0000000000010206

Top of Stack: (sp=0x000000944ebff3c0)
0x000000944ebff3c0:   000001a04af51b47 000001a04afd1820
0x000000944ebff3d0:   000001a0618d0fa0 0000000000000000
0x000000944ebff3e0:   00000008000b3c50 00007ffac0096849
0x000000944ebff3f0:   000001a060f42d00 000000944ebff350
0x000000944ebff400:   0000d45d7ff4ecf8 0000000000000000
0x000000944ebff410:   000001a062ca4d40 00007ffabfea30b3
0x000000944ebff420:   00007ffac0214380 0000000000000100
0x000000944ebff430:   000001a060f14060 00007ffabffca4a9
0x000000944ebff440:   000000944ebff538 000000944ebff350
0x000000944ebff450:   0000000000000000 0000d7bd1d9ff71a
0x000000944ebff460:   000001a060f45100 00007ffabff801f9
0x000000944ebff470:   000000944ebff6d0 00007ffabffccf50
0x000000944ebff480:   0000000000000100 00007ffabff9c888
0x000000944ebff490:   0000000000000008 000001a060f44b00
0x000000944ebff4a0:   000001a060f45100 00007ffabfb9d9a6
0x000000944ebff4b0:   000000944ebff6d0 0000000000000000 

Instructions: (pc=0x00007ffac009674a)
0x00007ffac009664a:   48 63 c8 41 8d 50 0a e9 6a 84 99 ff cc cc cc cc
0x00007ffac009665a:   cc cc cc cc cc cc 48 89 5c 24 08 57 48 83 ec 20
0x00007ffac009666a:   83 fa 02 8d 42 06 b9 08 00 00 00 49 8b d8 0f 4e
0x00007ffac009667a:   c1 48 63 c8 48 83 c1 07 83 e1 f8 48 63 f9 49 8b
0x00007ffac009668a:   48 18 48 8b c7 48 f7 d0 48 3b c1 73 16 4c 8d 05
0x00007ffac009669a:   92 09 15 00 48 8b d7 48 8b cb e8 a7 22 9a ff 48
0x00007ffac00966aa:   8b 4b 18 48 8d 04 39 48 3b 43 20 76 18 45 33 c0
0x00007ffac00966ba:   48 8b d7 48 8b cb 48 8b 5c 24 30 48 83 c4 20 5f
0x00007ffac00966ca:   e9 d1 1e 9a ff 48 89 43 18 48 8b c1 48 8b 5c 24
0x00007ffac00966da:   30 48 83 c4 20 5f c3 cc cc cc cc cc cc cc cc cc
0x00007ffac00966ea:   cc cc cc cc cc cc 4c 8b d2 4c 8b d9 45 85 c0 7e
0x00007ffac00966fa:   3c 44 0f b7 49 04 41 8d 40 ff 41 3b c1 44 0f 4c
0x00007ffac009670a:   c8 4d 63 c1 45 85 c9 7e 1f 48 8b c2 4c 2b da 49
0x00007ffac009671a:   8b d0 0f 1f 40 00 41 0f b6 4c 03 06 88 08 48 8d
0x00007ffac009672a:   40 01 48 83 ea 01 75 ee 43 c6 04 10 00 49 8b c2
0x00007ffac009673a:   c3 cc cc cc cc cc 48 89 5c 24 08 57 48 83 ec 20
0x00007ffac009674a:   0f b7 59 04 48 8b f9 33 d2 48 8d 4b 01 e8 44 c0
0x00007ffac009675a:   f8 ff 0f b7 57 04 4c 8b c0 3b da 0f 42 d3 44 8b
0x00007ffac009676a:   ca 85 d2 74 39 48 2b f8 0f 1f 40 00 66 66 0f 1f
0x00007ffac009677a:   84 00 00 00 00 00 0f b6 4c 07 06 88 08 48 ff c0
0x00007ffac009678a:   48 8b c8 49 2b c8 49 3b c9 7c eb 42 c6 04 02 00
0x00007ffac009679a:   49 8b c0 48 8b 5c 24 30 48 83 c4 20 5f c3 48 8b
0x00007ffac00967aa:   5c 24 30 c6 04 02 00 48 83 c4 20 5f c3 cc cc cc
0x00007ffac00967ba:   cc cc cc cc cc cc 4c 8b d1 45 85 c0 7e 6c 44 0f
0x00007ffac00967ca:   b7 49 04 41 8d 40 ff 41 3b c1 44 0f 4c c8 4d 63
0x00007ffac00967da:   d9 45 85 c9 7e 22 48 8b ca 4c 2b d2 4d 8b c3 0f
0x00007ffac00967ea:   1f 80 00 00 00 00 41 0f b6 44 0a 06 88 01 48 8d
0x00007ffac00967fa:   49 01 49 83 e8 01 75 ee 41 c6 04 13 00 48 c7 c0
0x00007ffac009680a:   ff ff ff ff 66 90 48 ff c0 80 3c 02 00 75 f7 48
0x00007ffac009681a:   63 c8 85 c0 48 8b c2 7e 14 80 38 2f 75 03 c6 00
0x00007ffac009682a:   2e 48 ff c0 48 83 e9 01 75 ef 48 8b c2 c3 cc cc
0x00007ffac009683a:   cc cc cc cc cc cc 48 83 ec 28 e8 f7 fe ff ff 4c 


Stack slot to memory mapping:
stack at sp + 0 slots: 0x000001a04af51b47 is at code_begin+455 in 
[CodeBlob (0x000001a04af51910)]
Framesize: 0
BufferBlob (0x000001a04af51910) used for C1 temporary CodeBuffer
stack at sp + 1 slots: 0x000001a04afd1820 is at code_begin+523936 in 
[CodeBlob (0x000001a04af51910)]
Framesize: 0
BufferBlob (0x000001a04af51910) used for C1 temporary CodeBuffer
stack at sp + 2 slots: 0x000001a0618d0fa0 points into unknown readable memory: 0x000001a0629ca360 | 60 a3 9c 62 a0 01 00 00
stack at sp + 3 slots: 0x0 is NULL
stack at sp + 4 slots: 0x00000008000b3c50 is pointing into metadata
stack at sp + 5 slots: 0x00007ffac0096849 jvm.dll
stack at sp + 6 slots: 0x000001a060f42d00 points into unknown readable memory: 0x0000000000000006 | 06 00 00 00 00 00 00 00
stack at sp + 7 slots: 0x000000944ebff350 is pointing into the stack for thread: 0x000001a060f44bf0


---------------  P R O C E S S  ---------------

Threads class SMR info:
_java_thread_list=0x000001a0626ce8e0, length=11, elements={
0x000001a042ccd8f0, 0x000001a060f24e40, 0x000001a060f264d0, 0x000001a060f3f2d0,
0x000001a060f41ba0, 0x000001a060f43470, 0x000001a060f44150, 0x000001a060f44bf0,
0x000001a060f455e0, 0x000001a0619719e0, 0x000001a061980630
}

Java Threads: ( => current thread )
  0x000001a042ccd8f0 JavaThread "main" [_thread_blocked, id=21192, stack(0x000000944de00000,0x000000944df00000)]
  0x000001a060f24e40 JavaThread "Reference Handler" daemon [_thread_blocked, id=21316, stack(0x000000944e500000,0x000000944e600000)]
  0x000001a060f264d0 JavaThread "Finalizer" daemon [_thread_blocked, id=21320, stack(0x000000944e600000,0x000000944e700000)]
  0x000001a060f3f2d0 JavaThread "Signal Dispatcher" daemon [_thread_blocked, id=21224, stack(0x000000944e700000,0x000000944e800000)]
  0x000001a060f41ba0 JavaThread "Attach Listener" daemon [_thread_blocked, id=21248, stack(0x000000944e800000,0x000000944e900000)]
  0x000001a060f43470 JavaThread "Service Thread" daemon [_thread_blocked, id=21072, stack(0x000000944e900000,0x000000944ea00000)]
  0x000001a060f44150 JavaThread "C2 CompilerThread0" daemon [_thread_blocked, id=21332, stack(0x000000944ea00000,0x000000944eb00000)]
=>0x000001a060f44bf0 JavaThread "C1 CompilerThread0" daemon [_thread_in_vm, id=21328, stack(0x000000944eb00000,0x000000944ec00000)]
  0x000001a060f455e0 JavaThread "Sweeper thread" daemon [_thread_blocked, id=21324, stack(0x000000944ec00000,0x000000944ed00000)]
  0x000001a0619719e0 JavaThread "Notification Thread" daemon [_thread_blocked, id=14660, stack(0x000000944ed00000,0x000000944ee00000)]
  0x000001a061980630 JavaThread "Common-Cleaner" daemon [_thread_blocked, id=15720, stack(0x000000944ef00000,0x000000944f000000)]

Other Threads:
  0x000001a060f1fae0 VMThread "VM Thread" [stack: 0x000000944e400000,0x000000944e500000] [id=21272] _threads_hazard_ptr=0x000001a0626ce8e0
  0x000001a06197c310 WatcherThread [stack: 0x000000944ee00000,0x000000944ef00000] [id=4720]
  0x000001a042d0cbc0 GCTaskThread "GC Thread#0" [stack: 0x000000944df00000,0x000000944e000000] [id=21008]
  0x000001a061cb3130 GCTaskThread "GC Thread#1" [stack: 0x000000944f000000,0x000000944f100000] [id=21388]
  0x000001a061cb2e00 GCTaskThread "GC Thread#2" [stack: 0x000000944f100000,0x000000944f200000] [id=21392]
  0x000001a042d1db50 ConcurrentGCThread "G1 Main Marker" [stack: 0x000000944e000000,0x000000944e100000] [id=1196]
  0x000001a042d1e6c0 ConcurrentGCThread "G1 Conc#0" [stack: 0x000000944e100000,0x000000944e200000] [id=21212]
  0x000001a060da0090 ConcurrentGCThread "G1 Refine#0" [stack: 0x000000944e200000,0x000000944e300000] [id=17808]
  0x000001a060da1c20 ConcurrentGCThread "G1 Young RemSet Sampling" [stack: 0x000000944e300000,0x000000944e400000] [id=21268]

Threads with active compile tasks:
C1 CompilerThread0  1133955 5161       3      
[error occurred during error reporting (printing all threads), id 0xc0000005, EXCEPTION_ACCESS_VIOLATION (0xc0000005) at pc=0x00007ffac009674a]

VM state: synchronizing (normal execution)

VM Mutex/Monitor currently owned by a thread:  ([mutex/lock_event])
[0x000001a042cc9170] Threads_lock - owner thread: 0x000001a060f1fae0

Heap address: 0x0000000081200000, size: 2030 MB, Compressed Oops mode: 32-bit
CDS archive(s) mapped at: [0x0000000800000000-0x0000000800b50000-0x0000000800b50000), size 11862016, SharedBaseAddress: 0x0000000800000000, ArchiveRelocationMode: 0.
Compressed class space mapped at: 0x0000000800b50000-0x0000000840b50000, size: 1073741824
Narrow klass base: 0x0000000800000000, Narrow klass shift: 3, Narrow klass range: 0x100000000

GC Precious Log:
 CPUs: 4 total, 4 available
 Memory: 8112M
 Large Page Support: Disabled
 NUMA Support: Disabled
 Compressed Oops: Enabled (32-bit)
 Heap Region Size: 1M
 Heap Min Capacity: 8M
 Heap Initial Capacity: 128M
 Heap Max Capacity: 2030M
 Pre-touch: Disabled
 Parallel Workers: 4
 Concurrent Workers: 1
 Concurrent Refinement Workers: 4
 Periodic GC: Disabled

Heap:
 garbage-first heap   total 131072K, used 87537K [0x0000000081200000, 0x0000000100000000)
  region size 1024K, 76 young (77824K), 5 survivors (5120K)
 Metaspace       used 20235K, capacity 20818K, committed 20992K, reserved 1069056K
  class space    used 2077K, capacity 2292K, committed 2304K, reserved 1048576K

Heap Regions: E=young(eden), S=young(survivor), O=old, HS=humongous(starts), HC=humongous(continues), CS=collection set, F=free, OA=open archive, CA=closed archive, TAMS=top-at-mark-start (previous, next)
|   0|0x0000000081200000, 0x0000000081300000, 0x0000000081300000|100%| O|  |TAMS 0x0000000081200000, 0x0000000081200000| Untracked 
|   1|0x0000000081300000, 0x0000000081400000, 0x0000000081400000|100%| O|  |TAMS 0x0000000081300000, 0x0000000081300000| Untracked 
|   2|0x0000000081400000, 0x0000000081500000, 0x0000000081500000|100%| O|  |TAMS 0x0000000081400000, 0x0000000081400000| Untracked 
|   3|0x0000000081500000, 0x0000000081600000, 0x0000000081600000|100%| O|  |TAMS 0x0000000081500000, 0x0000000081500000| Untracked 
|   4|0x0000000081600000, 0x0000000081700000, 0x0000000081700000|100%| O|  |TAMS 0x0000000081600000, 0x0000000081600000| Untracked 
|   5|0x0000000081700000, 0x0000000081800000, 0x0000000081800000|100%| O|  |TAMS 0x0000000081700000, 0x0000000081700000| Untracked 
|   6|0x0000000081800000, 0x0000000081900000, 0x0000000081900000|100%| O|  |TAMS 0x0000000081800000, 0x0000000081800000| Untracked 
|   7|0x0000000081900000, 0x0000000081a00000, 0x0000000081a00000|100%| O|  |TAMS 0x0000000081900000, 0x0000000081900000| Untracked 
|   8|0x0000000081a00000, 0x0000000081b00000, 0x0000000081b00000|100%| O|  |TAMS 0x0000000081a00000, 0x0000000081a00000| Untracked 
|   9|0x0000000081b00000, 0x0000000081c00000, 0x0000000081c00000|100%| O|  |TAMS 0x0000000081b00000, 0x0000000081b00000| Untracked 
|  10|0x0000000081c00000, 0x0000000081d00000, 0x0000000081d00000|100%| O|  |TAMS 0x0000000081c00000, 0x0000000081c00000| Untracked 
|  11|0x0000000081d00000, 0x0000000081d34e00, 0x0000000081e00000| 20%| O|  |TAMS 0x0000000081d00000, 0x0000000081d00000| Untracked 
|  12|0x0000000081e00000, 0x0000000081e00000, 0x0000000081f00000|  0%| F|  |TAMS 0x0000000081e00000, 0x0000000081e00000| Untracked 
|  13|0x0000000081f00000, 0x0000000081f00000, 0x0000000082000000|  0%| F|  |TAMS 0x0000000081f00000, 0x0000000081f00000| Untracked 
|  14|0x0000000082000000, 0x0000000082000000, 0x0000000082100000|  0%| F|  |TAMS 0x0000000082000000, 0x0000000082000000| Untracked 
|  15|0x0000000082100000, 0x0000000082100000, 0x0000000082200000|  0%| F|  |TAMS 0x0000000082100000, 0x0000000082100000| Untracked 
|  16|0x0000000082200000, 0x0000000082200000, 0x0000000082300000|  0%| F|  |TAMS 0x0000000082200000, 0x0000000082200000| Untracked 
|  17|0x0000000082300000, 0x0000000082300000, 0x0000000082400000|  0%| F|  |TAMS 0x0000000082300000, 0x0000000082300000| Untracked 
|  18|0x0000000082400000, 0x0000000082400000, 0x0000000082500000|  0%| F|  |TAMS 0x0000000082400000, 0x0000000082400000| Untracked 
|  19|0x0000000082500000, 0x0000000082500000, 0x0000000082600000|  0%| F|  |TAMS 0x0000000082500000, 0x0000000082500000| Untracked 
|  20|0x0000000082600000, 0x0000000082600000, 0x0000000082700000|  0%| F|  |TAMS 0x0000000082600000, 0x0000000082600000| Untracked 
|  21|0x0000000082700000, 0x0000000082700000, 0x0000000082800000|  0%| F|  |TAMS 0x0000000082700000, 0x0000000082700000| Untracked 
|  22|0x0000000082800000, 0x0000000082800000, 0x0000000082900000|  0%| F|  |TAMS 0x0000000082800000, 0x0000000082800000| Untracked 
|  23|0x0000000082900000, 0x0000000082900000, 0x0000000082a00000|  0%| F|  |TAMS 0x0000000082900000, 0x0000000082900000| Untracked 
|  24|0x0000000082a00000, 0x0000000082a00000, 0x0000000082b00000|  0%| F|  |TAMS 0x0000000082a00000, 0x0000000082a00000| Untracked 
|  25|0x0000000082b00000, 0x0000000082b00000, 0x0000000082c00000|  0%| F|  |TAMS 0x0000000082b00000, 0x0000000082b00000| Untracked 
|  26|0x0000000082c00000, 0x0000000082c00000, 0x0000000082d00000|  0%| F|  |TAMS 0x0000000082c00000, 0x0000000082c00000| Untracked 
|  27|0x0000000082d00000, 0x0000000082d00000, 0x0000000082e00000|  0%| F|  |TAMS 0x0000000082d00000, 0x0000000082d00000| Untracked 
|  28|0x0000000082e00000, 0x0000000082e00000, 0x0000000082f00000|  0%| F|  |TAMS 0x0000000082e00000, 0x0000000082e00000| Untracked 
|  29|0x0000000082f00000, 0x0000000082f00000, 0x0000000083000000|  0%| F|  |TAMS 0x0000000082f00000, 0x0000000082f00000| Untracked 
|  30|0x0000000083000000, 0x0000000083000000, 0x0000000083100000|  0%| F|  |TAMS 0x0000000083000000, 0x0000000083000000| Untracked 
|  31|0x0000000083100000, 0x0000000083100000, 0x0000000083200000|  0%| F|  |TAMS 0x0000000083100000, 0x0000000083100000| Untracked 
|  32|0x0000000083200000, 0x0000000083200000, 0x0000000083300000|  0%| F|  |TAMS 0x0000000083200000, 0x0000000083200000| Untracked 
|  33|0x0000000083300000, 0x0000000083300000, 0x0000000083400000|  0%| F|  |TAMS 0x0000000083300000, 0x0000000083300000| Untracked 
|  34|0x0000000083400000, 0x0000000083400000, 0x0000000083500000|  0%| F|  |TAMS 0x0000000083400000, 0x0000000083400000| Untracked 
|  35|0x0000000083500000, 0x0000000083500000, 0x0000000083600000|  0%| F|  |TAMS 0x0000000083500000, 0x0000000083500000| Untracked 
|  36|0x0000000083600000, 0x0000000083600000, 0x0000000083700000|  0%| F|  |TAMS 0x0000000083600000, 0x0000000083600000| Untracked 
|  37|0x0000000083700000, 0x0000000083700000, 0x0000000083800000|  0%| F|  |TAMS 0x0000000083700000, 0x0000000083700000| Untracked 
|  38|0x0000000083800000, 0x0000000083800000, 0x0000000083900000|  0%| F|  |TAMS 0x0000000083800000, 0x0000000083800000| Untracked 
|  39|0x0000000083900000, 0x0000000083900000, 0x0000000083a00000|  0%| F|  |TAMS 0x0000000083900000, 0x0000000083900000| Untracked 
|  40|0x0000000083a00000, 0x0000000083a00000, 0x0000000083b00000|  0%| F|  |TAMS 0x0000000083a00000, 0x0000000083a00000| Untracked 
|  41|0x0000000083b00000, 0x0000000083b00000, 0x0000000083c00000|  0%| F|  |TAMS 0x0000000083b00000, 0x0000000083b00000| Untracked 
|  42|0x0000000083c00000, 0x0000000083c00000, 0x0000000083d00000|  0%| F|  |TAMS 0x0000000083c00000, 0x0000000083c00000| Untracked 
|  43|0x0000000083d00000, 0x0000000083d00000, 0x0000000083e00000|  0%| F|  |TAMS 0x0000000083d00000, 0x0000000083d00000| Untracked 
|  44|0x0000000083e00000, 0x0000000083e00000, 0x0000000083f00000|  0%| F|  |TAMS 0x0000000083e00000, 0x0000000083e00000| Untracked 
|  45|0x0000000083f00000, 0x0000000083f00000, 0x0000000084000000|  0%| F|  |TAMS 0x0000000083f00000, 0x0000000083f00000| Untracked 
|  46|0x0000000084000000, 0x0000000084000000, 0x0000000084100000|  0%| F|  |TAMS 0x0000000084000000, 0x0000000084000000| Untracked 
|  47|0x0000000084100000, 0x0000000084147728, 0x0000000084200000| 27%| S|CS|TAMS 0x0000000084100000, 0x0000000084100000| Complete 
|  48|0x0000000084200000, 0x0000000084300000, 0x0000000084300000|100%| S|CS|TAMS 0x0000000084200000, 0x0000000084200000| Complete 
|  49|0x0000000084300000, 0x0000000084400000, 0x0000000084400000|100%| S|CS|TAMS 0x0000000084300000, 0x0000000084300000| Complete 
|  50|0x0000000084400000, 0x0000000084500000, 0x0000000084500000|100%| S|CS|TAMS 0x0000000084400000, 0x0000000084400000| Complete 
|  51|0x0000000084500000, 0x0000000084600000, 0x0000000084600000|100%| S|CS|TAMS 0x0000000084500000, 0x0000000084500000| Complete 
|  52|0x0000000084600000, 0x0000000084600000, 0x0000000084700000|  0%| F|  |TAMS 0x0000000084600000, 0x0000000084600000| Untracked 
|  53|0x0000000084700000, 0x0000000084700000, 0x0000000084800000|  0%| F|  |TAMS 0x0000000084700000, 0x0000000084700000| Untracked 
|  54|0x0000000084800000, 0x0000000084800000, 0x0000000084900000|  0%| F|  |TAMS 0x0000000084800000, 0x0000000084800000| Untracked 
|  55|0x0000000084900000, 0x0000000084900000, 0x0000000084a00000|  0%| F|  |TAMS 0x0000000084900000, 0x0000000084900000| Untracked 
|  56|0x0000000084a00000, 0x0000000084a00000, 0x0000000084b00000|  0%| F|  |TAMS 0x0000000084a00000, 0x0000000084a00000| Untracked 
|  57|0x0000000084b00000, 0x0000000084b80800, 0x0000000084c00000| 50%| E|  |TAMS 0x0000000084b00000, 0x0000000084b00000| Complete 
|  58|0x0000000084c00000, 0x0000000084d00000, 0x0000000084d00000|100%| E|CS|TAMS 0x0000000084c00000, 0x0000000084c00000| Complete 
|  59|0x0000000084d00000, 0x0000000084e00000, 0x0000000084e00000|100%| E|CS|TAMS 0x0000000084d00000, 0x0000000084d00000| Complete 
|  60|0x0000000084e00000, 0x0000000084f00000, 0x0000000084f00000|100%| E|CS|TAMS 0x0000000084e00000, 0x0000000084e00000| Complete 
|  61|0x0000000084f00000, 0x0000000085000000, 0x0000000085000000|100%| E|CS|TAMS 0x0000000084f00000, 0x0000000084f00000| Complete 
|  62|0x0000000085000000, 0x0000000085100000, 0x0000000085100000|100%| E|CS|TAMS 0x0000000085000000, 0x0000000085000000| Complete 
|  63|0x0000000085100000, 0x0000000085200000, 0x0000000085200000|100%| E|CS|TAMS 0x0000000085100000, 0x0000000085100000| Complete 
|  64|0x0000000085200000, 0x0000000085300000, 0x0000000085300000|100%| E|CS|TAMS 0x0000000085200000, 0x0000000085200000| Complete 
|  65|0x0000000085300000, 0x0000000085400000, 0x0000000085400000|100%| E|CS|TAMS 0x0000000085300000, 0x0000000085300000| Complete 
|  66|0x0000000085400000, 0x0000000085500000, 0x0000000085500000|100%| E|CS|TAMS 0x0000000085400000, 0x0000000085400000| Complete 
|  67|0x0000000085500000, 0x0000000085600000, 0x0000000085600000|100%| E|CS|TAMS 0x0000000085500000, 0x0000000085500000| Complete 
|  68|0x0000000085600000, 0x0000000085700000, 0x0000000085700000|100%| E|CS|TAMS 0x0000000085600000, 0x0000000085600000| Complete 
|  69|0x0000000085700000, 0x0000000085800000, 0x0000000085800000|100%| E|CS|TAMS 0x0000000085700000, 0x0000000085700000| Complete 
|  70|0x0000000085800000, 0x0000000085900000, 0x0000000085900000|100%| E|CS|TAMS 0x0000000085800000, 0x0000000085800000| Complete 
|  71|0x0000000085900000, 0x0000000085a00000, 0x0000000085a00000|100%| E|CS|TAMS 0x0000000085900000, 0x0000000085900000| Complete 
|  72|0x0000000085a00000, 0x0000000085b00000, 0x0000000085b00000|100%| E|CS|TAMS 0x0000000085a00000, 0x0000000085a00000| Complete 
|  73|0x0000000085b00000, 0x0000000085c00000, 0x0000000085c00000|100%| E|CS|TAMS 0x0000000085b00000, 0x0000000085b00000| Complete 
|  74|0x0000000085c00000, 0x0000000085d00000, 0x0000000085d00000|100%| E|CS|TAMS 0x0000000085c00000, 0x0000000085c00000| Complete 
|  75|0x0000000085d00000, 0x0000000085e00000, 0x0000000085e00000|100%| E|CS|TAMS 0x0000000085d00000, 0x0000000085d00000| Complete 
|  76|0x0000000085e00000, 0x0000000085f00000, 0x0000000085f00000|100%| E|CS|TAMS 0x0000000085e00000, 0x0000000085e00000| Complete 
|  77|0x0000000085f00000, 0x0000000086000000, 0x0000000086000000|100%| E|CS|TAMS 0x0000000085f00000, 0x0000000085f00000| Complete 
|  78|0x0000000086000000, 0x0000000086100000, 0x0000000086100000|100%| E|CS|TAMS 0x0000000086000000, 0x0000000086000000| Complete 
|  79|0x0000000086100000, 0x0000000086200000, 0x0000000086200000|100%| E|CS|TAMS 0x0000000086100000, 0x0000000086100000| Complete 
|  80|0x0000000086200000, 0x0000000086300000, 0x0000000086300000|100%| E|CS|TAMS 0x0000000086200000, 0x0000000086200000| Complete 
|  81|0x0000000086300000, 0x0000000086400000, 0x0000000086400000|100%| E|CS|TAMS 0x0000000086300000, 0x0000000086300000| Complete 
|  82|0x0000000086400000, 0x0000000086500000, 0x0000000086500000|100%| E|CS|TAMS 0x0000000086400000, 0x0000000086400000| Complete 
|  83|0x0000000086500000, 0x0000000086600000, 0x0000000086600000|100%| E|CS|TAMS 0x0000000086500000, 0x0000000086500000| Complete 
|  84|0x0000000086600000, 0x0000000086700000, 0x0000000086700000|100%| E|CS|TAMS 0x0000000086600000, 0x0000000086600000| Complete 
|  85|0x0000000086700000, 0x0000000086800000, 0x0000000086800000|100%| E|CS|TAMS 0x0000000086700000, 0x0000000086700000| Complete 
|  86|0x0000000086800000, 0x0000000086900000, 0x0000000086900000|100%| E|CS|TAMS 0x0000000086800000, 0x0000000086800000| Complete 
|  87|0x0000000086900000, 0x0000000086a00000, 0x0000000086a00000|100%| E|CS|TAMS 0x0000000086900000, 0x0000000086900000| Complete 
|  88|0x0000000086a00000, 0x0000000086b00000, 0x0000000086b00000|100%| E|CS|TAMS 0x0000000086a00000, 0x0000000086a00000| Complete 
|  89|0x0000000086b00000, 0x0000000086c00000, 0x0000000086c00000|100%| E|CS|TAMS 0x0000000086b00000, 0x0000000086b00000| Complete 
|  90|0x0000000086c00000, 0x0000000086d00000, 0x0000000086d00000|100%| E|CS|TAMS 0x0000000086c00000, 0x0000000086c00000| Complete 
|  91|0x0000000086d00000, 0x0000000086e00000, 0x0000000086e00000|100%| E|CS|TAMS 0x0000000086d00000, 0x0000000086d00000| Complete 
|  92|0x0000000086e00000, 0x0000000086f00000, 0x0000000086f00000|100%| E|CS|TAMS 0x0000000086e00000, 0x0000000086e00000| Complete 
|  93|0x0000000086f00000, 0x0000000087000000, 0x0000000087000000|100%| E|CS|TAMS 0x0000000086f00000, 0x0000000086f00000| Complete 
|  94|0x0000000087000000, 0x0000000087100000, 0x0000000087100000|100%| E|CS|TAMS 0x0000000087000000, 0x0000000087000000| Complete 
|  95|0x0000000087100000, 0x0000000087200000, 0x0000000087200000|100%| E|CS|TAMS 0x0000000087100000, 0x0000000087100000| Complete 
|  96|0x0000000087200000, 0x0000000087300000, 0x0000000087300000|100%| E|CS|TAMS 0x0000000087200000, 0x0000000087200000| Complete 
|  97|0x0000000087300000, 0x0000000087400000, 0x0000000087400000|100%| E|CS|TAMS 0x0000000087300000, 0x0000000087300000| Complete 
|  98|0x0000000087400000, 0x0000000087500000, 0x0000000087500000|100%| E|CS|TAMS 0x0000000087400000, 0x0000000087400000| Complete 
|  99|0x0000000087500000, 0x0000000087600000, 0x0000000087600000|100%| E|CS|TAMS 0x0000000087500000, 0x0000000087500000| Complete 
| 100|0x0000000087600000, 0x0000000087700000, 0x0000000087700000|100%| E|CS|TAMS 0x0000000087600000, 0x0000000087600000| Complete 
| 101|0x0000000087700000, 0x0000000087800000, 0x0000000087800000|100%| E|CS|TAMS 0x0000000087700000, 0x0000000087700000| Complete 
| 102|0x0000000087800000, 0x0000000087900000, 0x0000000087900000|100%| E|CS|TAMS 0x0000000087800000, 0x0000000087800000| Complete 
| 103|0x0000000087900000, 0x0000000087a00000, 0x0000000087a00000|100%| E|CS|TAMS 0x0000000087900000, 0x0000000087900000| Complete 
| 104|0x0000000087a00000, 0x0000000087b00000, 0x0000000087b00000|100%| E|CS|TAMS 0x0000000087a00000, 0x0000000087a00000| Complete 
| 105|0x0000000087b00000, 0x0000000087c00000, 0x0000000087c00000|100%| E|CS|TAMS 0x0000000087b00000, 0x0000000087b00000| Complete 
| 106|0x0000000087c00000, 0x0000000087d00000, 0x0000000087d00000|100%| E|CS|TAMS 0x0000000087c00000, 0x0000000087c00000| Complete 
| 107|0x0000000087d00000, 0x0000000087e00000, 0x0000000087e00000|100%| E|CS|TAMS 0x0000000087d00000, 0x0000000087d00000| Complete 
| 108|0x0000000087e00000, 0x0000000087f00000, 0x0000000087f00000|100%| E|CS|TAMS 0x0000000087e00000, 0x0000000087e00000| Complete 
| 109|0x0000000087f00000, 0x0000000088000000, 0x0000000088000000|100%| E|CS|TAMS 0x0000000087f00000, 0x0000000087f00000| Complete 
| 110|0x0000000088000000, 0x0000000088100000, 0x0000000088100000|100%| E|CS|TAMS 0x0000000088000000, 0x0000000088000000| Complete 
| 111|0x0000000088100000, 0x0000000088200000, 0x0000000088200000|100%| E|CS|TAMS 0x0000000088100000, 0x0000000088100000| Complete 
| 112|0x0000000088200000, 0x0000000088300000, 0x0000000088300000|100%| E|CS|TAMS 0x0000000088200000, 0x0000000088200000| Complete 
| 113|0x0000000088300000, 0x0000000088400000, 0x0000000088400000|100%| E|CS|TAMS 0x0000000088300000, 0x0000000088300000| Complete 
| 114|0x0000000088400000, 0x0000000088500000, 0x0000000088500000|100%| E|CS|TAMS 0x0000000088400000, 0x0000000088400000| Complete 
| 115|0x0000000088500000, 0x0000000088600000, 0x0000000088600000|100%| E|CS|TAMS 0x0000000088500000, 0x0000000088500000| Complete 
| 116|0x0000000088600000, 0x0000000088700000, 0x0000000088700000|100%| E|CS|TAMS 0x0000000088600000, 0x0000000088600000| Complete 
| 117|0x0000000088700000, 0x0000000088800000, 0x0000000088800000|100%| E|CS|TAMS 0x0000000088700000, 0x0000000088700000| Complete 
| 118|0x0000000088800000, 0x0000000088900000, 0x0000000088900000|100%| E|CS|TAMS 0x0000000088800000, 0x0000000088800000| Complete 
| 119|0x0000000088900000, 0x0000000088a00000, 0x0000000088a00000|100%| E|CS|TAMS 0x0000000088900000, 0x0000000088900000| Complete 
| 120|0x0000000088a00000, 0x0000000088b00000, 0x0000000088b00000|100%| E|CS|TAMS 0x0000000088a00000, 0x0000000088a00000| Complete 
| 121|0x0000000088b00000, 0x0000000088c00000, 0x0000000088c00000|100%| E|CS|TAMS 0x0000000088b00000, 0x0000000088b00000| Complete 
| 122|0x0000000088c00000, 0x0000000088d00000, 0x0000000088d00000|100%| E|CS|TAMS 0x0000000088c00000, 0x0000000088c00000| Complete 
| 123|0x0000000088d00000, 0x0000000088e00000, 0x0000000088e00000|100%| E|CS|TAMS 0x0000000088d00000, 0x0000000088d00000| Complete 
| 124|0x0000000088e00000, 0x0000000088f00000, 0x0000000088f00000|100%| E|CS|TAMS 0x0000000088e00000, 0x0000000088e00000| Complete 
| 125|0x0000000088f00000, 0x0000000089000000, 0x0000000089000000|100%| E|CS|TAMS 0x0000000088f00000, 0x0000000088f00000| Complete 
| 126|0x0000000089000000, 0x0000000089100000, 0x0000000089100000|100%| E|CS|TAMS 0x0000000089000000, 0x0000000089000000| Complete 
| 127|0x0000000089100000, 0x0000000089200000, 0x0000000089200000|100%| E|CS|TAMS 0x0000000089100000, 0x0000000089100000| Complete 

Card table byte_map: [0x000001a05a2e0000,0x000001a05a6e0000] _byte_map_base: 0x000001a059ed7000

Marking Bits (Prev, Next): (CMBitMap*) 0x000001a042d0d330, (CMBitMap*) 0x000001a042d0d370
 Prev Bits: [0x000001a05aae0000, 0x000001a05ca98000)
 Next Bits: [0x000001a05caa0000, 0x000001a05ea58000)

Polling page: 0x000001a042480000

Metaspace:

Usage:
  Non-class:     18.09 MB capacity,    17.73 MB ( 98%) used,   342.07 KB (  2%) free+waste,    25.56 KB ( <1%) overhead. 
      Class:      2.24 MB capacity,     2.03 MB ( 91%) used,   203.97 KB (  9%) free+waste,    10.44 KB ( <1%) overhead. 
       Both:     20.33 MB capacity,    19.76 MB ( 97%) used,   546.04 KB (  3%) free+waste,    36.00 KB ( <1%) overhead. 

Virtual space:
  Non-class space:       20.00 MB reserved,      18.25 MB ( 91%) committed 
      Class space:        1.00 GB reserved,       2.25 MB ( <1%) committed 
             Both:        1.02 GB reserved,      20.50 MB (  2%) committed 

Chunk freelists:
   Non-Class:  34.00 KB
       Class:  12.00 KB
        Both:  46.00 KB

MaxMetaspaceSize: 17179869184.00 GB
CompressedClassSpaceSize: 1.00 GB

CodeHeap 'non-profiled nmethods': size=120000Kb used=2642Kb max_used=3108Kb free=117357Kb
 bounds [0x000001a0529b0000, 0x000001a052cc0000, 0x000001a059ee0000]
CodeHeap 'profiled nmethods': size=120000Kb used=8695Kb max_used=11044Kb free=111304Kb
 bounds [0x000001a04b480000, 0x000001a04bf50000, 0x000001a0529b0000]
CodeHeap 'non-nmethods': size=5760Kb used=1233Kb max_used=1273Kb free=4526Kb
 bounds [0x000001a04aee0000, 0x000001a04b150000, 0x000001a04b480000]
 total_blobs=4879 nmethods=4376 adapters=415
 compilation: enabled
              stopped_count=0, restarted_count=0
 full_count=0

Compilation events (20 events):
Event: 1133.012 Thread 0x000001a060f44bf0 5153       3       org.eclipse.sisu.bean.BeanPropertyIterator::next (27 bytes)
Event: 1133.012 Thread 0x000001a060f44bf0 nmethod 5153 0x000001a04b604090 code [0x000001a04b604240, 0x000001a04b6044b8]
Event: 1133.012 Thread 0x000001a060f44bf0 5154       1       org.eclipse.sisu.plexus.ComponentDescriptorBeanModule$ComponentMetadata::getConfiguration (2 bytes)
Event: 1133.012 Thread 0x000001a060f44bf0 nmethod 5154 0x000001a052b62b10 code [0x000001a052b62ca0, 0x000001a052b62d58]
Event: 1133.013 Thread 0x000001a060f44bf0 5155       3       org.eclipse.sisu.inject.InjectorBindings::maxBindingRank (10 bytes)
Event: 1133.013 Thread 0x000001a060f44bf0 nmethod 5155 0x000001a04b484d90 code [0x000001a04b484f40, 0x000001a04b4850d8]
Event: 1133.013 Thread 0x000001a060f44bf0 5156       1       org.eclipse.sisu.inject.DefaultRankingFunction::maxRank (3 bytes)
Event: 1133.013 Thread 0x000001a060f44bf0 nmethod 5156 0x000001a0529b4190 code [0x000001a0529b4320, 0x000001a0529b43d8]
Event: 1133.013 Thread 0x000001a060f44bf0 5157       3       org.eclipse.sisu.inject.RankedSequence$Itr::hasNext (116 bytes)
Event: 1133.014 Thread 0x000001a060f44bf0 nmethod 5157 0x000001a04b80c210 code [0x000001a04b80c400, 0x000001a04b80ca08]
Event: 1133.014 Thread 0x000001a060f44bf0 5158       3       org.eclipse.sisu.inject.RankedSequence::removeThis (43 bytes)
Event: 1133.015 Thread 0x000001a060f44bf0 nmethod 5158 0x000001a04b871510 code [0x000001a04b8717e0, 0x000001a04b872808]
Event: 1133.015 Thread 0x000001a060f44bf0 5159       3       jdk.internal.misc.Unsafe::objectFieldOffset (18 bytes)
Event: 1133.016 Thread 0x000001a060f44bf0 nmethod 5159 0x000001a04b532c10 code [0x000001a04b532dc0, 0x000001a04b532ff8]
Event: 1133.016 Thread 0x000001a060f44150 5165       4       java.lang.reflect.Field::copy (80 bytes)
Event: 1133.018 Thread 0x000001a060f44150 nmethod 5165 0x000001a052a41590 code [0x000001a052a41720, 0x000001a052a41878]
Event: 1133.018 Thread 0x000001a060f44150 5167       4       java.lang.reflect.Field::<init> (50 bytes)
Event: 1133.025 Thread 0x000001a060f44150 nmethod 5167 0x000001a052a04390 code [0x000001a052a04500, 0x000001a052a04a98]
Event: 1133.198 Thread 0x000001a060f44150 5168       4       java.util.StringTokenizer::hasMoreTokens (29 bytes)
Event: 1133.214 Thread 0x000001a060f44150 nmethod 5168 0x000001a0529bd090 code [0x000001a0529bd240, 0x000001a0529bd628]

GC Heap History (12 events):
Event: 2.377 GC heap before
{Heap before GC invocations=0 (full 0):
 garbage-first heap   total 131072K, used 12288K [0x0000000081200000, 0x0000000100000000)
  region size 1024K, 13 young (13312K), 0 survivors (0K)
 Metaspace       used 3928K, capacity 6963K, committed 7168K, reserved 1056768K
  class space    used 418K, capacity 725K, committed 768K, reserved 1048576K
}
Event: 2.396 GC heap after
{Heap after GC invocations=1 (full 0):
 garbage-first heap   total 131072K, used 3080K [0x0000000081200000, 0x0000000100000000)
  region size 1024K, 2 young (2048K), 2 survivors (2048K)
 Metaspace       used 3928K, capacity 6963K, committed 7168K, reserved 1056768K
  class space    used 418K, capacity 725K, committed 768K, reserved 1048576K
}
Event: 3.727 GC heap before
{Heap before GC invocations=1 (full 0):
 garbage-first heap   total 131072K, used 15368K [0x0000000081200000, 0x0000000100000000)
  region size 1024K, 14 young (14336K), 2 survivors (2048K)
 Metaspace       used 5632K, capacity 8150K, committed 8320K, reserved 1056768K
  class space    used 645K, capacity 886K, committed 896K, reserved 1048576K
}
Event: 3.737 GC heap after
{Heap after GC invocations=2 (full 0):
 garbage-first heap   total 131072K, used 3756K [0x0000000081200000, 0x0000000100000000)
  region size 1024K, 1 young (1024K), 1 survivors (1024K)
 Metaspace       used 5632K, capacity 8150K, committed 8320K, reserved 1056768K
  class space    used 645K, capacity 886K, committed 896K, reserved 1048576K
}
Event: 5.813 GC heap before
{Heap before GC invocations=2 (full 0):
 garbage-first heap   total 131072K, used 28332K [0x0000000081200000, 0x0000000100000000)
  region size 1024K, 26 young (26624K), 1 survivors (1024K)
 Metaspace       used 10068K, capacity 12238K, committed 12544K, reserved 1060864K
  class space    used 1215K, capacity 1476K, committed 1536K, reserved 1048576K
}
Event: 5.821 GC heap after
{Heap after GC invocations=3 (full 0):
 garbage-first heap   total 131072K, used 5255K [0x0000000081200000, 0x0000000100000000)
  region size 1024K, 3 young (3072K), 3 survivors (3072K)
 Metaspace       used 10068K, capacity 12238K, committed 12544K, reserved 1060864K
  class space    used 1215K, capacity 1476K, committed 1536K, reserved 1048576K
}
Event: 63.662 GC heap before
{Heap before GC invocations=3 (full 0):
 garbage-first heap   total 131072K, used 80007K [0x0000000081200000, 0x0000000100000000)
  region size 1024K, 76 young (77824K), 3 survivors (3072K)
 Metaspace       used 13688K, capacity 15042K, committed 15360K, reserved 1062912K
  class space    used 1486K, capacity 1696K, committed 1792K, reserved 1048576K
}
Event: 63.692 GC heap after
{Heap after GC invocations=4 (full 0):
 garbage-first heap   total 131072K, used 12091K [0x0000000081200000, 0x0000000100000000)
  region size 1024K, 9 young (9216K), 9 survivors (9216K)
 Metaspace       used 13688K, capacity 15042K, committed 15360K, reserved 1062912K
  class space    used 1486K, capacity 1696K, committed 1792K, reserved 1048576K
}
Event: 303.183 GC heap before
{Heap before GC invocations=4 (full 0):
 garbage-first heap   total 131072K, used 80699K [0x0000000081200000, 0x0000000100000000)
  region size 1024K, 76 young (77824K), 9 survivors (9216K)
 Metaspace       used 15005K, capacity 16222K, committed 16512K, reserved 1064960K
  class space    used 1580K, capacity 1810K, committed 1920K, reserved 1048576K
}
Event: 303.212 GC heap after
{Heap after GC invocations=5 (full 0):
 garbage-first heap   total 131072K, used 15023K [0x0000000081200000, 0x0000000100000000)
  region size 1024K, 4 young (4096K), 4 survivors (4096K)
 Metaspace       used 15005K, capacity 16222K, committed 16512K, reserved 1064960K
  class space    used 1580K, capacity 1810K, committed 1920K, reserved 1048576K
}
Event: 636.535 GC heap before
{Heap before GC invocations=5 (full 0):
 garbage-first heap   total 131072K, used 88751K [0x0000000081200000, 0x0000000100000000)
  region size 1024K, 76 young (77824K), 4 survivors (4096K)
 Metaspace       used 15559K, capacity 16734K, committed 17024K, reserved 1064960K
  class space    used 1628K, capacity 1874K, committed 1920K, reserved 1048576K
}
Event: 636.544 GC heap after
{Heap after GC invocations=6 (full 0):
 garbage-first heap   total 131072K, used 15857K [0x0000000081200000, 0x0000000100000000)
  region size 1024K, 5 young (5120K), 5 survivors (5120K)
 Metaspace       used 15559K, capacity 16734K, committed 17024K, reserved 1064960K
  class space    used 1628K, capacity 1874K, committed 1920K, reserved 1048576K
}

Deoptimization events (20 events):
Event: 1127.354 Thread 0x000001a042ccd8f0 Uncommon trap: trap_request=0xffffff76 fr.pc=0x000001a052c721e4 relative=0x00000000000001c4
Event: 1127.354 Thread 0x000001a042ccd8f0 Uncommon trap: reason=predicate action=maybe_recompile pc=0x000001a052c721e4 method=java.util.LinkedHashMap.valuesToArray([Ljava/lang/Object;)[Ljava/lang/Object; @ 12 c2
Event: 1127.354 Thread 0x000001a042ccd8f0 DEOPT PACKING pc=0x000001a052c721e4 sp=0x000000944defd1c0
Event: 1127.354 Thread 0x000001a042ccd8f0 DEOPT UNPACKING pc=0x000001a04af2e42f sp=0x000000944defd178 mode 2
Event: 1131.793 Thread 0x000001a042ccd8f0 DEOPT PACKING pc=0x000001a04be176a1 sp=0x000000944defd4b0
Event: 1131.793 Thread 0x000001a042ccd8f0 DEOPT UNPACKING pc=0x000001a04af2e23f sp=0x000000944defc990 mode 0
Event: 1132.785 Thread 0x000001a042ccd8f0 Uncommon trap: trap_request=0x0000019e fr.pc=0x000001a0529e65f4 relative=0x0000000000000934
Event: 1132.785 Thread 0x000001a042ccd8f0 Uncommon trap: reason=unloaded action=reinterpret pc=0x000001a0529e65f4 method=java.util.jar.JarFile.checkForSpecialAttributes()V @ 99 c2
Event: 1132.785 Thread 0x000001a042ccd8f0 DEOPT PACKING pc=0x000001a0529e65f4 sp=0x000000944defd1e0
Event: 1132.785 Thread 0x000001a042ccd8f0 DEOPT UNPACKING pc=0x000001a04af2e42f sp=0x000000944defd0e0 mode 2
Event: 1132.798 Thread 0x000001a042ccd8f0 Uncommon trap: trap_request=0x0000019e fr.pc=0x000001a0529e14a0 relative=0x0000000000000240
Event: 1132.798 Thread 0x000001a042ccd8f0 Uncommon trap: reason=unloaded action=reinterpret pc=0x000001a0529e14a0 method=java.util.jar.JarFile.checkForSpecialAttributes()V @ 99 c2
Event: 1132.798 Thread 0x000001a042ccd8f0 DEOPT PACKING pc=0x000001a0529e14a0 sp=0x000000944defd1c0
Event: 1132.798 Thread 0x000001a042ccd8f0 DEOPT UNPACKING pc=0x000001a04af2e42f sp=0x000000944defd158 mode 2
Event: 1132.798 Thread 0x000001a042ccd8f0 DEOPT PACKING pc=0x000001a04b64b112 sp=0x000000944defd150
Event: 1132.798 Thread 0x000001a042ccd8f0 DEOPT UNPACKING pc=0x000001a04af2e23f sp=0x000000944defc5e8 mode 0
Event: 1132.816 Thread 0x000001a042ccd8f0 Uncommon trap: trap_request=0xffffff45 fr.pc=0x000001a0529e3d1c relative=0x000000000000133c
Event: 1132.816 Thread 0x000001a042ccd8f0 Uncommon trap: reason=unstable_if action=reinterpret pc=0x000001a0529e3d1c method=java.util.jar.JarFile.isMultiRelease()Z @ 4 c2
Event: 1132.816 Thread 0x000001a042ccd8f0 DEOPT PACKING pc=0x000001a0529e3d1c sp=0x000000944defcd10
Event: 1132.816 Thread 0x000001a042ccd8f0 DEOPT UNPACKING pc=0x000001a04af2e42f sp=0x000000944defcbd8 mode 2

Classes unloaded (0 events):
No events

Classes redefined (0 events):
No events

Internal exceptions (20 events):
Event: 5.836 Thread 0x000001a042ccd8f0 Exception <a 'java/lang/NoClassDefFoundError'{0x0000000089138f00}: javax/annotation/Priority> (0x0000000089138f00) 
thrown [./open/src/hotspot/share/classfile/systemDictionary.cpp, line 284]
Event: 7.988 Thread 0x000001a042ccd8f0 Exception <a 'java/lang/NoSuchMethodError'{0x000000008905e9a8}: 'void java.lang.invoke.DirectMethodHandle$Holder.invokeStatic(java.lang.Object, java.lang.Object)'> (0x000000008905e9a8) 
thrown [./open/src/hotspot/share/interpreter/linkResolver.cpp, line 782]
Event: 7.989 Thread 0x000001a042ccd8f0 Exception <a 'java/lang/NoSuchMethodError'{0x00000000890633a0}: 'void java.lang.invoke.DirectMethodHandle$Holder.invokeStaticInit(java.lang.Object, java.lang.Object)'> (0x00000000890633a0) 
thrown [./open/src/hotspot/share/interpreter/linkResolver.cpp, line 782]
Event: 8.103 Thread 0x000001a042ccd8f0 Exception <a 'java/lang/NoSuchMethodError'{0x000000008908ba90}: 'java.lang.Object java.lang.invoke.DirectMethodHandle$Holder.invokeStatic(java.lang.Object)'> (0x000000008908ba90) 
thrown [./open/src/hotspot/share/interpreter/linkResolver.cpp, line 782]
Event: 8.335 Thread 0x000001a042ccd8f0 Exception <a 'java/lang/NoSuchMethodError'{0x0000000089096b30}: 'java.lang.Object java.lang.invoke.DirectMethodHandle$Holder.invokeStaticInit(java.lang.Object, int, int, int, int)'> (0x0000000089096b30) 
thrown [./open/src/hotspot/share/interpreter/linkResolver.cpp, line 782]
Event: 10.807 Thread 0x000001a042ccd8f0 Implicit null exception at 0x000001a0529d1cf4 to 0x000001a0529d2234
Event: 10.807 Thread 0x000001a042ccd8f0 Implicit null exception at 0x000001a0529e0274 to 0x000001a0529e07cc
Event: 65.670 Thread 0x000001a042ccd8f0 Implicit null exception at 0x000001a052a7521b to 0x000001a052a75944
Event: 65.887 Thread 0x000001a042ccd8f0 Implicit null exception at 0x000001a052a324af to 0x000001a052a32529
Event: 89.141 Thread 0x000001a042ccd8f0 Implicit null exception at 0x000001a052a44a6a to 0x000001a052a44c18
Event: 89.142 Thread 0x000001a042ccd8f0 Implicit null exception at 0x000001a052a4176a to 0x000001a052a41924
Event: 100.993 Thread 0x000001a042ccd8f0 Implicit null exception at 0x000001a052b4a18d to 0x000001a052b4ab38
Event: 709.669 Thread 0x000001a042ccd8f0 Exception <a 'java/lang/NoSuchMethodError'{0x0000000088866d08}: 'void java.lang.invoke.DirectMethodHandle$Holder.invokeStatic(java.lang.Object, long)'> (0x0000000088866d08) 
thrown [./open/src/hotspot/share/interpreter/linkResolver.cpp, line 782]
Event: 709.671 Thread 0x000001a042ccd8f0 Exception <a 'java/lang/NoSuchMethodError'{0x000000008886c908}: 'java.lang.Object java.lang.invoke.DirectMethodHandle$Holder.newInvokeSpecial(java.lang.Object, long)'> (0x000000008886c908) 
thrown [./open/src/hotspot/share/interpreter/linkResolver.cpp, line 782]
Event: 709.704 Thread 0x000001a042ccd8f0 Exception <a 'java/lang/NoSuchMethodError'{0x0000000088871538}: 'java.lang.Object java.lang.invoke.DirectMethodHandle$Holder.invokeStaticInit(java.lang.Object)'> (0x0000000088871538) 
thrown [./open/src/hotspot/share/interpreter/linkResolver.cpp, line 782]
Event: 709.706 Thread 0x000001a042ccd8f0 Exception <a 'java/lang/NoSuchMethodError'{0x000000008887afb8}: 'java.lang.Object java.lang.invoke.DirectMethodHandle$Holder.invokeStaticInit(java.lang.Object, java.lang.Object, long, java.lang.Object)'> (0x000000008887afb8) 
thrown [./open/src/hotspot/share/interpreter/linkResolver.cpp, line 782]
Event: 709.707 Thread 0x000001a042ccd8f0 Exception <a 'java/lang/NoSuchMethodError'{0x0000000088881e70}: 'java.lang.Object java.lang.invoke.DirectMethodHandle$Holder.newInvokeSpecial(java.lang.Object, java.lang.Object, long)'> (0x0000000088881e70) 
thrown [./open/src/hotspot/share/interpreter/linkResolver.cpp, line 782]
Event: 709.708 Thread 0x000001a042ccd8f0 Exception <a 'java/lang/NoSuchMethodError'{0x0000000088886260}: 'java.lang.Object java.lang.invoke.Invokers$Holder.linkToTargetMethod(java.lang.Object, long, java.lang.Object)'> (0x0000000088886260) 
thrown [./open/src/hotspot/share/interpreter/linkResolver.cpp, line 782]
Event: 808.684 Thread 0x000001a06205e710 Implicit null exception at 0x000001a052c12d4b to 0x000001a052c13554
Event: 1116.760 Thread 0x000001a042ccd8f0 Exception <a 'java/lang/NoSuchMethodError'{0x0000000086abd940}: 'java.lang.Object java.lang.invoke.Invokers$Holder.invoke_MT(java.lang.Object, java.lang.Object, java.lang.Object)'> (0x0000000086abd940) 
thrown [./open/src/hotspot/share/interpreter/linkResolver.cpp, line 782]

Events (20 events):
Event: 1130.652 Thread 0x000001a060f455e0 flushing nmethod 0x000001a04be34610
Event: 1130.652 Thread 0x000001a060f455e0 flushing nmethod 0x000001a04be36f10
Event: 1130.652 Thread 0x000001a060f455e0 flushing nmethod 0x000001a04be37690
Event: 1130.652 Thread 0x000001a060f455e0 flushing nmethod 0x000001a04be37a90
Event: 1130.652 Thread 0x000001a060f455e0 flushing nmethod 0x000001a04be3f110
Event: 1130.652 Thread 0x000001a060f455e0 flushing nmethod 0x000001a04be3fa10
Event: 1130.652 Thread 0x000001a060f455e0 flushing nmethod 0x000001a04be43310
Event: 1130.652 Thread 0x000001a060f455e0 flushing nmethod 0x000001a04beada10
Event: 1130.652 Thread 0x000001a060f455e0 flushing nmethod 0x000001a04bebd610
Event: 1130.652 Thread 0x000001a060f455e0 flushing nmethod 0x000001a04bec6b10
Event: 1130.652 Thread 0x000001a060f455e0 flushing nmethod 0x000001a04bec6e90
Event: 1130.652 Thread 0x000001a060f455e0 flushing nmethod 0x000001a04bec7610
Event: 1130.653 Thread 0x000001a060f455e0 flushing nmethod 0x000001a04bf34690
Event: 1130.653 Thread 0x000001a060f455e0 flushing nmethod 0x000001a04bf34f90
Event: 1130.653 Thread 0x000001a060f455e0 flushing nmethod 0x000001a04bf35f10
Event: 1130.653 Thread 0x000001a060f455e0 flushing nmethod 0x000001a04bf36890
Event: 1130.653 Thread 0x000001a060f455e0 flushing nmethod 0x000001a04bf3fe90
Event: 1130.653 Thread 0x000001a060f455e0 flushing nmethod 0x000001a04bf41210
Event: 1133.018 loading class jdk/internal/reflect/UnsafeIntegerFieldAccessorImpl
Event: 1133.066 loading class jdk/internal/reflect/UnsafeIntegerFieldAccessorImpl done


Dynamic libraries:
0x00007ff7d2da0000 - 0x00007ff7d2daf000 	C:\Program Files\Java\jdk-15.0.1\bin\java.exe
0x00007ffb29790000 - 0x00007ffb29971000 	C:\WINDOWS\SYSTEM32\ntdll.dll
0x00007ffb28fb0000 - 0x00007ffb29062000 	C:\WINDOWS\System32\KERNEL32.DLL
0x00007ffb26270000 - 0x00007ffb264e3000 	C:\WINDOWS\System32\KERNELBASE.dll
0x00007ffb25d80000 - 0x00007ffb25e7a000 	C:\WINDOWS\System32\ucrtbase.dll
0x00007ffb0d730000 - 0x00007ffb0d748000 	C:\Program Files\Java\jdk-15.0.1\bin\jli.dll
0x00007ffb29160000 - 0x00007ffb29201000 	C:\WINDOWS\System32\ADVAPI32.dll
0x00007ffb29540000 - 0x00007ffb295de000 	C:\WINDOWS\System32\msvcrt.dll
0x00007ffb29390000 - 0x00007ffb293eb000 	C:\WINDOWS\System32\sechost.dll
0x00007ffb28af0000 - 0x00007ffb28c14000 	C:\WINDOWS\System32\RPCRT4.dll
0x00007ffb26d20000 - 0x00007ffb26eb0000 	C:\WINDOWS\System32\USER32.dll
0x00007ffb26c00000 - 0x00007ffb26c20000 	C:\WINDOWS\System32\win32u.dll
0x00007ffb26c20000 - 0x00007ffb26c48000 	C:\WINDOWS\System32\GDI32.dll
0x00007ffb25be0000 - 0x00007ffb25d72000 	C:\WINDOWS\System32\gdi32full.dll
0x00007ffb25e80000 - 0x00007ffb25f1f000 	C:\WINDOWS\System32\msvcp_win.dll
0x00007ffb0bae0000 - 0x00007ffb0baf9000 	C:\Program Files\Java\jdk-15.0.1\bin\VCRUNTIME140.dll
0x00007ffb1c050000 - 0x00007ffb1c05a000 	C:\WINDOWS\SYSTEM32\VERSION.dll
0x00007ffb1aa00000 - 0x00007ffb1ac69000 	C:\WINDOWS\WinSxS\amd64_microsoft.windows.common-controls_6595b64144ccf1df_6.0.17134.376_none_fb439a3730647da2\COMCTL32.dll
0x00007ffb28c80000 - 0x00007ffb28fa3000 	C:\WINDOWS\System32\combase.dll
0x00007ffb25b60000 - 0x00007ffb25bda000 	C:\WINDOWS\System32\bcryptPrimitives.dll
0x00007ffb27180000 - 0x00007ffb271ad000 	C:\WINDOWS\System32\IMM32.DLL
0x00007ffb1d990000 - 0x00007ffb1d99c000 	C:\Program Files\Java\jdk-15.0.1\bin\vcruntime140_1.dll
0x00007ffaf6a50000 - 0x00007ffaf6ae1000 	C:\Program Files\Java\jdk-15.0.1\bin\msvcp140.dll
0x00007ffabf9a0000 - 0x00007ffac04fe000 	C:\Program Files\Java\jdk-15.0.1\bin\server\jvm.dll
0x00007ffb28a40000 - 0x00007ffb28a48000 	C:\WINDOWS\System32\PSAPI.DLL
0x00007ffb1c650000 - 0x00007ffb1c673000 	C:\WINDOWS\SYSTEM32\WINMM.dll
0x00007ffb09970000 - 0x00007ffb09979000 	C:\WINDOWS\SYSTEM32\WSOCK32.dll
0x00007ffb294d0000 - 0x00007ffb2953c000 	C:\WINDOWS\System32\WS2_32.dll
0x00007ffb1c590000 - 0x00007ffb1c5ba000 	C:\WINDOWS\SYSTEM32\winmmbase.dll
0x00007ffb261c0000 - 0x00007ffb26209000 	C:\WINDOWS\System32\cfgmgr32.dll
0x00007ffb25b20000 - 0x00007ffb25b31000 	C:\WINDOWS\System32\kernel.appcore.dll
0x00007ffb1d6a0000 - 0x00007ffb1d6aa000 	C:\Program Files\Java\jdk-15.0.1\bin\jimage.dll
0x00007ffb25610000 - 0x00007ffb257d9000 	C:\WINDOWS\SYSTEM32\DBGHELP.DLL
0x00007ffb25390000 - 0x00007ffb253b9000 	C:\WINDOWS\SYSTEM32\dbgcore.DLL
0x00007ffb0b5b0000 - 0x00007ffb0b5d5000 	C:\Program Files\Java\jdk-15.0.1\bin\java.dll
0x00007ffb27600000 - 0x00007ffb28a3f000 	C:\WINDOWS\System32\SHELL32.dll
0x00007ffb26f30000 - 0x00007ffb26fd9000 	C:\WINDOWS\System32\shcore.dll
0x00007ffb264f0000 - 0x00007ffb26bfd000 	C:\WINDOWS\System32\windows.storage.dll
0x00007ffb29410000 - 0x00007ffb29461000 	C:\WINDOWS\System32\shlwapi.dll
0x00007ffb25b40000 - 0x00007ffb25b5f000 	C:\WINDOWS\System32\profapi.dll
0x00007ffb25aa0000 - 0x00007ffb25aec000 	C:\WINDOWS\System32\powrprof.dll
0x00007ffb25b10000 - 0x00007ffb25b1a000 	C:\WINDOWS\System32\FLTLIB.DLL
0x00007ffb0ab30000 - 0x00007ffb0ab49000 	C:\Program Files\Java\jdk-15.0.1\bin\net.dll
0x00007ffb21500000 - 0x00007ffb215dc000 	C:\WINDOWS\SYSTEM32\WINHTTP.dll
0x00007ffb24fc0000 - 0x00007ffb25026000 	C:\WINDOWS\system32\mswsock.dll
0x00007ffb0a900000 - 0x00007ffb0a912000 	C:\Program Files\Java\jdk-15.0.1\bin\nio.dll
0x00007ffb093b0000 - 0x00007ffb093c8000 	C:\Program Files\Java\jdk-15.0.1\bin\zip.dll
0x00007ffb1c9e0000 - 0x00007ffb1c9f0000 	C:\Program Files\Java\jdk-15.0.1\bin\verify.dll
0x00007ffb1a550000 - 0x00007ffb1a55a000 	D:\apache-maven-3.6.3\lib\jansi-native\windows64\jansi.dll

dbghelp: loaded successfully - version: 4.0.5 - missing functions: none
symbol engine: initialized successfully - sym options: 0x614 - pdb path: .;C:\Program Files\Java\jdk-15.0.1\bin;C:\WINDOWS\SYSTEM32;C:\WINDOWS\WinSxS\amd64_microsoft.windows.common-controls_6595b64144ccf1df_6.0.17134.376_none_fb439a3730647da2;C:\Program Files\Java\jdk-15.0.1\bin\server;D:\apache-maven-3.6.3\lib\jansi-native\windows64

VM Arguments:
jvm_args: -Dclassworlds.conf=D:\apache-maven-3.6.3\bin\..\bin\m2.conf -Dmaven.home=D:\apache-maven-3.6.3\bin\.. -Dlibrary.jansi.path=D:\apache-maven-3.6.3\bin\..\lib\jansi-native -Dmaven.multiModuleProjectDirectory=D:\ASHOK I\TMS_CODE\TMSWEB_MAR_02 - Copy 
java_command: org.codehaus.plexus.classworlds.launcher.Launcher clean install -Dmaven.test.skip=true
java_class_path (initial): D:\apache-maven-3.6.3\bin\..\boot\plexus-classworlds-2.6.0.jar
Launcher Type: SUN_STANDARD

[Global flags]
     intx CICompilerCount                          = 3                                         {product} {ergonomic}
     uint ConcGCThreads                            = 1                                         {product} {ergonomic}
     uint G1ConcRefinementThreads                  = 4                                         {product} {ergonomic}
   size_t G1HeapRegionSize                         = 1048576                                   {product} {ergonomic}
    uintx GCDrainStackTargetSize                   = 64                                        {product} {ergonomic}
   size_t InitialHeapSize                          = 134217728                                 {product} {ergonomic}
   size_t MarkStackSize                            = 4194304                                   {product} {ergonomic}
   size_t MaxHeapSize                              = 2128609280                                {product} {ergonomic}
   size_t MaxNewSize                               = 1277165568                                {product} {ergonomic}
   size_t MinHeapDeltaBytes                        = 1048576                                   {product} {ergonomic}
   size_t MinHeapSize                              = 8388608                                   {product} {ergonomic}
    uintx NonNMethodCodeHeapSize                   = 5832780                                {pd product} {ergonomic}
    uintx NonProfiledCodeHeapSize                  = 122912730                              {pd product} {ergonomic}
    uintx ProfiledCodeHeapSize                     = 122912730                              {pd product} {ergonomic}
    uintx ReservedCodeCacheSize                    = 251658240                              {pd product} {ergonomic}
     bool SegmentedCodeCache                       = true                                      {product} {ergonomic}
   size_t SoftMaxHeapSize                          = 2128609280                             {manageable} {ergonomic}
     bool UseCompressedClassPointers               = true                                 {lp64_product} {ergonomic}
     bool UseCompressedOops                        = true                                 {lp64_product} {ergonomic}
     bool UseG1GC                                  = true                                      {product} {ergonomic}
     bool UseLargePagesIndividualAllocation        = false                                  {pd product} {ergonomic}

Logging:
Log output configuration:
 #0: stdout all=warning uptime,level,tags
 #1: stderr all=off uptime,level,tags

Environment Variables:
PATH=C:\Program Files\Common Files\Oracle\Java\javapath;C:\Program Files (x86)\Common Files\Oracle\Java\javapath;C:\ProgramData\Oracle\Java\javapath;C:\WINDOWS\system32;C:\WINDOWS;C:\WINDOWS\System32\Wbem;C:\WINDOWS\System32\WindowsPowerShell\v1.0\;c:\Program Files (x86)\Microsoft SQL Server\110\Tools\Binn\ManagementStudio\;c:\Program Files (x86)\Microsoft SQL Server\110\Tools\Binn\;c:\Program Files (x86)\Microsoft SQL Server\110\DTS\Binn\;C:\WINDOWS\System32\OpenSSH\;C:\WINDOWS\system32\config\systemprofile\.dnx\bin;C:\Program Files\Microsoft DNX\Dnvm\;C:\Program Files\Microsoft SQL Server\130\Tools\Binn\;C:\Program Files\nodejs\;C:\Program Files\dotnet\;C:\Program Files\Microsoft SQL Server\Client SDK\ODBC\170\Tools\Binn\;C:\Program Files\NetMake\v9-php73\components\php;D:\apache-maven-3.6.3\bin;C:\ProgramData\apache-maven-3.6.3\bin;D:\ASHOK I\Python\Scripts\;D:\ASHOK I\Python\;C:\Users\ashokkumar.i\AppData\Local\Microsoft\WindowsApps;C:\Users\ashokkumar.i\AppData\Roaming\npm;C:\Users\ashokkumar.i\AppData\Local\Programs\Microsoft VS Code\bin;C:\Users\ashokkumar.i\AppData\Local\JetBrains\PyCharm Community Edition 2019.3.4\bin;C:\Users\ashokkumar.i\.dotnet\tools;C:\Users\ashokkumar.i\AppData\Local\Programs\Git\cmd
USERNAME=ashokkumar.i
OS=Windows_NT
PROCESSOR_IDENTIFIER=Intel64 Family 6 Model 61 Stepping 4, GenuineIntel



---------------  S Y S T E M  ---------------

OS:
 Windows 10 , 64 bit Build 17134 (10.0.17134.1)
OS uptime: 1 days 2:48 hours

CPU: total 4 (initial active 4) (2 cores per cpu, 2 threads per core) family 6 model 61 stepping 4 microcode 0x2a, cmov, cx8, fxsr, mmx, sse, sse2, sse3, ssse3, sse4.1, sse4.2, popcnt, vzeroupper, avx, avx2, aes, clmul, erms, 3dnowpref, lzcnt, ht, tsc, tscinvbit, bmi1, bmi2, adx, fma, clflush

Memory: 4k page, system-wide physical 8112M (2120M free)
TotalPageFile size 15536M (AvailPageFile size 4775M)
current process WorkingSet (physical memory assigned to process): 179M, peak: 189M
current process commit charge ("private bytes"): 251M, peak: 261M

vm_info: Java HotSpot(TM) 64-Bit Server VM (15.0.1+9-18) for windows-amd64 JRE (15.0.1+9-18), built on Sep 15 2020 14:43:54 by "mach5one" with unknown MS VC++:1925

END.
