#
# A fatal error has been detected by the Java Runtime Environment:
#
#  EXCEPTION_ACCESS_VIOLATION (0xc0000005) at pc=0x000001835ba6d9fc, pid=21372, tid=18500
#
# JRE version: OpenJDK Runtime Environment Corretto-11.0.10.9.1 (11.0.10+9) (build 11.0.10+9-LTS)
# Java VM: OpenJDK 64-Bit Server VM Corretto-11.0.10.9.1 (11.0.10+9-LTS, mixed mode, tiered, compressed oops, g1 gc, windows-amd64)
# Problematic frame:
# J 9498 c1 java.util.concurrent.ScheduledThreadPoolExecutor$DelayedWorkQueue.offer(Ljava/lang/Runnable;)Z java.base@11.0.10 (123 bytes) @ 0x000001835ba6d9fc [0x000001835ba6cb40+0x0000000000000ebc]
#
# No core dump will be written. Minidumps are not enabled by default on client versions of Windows
#
# If you would like to submit a bug report, please visit:
#   https://github.com/corretto/corretto-11/issues/
#

---------------  S U M M A R Y ------------

Command Line: -javaagent:C:\Program Files\JetBrains\IntelliJ IDEA Community Edition 2020.2\lib\idea_rt.jar=60801:C:\Program Files\JetBrains\IntelliJ IDEA Community Edition 2020.2\bin -Dfile.encoding=UTF-8 com.transport.TransportTrackingApplication

Host: Intel(R) Core(TM) i3-5005U CPU @ 2.00GHz, 4 cores, 7G,  Windows 10 , 64 bit Build 17134 (10.0.17134.1)
Time: Fri Apr 16 16:35:55 2021 Nepal Standard Time elapsed time: 1272.142611 seconds (0d 0h 21m 12s)

---------------  T H R E A D  ---------------

Current thread (0x0000018376034800):  JavaThread "Catalina-utility-1" [_thread_in_Java, id=18500, stack(0x0000002b70800000,0x0000002b70900000)]

Stack: [0x0000002b70800000,0x0000002b70900000],  sp=0x0000002b708ff240,  free space=1020k
Native frames: (J=compiled Java code, j=interpreted, Vv=VM code, C=native code)
C  0x000001835ba6d9fc


siginfo: EXCEPTION_ACCESS_VIOLATION (0xc0000005), writing address 0x000000000000226a


Register to memory mapping:

RIP=0x000001835ba6d9fc is at entry_point+3772 in (nmethod*)0x000001835ba6c810
RAX=0x000000000000226a is an unknown value
RBX=0x0000000000000824 is an unknown value
RCX=0x0000000100095650 is a pointer to class: 
java.util.concurrent.locks.AbstractQueuedSynchronizer$Node {0x0000000100095658}
RDX=0x0000000082515d70 is an oop: java.util.concurrent.locks.ReentrantLock$NonfairSync 
{0x0000000082515d70} - klass: 'java/util/concurrent/locks/ReentrantLock$NonfairSync'
RSP=0x0000002b708ff240 is pointing into the stack for thread: 0x0000018376034800
RBP=0x0000002b708ff480 is pointing into the stack for thread: 0x0000018376034800
RSI=0x00000183732b5070 is pointing into metadata
RDI=0x0000000082032e80 is an oop: java.util.concurrent.locks.ReentrantLock 
{0x0000000082032e80} - klass: 'java/util/concurrent/locks/ReentrantLock'
R8 =0x0000000082515d70 is an oop: java.util.concurrent.locks.ReentrantLock$NonfairSync 
{0x0000000082515d70} - klass: 'java/util/concurrent/locks/ReentrantLock$NonfairSync'
R9 =0x0000000082a49220 is an oop: java.util.concurrent.ScheduledThreadPoolExecutor$ScheduledFutureTask 
{0x0000000082a49220} - klass: 'java/util/concurrent/ScheduledThreadPoolExecutor$ScheduledFutureTask'
R10=0x00000183519c1000 points into unknown readable memory: 0x0000000000000000 | 00 00 00 00 00 00 00 00
R11=0x0000000082032c38 is an oop: org.apache.tomcat.util.threads.TaskThread 
{0x0000000082032c38} - klass: 'org/apache/tomcat/util/threads/TaskThread'
R12=0x0 is NULL
R13=0x0000000082515d70 is an oop: java.util.concurrent.locks.ReentrantLock$NonfairSync 
{0x0000000082515d70} - klass: 'java/util/concurrent/locks/ReentrantLock$NonfairSync'
R14=0x00000000885bbcd0 is an oop: java.util.concurrent.ConcurrentHashMap$KeyIterator 
{0x00000000885bbcd0} - klass: 'java/util/concurrent/ConcurrentHashMap$KeyIterator'
R15=0x0000018376034800 is a thread


Registers:
RAX=0x000000000000226a, RBX=0x0000000000000824, RCX=0x0000000100095650, RDX=0x0000000082515d70
RSP=0x0000002b708ff240, RBP=0x0000002b708ff480, RSI=0x00000183732b5070, RDI=0x0000000082032e80
R8 =0x0000000082515d70, R9 =0x0000000082a49220, R10=0x00000183519c1000, R11=0x0000000082032c38
R12=0x0000000000000000, R13=0x0000000082515d70, R14=0x00000000885bbcd0, R15=0x0000018376034800
RIP=0x000001835ba6d9fc, EFLAGS=0x0000000000010202

Top of Stack: (sp=0x0000002b708ff240)
0x0000002b708ff240:   0000000000000400 0000000082053820
0x0000002b708ff250:   0000000082a49268 000000000000000a
0x0000002b708ff260:   0000002b708ff480 000001835ba69c54
0x0000002b708ff270:   0000000082a49238 000001837536b900
0x0000002b708ff280:   0000018376034800 0000002b708ff228
0x0000002b708ff290:   000001835ba6be44 0000000000000000
0x0000002b708ff2a0:   0000000082515d70 0000000082515d70
0x0000002b708ff2b0:   0000000082032e60 0000000082a49220
0x0000002b708ff2c0:   0000000082032e80 0000000082032c38
0x0000002b708ff2d0:   0000000082032db0 0000000082a49220
0x0000002b708ff2e0:   000001837b4982a8 000001837b3c1f70
0x0000002b708ff2f0:   0000000100448e48 000001835b95ea7c
0x0000002b708ff300:   0000002b708ff480 000001835b95ebac
0x0000002b708ff310:   0000002b708ff480 000001835ba55044
0x0000002b708ff320:   0000000100006980 0000000082a49220
0x0000002b708ff330:   0000018372cf7380 00000183732b5070 

Instructions: (pc=0x000001835ba6d9fc)
0x000001835ba6d8fc:   8b d6 48 bf f8 5f 3a 7b 83 01 00 00 48 83 87 c8
0x000001835ba6d90c:   01 00 00 01 48 8b d6 0f 1f 40 00 e8 64 22 ee ff
0x000001835ba6d91c:   48 8b bc 24 80 00 00 00 4c 8b c7 48 ba 28 23 3c
0x000001835ba6d92c:   7b 83 01 00 00 45 8b 40 08 49 c1 e0 03 4c 3b 82
0x000001835ba6d93c:   58 03 00 00 75 0d 48 83 82 60 03 00 00 01 e9 66
0x000001835ba6d94c:   00 00 00 4c 3b 82 68 03 00 00 75 0d 48 83 82 70
0x000001835ba6d95c:   03 00 00 01 e9 50 00 00 00 48 81 ba 58 03 00 08
0x000001835ba6d96c:   00 00 00 00 75 17 4c 89 82 58 03 00 00 48 c7 82
0x000001835ba6d97c:   60 03 00 00 01 00 00 00 e9 2c 00 00 00 48 81 ba
0x000001835ba6d98c:   68 03 00 00 00 00 00 00 75 17 4c 89 82 68 03 00
0x000001835ba6d99c:   00 48 c7 82 70 03 00 00 01 00 00 00 e9 08 00 00
0x000001835ba6d9ac:   00 48 83 82 48 03 00 00 01 49 b8 70 50 2b 73 83
0x000001835ba6d9bc:   01 00 00 41 8b 90 04 01 00 00 83 c2 08 41 89 90
0x000001835ba6d9cc:   04 01 00 00 81 e2 f8 ff 7f 00 83 fa 00 0f 84 b2
0x000001835ba6d9dc:   04 00 00 8b 57 0c 48 3b 02 4c 8b c2 48 be 70 50
0x000001835ba6d9ec:   2b 73 83 01 00 00 48 8b 86 40 01 00 00 01 41 b8
0x000001835ba6d9fc:   01 00 00 00 0f 1f 80 00 00 00 00 e8 d4 20 83 06
0x000001835ba6da0c:   48 b8 28 23 3c 7b 83 01 00 00 ff 80 80 03 00 00
0x000001835ba6da1c:   b8 01 00 00 00 48 81 c4 c0 00 00 00 5d 4d 8b 97
0x000001835ba6da2c:   08 01 00 00 41 85 02 c3 0f 1f 40 00 e9 89 04 00
0x000001835ba6da3c:   00 00 00 00 00 00 49 8b 87 18 01 00 00 48 8d 78
0x000001835ba6da4c:   28 49 3b bf 28 01 00 00 0f 87 76 04 00 00 49 89
0x000001835ba6da5c:   bf 18 01 00 00 48 8b 8a b8 00 00 00 48 89 08 48
0x000001835ba6da6c:   8b ca 48 c1 e9 03 89 48 08 48 33 c9 89 48 0c 48
0x000001835ba6da7c:   33 c9 48 89 48 10 48 89 48 18 48 89 48 20 48 8b
0x000001835ba6da8c:   d0 48 be f8 5f 3a 7b 83 01 00 00 48 83 86 98 01
0x000001835ba6da9c:   00 00 01 48 8b d0 48 89 84 24 98 00 00 00 0f 1f
0x000001835ba6daac:   44 00 00 e8 4c 83 76 fe 48 8b 84 24 98 00 00 00
0x000001835ba6dabc:   48 ba bc da a6 5b 83 01 00 00 e8 b5 dd 82 fe 90
0x000001835ba6dacc:   0f 1f 40 00 e9 17 04 00 00 00 00 00 00 00 49 8b
0x000001835ba6dadc:   87 18 01 00 00 48 8d 78 28 49 3b bf 28 01 00 00
0x000001835ba6daec:   0f 87 04 04 00 00 49 89 bf 18 01 00 00 48 8b 8a 


Stack slot to memory mapping:
stack at sp + 0 slots: 0x0000000000000400 is an unknown value
stack at sp + 1 slots: 0x0000000082053820 is an oop: java.util.concurrent.ScheduledThreadPoolExecutor$ScheduledFutureTask 
{0x0000000082053820} - klass: 'java/util/concurrent/ScheduledThreadPoolExecutor$ScheduledFutureTask'
stack at sp + 2 slots: 0x0000000082a49268 is an oop: java.util.concurrent.Executors$RunnableAdapter 
{0x0000000082a49268} - klass: 'java/util/concurrent/Executors$RunnableAdapter'
stack at sp + 3 slots: 0x000000000000000a is an unknown value
stack at sp + 4 slots: 0x0000002b708ff480 is pointing into the stack for thread: 0x0000018376034800
stack at sp + 5 slots: 0x000001835ba69c54 is at entry_point+1716 in (nmethod*)0x000001835ba69190
stack at sp + 6 slots: 0x0000000082a49238 is pointing into object: java.util.concurrent.ScheduledThreadPoolExecutor$ScheduledFutureTask 
{0x0000000082a49220} - klass: 'java/util/concurrent/ScheduledThreadPoolExecutor$ScheduledFutureTask'
stack at sp + 7 slots: {method} {0x000001837536b908} 'runAndReset' '()Z' in 'java/util/concurrent/FutureTask'



---------------  P R O C E S S  ---------------

Threads class SMR info:
_java_thread_list=0x0000018372d053b0, length=30, elements={
0x00000183711c0800, 0x00000183711c9800, 0x0000018371212800, 0x0000018371213800,
0x0000018371218000, 0x000001837121d800, 0x0000018371226800, 0x00000183712a0000,
0x0000018370734800, 0x00000183716da800, 0x0000018376034800, 0x0000018376030800,
0x000001837602f000, 0x0000018376035800, 0x0000018376033000, 0x0000018376031800,
0x0000018376032000, 0x0000018376114800, 0x0000018376112000, 0x0000018376113800,
0x0000018376115800, 0x0000018376110800, 0x0000018376113000, 0x000001837610f800,
0x0000018376116000, 0x0000018376117000, 0x0000018376111800, 0x000001837611d800,
0x0000018376118000, 0x0000018375e79800
}

Java Threads: ( => current thread )
  0x00000183711c0800 JavaThread "Reference Handler" daemon [_thread_blocked, id=22324, stack(0x0000002b6f800000,0x0000002b6f900000)]
  0x00000183711c9800 JavaThread "Finalizer" daemon [_thread_blocked, id=17856, stack(0x0000002b6f900000,0x0000002b6fa00000)]
  0x0000018371212800 JavaThread "Signal Dispatcher" daemon [_thread_blocked, id=18128, stack(0x0000002b6fa00000,0x0000002b6fb00000)]
  0x0000018371213800 JavaThread "Attach Listener" daemon [_thread_blocked, id=18244, stack(0x0000002b6fb00000,0x0000002b6fc00000)]
  0x0000018371218000 JavaThread "Service Thread" daemon [_thread_blocked, id=4408, stack(0x0000002b6fc00000,0x0000002b6fd00000)]
  0x000001837121d800 JavaThread "C2 CompilerThread0" daemon [_thread_blocked, id=15388, stack(0x0000002b6fd00000,0x0000002b6fe00000)]
  0x0000018371226800 JavaThread "C1 CompilerThread0" daemon [_thread_blocked, id=22124, stack(0x0000002b6fe00000,0x0000002b6ff00000)]
  0x00000183712a0000 JavaThread "Sweeper thread" daemon [_thread_blocked, id=22348, stack(0x0000002b6ff00000,0x0000002b70000000)]
  0x0000018370734800 JavaThread "Common-Cleaner" daemon [_thread_blocked, id=22432, stack(0x0000002b70000000,0x0000002b70100000)]
  0x00000183716da800 JavaThread "Monitor Ctrl-Break" daemon [_thread_in_native, id=21208, stack(0x0000002b70100000,0x0000002b70200000)]
=>0x0000018376034800 JavaThread "Catalina-utility-1" [_thread_in_Java, id=18500, stack(0x0000002b70800000,0x0000002b70900000)]
  0x0000018376030800 JavaThread "Catalina-utility-2" [_thread_blocked, id=16540, stack(0x0000002b70900000,0x0000002b70a00000)]
  0x000001837602f000 JavaThread "container-0" [_thread_blocked, id=13692, stack(0x0000002b70a00000,0x0000002b70b00000)]
  0x0000018376035800 JavaThread "mssql-jdbc-shared-timer-core-0" daemon [_thread_blocked, id=18860, stack(0x0000002b70c00000,0x0000002b70d00000)]
  0x0000018376033000 JavaThread "HikariPool-1 housekeeper" daemon [_thread_in_Java, id=18652, stack(0x0000002b70600000,0x0000002b70700000)]
  0x0000018376031800 JavaThread "http-nio-8081-BlockPoller" daemon [_thread_in_native, id=16188, stack(0x0000002b71000000,0x0000002b71100000)]
  0x0000018376032000 JavaThread "http-nio-8081-exec-1" daemon [_thread_blocked, id=15484, stack(0x0000002b71100000,0x0000002b71200000)]
  0x0000018376114800 JavaThread "http-nio-8081-exec-2" daemon [_thread_blocked, id=21148, stack(0x0000002b71200000,0x0000002b71300000)]
  0x0000018376112000 JavaThread "http-nio-8081-exec-3" daemon [_thread_blocked, id=5052, stack(0x0000002b71300000,0x0000002b71400000)]
  0x0000018376113800 JavaThread "http-nio-8081-exec-4" daemon [_thread_blocked, id=22104, stack(0x0000002b71400000,0x0000002b71500000)]
  0x0000018376115800 JavaThread "http-nio-8081-exec-5" daemon [_thread_blocked, id=19912, stack(0x0000002b71500000,0x0000002b71600000)]
  0x0000018376110800 JavaThread "http-nio-8081-exec-6" daemon [_thread_blocked, id=15232, stack(0x0000002b71600000,0x0000002b71700000)]
  0x0000018376113000 JavaThread "http-nio-8081-exec-7" daemon [_thread_blocked, id=376, stack(0x0000002b71700000,0x0000002b71800000)]
  0x000001837610f800 JavaThread "http-nio-8081-exec-8" daemon [_thread_blocked, id=11868, stack(0x0000002b71800000,0x0000002b71900000)]
  0x0000018376116000 JavaThread "http-nio-8081-exec-9" daemon [_thread_blocked, id=4576, stack(0x0000002b71900000,0x0000002b71a00000)]
  0x0000018376117000 JavaThread "http-nio-8081-exec-10" daemon [_thread_blocked, id=21996, stack(0x0000002b71a00000,0x0000002b71b00000)]
  0x0000018376111800 JavaThread "http-nio-8081-ClientPoller" daemon [_thread_in_native, id=5508, stack(0x0000002b71b00000,0x0000002b71c00000)]
  0x000001837611d800 JavaThread "http-nio-8081-Acceptor" daemon [_thread_in_native, id=20548, stack(0x0000002b71c00000,0x0000002b71d00000)]
  0x0000018376118000 JavaThread "DestroyJavaVM" [_thread_blocked, id=14776, stack(0x0000002b6f100000,0x0000002b6f200000)]
  0x0000018375e79800 JavaThread "ForkJoinPool.commonPool-worker-1" daemon [_thread_blocked, id=18936, stack(0x0000002b72000000,0x0000002b72100000)]

Other Threads:
  0x000001837119a800 VMThread "VM Thread" [stack: 0x0000002b6f700000,0x0000002b6f800000] [id=16804]
  0x00000183716db000 WatcherThread [stack: 0x0000002b70200000,0x0000002b70300000] [id=12360]
  0x0000018351af0000 GCTaskThread "GC Thread#0" [stack: 0x0000002b6f200000,0x0000002b6f300000] [id=20004]
  0x0000018371dc5000 GCTaskThread "GC Thread#1" [stack: 0x0000002b70300000,0x0000002b70400000] [id=17160]
  0x0000018371cbb800 GCTaskThread "GC Thread#2" [stack: 0x0000002b70400000,0x0000002b70500000] [id=3204]
  0x0000018372832800 GCTaskThread "GC Thread#3" [stack: 0x0000002b70700000,0x0000002b70800000] [id=21872]
  0x0000018351b21800 ConcurrentGCThread "G1 Main Marker" [stack: 0x0000002b6f300000,0x0000002b6f400000] [id=3900]
  0x0000018351b23000 ConcurrentGCThread "G1 Conc#0" [stack: 0x0000002b6f400000,0x0000002b6f500000] [id=4544]
  0x00000183705e2800 ConcurrentGCThread "G1 Refine#0" [stack: 0x0000002b6f500000,0x0000002b6f600000] [id=6792]
  0x0000018371d8d000 ConcurrentGCThread "G1 Refine#1" [stack: 0x0000002b70500000,0x0000002b70600000] [id=7192]
  0x00000183705e4800 ConcurrentGCThread "G1 Young RemSet Sampling" [stack: 0x0000002b6f600000,0x0000002b6f700000] [id=20404]

Threads with active compile tasks:

VM state:not at safepoint (normal execution)

VM Mutex/Monitor currently owned by a thread: None

Heap address: 0x0000000081200000, size: 2030 MB, Compressed Oops mode: 32-bit
Narrow klass base: 0x0000000000000000, Narrow klass shift: 3
Compressed class space size: 1073741824 Address: 0x0000000100000000

Heap:
 garbage-first heap   total 157696K, used 73689K [0x0000000081200000, 0x0000000100000000)
  region size 1024K, 48 young (49152K), 9 survivors (9216K)
 Metaspace       used 77018K, capacity 79163K, committed 79236K, reserved 1118208K
  class space    used 9162K, capacity 9995K, committed 10060K, reserved 1048576K
Heap Regions: E=young(eden), S=young(survivor), O=old, HS=humongous(starts), HC=humongous(continues), CS=collection set, F=free, A=archive, TAMS=top-at-mark-start (previous, next)
|   0|0x0000000081200000, 0x0000000081300000, 0x0000000081300000|100%|HS|  |TAMS 0x0000000081300000, 0x0000000081200000| Complete 
|   1|0x0000000081300000, 0x0000000081400000, 0x0000000081400000|100%| O|  |TAMS 0x0000000081400000, 0x0000000081300000| Untracked 
|   2|0x0000000081400000, 0x0000000081500000, 0x0000000081500000|100%| O|  |TAMS 0x0000000081500000, 0x0000000081400000| Untracked 
|   3|0x0000000081500000, 0x0000000081600000, 0x0000000081600000|100%| O|  |TAMS 0x0000000081600000, 0x0000000081500000| Untracked 
|   4|0x0000000081600000, 0x0000000081700000, 0x0000000081700000|100%| O|  |TAMS 0x0000000081700000, 0x0000000081600000| Untracked 
|   5|0x0000000081700000, 0x0000000081800000, 0x0000000081800000|100%| O|  |TAMS 0x0000000081800000, 0x0000000081700000| Untracked 
|   6|0x0000000081800000, 0x0000000081900000, 0x0000000081900000|100%| O|  |TAMS 0x0000000081900000, 0x0000000081800000| Untracked 
|   7|0x0000000081900000, 0x0000000081a00000, 0x0000000081a00000|100%| O|  |TAMS 0x0000000081a00000, 0x0000000081900000| Untracked 
|   8|0x0000000081a00000, 0x0000000081b00000, 0x0000000081b00000|100%| O|  |TAMS 0x0000000081b00000, 0x0000000081a00000| Untracked 
|   9|0x0000000081b00000, 0x0000000081c00000, 0x0000000081c00000|100%| O|  |TAMS 0x0000000081c00000, 0x0000000081b00000| Untracked 
|  10|0x0000000081c00000, 0x0000000081d00000, 0x0000000081d00000|100%| O|  |TAMS 0x0000000081d00000, 0x0000000081c00000| Untracked 
|  11|0x0000000081d00000, 0x0000000081e00000, 0x0000000081e00000|100%| O|  |TAMS 0x0000000081e00000, 0x0000000081d00000| Untracked 
|  12|0x0000000081e00000, 0x0000000081f00000, 0x0000000081f00000|100%| O|  |TAMS 0x0000000081f00000, 0x0000000081e00000| Untracked 
|  13|0x0000000081f00000, 0x0000000082000000, 0x0000000082000000|100%| O|  |TAMS 0x0000000082000000, 0x0000000081f00000| Untracked 
|  14|0x0000000082000000, 0x0000000082100000, 0x0000000082100000|100%| O|  |TAMS 0x0000000082100000, 0x0000000082000000| Untracked 
|  15|0x0000000082100000, 0x0000000082200000, 0x0000000082200000|100%| O|  |TAMS 0x0000000082200000, 0x0000000082100000| Untracked 
|  16|0x0000000082200000, 0x0000000082300000, 0x0000000082300000|100%| O|  |TAMS 0x0000000082300000, 0x0000000082200000| Untracked 
|  17|0x0000000082300000, 0x0000000082400000, 0x0000000082400000|100%| O|  |TAMS 0x0000000082400000, 0x0000000082300000| Untracked 
|  18|0x0000000082400000, 0x0000000082500000, 0x0000000082500000|100%| O|  |TAMS 0x0000000082500000, 0x0000000082400000| Untracked 
|  19|0x0000000082500000, 0x0000000082600000, 0x0000000082600000|100%| O|  |TAMS 0x0000000082561a00, 0x0000000082500000| Untracked 
|  20|0x0000000082600000, 0x0000000082700000, 0x0000000082700000|100%| O|  |TAMS 0x0000000082600000, 0x0000000082600000| Untracked 
|  21|0x0000000082700000, 0x0000000082800000, 0x0000000082800000|100%| O|  |TAMS 0x0000000082700000, 0x0000000082700000| Untracked 
|  22|0x0000000082800000, 0x0000000082900000, 0x0000000082900000|100%| O|  |TAMS 0x0000000082800000, 0x0000000082800000| Untracked 
|  23|0x0000000082900000, 0x0000000082a00000, 0x0000000082a00000|100%| O|  |TAMS 0x0000000082900000, 0x0000000082900000| Untracked 
|  24|0x0000000082a00000, 0x0000000082b00000, 0x0000000082b00000|100%| O|  |TAMS 0x0000000082a00000, 0x0000000082a00000| Untracked 
|  25|0x0000000082b00000, 0x0000000082c00000, 0x0000000082c00000|100%| O|  |TAMS 0x0000000082b00000, 0x0000000082b00000| Untracked 
|  26|0x0000000082c00000, 0x0000000082c15800, 0x0000000082d00000|  8%| O|  |TAMS 0x0000000082c00000, 0x0000000082c00000| Untracked 
|  27|0x0000000082d00000, 0x0000000082d00000, 0x0000000082e00000|  0%| F|  |TAMS 0x0000000082d00000, 0x0000000082d00000| Untracked 
|  28|0x0000000082e00000, 0x0000000082e00000, 0x0000000082f00000|  0%| F|  |TAMS 0x0000000082e00000, 0x0000000082e00000| Untracked 
|  29|0x0000000082f00000, 0x0000000082f00000, 0x0000000083000000|  0%| F|  |TAMS 0x0000000082f00000, 0x0000000082f00000| Untracked 
|  30|0x0000000083000000, 0x0000000083000000, 0x0000000083100000|  0%| F|  |TAMS 0x0000000083000000, 0x0000000083000000| Untracked 
|  31|0x0000000083100000, 0x0000000083100000, 0x0000000083200000|  0%| F|  |TAMS 0x0000000083100000, 0x0000000083100000| Untracked 
|  32|0x0000000083200000, 0x0000000083200000, 0x0000000083300000|  0%| F|  |TAMS 0x0000000083200000, 0x0000000083200000| Untracked 
|  33|0x0000000083300000, 0x0000000083300000, 0x0000000083400000|  0%| F|  |TAMS 0x0000000083300000, 0x0000000083300000| Untracked 
|  34|0x0000000083400000, 0x0000000083400000, 0x0000000083500000|  0%| F|  |TAMS 0x0000000083400000, 0x0000000083400000| Untracked 
|  35|0x0000000083500000, 0x0000000083500000, 0x0000000083600000|  0%| F|  |TAMS 0x0000000083500000, 0x0000000083500000| Untracked 
|  36|0x0000000083600000, 0x0000000083600000, 0x0000000083700000|  0%| F|  |TAMS 0x0000000083600000, 0x0000000083600000| Untracked 
|  37|0x0000000083700000, 0x0000000083700000, 0x0000000083800000|  0%| F|  |TAMS 0x0000000083700000, 0x0000000083700000| Untracked 
|  38|0x0000000083800000, 0x0000000083800000, 0x0000000083900000|  0%| F|  |TAMS 0x0000000083800000, 0x0000000083800000| Untracked 
|  39|0x0000000083900000, 0x0000000083900000, 0x0000000083a00000|  0%| F|  |TAMS 0x0000000083900000, 0x0000000083900000| Untracked 
|  40|0x0000000083a00000, 0x0000000083a00000, 0x0000000083b00000|  0%| F|  |TAMS 0x0000000083a00000, 0x0000000083a00000| Untracked 
|  41|0x0000000083b00000, 0x0000000083b00000, 0x0000000083c00000|  0%| F|  |TAMS 0x0000000083b00000, 0x0000000083b00000| Untracked 
|  42|0x0000000083c00000, 0x0000000083c00000, 0x0000000083d00000|  0%| F|  |TAMS 0x0000000083c00000, 0x0000000083c00000| Untracked 
|  43|0x0000000083d00000, 0x0000000083d00000, 0x0000000083e00000|  0%| F|  |TAMS 0x0000000083d00000, 0x0000000083d00000| Untracked 
|  44|0x0000000083e00000, 0x0000000083e00000, 0x0000000083f00000|  0%| F|  |TAMS 0x0000000083e00000, 0x0000000083e00000| Untracked 
|  45|0x0000000083f00000, 0x0000000083f00000, 0x0000000084000000|  0%| F|  |TAMS 0x0000000083f00000, 0x0000000083f00000| Untracked 
|  46|0x0000000084000000, 0x0000000084000000, 0x0000000084100000|  0%| F|  |TAMS 0x0000000084000000, 0x0000000084000000| Untracked 
|  47|0x0000000084100000, 0x0000000084100000, 0x0000000084200000|  0%| F|  |TAMS 0x0000000084100000, 0x0000000084100000| Untracked 
|  48|0x0000000084200000, 0x0000000084200000, 0x0000000084300000|  0%| F|  |TAMS 0x0000000084200000, 0x0000000084200000| Untracked 
|  49|0x0000000084300000, 0x0000000084300000, 0x0000000084400000|  0%| F|  |TAMS 0x0000000084300000, 0x0000000084300000| Untracked 
|  50|0x0000000084400000, 0x0000000084400000, 0x0000000084500000|  0%| F|  |TAMS 0x0000000084400000, 0x0000000084400000| Untracked 
|  51|0x0000000084500000, 0x0000000084500000, 0x0000000084600000|  0%| F|  |TAMS 0x0000000084500000, 0x0000000084500000| Untracked 
|  52|0x0000000084600000, 0x0000000084600000, 0x0000000084700000|  0%| F|  |TAMS 0x0000000084600000, 0x0000000084600000| Untracked 
|  53|0x0000000084700000, 0x00000000847e0d00, 0x0000000084800000| 87%| S|CS|TAMS 0x0000000084700000, 0x0000000084700000| Complete 
|  54|0x0000000084800000, 0x0000000084900000, 0x0000000084900000|100%| S|CS|TAMS 0x0000000084800000, 0x0000000084800000| Complete 
|  55|0x0000000084900000, 0x0000000084a00000, 0x0000000084a00000|100%| S|CS|TAMS 0x0000000084900000, 0x0000000084900000| Complete 
|  56|0x0000000084a00000, 0x0000000084b00000, 0x0000000084b00000|100%| S|CS|TAMS 0x0000000084a00000, 0x0000000084a00000| Complete 
|  57|0x0000000084b00000, 0x0000000084c00000, 0x0000000084c00000|100%| S|CS|TAMS 0x0000000084b00000, 0x0000000084b00000| Complete 
|  58|0x0000000084c00000, 0x0000000084c00000, 0x0000000084d00000|  0%| F|  |TAMS 0x0000000084c00000, 0x0000000084c00000| Untracked 
|  59|0x0000000084d00000, 0x0000000084d00000, 0x0000000084e00000|  0%| F|  |TAMS 0x0000000084d00000, 0x0000000084d00000| Untracked 
|  60|0x0000000084e00000, 0x0000000084f00000, 0x0000000084f00000|100%| S|CS|TAMS 0x0000000084e00000, 0x0000000084e00000| Complete 
|  61|0x0000000084f00000, 0x0000000085000000, 0x0000000085000000|100%| S|CS|TAMS 0x0000000084f00000, 0x0000000084f00000| Complete 
|  62|0x0000000085000000, 0x0000000085100000, 0x0000000085100000|100%| S|CS|TAMS 0x0000000085000000, 0x0000000085000000| Complete 
|  63|0x0000000085100000, 0x0000000085200000, 0x0000000085200000|100%| S|CS|TAMS 0x0000000085100000, 0x0000000085100000| Complete 
|  64|0x0000000085200000, 0x0000000085200000, 0x0000000085300000|  0%| F|  |TAMS 0x0000000085200000, 0x0000000085200000| Untracked 
|  65|0x0000000085300000, 0x0000000085300000, 0x0000000085400000|  0%| F|  |TAMS 0x0000000085300000, 0x0000000085300000| Untracked 
|  66|0x0000000085400000, 0x0000000085400000, 0x0000000085500000|  0%| F|  |TAMS 0x0000000085400000, 0x0000000085400000| Untracked 
|  67|0x0000000085500000, 0x0000000085500000, 0x0000000085600000|  0%| F|  |TAMS 0x0000000085500000, 0x0000000085500000| Untracked 
|  68|0x0000000085600000, 0x0000000085600000, 0x0000000085700000|  0%| F|  |TAMS 0x0000000085600000, 0x0000000085600000| Untracked 
|  69|0x0000000085700000, 0x0000000085700000, 0x0000000085800000|  0%| F|  |TAMS 0x0000000085700000, 0x0000000085700000| Untracked 
|  70|0x0000000085800000, 0x0000000085800000, 0x0000000085900000|  0%| F|  |TAMS 0x0000000085800000, 0x0000000085800000| Untracked 
|  71|0x0000000085900000, 0x0000000085900000, 0x0000000085a00000|  0%| F|  |TAMS 0x0000000085900000, 0x0000000085900000| Untracked 
|  72|0x0000000085a00000, 0x0000000085a00000, 0x0000000085b00000|  0%| F|  |TAMS 0x0000000085a00000, 0x0000000085a00000| Untracked 
|  73|0x0000000085b00000, 0x0000000085b00000, 0x0000000085c00000|  0%| F|  |TAMS 0x0000000085b00000, 0x0000000085b00000| Untracked 
|  74|0x0000000085c00000, 0x0000000085c00000, 0x0000000085d00000|  0%| F|  |TAMS 0x0000000085c00000, 0x0000000085c00000| Untracked 
|  75|0x0000000085d00000, 0x0000000085d00000, 0x0000000085e00000|  0%| F|  |TAMS 0x0000000085d00000, 0x0000000085d00000| Untracked 
|  76|0x0000000085e00000, 0x0000000085e00000, 0x0000000085f00000|  0%| F|  |TAMS 0x0000000085e00000, 0x0000000085e00000| Untracked 
|  77|0x0000000085f00000, 0x0000000085f00000, 0x0000000086000000|  0%| F|  |TAMS 0x0000000085f00000, 0x0000000085f00000| Untracked 
|  78|0x0000000086000000, 0x0000000086000000, 0x0000000086100000|  0%| F|  |TAMS 0x0000000086000000, 0x0000000086000000| Untracked 
|  79|0x0000000086100000, 0x0000000086100000, 0x0000000086200000|  0%| F|  |TAMS 0x0000000086100000, 0x0000000086100000| Untracked 
|  80|0x0000000086200000, 0x0000000086200000, 0x0000000086300000|  0%| F|  |TAMS 0x0000000086200000, 0x0000000086200000| Untracked 
|  81|0x0000000086300000, 0x0000000086300000, 0x0000000086400000|  0%| F|  |TAMS 0x0000000086300000, 0x0000000086300000| Untracked 
|  82|0x0000000086400000, 0x0000000086400000, 0x0000000086500000|  0%| F|  |TAMS 0x0000000086400000, 0x0000000086400000| Untracked 
|  83|0x0000000086500000, 0x0000000086500000, 0x0000000086600000|  0%| F|  |TAMS 0x0000000086500000, 0x0000000086500000| Untracked 
|  84|0x0000000086600000, 0x0000000086600000, 0x0000000086700000|  0%| F|  |TAMS 0x0000000086600000, 0x0000000086600000| Untracked 
|  85|0x0000000086700000, 0x0000000086700000, 0x0000000086800000|  0%| F|  |TAMS 0x0000000086700000, 0x0000000086700000| Untracked 
|  86|0x0000000086800000, 0x0000000086800000, 0x0000000086900000|  0%| F|  |TAMS 0x0000000086800000, 0x0000000086800000| Untracked 
|  87|0x0000000086900000, 0x0000000086900000, 0x0000000086a00000|  0%| F|  |TAMS 0x0000000086900000, 0x0000000086900000| Untracked 
|  88|0x0000000086a00000, 0x0000000086a00000, 0x0000000086b00000|  0%| F|  |TAMS 0x0000000086a00000, 0x0000000086a00000| Untracked 
|  89|0x0000000086b00000, 0x0000000086b00000, 0x0000000086c00000|  0%| F|  |TAMS 0x0000000086b00000, 0x0000000086b00000| Untracked 
|  90|0x0000000086c00000, 0x0000000086c00000, 0x0000000086d00000|  0%| F|  |TAMS 0x0000000086c00000, 0x0000000086c00000| Untracked 
|  91|0x0000000086d00000, 0x0000000086d00000, 0x0000000086e00000|  0%| F|  |TAMS 0x0000000086d00000, 0x0000000086d00000| Untracked 
|  92|0x0000000086e00000, 0x0000000086e00000, 0x0000000086f00000|  0%| F|  |TAMS 0x0000000086e00000, 0x0000000086e00000| Untracked 
|  93|0x0000000086f00000, 0x0000000086f00000, 0x0000000087000000|  0%| F|  |TAMS 0x0000000086f00000, 0x0000000086f00000| Untracked 
|  94|0x0000000087000000, 0x0000000087000000, 0x0000000087100000|  0%| F|  |TAMS 0x0000000087000000, 0x0000000087000000| Untracked 
|  95|0x0000000087100000, 0x0000000087100000, 0x0000000087200000|  0%| F|  |TAMS 0x0000000087100000, 0x0000000087100000| Untracked 
|  96|0x0000000087200000, 0x0000000087200000, 0x0000000087300000|  0%| F|  |TAMS 0x0000000087200000, 0x0000000087200000| Untracked 
|  97|0x0000000087300000, 0x0000000087300000, 0x0000000087400000|  0%| F|  |TAMS 0x0000000087300000, 0x0000000087300000| Untracked 
|  98|0x0000000087400000, 0x0000000087400000, 0x0000000087500000|  0%| F|  |TAMS 0x0000000087400000, 0x0000000087400000| Untracked 
|  99|0x0000000087500000, 0x0000000087500000, 0x0000000087600000|  0%| F|  |TAMS 0x0000000087500000, 0x0000000087500000| Untracked 
| 100|0x0000000087600000, 0x0000000087600000, 0x0000000087700000|  0%| F|  |TAMS 0x0000000087600000, 0x0000000087600000| Untracked 
| 101|0x0000000087700000, 0x0000000087700000, 0x0000000087800000|  0%| F|  |TAMS 0x0000000087700000, 0x0000000087700000| Untracked 
| 102|0x0000000087800000, 0x0000000087800000, 0x0000000087900000|  0%| F|  |TAMS 0x0000000087800000, 0x0000000087800000| Untracked 
| 103|0x0000000087900000, 0x0000000087900000, 0x0000000087a00000|  0%| F|  |TAMS 0x0000000087900000, 0x0000000087900000| Untracked 
| 104|0x0000000087a00000, 0x0000000087a00000, 0x0000000087b00000|  0%| F|  |TAMS 0x0000000087a00000, 0x0000000087a00000| Untracked 
| 105|0x0000000087b00000, 0x0000000087b00000, 0x0000000087c00000|  0%| F|  |TAMS 0x0000000087b00000, 0x0000000087b00000| Untracked 
| 106|0x0000000087c00000, 0x0000000087c00000, 0x0000000087d00000|  0%| F|  |TAMS 0x0000000087c00000, 0x0000000087c00000| Untracked 
| 107|0x0000000087d00000, 0x0000000087d00000, 0x0000000087e00000|  0%| F|  |TAMS 0x0000000087d00000, 0x0000000087d00000| Untracked 
| 108|0x0000000087e00000, 0x0000000087e00000, 0x0000000087f00000|  0%| F|  |TAMS 0x0000000087e00000, 0x0000000087e00000| Untracked 
| 109|0x0000000087f00000, 0x0000000087f00000, 0x0000000088000000|  0%| F|  |TAMS 0x0000000087f00000, 0x0000000087f00000| Untracked 
| 110|0x0000000088000000, 0x0000000088000000, 0x0000000088100000|  0%| F|  |TAMS 0x0000000088000000, 0x0000000088000000| Untracked 
| 111|0x0000000088100000, 0x0000000088100000, 0x0000000088200000|  0%| F|  |TAMS 0x0000000088100000, 0x0000000088100000| Untracked 
| 112|0x0000000088200000, 0x0000000088200000, 0x0000000088300000|  0%| F|  |TAMS 0x0000000088200000, 0x0000000088200000| Untracked 
| 113|0x0000000088300000, 0x0000000088300000, 0x0000000088400000|  0%| F|  |TAMS 0x0000000088300000, 0x0000000088300000| Untracked 
| 114|0x0000000088400000, 0x0000000088400000, 0x0000000088500000|  0%| F|  |TAMS 0x0000000088400000, 0x0000000088400000| Untracked 
| 115|0x0000000088500000, 0x00000000885da3a8, 0x0000000088600000| 85%| E|  |TAMS 0x0000000088500000, 0x0000000088500000| Complete 
| 116|0x0000000088600000, 0x0000000088700000, 0x0000000088700000|100%| E|CS|TAMS 0x0000000088600000, 0x0000000088600000| Complete 
| 117|0x0000000088700000, 0x0000000088800000, 0x0000000088800000|100%| E|CS|TAMS 0x0000000088700000, 0x0000000088700000| Complete 
| 118|0x0000000088800000, 0x0000000088900000, 0x0000000088900000|100%| E|CS|TAMS 0x0000000088800000, 0x0000000088800000| Complete 
| 119|0x0000000088900000, 0x0000000088a00000, 0x0000000088a00000|100%| E|CS|TAMS 0x0000000088900000, 0x0000000088900000| Complete 
| 120|0x0000000088a00000, 0x0000000088b00000, 0x0000000088b00000|100%| E|CS|TAMS 0x0000000088a00000, 0x0000000088a00000| Complete 
| 121|0x0000000088b00000, 0x0000000088c00000, 0x0000000088c00000|100%| E|CS|TAMS 0x0000000088b00000, 0x0000000088b00000| Complete 
| 122|0x0000000088c00000, 0x0000000088d00000, 0x0000000088d00000|100%| E|CS|TAMS 0x0000000088c00000, 0x0000000088c00000| Complete 
| 123|0x0000000088d00000, 0x0000000088e00000, 0x0000000088e00000|100%| E|CS|TAMS 0x0000000088d00000, 0x0000000088d00000| Complete 
| 124|0x0000000088e00000, 0x0000000088f00000, 0x0000000088f00000|100%| E|CS|TAMS 0x0000000088e00000, 0x0000000088e00000| Complete 
| 125|0x0000000088f00000, 0x0000000089000000, 0x0000000089000000|100%| E|CS|TAMS 0x0000000088f00000, 0x0000000088f00000| Complete 
| 126|0x0000000089000000, 0x0000000089100000, 0x0000000089100000|100%| E|CS|TAMS 0x0000000089000000, 0x0000000089000000| Complete 
| 127|0x0000000089100000, 0x0000000089200000, 0x0000000089200000|100%| E|  |TAMS 0x0000000089100000, 0x0000000089100000| Complete 
| 128|0x0000000089200000, 0x0000000089300000, 0x0000000089300000|100%| E|CS|TAMS 0x0000000089200000, 0x0000000089200000| Complete 
| 129|0x0000000089300000, 0x0000000089400000, 0x0000000089400000|100%| E|CS|TAMS 0x0000000089300000, 0x0000000089300000| Complete 
| 130|0x0000000089400000, 0x0000000089500000, 0x0000000089500000|100%| E|CS|TAMS 0x0000000089400000, 0x0000000089400000| Complete 
| 131|0x0000000089500000, 0x0000000089600000, 0x0000000089600000|100%| E|CS|TAMS 0x0000000089500000, 0x0000000089500000| Complete 
| 132|0x0000000089600000, 0x0000000089700000, 0x0000000089700000|100%| E|CS|TAMS 0x0000000089600000, 0x0000000089600000| Complete 
| 133|0x0000000089700000, 0x0000000089800000, 0x0000000089800000|100%| E|CS|TAMS 0x0000000089700000, 0x0000000089700000| Complete 
| 134|0x0000000089800000, 0x0000000089900000, 0x0000000089900000|100%| E|CS|TAMS 0x0000000089800000, 0x0000000089800000| Complete 
| 135|0x0000000089900000, 0x0000000089a00000, 0x0000000089a00000|100%| E|CS|TAMS 0x0000000089900000, 0x0000000089900000| Complete 
| 136|0x0000000089a00000, 0x0000000089b00000, 0x0000000089b00000|100%| E|CS|TAMS 0x0000000089a00000, 0x0000000089a00000| Complete 
| 137|0x0000000089b00000, 0x0000000089c00000, 0x0000000089c00000|100%| E|CS|TAMS 0x0000000089b00000, 0x0000000089b00000| Complete 
| 138|0x0000000089c00000, 0x0000000089d00000, 0x0000000089d00000|100%| E|CS|TAMS 0x0000000089c00000, 0x0000000089c00000| Complete 
| 139|0x0000000089d00000, 0x0000000089e00000, 0x0000000089e00000|100%| E|CS|TAMS 0x0000000089d00000, 0x0000000089d00000| Complete 
| 140|0x0000000089e00000, 0x0000000089f00000, 0x0000000089f00000|100%| E|CS|TAMS 0x0000000089e00000, 0x0000000089e00000| Complete 
| 141|0x0000000089f00000, 0x000000008a000000, 0x000000008a000000|100%| E|CS|TAMS 0x0000000089f00000, 0x0000000089f00000| Complete 
| 142|0x000000008a000000, 0x000000008a100000, 0x000000008a100000|100%| E|CS|TAMS 0x000000008a000000, 0x000000008a000000| Complete 
| 143|0x000000008a100000, 0x000000008a200000, 0x000000008a200000|100%| E|CS|TAMS 0x000000008a100000, 0x000000008a100000| Complete 
| 144|0x000000008a200000, 0x000000008a300000, 0x000000008a300000|100%| E|CS|TAMS 0x000000008a200000, 0x000000008a200000| Complete 
| 145|0x000000008a300000, 0x000000008a400000, 0x000000008a400000|100%| E|CS|TAMS 0x000000008a300000, 0x000000008a300000| Complete 
| 146|0x000000008a400000, 0x000000008a500000, 0x000000008a500000|100%| E|CS|TAMS 0x000000008a400000, 0x000000008a400000| Complete 
| 147|0x000000008a500000, 0x000000008a600000, 0x000000008a600000|100%| E|CS|TAMS 0x000000008a500000, 0x000000008a500000| Complete 
| 148|0x000000008a600000, 0x000000008a700000, 0x000000008a700000|100%| E|CS|TAMS 0x000000008a600000, 0x000000008a600000| Complete 
| 149|0x000000008a700000, 0x000000008a800000, 0x000000008a800000|100%| E|CS|TAMS 0x000000008a700000, 0x000000008a700000| Complete 
| 150|0x000000008a800000, 0x000000008a900000, 0x000000008a900000|100%| E|CS|TAMS 0x000000008a800000, 0x000000008a800000| Complete 
| 151|0x000000008a900000, 0x000000008aa00000, 0x000000008aa00000|100%| E|CS|TAMS 0x000000008a900000, 0x000000008a900000| Complete 
| 152|0x000000008aa00000, 0x000000008ab00000, 0x000000008ab00000|100%| E|CS|TAMS 0x000000008aa00000, 0x000000008aa00000| Complete 
| 153|0x000000008ab00000, 0x000000008ac00000, 0x000000008ac00000|100%| E|CS|TAMS 0x000000008ab00000, 0x000000008ab00000| Complete 

Card table byte_map: [0x0000018369bd0000,0x0000018369fd0000] _byte_map_base: 0x00000183697c7000

Marking Bits (Prev, Next): (CMBitMap*) 0x0000018351b18ed0, (CMBitMap*) 0x0000018351b18e98
 Prev Bits: [0x000001836c390000, 0x000001836e348000)
 Next Bits: [0x000001836a3d0000, 0x000001836c388000)

Polling page: 0x00000183519c0000

Metaspace:

Usage:
  Non-class:     67.55 MB capacity,    66.27 MB ( 98%) used,     1.01 MB (  1%) free+waste,   278.44 KB ( <1%) overhead. 
      Class:      9.76 MB capacity,     8.95 MB ( 92%) used,   707.65 KB (  7%) free+waste,   125.31 KB (  1%) overhead. 
       Both:     77.31 MB capacity,    75.21 MB ( 97%) used,     1.70 MB (  2%) free+waste,   403.75 KB ( <1%) overhead. 

Virtual space:
  Non-class space:       68.00 MB reserved,      67.55 MB (>99%) committed 
      Class space:        1.00 GB reserved,       9.82 MB ( <1%) committed 
             Both:        1.07 GB reserved,      77.38 MB (  7%) committed 

Chunk freelists:
   Non-Class:  8.00 KB
       Class:  0 bytes
        Both:  8.00 KB

MaxMetaspaceSize: 17179869184.00 GB
CompressedClassSpaceSize: 1.00 GB

CodeHeap 'non-profiled nmethods': size=120064Kb used=6434Kb max_used=6434Kb free=113629Kb
 bounds [0x0000018361c70000, 0x00000183622c0000, 0x00000183691b0000]
CodeHeap 'profiled nmethods': size=120000Kb used=21042Kb max_used=21042Kb free=98957Kb
 bounds [0x000001835a740000, 0x000001835bbd0000, 0x0000018361c70000]
CodeHeap 'non-nmethods': size=5696Kb used=1264Kb max_used=1323Kb free=4431Kb
 bounds [0x000001835a1b0000, 0x000001835a420000, 0x000001835a740000]
 total_blobs=10509 nmethods=9862 adapters=557
 compilation: enabled
              stopped_count=0, restarted_count=0
 full_count=0

Compilation events (20 events):
Event: 942.105 Thread 0x000001837121d800 10050       4       java.util.concurrent.ThreadPoolExecutor::beforeExecute (1 bytes)
Event: 942.105 Thread 0x000001837121d800 nmethod 10050 0x00000183622b5190 code [0x00000183622b5320, 0x00000183622b5378]
Event: 964.028 Thread 0x0000018371226800 10051   !   3       org.apache.catalina.core.StandardContext::getManager (38 bytes)
Event: 964.030 Thread 0x0000018371226800 nmethod 10051 0x000001835bbcb590 code [0x000001835bbcb7e0, 0x000001835bbcc058]
Event: 983.104 Thread 0x000001837121d800 10052       4       java.util.concurrent.ThreadPoolExecutor::afterExecute (1 bytes)
Event: 983.105 Thread 0x000001837121d800 nmethod 10052 0x00000183622b5410 code [0x00000183622b55a0, 0x00000183622b55f8]
Event: 1038.104 Thread 0x000001837121d800 10053       4       java.util.concurrent.locks.ReentrantLock$Sync::isHeldExclusively (16 bytes)
Event: 1038.105 Thread 0x000001837121d800 nmethod 10053 0x00000183622b5690 code [0x00000183622b5820, 0x00000183622b58b8]
Event: 1049.093 Thread 0x000001837121d800 10054       4       java.util.concurrent.ScheduledThreadPoolExecutor$ScheduledFutureTask::compareTo (9 bytes)
Event: 1049.095 Thread 0x000001837121d800 nmethod 10054 0x00000183622b5990 code [0x00000183622b5b20, 0x00000183622b5bf8]
Event: 1094.037 Thread 0x0000018371226800 10055       3       java.util.concurrent.ConcurrentHashMap$CollectionView::size (8 bytes)
Event: 1094.038 Thread 0x0000018371226800 nmethod 10055 0x000001835bbcc410 code [0x000001835bbcc5e0, 0x000001835bbcc8c8]
Event: 1231.105 Thread 0x000001837121d800 10056       4       java.util.concurrent.TimeUnit::toNanos (45 bytes)
Event: 1231.107 Thread 0x000001837121d800 nmethod 10056 0x00000183622b5d10 code [0x00000183622b5ea0, 0x00000183622b5f78]
Event: 1233.027 Thread 0x000001837121d800 10057       4       java.util.concurrent.atomic.AtomicLong::set (12 bytes)
Event: 1233.028 Thread 0x000001837121d800 nmethod 10057 0x00000183622b6010 code [0x00000183622b61a0, 0x00000183622b6218]
Event: 1234.028 Thread 0x000001837121d800 10058       4       java.util.concurrent.atomic.AtomicLong::getAndSet (12 bytes)
Event: 1234.062 Thread 0x000001837121d800 nmethod 10058 0x00000183622b6290 code [0x00000183622b6420, 0x00000183622b6498]
Event: 1241.654 Thread 0x0000018371226800 10059       1       org.apache.catalina.core.StandardContext::getInstanceManager (5 bytes)
Event: 1241.654 Thread 0x0000018371226800 nmethod 10059 0x00000183622b6510 code [0x00000183622b66c0, 0x00000183622b6778]

GC Heap History (20 events):
Event: 6.459 GC heap before
{Heap before GC invocations=3 (full 0):
 garbage-first heap   total 131072K, used 33210K [0x0000000081200000, 0x0000000100000000)
  region size 1024K, 26 young (26624K), 2 survivors (2048K)
 Metaspace       used 20702K, capacity 21157K, committed 21296K, reserved 1069056K
  class space    used 2220K, capacity 2389K, committed 2432K, reserved 1048576K
}
Event: 6.468 GC heap after
{Heap after GC invocations=4 (full 0):
 garbage-first heap   total 131072K, used 10364K [0x0000000081200000, 0x0000000100000000)
  region size 1024K, 3 young (3072K), 3 survivors (3072K)
 Metaspace       used 20702K, capacity 21157K, committed 21296K, reserved 1069056K
  class space    used 2220K, capacity 2389K, committed 2432K, reserved 1048576K
}
Event: 8.890 GC heap before
{Heap before GC invocations=5 (full 0):
 garbage-first heap   total 131072K, used 57468K [0x0000000081200000, 0x0000000100000000)
  region size 1024K, 50 young (51200K), 3 survivors (3072K)
 Metaspace       used 24077K, capacity 24646K, committed 24880K, reserved 1071104K
  class space    used 2661K, capacity 2886K, committed 2944K, reserved 1048576K
}
Event: 8.903 GC heap after
{Heap after GC invocations=6 (full 0):
 garbage-first heap   total 131072K, used 11692K [0x0000000081200000, 0x0000000100000000)
  region size 1024K, 4 young (4096K), 4 survivors (4096K)
 Metaspace       used 24077K, capacity 24646K, committed 24880K, reserved 1071104K
  class space    used 2661K, capacity 2886K, committed 2944K, reserved 1048576K
}
Event: 16.573 GC heap before
{Heap before GC invocations=6 (full 0):
 garbage-first heap   total 131072K, used 84396K [0x0000000081200000, 0x0000000100000000)
  region size 1024K, 76 young (77824K), 4 survivors (4096K)
 Metaspace       used 30855K, capacity 31637K, committed 31920K, reserved 1077248K
  class space    used 3488K, capacity 3768K, committed 3840K, reserved 1048576K
}
Event: 16.597 GC heap after
{Heap after GC invocations=7 (full 0):
 garbage-first heap   total 131072K, used 14681K [0x0000000081200000, 0x0000000100000000)
  region size 1024K, 7 young (7168K), 7 survivors (7168K)
 Metaspace       used 30855K, capacity 31637K, committed 31920K, reserved 1077248K
  class space    used 3488K, capacity 3768K, committed 3840K, reserved 1048576K
}
Event: 25.026 GC heap before
{Heap before GC invocations=7 (full 0):
 garbage-first heap   total 131072K, used 78169K [0x0000000081200000, 0x0000000100000000)
  region size 1024K, 71 young (72704K), 7 survivors (7168K)
 Metaspace       used 34972K, capacity 35839K, committed 35920K, reserved 1081344K
  class space    used 3989K, capacity 4335K, committed 4352K, reserved 1048576K
}
Event: 25.068 GC heap after
{Heap after GC invocations=8 (full 0):
 garbage-first heap   total 131072K, used 16594K [0x0000000081200000, 0x0000000100000000)
  region size 1024K, 7 young (7168K), 7 survivors (7168K)
 Metaspace       used 34972K, capacity 35839K, committed 35920K, reserved 1081344K
  class space    used 3989K, capacity 4335K, committed 4352K, reserved 1048576K
}
Event: 30.056 GC heap before
{Heap before GC invocations=9 (full 0):
 garbage-first heap   total 131072K, used 87250K [0x0000000081200000, 0x0000000100000000)
  region size 1024K, 76 young (77824K), 7 survivors (7168K)
 Metaspace       used 46526K, capacity 47584K, committed 47900K, reserved 1091584K
  class space    used 5300K, capacity 5725K, committed 5836K, reserved 1048576K
}
Event: 30.083 GC heap after
{Heap after GC invocations=10 (full 0):
 garbage-first heap   total 157696K, used 20366K [0x0000000081200000, 0x0000000100000000)
  region size 1024K, 9 young (9216K), 9 survivors (9216K)
 Metaspace       used 46526K, capacity 47584K, committed 47900K, reserved 1091584K
  class space    used 5300K, capacity 5725K, committed 5836K, reserved 1048576K
}
Event: 34.332 GC heap before
{Heap before GC invocations=10 (full 0):
 garbage-first heap   total 157696K, used 105358K [0x0000000081200000, 0x0000000100000000)
  region size 1024K, 92 young (94208K), 9 survivors (9216K)
 Metaspace       used 54446K, capacity 55744K, committed 56092K, reserved 1097728K
  class space    used 6484K, capacity 6995K, committed 7116K, reserved 1048576K
}
Event: 34.354 GC heap after
{Heap after GC invocations=11 (full 0):
 garbage-first heap   total 157696K, used 23625K [0x0000000081200000, 0x0000000100000000)
  region size 1024K, 9 young (9216K), 9 survivors (9216K)
 Metaspace       used 54446K, capacity 55744K, committed 56092K, reserved 1097728K
  class space    used 6484K, capacity 6995K, committed 7116K, reserved 1048576K
}
Event: 37.215 GC heap before
{Heap before GC invocations=11 (full 0):
 garbage-first heap   total 157696K, used 74825K [0x0000000081200000, 0x0000000100000000)
  region size 1024K, 60 young (61440K), 9 survivors (9216K)
 Metaspace       used 58982K, capacity 60263K, committed 60420K, reserved 1101824K
  class space    used 7033K, capacity 7542K, committed 7628K, reserved 1048576K
}
Event: 37.256 GC heap after
{Heap after GC invocations=12 (full 0):
 garbage-first heap   total 157696K, used 26823K [0x0000000081200000, 0x0000000100000000)
  region size 1024K, 7 young (7168K), 7 survivors (7168K)
 Metaspace       used 58982K, capacity 60263K, committed 60420K, reserved 1101824K
  class space    used 7033K, capacity 7542K, committed 7628K, reserved 1048576K
}
Event: 40.258 GC heap before
{Heap before GC invocations=13 (full 0):
 garbage-first heap   total 157696K, used 110791K [0x0000000081200000, 0x0000000100000000)
  region size 1024K, 89 young (91136K), 7 survivors (7168K)
 Metaspace       used 61469K, capacity 62757K, committed 62852K, reserved 1103872K
  class space    used 7435K, capacity 7938K, committed 8012K, reserved 1048576K
}
Event: 40.280 GC heap after
{Heap after GC invocations=14 (full 0):
 garbage-first heap   total 157696K, used 28322K [0x0000000081200000, 0x0000000100000000)
  region size 1024K, 5 young (5120K), 5 survivors (5120K)
 Metaspace       used 61469K, capacity 62757K, committed 62852K, reserved 1103872K
  class space    used 7435K, capacity 7938K, committed 8012K, reserved 1048576K
}
Event: 42.812 GC heap before
{Heap before GC invocations=14 (full 0):
 garbage-first heap   total 157696K, used 114338K [0x0000000081200000, 0x0000000100000000)
  region size 1024K, 89 young (91136K), 5 survivors (5120K)
 Metaspace       used 66165K, capacity 67702K, committed 67972K, reserved 1107968K
  class space    used 8056K, capacity 8670K, committed 8780K, reserved 1048576K
}
Event: 42.826 GC heap after
{Heap after GC invocations=15 (full 0):
 garbage-first heap   total 157696K, used 30660K [0x0000000081200000, 0x0000000100000000)
  region size 1024K, 7 young (7168K), 7 survivors (7168K)
 Metaspace       used 66165K, capacity 67702K, committed 67972K, reserved 1107968K
  class space    used 8056K, capacity 8670K, committed 8780K, reserved 1048576K
}
Event: 67.507 GC heap before
{Heap before GC invocations=15 (full 0):
 garbage-first heap   total 157696K, used 117700K [0x0000000081200000, 0x0000000100000000)
  region size 1024K, 92 young (94208K), 7 survivors (7168K)
 Metaspace       used 73340K, capacity 75004K, committed 75140K, reserved 1116160K
  class space    used 8808K, capacity 9446K, committed 9548K, reserved 1048576K
}
Event: 67.533 GC heap after
{Heap after GC invocations=16 (full 0):
 garbage-first heap   total 157696K, used 35801K [0x0000000081200000, 0x0000000100000000)
  region size 1024K, 9 young (9216K), 9 survivors (9216K)
 Metaspace       used 73340K, capacity 75004K, committed 75140K, reserved 1116160K
  class space    used 8808K, capacity 9446K, committed 9548K, reserved 1048576K
}

Deoptimization events (20 events):
Event: 338.707 Thread 0x000001837610f800 Uncommon trap: trap_request=0xffffff6e fr.pc=0x0000018362267ecc relative=0x0000000000000d2c
Event: 338.707 Thread 0x000001837610f800 Uncommon trap: reason=speculate_class_check action=maybe_recompile pc=0x0000018362267ecc method=jdk.internal.reflect.UnsafeObjectFieldAccessorImpl.get(Ljava/lang/Object;)Ljava/lang/Object; @ 13 c2
Event: 338.707 Thread 0x000001837610f800 DEOPT PACKING pc=0x0000018362267ecc sp=0x0000002b718fcf80
Event: 338.707 Thread 0x000001837610f800 DEOPT UNPACKING pc=0x000001835a1d78af sp=0x0000002b718fce50 mode 2
Event: 347.865 Thread 0x0000018376115800 Uncommon trap: trap_request=0xffffff4d fr.pc=0x0000018361d288cc relative=0x00000000000000ac
Event: 347.865 Thread 0x0000018376115800 Uncommon trap: reason=unstable_if action=reinterpret pc=0x0000018361d288cc method=java.nio.Buffer.<init>(IIII)V @ 44 c2
Event: 347.865 Thread 0x0000018376115800 DEOPT PACKING pc=0x0000018361d288cc sp=0x0000002b715fc900
Event: 347.865 Thread 0x0000018376115800 DEOPT UNPACKING pc=0x000001835a1d78af sp=0x0000002b715fc8b0 mode 2
Event: 347.984 Thread 0x0000018376115800 Uncommon trap: trap_request=0xffffff4d fr.pc=0x0000018362240d94 relative=0x0000000000000914
Event: 347.984 Thread 0x0000018376115800 Uncommon trap: reason=unstable_if action=reinterpret pc=0x0000018362240d94 method=org.hibernate.engine.jdbc.internal.BasicFormatterImpl$FormatProcess.misc()V @ 25 c2
Event: 347.984 Thread 0x0000018376115800 DEOPT PACKING pc=0x0000018362240d94 sp=0x0000002b715fbc50
Event: 347.984 Thread 0x0000018376115800 DEOPT UNPACKING pc=0x000001835a1d78af sp=0x0000002b715fbc50 mode 2
Event: 362.906 Thread 0x0000018376113000 Uncommon trap: trap_request=0xffffff6e fr.pc=0x0000018362267ecc relative=0x0000000000000d2c
Event: 362.906 Thread 0x0000018376113000 Uncommon trap: reason=speculate_class_check action=maybe_recompile pc=0x0000018362267ecc method=jdk.internal.reflect.UnsafeObjectFieldAccessorImpl.get(Ljava/lang/Object;)Ljava/lang/Object; @ 13 c2
Event: 362.906 Thread 0x0000018376113000 DEOPT PACKING pc=0x0000018362267ecc sp=0x0000002b717fd370
Event: 362.906 Thread 0x0000018376113000 DEOPT UNPACKING pc=0x000001835a1d78af sp=0x0000002b717fd240 mode 2
Event: 363.393 Thread 0x0000018376112000 Uncommon trap: trap_request=0xffffff6e fr.pc=0x0000018362267ecc relative=0x0000000000000d2c
Event: 363.393 Thread 0x0000018376112000 Uncommon trap: reason=speculate_class_check action=maybe_recompile pc=0x0000018362267ecc method=jdk.internal.reflect.UnsafeObjectFieldAccessorImpl.get(Ljava/lang/Object;)Ljava/lang/Object; @ 13 c2
Event: 363.393 Thread 0x0000018376112000 DEOPT PACKING pc=0x0000018362267ecc sp=0x0000002b713fd110
Event: 363.393 Thread 0x0000018376112000 DEOPT UNPACKING pc=0x000001835a1d78af sp=0x0000002b713fcfe0 mode 2

Classes redefined (0 events):
No events

Internal exceptions (20 events):
Event: 43.951 Thread 0x0000018351ad8000 Exception <a 'java/lang/ClassNotFoundException'{0x0000000089801a68}: com/transport/tracking/model/UserCustomizer> (0x0000000089801a68) thrown at [./src/hotspot/share/classfile/systemDictionary.cpp, line 231]
Event: 44.031 Thread 0x0000018351ad8000 Exception <a 'java/lang/reflect/InvocationTargetException'{0x0000000089724248}> (0x0000000089724248) thrown at [./src/hotspot/share/runtime/reflection.cpp, line 1247]
Event: 44.067 Thread 0x0000018351ad8000 Exception <a 'java/lang/ClassNotFoundException'{0x00000000897ec028}: java/lang/ObjectCustomizer> (0x00000000897ec028) thrown at [./src/hotspot/share/classfile/systemDictionary.cpp, line 231]
Event: 44.068 Thread 0x0000018351ad8000 Exception <a 'java/lang/ClassNotFoundException'{0x0000000089600410}: com/transport/tracking/model/DriverCustomizer> (0x0000000089600410) thrown at [./src/hotspot/share/classfile/systemDictionary.cpp, line 231]
Event: 44.292 Thread 0x0000018351ad8000 Exception <a 'java/lang/ClassNotFoundException'{0x00000000892d39f8}: java/lang/ObjectCustomizer> (0x00000000892d39f8) thrown at [./src/hotspot/share/classfile/systemDictionary.cpp, line 231]
Event: 44.292 Thread 0x0000018351ad8000 Exception <a 'java/lang/ClassNotFoundException'{0x00000000892e90e0}: com/transport/tracking/model/VehRouteDetailCustomizer> (0x00000000892e90e0) thrown at [./src/hotspot/share/classfile/systemDictionary.cpp, line 231]
Event: 44.365 Thread 0x0000018351ad8000 Exception <a 'java/lang/ClassNotFoundException'{0x0000000088f261c8}: java/lang/ObjectCustomizer> (0x0000000088f261c8) thrown at [./src/hotspot/share/classfile/systemDictionary.cpp, line 231]
Event: 44.366 Thread 0x0000018351ad8000 Exception <a 'java/lang/ClassNotFoundException'{0x0000000088f3a540}: com/transport/tracking/model/VehRouteCustomizer> (0x0000000088f3a540) thrown at [./src/hotspot/share/classfile/systemDictionary.cpp, line 231]
Event: 44.624 Thread 0x0000018351ad8000 Exception <a 'java/lang/ClassNotFoundException'{0x0000000088a87e78}: java/lang/ObjectCustomizer> (0x0000000088a87e78) thrown at [./src/hotspot/share/classfile/systemDictionary.cpp, line 231]
Event: 44.626 Thread 0x0000018351ad8000 Exception <a 'java/lang/ClassNotFoundException'{0x0000000088a9d490}: com/transport/tracking/model/LoadVehStockCustomizer> (0x0000000088a9d490) thrown at [./src/hotspot/share/classfile/systemDictionary.cpp, line 231]
Event: 44.718 Thread 0x0000018351ad8000 Exception <a 'java/lang/NoSuchMethodError'{0x00000000889dce40}: 'java.lang.Object java.lang.invoke.DirectMethodHandle$Holder.invokeStatic(java.lang.Object, int, java.lang.Object, java.lang.Object)'> (0x00000000889dce40) thrown at [./src/hotspot/share/interpreter/linkResolver.cpp, line 773]
Event: 45.389 Thread 0x0000018351ad8000 Exception <a 'java/lang/ClassNotFoundException'{0x00000000881c61b8}: java/lang/ObjectCustomizer> (0x00000000881c61b8) thrown at [./src/hotspot/share/classfile/systemDictionary.cpp, line 231]
Event: 45.391 Thread 0x0000018351ad8000 Exception <a 'java/lang/ClassNotFoundException'{0x00000000881da530}: com/transport/tracking/model/FacilityCustomizer> (0x00000000881da530) thrown at [./src/hotspot/share/classfile/systemDictionary.cpp, line 231]
Event: 63.368 Thread 0x0000018376117000 Exception <a 'java/lang/NoSuchMethodError'{0x0000000085fad638}: 'java.lang.Object java.lang.invoke.DirectMethodHandle$Holder.invokeStaticInit(java.lang.Object, java.lang.Object, java.lang.Object, java.lang.Object, java.lang.Object, java.lang.Object)'> (0x0000000085fad638) thrown at [./src/hotspot/share/interpreter/linkResolver.cpp, line 773]
Event: 63.616 Thread 0x0000018376110800 Implicit null exception at 0x0000018361c9cf74 to 0x0000018361c9d488
Event: 63.837 Thread 0x0000018376113000 Implicit null exception at 0x0000018362033994 to 0x0000018362033f68
Event: 77.051 Thread 0x0000018376032000 Exception <a 'java/lang/ClassNotFoundException'{0x000000008a79dd00}: java/lang/ObjectCustomizer> (0x000000008a79dd00) thrown at [./src/hotspot/share/classfile/systemDictionary.cpp, line 231]
Event: 77.055 Thread 0x0000018376032000 Exception <a 'java/lang/ClassNotFoundException'{0x000000008a7b49b8}: com/transport/tracking/response/TripVOCustomizer> (0x000000008a7b49b8) thrown at [./src/hotspot/share/classfile/systemDictionary.cpp, line 231]
Event: 77.059 Thread 0x0000018376032000 Exception <a 'java/lang/ClassNotFoundException'{0x000000008a602758}: java/lang/ObjectCustomizer> (0x000000008a602758) thrown at [./src/hotspot/share/classfile/systemDictionary.cpp, line 231]
Event: 77.061 Thread 0x0000018376032000 Exception <a 'java/lang/ClassNotFoundException'{0x000000008a619030}: com/transport/tracking/model/TripCustomizer> (0x000000008a619030) thrown at [./src/hotspot/share/classfile/systemDictionary.cpp, line 231]

Events (20 events):
Event: 377.648 Executing VM operation: RevokeBias
Event: 377.648 Executing VM operation: RevokeBias done
Event: 398.701 Thread 0x0000018375e77000 Thread exited: 0x0000018375e77000
Event: 398.706 Thread 0x0000018375e75000 Thread exited: 0x0000018375e75000
Event: 422.757 Thread 0x0000018375e74800 Thread exited: 0x0000018375e74800
Event: 422.805 Thread 0x0000018375e73800 Thread exited: 0x0000018375e73800
Event: 422.893 Executing VM operation: RevokeBias
Event: 422.893 Executing VM operation: RevokeBias done
Event: 422.893 Thread 0x0000018375e7a000 Thread exited: 0x0000018375e7a000
Event: 422.905 Executing VM operation: RevokeBias
Event: 422.905 Executing VM operation: RevokeBias done
Event: 422.905 Thread 0x0000018376034000 Thread exited: 0x0000018376034000
Event: 422.907 Executing VM operation: RevokeBias
Event: 422.907 Executing VM operation: RevokeBias done
Event: 422.907 Thread 0x0000018375e7e000 Thread exited: 0x0000018375e7e000
Event: 423.073 Thread 0x0000018375e76000 Thread exited: 0x0000018375e76000
Event: 423.396 Thread 0x0000018375e72800 Thread exited: 0x0000018375e72800
Event: 482.906 Executing VM operation: RevokeBias
Event: 482.906 Executing VM operation: RevokeBias done
Event: 482.906 Thread 0x0000018375e77800 Thread exited: 0x0000018375e77800


Dynamic libraries:
0x00007ff617360000 - 0x00007ff61736d000 	C:\Users\ashokkumar.i\.jdks\corretto-11.0.10\bin\java.exe
0x00007ff81fe90000 - 0x00007ff820071000 	C:\WINDOWS\SYSTEM32\ntdll.dll
0x00007ff81dfc0000 - 0x00007ff81e072000 	C:\WINDOWS\System32\KERNEL32.DLL
0x00007ff81c660000 - 0x00007ff81c8d3000 	C:\WINDOWS\System32\KERNELBASE.dll
0x00007ff81c980000 - 0x00007ff81ca7a000 	C:\WINDOWS\System32\ucrtbase.dll
0x00007ff81aa20000 - 0x00007ff81aa37000 	C:\Users\ashokkumar.i\.jdks\corretto-11.0.10\bin\jli.dll
0x00007ff81d450000 - 0x00007ff81d5e0000 	C:\WINDOWS\System32\USER32.dll
0x00007ff81c400000 - 0x00007ff81c420000 	C:\WINDOWS\System32\win32u.dll
0x00007ff81ddf0000 - 0x00007ff81de18000 	C:\WINDOWS\System32\GDI32.dll
0x00007ff81c260000 - 0x00007ff81c3f2000 	C:\WINDOWS\System32\gdi32full.dll
0x00007ff81c8e0000 - 0x00007ff81c97f000 	C:\WINDOWS\System32\msvcp_win.dll
0x00007ff80bb30000 - 0x00007ff80bd99000 	C:\WINDOWS\WinSxS\amd64_microsoft.windows.common-controls_6595b64144ccf1df_6.0.17134.376_none_fb439a3730647da2\COMCTL32.dll
0x00007ff81dd50000 - 0x00007ff81ddee000 	C:\WINDOWS\System32\msvcrt.dll
0x00007ff81e1b0000 - 0x00007ff81e4d3000 	C:\WINDOWS\System32\combase.dll
0x00007ff81dba0000 - 0x00007ff81dcc4000 	C:\WINDOWS\System32\RPCRT4.dll
0x00007ff81a7b0000 - 0x00007ff81a7c5000 	C:\Users\ashokkumar.i\.jdks\corretto-11.0.10\bin\VCRUNTIME140.dll
0x00007ff81d2a0000 - 0x00007ff81d31a000 	C:\WINDOWS\System32\bcryptPrimitives.dll
0x00007ff81fdd0000 - 0x00007ff81fdfd000 	C:\WINDOWS\System32\IMM32.DLL
0x00007ff81a740000 - 0x00007ff81a77b000 	C:\Program Files (x86)\K7 Computing\K7TSecurity\K7CrvrEx64.dll
0x00007ff804c60000 - 0x00007ff804cfb000 	C:\Users\ashokkumar.i\.jdks\corretto-11.0.10\bin\msvcp140.dll
0x00007fffb87b0000 - 0x00007fffb92f7000 	C:\Users\ashokkumar.i\.jdks\corretto-11.0.10\bin\server\jvm.dll
0x00007ff81d320000 - 0x00007ff81d3c1000 	C:\WINDOWS\System32\ADVAPI32.dll
0x00007ff81dcd0000 - 0x00007ff81dd2b000 	C:\WINDOWS\System32\sechost.dll
0x00007ff81fb90000 - 0x00007ff81fb98000 	C:\WINDOWS\System32\PSAPI.DLL
0x00007ff813810000 - 0x00007ff813819000 	C:\WINDOWS\SYSTEM32\WSOCK32.dll
0x00007ff81e080000 - 0x00007ff81e0ec000 	C:\WINDOWS\System32\WS2_32.dll
0x00007ff819840000 - 0x00007ff819863000 	C:\WINDOWS\SYSTEM32\WINMM.dll
0x00007ff80d640000 - 0x00007ff80d64a000 	C:\WINDOWS\SYSTEM32\VERSION.dll
0x00007ff819810000 - 0x00007ff81983a000 	C:\WINDOWS\SYSTEM32\WINMMBASE.dll
0x00007ff81c420000 - 0x00007ff81c469000 	C:\WINDOWS\System32\cfgmgr32.dll
0x00007ff81c220000 - 0x00007ff81c231000 	C:\WINDOWS\System32\kernel.appcore.dll
0x00007ff81bc80000 - 0x00007ff81bc90000 	C:\Users\ashokkumar.i\.jdks\corretto-11.0.10\bin\verify.dll
0x00007ff81bcf0000 - 0x00007ff81beb9000 	C:\WINDOWS\SYSTEM32\DBGHELP.DLL
0x00007ff81bc20000 - 0x00007ff81bc49000 	C:\WINDOWS\SYSTEM32\dbgcore.DLL
0x00007ff81a780000 - 0x00007ff81a7a8000 	C:\Users\ashokkumar.i\.jdks\corretto-11.0.10\bin\java.dll
0x00007ff81aaf0000 - 0x00007ff81aafa000 	C:\Users\ashokkumar.i\.jdks\corretto-11.0.10\bin\jimage.dll
0x00007ff81aa10000 - 0x00007ff81aa1e000 	C:\Users\ashokkumar.i\.jdks\corretto-11.0.10\bin\instrument.dll
0x00007ff81a680000 - 0x00007ff81a697000 	C:\Users\ashokkumar.i\.jdks\corretto-11.0.10\bin\zip.dll
0x00007ff81e750000 - 0x00007ff81fb8f000 	C:\WINDOWS\System32\SHELL32.dll
0x00007ff81fba0000 - 0x00007ff81fc49000 	C:\WINDOWS\System32\shcore.dll
0x00007ff81ca80000 - 0x00007ff81d18d000 	C:\WINDOWS\System32\windows.storage.dll
0x00007ff81e0f0000 - 0x00007ff81e141000 	C:\WINDOWS\System32\shlwapi.dll
0x00007ff81c200000 - 0x00007ff81c21f000 	C:\WINDOWS\System32\profapi.dll
0x00007ff81c1b0000 - 0x00007ff81c1fc000 	C:\WINDOWS\System32\powrprof.dll
0x00007ff81c1a0000 - 0x00007ff81c1aa000 	C:\WINDOWS\System32\FLTLIB.DLL
0x00007ff81a450000 - 0x00007ff81a469000 	C:\Users\ashokkumar.i\.jdks\corretto-11.0.10\bin\net.dll
0x00007ff816be0000 - 0x00007ff816cbc000 	C:\WINDOWS\SYSTEM32\WINHTTP.dll
0x00007ff81b6c0000 - 0x00007ff81b726000 	C:\WINDOWS\system32\mswsock.dll
0x00007ff811ae0000 - 0x00007ff811af2000 	C:\Users\ashokkumar.i\.jdks\corretto-11.0.10\bin\nio.dll
0x00007ff80b1c0000 - 0x00007ff80b1da000 	C:\Program Files\JetBrains\IntelliJ IDEA Community Edition 2020.2\bin\breakgen64.dll
0x00007ff819880000 - 0x00007ff819889000 	C:\Users\ashokkumar.i\.jdks\corretto-11.0.10\bin\management.dll
0x00007ff8144e0000 - 0x00007ff8144eb000 	C:\Users\ashokkumar.i\.jdks\corretto-11.0.10\bin\management_ext.dll
0x00007ff80a520000 - 0x00007ff80a536000 	C:\WINDOWS\system32\napinsp.dll
0x00007ff810e00000 - 0x00007ff810e1a000 	C:\WINDOWS\system32\pnrpnsp.dll
0x00007ff818080000 - 0x00007ff818099000 	C:\WINDOWS\system32\NLAapi.dll
0x00007ff81b480000 - 0x00007ff81b53e000 	C:\WINDOWS\SYSTEM32\DNSAPI.dll
0x00007ff81e740000 - 0x00007ff81e748000 	C:\WINDOWS\System32\NSI.dll
0x00007ff81b440000 - 0x00007ff81b478000 	C:\WINDOWS\SYSTEM32\IPHLPAPI.DLL
0x00007ff813930000 - 0x00007ff81393e000 	C:\WINDOWS\System32\winrnr.dll
0x00007ff811110000 - 0x00007ff811125000 	C:\WINDOWS\System32\wshbth.dll
0x00007ff812050000 - 0x00007ff81205a000 	C:\Windows\System32\rasadhlp.dll
0x00007ff814960000 - 0x00007ff8149d2000 	C:\WINDOWS\System32\fwpuclnt.dll
0x00007ff81bc50000 - 0x00007ff81bc75000 	C:\WINDOWS\SYSTEM32\bcrypt.dll
0x00007ff81bec0000 - 0x00007ff81bed7000 	C:\WINDOWS\SYSTEM32\CRYPTSP.dll
0x00007ff81b2a0000 - 0x00007ff81b2d3000 	C:\WINDOWS\system32\rsaenh.dll
0x00007ff81c0a0000 - 0x00007ff81c0c8000 	C:\WINDOWS\SYSTEM32\USERENV.dll
0x00007ff81b870000 - 0x00007ff81b87b000 	C:\WINDOWS\SYSTEM32\CRYPTBASE.dll
0x00007ff814940000 - 0x00007ff814956000 	C:\WINDOWS\SYSTEM32\dhcpcsvc6.DLL
0x00007ff814920000 - 0x00007ff81493a000 	C:\WINDOWS\SYSTEM32\dhcpcsvc.DLL
0x00007ff8198d0000 - 0x00007ff8198f5000 	C:\Users\ashokkumar.i\.jdks\corretto-11.0.10\bin\sunec.dll
0x00007ff8181d0000 - 0x00007ff8181de000 	C:\Users\ashokkumar.i\.jdks\corretto-11.0.10\bin\sunmscapi.dll
0x0000018378620000 - 0x0000018378802000 	C:\WINDOWS\System32\CRYPT32.dll
0x00007ff81c240000 - 0x00007ff81c252000 	C:\WINDOWS\System32\MSASN1.dll
0x00007ff81b950000 - 0x00007ff81b976000 	C:\WINDOWS\SYSTEM32\ncrypt.dll
0x00007ff81b910000 - 0x00007ff81b946000 	C:\WINDOWS\SYSTEM32\NTASN1.dll

dbghelp: loaded successfully - version: 4.0.5 - missing functions: none
symbol engine: initialized successfully - sym options: 0x614 - pdb path: .;C:\Users\ashokkumar.i\.jdks\corretto-11.0.10\bin;C:\WINDOWS\SYSTEM32;C:\WINDOWS\WinSxS\amd64_microsoft.windows.common-controls_6595b64144ccf1df_6.0.17134.376_none_fb439a3730647da2;C:\Program Files (x86)\K7 Computing\K7TSecurity;C:\Users\ashokkumar.i\.jdks\corretto-11.0.10\bin\server;C:\Program Files\JetBrains\IntelliJ IDEA Community Edition 2020.2\bin

VM Arguments:
jvm_args: -javaagent:C:\Program Files\JetBrains\IntelliJ IDEA Community Edition 2020.2\lib\idea_rt.jar=60801:C:\Program Files\JetBrains\IntelliJ IDEA Community Edition 2020.2\bin -Dfile.encoding=UTF-8 
java_command: com.transport.TransportTrackingApplication
java_class_path (initial): D:\ASHOK I\TMS_CODE\TMSWEB_MAR_02 - Copy\target\classes;C:\Users\ashokkumar.i\.m2\repository\org\springframework\boot\spring-boot-starter-web\2.3.2.RELEASE\spring-boot-starter-web-2.3.2.RELEASE.jar;C:\Users\ashokkumar.i\.m2\repository\org\springframework\boot\spring-boot-starter-json\2.3.2.RELEASE\spring-boot-starter-json-2.3.2.RELEASE.jar;C:\Users\ashokkumar.i\.m2\repository\com\fasterxml\jackson\datatype\jackson-datatype-jdk8\2.11.1\jackson-datatype-jdk8-2.11.1.jar;C:\Users\ashokkumar.i\.m2\repository\com\fasterxml\jackson\datatype\jackson-datatype-jsr310\2.11.1\jackson-datatype-jsr310-2.11.1.jar;C:\Users\ashokkumar.i\.m2\repository\com\fasterxml\jackson\module\jackson-module-parameter-names\2.11.1\jackson-module-parameter-names-2.11.1.jar;C:\Users\ashokkumar.i\.m2\repository\org\springframework\boot\spring-boot-starter-tomcat\2.3.2.RELEASE\spring-boot-starter-tomcat-2.3.2.RELEASE.jar;C:\Users\ashokkumar.i\.m2\repository\org\apache\tomcat\embed\tomcat-embed-core\9.0.37\tomcat-embed-core-9.0.37.jar;C:\Users\ashokkumar.i\.m2\repository\org\glassfish\jakarta.el\3.0.3\jakarta.el-3.0.3.jar;C:\Users\ashokkumar.i\.m2\repository\org\apache\tomcat\embed\tomcat-embed-websocket\9.0.37\tomcat-embed-websocket-9.0.37.jar;C:\Users\ashokkumar.i\.m2\repository\org\springframework\spring-web\5.2.8.RELEASE\spring-web-5.2.8.RELEASE.jar;C:\Users\ashokkumar.i\.m2\repository\org\springframework\spring-beans\5.2.8.RELEASE\spring-beans-5.2.8.RELEASE.jar;C:\Users\ashokkumar.i\.m2\repository\org\springframework\spring-webmvc\5.2.8.RELEASE\spring-webmvc-5.2.8.RELEASE.jar;C:\Users\ashokkumar.i\.m2\repository\org\springframework\spring-aop\5.2.8.RELEASE\spring-aop-5.2.8.RELEASE.jar;C:\Users\ashokkumar.i\.m2\repository\org\springframework\spring-context\5.2.8.RELEASE\spring-context-5.2.8.RELEASE.jar;C:\Users\ashokkumar.i\.m2\repository\org\springframework\spring-expression\5.2.8.RELEASE\spring-expression-5.2.8.RELEASE.jar;C:\Users\ashokkumar.i\.m2\repository\org\spr
Launcher Type: SUN_STANDARD

[Global flags]
     intx CICompilerCount                          = 3                                         {product} {ergonomic}
     uint ConcGCThreads                            = 1                                         {product} {ergonomic}
     uint G1ConcRefinementThreads                  = 4                                         {product} {ergonomic}
   size_t G1HeapRegionSize                         = 1048576                                   {product} {ergonomic}
    uintx GCDrainStackTargetSize                   = 64                                        {product} {ergonomic}
   size_t InitialHeapSize                          = 134217728                                 {product} {ergonomic}
   size_t MarkStackSize                            = 4194304                                   {product} {ergonomic}
   size_t MaxHeapSize                              = 2128609280                                {product} {ergonomic}
   size_t MaxNewSize                               = 1277165568                                {product} {ergonomic}
   size_t MinHeapDeltaBytes                        = 1048576                                   {product} {ergonomic}
    uintx NonNMethodCodeHeapSize                   = 5830732                                {pd product} {ergonomic}
    uintx NonProfiledCodeHeapSize                  = 122913754                              {pd product} {ergonomic}
    uintx ProfiledCodeHeapSize                     = 122913754                              {pd product} {ergonomic}
    uintx ReservedCodeCacheSize                    = 251658240                              {pd product} {ergonomic}
     bool SegmentedCodeCache                       = true                                      {product} {ergonomic}
     bool UseCompressedClassPointers               = true                                 {lp64_product} {ergonomic}
     bool UseCompressedOops                        = true                                 {lp64_product} {ergonomic}
     bool UseG1GC                                  = true                                      {product} {ergonomic}
     bool UseLargePagesIndividualAllocation        = false                                  {pd product} {ergonomic}

Logging:
Log output configuration:
 #0: stdout all=warning uptime,level,tags
 #1: stderr all=off uptime,level,tags

Environment Variables:
PATH=C:\Program Files\Common Files\Oracle\Java\javapath;C:\Program Files (x86)\Common Files\Oracle\Java\javapath;C:\ProgramData\Oracle\Java\javapath;C:\WINDOWS\system32;C:\WINDOWS;C:\WINDOWS\System32\Wbem;C:\WINDOWS\System32\WindowsPowerShell\v1.0\;c:\Program Files (x86)\Microsoft SQL Server\110\Tools\Binn\ManagementStudio\;c:\Program Files (x86)\Microsoft SQL Server\110\Tools\Binn\;c:\Program Files (x86)\Microsoft SQL Server\110\DTS\Binn\;C:\WINDOWS\System32\OpenSSH\;C:\WINDOWS\system32\config\systemprofile\.dnx\bin;C:\Program Files\Microsoft DNX\Dnvm\;C:\Program Files\Microsoft SQL Server\130\Tools\Binn\;C:\Program Files\nodejs\;C:\Program Files\dotnet\;C:\Program Files\Microsoft SQL Server\Client SDK\ODBC\170\Tools\Binn\;C:\Program Files\NetMake\v9-php73\components\php;D:\apache-maven-3.6.3\bin;C:\ProgramData\apache-maven-3.6.3\bin;D:\ASHOK I\Python\Scripts\;D:\ASHOK I\Python\;C:\Users\ashokkumar.i\AppData\Local\Microsoft\WindowsApps;C:\Users\ashokkumar.i\AppData\Roaming\npm;C:\Users\ashokkumar.i\AppData\Local\Programs\Microsoft VS Code\bin;C:\Users\ashokkumar.i\AppData\Local\JetBrains\PyCharm Community Edition 2019.3.4\bin;C:\Users\ashokkumar.i\.dotnet\tools;C:\Users\ashokkumar.i\AppData\Local\Programs\Git\cmd
USERNAME=ashokkumar.i
OS=Windows_NT
PROCESSOR_IDENTIFIER=Intel64 Family 6 Model 61 Stepping 4, GenuineIntel



---------------  S Y S T E M  ---------------

OS: Windows 10 , 64 bit Build 17134 (10.0.17134.1)
OS uptime: 1 days 1:52 hours

CPU:total 4 (initial active 4) (2 cores per cpu, 2 threads per core) family 6 model 61 stepping 4 microcode 0x2a, cmov, cx8, fxsr, mmx, sse, sse2, sse3, ssse3, sse4.1, sse4.2, popcnt, avx, avx2, aes, clmul, erms, 3dnowpref, lzcnt, ht, tsc, tscinvbit, bmi1, bmi2, adx, fma

Memory: 4k page, system-wide physical 8112M (753M free)
TotalPageFile size 15295M (AvailPageFile size 4037M)
current process WorkingSet (physical memory assigned to process): 310M, peak: 353M
current process commit charge ("private bytes"): 374M, peak: 411M

vm_info: OpenJDK 64-Bit Server VM (11.0.10+9-LTS) for windows-amd64 JRE (11.0.10+9-LTS), built on Jan 12 2021 22:37:55 by "Administrator" with MS VC++ 15.9 (VS2017)

END.
